<?xml version="1.0" encoding="UTF-8"?>
<coverage generated="1635108601522" clover="3.2.0">
  <project timestamp="1635108601522" name="All files">
    <metrics statements="5587" coveredstatements="5370" conditionals="826" coveredconditionals="797" methods="636" coveredmethods="574" elements="7049" coveredelements="6741" complexity="0" loc="5587" ncloc="5587" packages="3" files="22" classes="22"/>
    <package name="core">
      <metrics statements="2155" coveredstatements="1938" conditionals="341" coveredconditionals="313" methods="236" coveredmethods="174"/>
      <file name="Context.js" path="D:\projects\LifePlay.js\src\core\Context.js">
        <metrics statements="279" coveredstatements="245" conditionals="37" coveredconditionals="29" methods="26" coveredmethods="20"/>
        <line num="1" count="1" type="stmt"/>
        <line num="2" count="1" type="stmt"/>
        <line num="3" count="1" type="stmt"/>
        <line num="4" count="1" type="stmt"/>
        <line num="5" count="1" type="stmt"/>
        <line num="6" count="1" type="stmt"/>
        <line num="7" count="1" type="stmt"/>
        <line num="8" count="1" type="stmt"/>
        <line num="9" count="1" type="stmt"/>
        <line num="10" count="1" type="stmt"/>
        <line num="11" count="1" type="stmt"/>
        <line num="12" count="1" type="stmt"/>
        <line num="13" count="1" type="stmt"/>
        <line num="14" count="1" type="stmt"/>
        <line num="15" count="1" type="stmt"/>
        <line num="16" count="1" type="stmt"/>
        <line num="17" count="1" type="stmt"/>
        <line num="18" count="1" type="stmt"/>
        <line num="19" count="1" type="stmt"/>
        <line num="20" count="1" type="cond" truecount="1" falsecount="0"/>
        <line num="21" count="394" type="stmt"/>
        <line num="22" count="394" type="stmt"/>
        <line num="23" count="394" type="stmt"/>
        <line num="24" count="394" type="stmt"/>
        <line num="25" count="394" type="stmt"/>
        <line num="26" count="394" type="stmt"/>
        <line num="27" count="1" type="stmt"/>
        <line num="28" count="1" type="stmt"/>
        <line num="29" count="1" type="stmt"/>
        <line num="30" count="1" type="stmt"/>
        <line num="31" count="1" type="stmt"/>
        <line num="32" count="1" type="stmt"/>
        <line num="33" count="1" type="stmt"/>
        <line num="34" count="1" type="stmt"/>
        <line num="35" count="1" type="cond" truecount="1" falsecount="0"/>
        <line num="36" count="2443" type="stmt"/>
        <line num="37" count="2443" type="stmt"/>
        <line num="38" count="2443" type="cond" truecount="2" falsecount="0"/>
        <line num="39" count="2436" type="cond" truecount="2" falsecount="0"/>
        <line num="40" count="2443" type="stmt"/>
        <line num="41" count="2443" type="stmt"/>
        <line num="42" count="1" type="stmt"/>
        <line num="43" count="1" type="cond" truecount="2" falsecount="0"/>
        <line num="44" count="6" type="cond" truecount="2" falsecount="0"/>
        <line num="45" count="6" type="stmt"/>
        <line num="46" count="6" type="cond" truecount="0" falsecount="1"/>
        <line num="47" count="0" type="stmt"/>
        <line num="48" count="0" type="stmt"/>
        <line num="49" count="0" type="stmt"/>
        <line num="50" count="6" type="stmt"/>
        <line num="51" count="6" type="stmt"/>
        <line num="52" count="6" type="stmt"/>
        <line num="53" count="6" type="stmt"/>
        <line num="54" count="6" type="cond" truecount="1" falsecount="0"/>
        <line num="55" count="6" type="stmt"/>
        <line num="56" count="6" type="cond" truecount="1" falsecount="0"/>
        <line num="57" count="3" type="stmt"/>
        <line num="58" count="3" type="stmt"/>
        <line num="59" count="3" type="stmt"/>
        <line num="60" count="3" type="stmt"/>
        <line num="61" count="3" type="stmt"/>
        <line num="62" count="3" type="stmt"/>
        <line num="63" count="6" type="cond" truecount="1" falsecount="0"/>
        <line num="64" count="4" type="cond" truecount="0" falsecount="1"/>
        <line num="65" count="4" type="stmt"/>
        <line num="66" count="4" type="stmt"/>
        <line num="67" count="4" type="stmt"/>
        <line num="68" count="4" type="stmt"/>
        <line num="69" count="4" type="stmt"/>
        <line num="70" count="4" type="stmt"/>
        <line num="71" count="6" type="stmt"/>
        <line num="72" count="6" type="stmt"/>
        <line num="73" count="6" type="stmt"/>
        <line num="74" count="394" type="stmt"/>
        <line num="75" count="394" type="cond" truecount="1" falsecount="0"/>
        <line num="76" count="1" type="cond" truecount="0" falsecount="1"/>
        <line num="77" count="1" type="stmt"/>
        <line num="78" count="1" type="stmt"/>
        <line num="79" count="1" type="stmt"/>
        <line num="80" count="1" type="stmt"/>
        <line num="81" count="1" type="stmt"/>
        <line num="82" count="394" type="stmt"/>
        <line num="83" count="0" type="stmt"/>
        <line num="84" count="0" type="stmt"/>
        <line num="85" count="0" type="stmt"/>
        <line num="86" count="0" type="stmt"/>
        <line num="87" count="0" type="stmt"/>
        <line num="88" count="0" type="stmt"/>
        <line num="89" count="394" type="stmt"/>
        <line num="90" count="0" type="stmt"/>
        <line num="91" count="0" type="stmt"/>
        <line num="92" count="0" type="stmt"/>
        <line num="93" count="394" type="stmt"/>
        <line num="94" count="394" type="stmt"/>
        <line num="95" count="394" type="stmt"/>
        <line num="96" count="394" type="stmt"/>
        <line num="97" count="394" type="stmt"/>
        <line num="98" count="394" type="stmt"/>
        <line num="99" count="394" type="stmt"/>
        <line num="100" count="394" type="cond" truecount="1" falsecount="0"/>
        <line num="101" count="7" type="stmt"/>
        <line num="102" count="7" type="cond" truecount="0" falsecount="1"/>
        <line num="103" count="7" type="stmt"/>
        <line num="104" count="7" type="stmt"/>
        <line num="105" count="394" type="cond" truecount="1" falsecount="0"/>
        <line num="106" count="3" type="stmt"/>
        <line num="107" count="3" type="stmt"/>
        <line num="108" count="3" type="stmt"/>
        <line num="109" count="3" type="stmt"/>
        <line num="110" count="3" type="stmt"/>
        <line num="111" count="3" type="stmt"/>
        <line num="112" count="394" type="stmt"/>
        <line num="113" count="394" type="stmt"/>
        <line num="114" count="394" type="stmt"/>
        <line num="115" count="394" type="cond" truecount="1" falsecount="0"/>
        <line num="116" count="394" type="stmt"/>
        <line num="117" count="394" type="stmt"/>
        <line num="118" count="394" type="stmt"/>
        <line num="119" count="394" type="stmt"/>
        <line num="120" count="394" type="stmt"/>
        <line num="121" count="394" type="stmt"/>
        <line num="122" count="394" type="cond" truecount="1" falsecount="0"/>
        <line num="123" count="54" type="stmt"/>
        <line num="124" count="54" type="stmt"/>
        <line num="125" count="54" type="cond" truecount="1" falsecount="0"/>
        <line num="126" count="54" type="stmt"/>
        <line num="127" count="54" type="stmt"/>
        <line num="128" count="0" type="cond" truecount="0" falsecount="1"/>
        <line num="129" count="0" type="stmt"/>
        <line num="130" count="0" type="stmt"/>
        <line num="131" count="0" type="stmt"/>
        <line num="132" count="0" type="stmt"/>
        <line num="133" count="0" type="stmt"/>
        <line num="134" count="394" type="stmt"/>
        <line num="135" count="394" type="cond" truecount="1" falsecount="0"/>
        <line num="136" count="77" type="cond" truecount="1" falsecount="0"/>
        <line num="137" count="10" type="stmt"/>
        <line num="138" count="10" type="stmt"/>
        <line num="139" count="77" type="cond" truecount="1" falsecount="1"/>
        <line num="140" count="0" type="stmt"/>
        <line num="141" count="0" type="stmt"/>
        <line num="142" count="0" type="stmt"/>
        <line num="143" count="67" type="stmt"/>
        <line num="144" count="67" type="stmt"/>
        <line num="145" count="67" type="stmt"/>
        <line num="146" count="394" type="stmt"/>
        <line num="147" count="394" type="cond" truecount="1" falsecount="0"/>
        <line num="148" count="6" type="stmt"/>
        <line num="149" count="6" type="stmt"/>
        <line num="150" count="6" type="stmt"/>
        <line num="151" count="6" type="stmt"/>
        <line num="152" count="0" type="cond" truecount="0" falsecount="1"/>
        <line num="153" count="0" type="stmt"/>
        <line num="154" count="0" type="stmt"/>
        <line num="155" count="0" type="stmt"/>
        <line num="156" count="0" type="stmt"/>
        <line num="157" count="0" type="stmt"/>
        <line num="158" count="0" type="stmt"/>
        <line num="159" count="394" type="stmt"/>
        <line num="160" count="394" type="cond" truecount="1" falsecount="0"/>
        <line num="161" count="2" type="stmt"/>
        <line num="162" count="2" type="stmt"/>
        <line num="163" count="394" type="cond" truecount="1" falsecount="0"/>
        <line num="164" count="1" type="stmt"/>
        <line num="165" count="1" type="stmt"/>
        <line num="166" count="394" type="stmt"/>
        <line num="167" count="394" type="cond" truecount="1" falsecount="0"/>
        <line num="168" count="1" type="stmt"/>
        <line num="169" count="1" type="stmt"/>
        <line num="170" count="1" type="stmt"/>
        <line num="171" count="1" type="cond" truecount="1" falsecount="0"/>
        <line num="172" count="5" type="cond" truecount="0" falsecount="1"/>
        <line num="173" count="5" type="stmt"/>
        <line num="174" count="5" type="stmt"/>
        <line num="175" count="1" type="stmt"/>
        <line num="176" count="1" type="stmt"/>
        <line num="177" count="1" type="stmt"/>
        <line num="178" count="1" type="stmt"/>
        <line num="179" count="1" type="stmt"/>
        <line num="180" count="1" type="stmt"/>
        <line num="181" count="1" type="stmt"/>
        <line num="182" count="1" type="stmt"/>
        <line num="183" count="1" type="stmt"/>
        <line num="184" count="1" type="stmt"/>
        <line num="185" count="1" type="stmt"/>
        <line num="186" count="1" type="stmt"/>
        <line num="187" count="1" type="stmt"/>
        <line num="188" count="1" type="stmt"/>
        <line num="189" count="1" type="stmt"/>
        <line num="190" count="1" type="stmt"/>
        <line num="191" count="1" type="stmt"/>
        <line num="192" count="1" type="stmt"/>
        <line num="193" count="1" type="stmt"/>
        <line num="194" count="1" type="stmt"/>
        <line num="195" count="1" type="stmt"/>
        <line num="196" count="1" type="stmt"/>
        <line num="197" count="1" type="stmt"/>
        <line num="198" count="1" type="stmt"/>
        <line num="199" count="1" type="stmt"/>
        <line num="200" count="1" type="stmt"/>
        <line num="201" count="1" type="stmt"/>
        <line num="202" count="1" type="stmt"/>
        <line num="203" count="1" type="stmt"/>
        <line num="204" count="1" type="stmt"/>
        <line num="205" count="1" type="stmt"/>
        <line num="206" count="1" type="stmt"/>
        <line num="207" count="1" type="stmt"/>
        <line num="208" count="1" type="stmt"/>
        <line num="209" count="1" type="stmt"/>
        <line num="210" count="1" type="stmt"/>
        <line num="211" count="1" type="stmt"/>
        <line num="212" count="1" type="stmt"/>
        <line num="213" count="1" type="stmt"/>
        <line num="214" count="1" type="stmt"/>
        <line num="215" count="1" type="stmt"/>
        <line num="216" count="1" type="stmt"/>
        <line num="217" count="1" type="stmt"/>
        <line num="218" count="1" type="stmt"/>
        <line num="219" count="1" type="stmt"/>
        <line num="220" count="1" type="stmt"/>
        <line num="221" count="1" type="stmt"/>
        <line num="222" count="1" type="stmt"/>
        <line num="223" count="1" type="stmt"/>
        <line num="224" count="1" type="stmt"/>
        <line num="225" count="1" type="stmt"/>
        <line num="226" count="1" type="stmt"/>
        <line num="227" count="1" type="stmt"/>
        <line num="228" count="1" type="stmt"/>
        <line num="229" count="1" type="stmt"/>
        <line num="230" count="1" type="stmt"/>
        <line num="231" count="1" type="stmt"/>
        <line num="232" count="1" type="stmt"/>
        <line num="233" count="1" type="stmt"/>
        <line num="234" count="1" type="stmt"/>
        <line num="235" count="1" type="stmt"/>
        <line num="236" count="1" type="stmt"/>
        <line num="237" count="1" type="stmt"/>
        <line num="238" count="1" type="stmt"/>
        <line num="239" count="1" type="stmt"/>
        <line num="240" count="1" type="stmt"/>
        <line num="241" count="1" type="stmt"/>
        <line num="242" count="1" type="stmt"/>
        <line num="243" count="1" type="stmt"/>
        <line num="244" count="1" type="stmt"/>
        <line num="245" count="1" type="stmt"/>
        <line num="246" count="1" type="stmt"/>
        <line num="247" count="1" type="stmt"/>
        <line num="248" count="1" type="stmt"/>
        <line num="249" count="1" type="stmt"/>
        <line num="250" count="1" type="cond" truecount="1" falsecount="0"/>
        <line num="251" count="808" type="stmt"/>
        <line num="252" count="808" type="stmt"/>
        <line num="253" count="1" type="stmt"/>
        <line num="254" count="1" type="cond" truecount="1" falsecount="0"/>
        <line num="255" count="808" type="stmt"/>
        <line num="256" count="808" type="stmt"/>
        <line num="257" count="1" type="stmt"/>
        <line num="258" count="1" type="stmt"/>
        <line num="259" count="0" type="stmt"/>
        <line num="260" count="0" type="stmt"/>
        <line num="261" count="1" type="stmt"/>
        <line num="262" count="1" type="stmt"/>
        <line num="263" count="1" type="stmt"/>
        <line num="264" count="1" type="stmt"/>
        <line num="265" count="1" type="stmt"/>
        <line num="266" count="1" type="stmt"/>
        <line num="267" count="1" type="stmt"/>
        <line num="268" count="1" type="stmt"/>
        <line num="269" count="1" type="stmt"/>
        <line num="270" count="1" type="stmt"/>
        <line num="271" count="0" type="stmt"/>
        <line num="272" count="0" type="stmt"/>
        <line num="273" count="1" type="stmt"/>
        <line num="274" count="1" type="stmt"/>
        <line num="275" count="0" type="stmt"/>
        <line num="276" count="0" type="stmt"/>
        <line num="277" count="1" type="stmt"/>
        <line num="278" count="1" type="stmt"/>
        <line num="279" count="1" type="stmt"/>
      </file>
      <file name="LPAction.js" path="D:\projects\LifePlay.js\src\core\LPAction.js">
        <metrics statements="230" coveredstatements="191" conditionals="22" coveredconditionals="21" methods="39" coveredmethods="21"/>
        <line num="1" count="1" type="stmt"/>
        <line num="2" count="1" type="stmt"/>
        <line num="3" count="1" type="stmt"/>
        <line num="4" count="1" type="stmt"/>
        <line num="5" count="1" type="stmt"/>
        <line num="6" count="1" type="stmt"/>
        <line num="7" count="1" type="stmt"/>
        <line num="8" count="1" type="stmt"/>
        <line num="9" count="1" type="stmt"/>
        <line num="10" count="1" type="stmt"/>
        <line num="11" count="1" type="stmt"/>
        <line num="12" count="1" type="stmt"/>
        <line num="13" count="1" type="stmt"/>
        <line num="14" count="1" type="stmt"/>
        <line num="15" count="1" type="stmt"/>
        <line num="16" count="1" type="stmt"/>
        <line num="17" count="1" type="stmt"/>
        <line num="18" count="1" type="stmt"/>
        <line num="19" count="1" type="stmt"/>
        <line num="20" count="1" type="stmt"/>
        <line num="21" count="1" type="stmt"/>
        <line num="22" count="1" type="stmt"/>
        <line num="23" count="1" type="stmt"/>
        <line num="24" count="1" type="stmt"/>
        <line num="25" count="1" type="cond" truecount="1" falsecount="0"/>
        <line num="26" count="2" type="stmt"/>
        <line num="27" count="2" type="cond" truecount="1" falsecount="0"/>
        <line num="28" count="2" type="stmt"/>
        <line num="29" count="2" type="stmt"/>
        <line num="30" count="0" type="stmt"/>
        <line num="31" count="0" type="stmt"/>
        <line num="32" count="2" type="stmt"/>
        <line num="33" count="0" type="stmt"/>
        <line num="34" count="0" type="stmt"/>
        <line num="35" count="2" type="cond" truecount="1" falsecount="0"/>
        <line num="36" count="2" type="cond" truecount="0" falsecount="1"/>
        <line num="37" count="0" type="stmt"/>
        <line num="38" count="0" type="stmt"/>
        <line num="39" count="0" type="stmt"/>
        <line num="40" count="0" type="stmt"/>
        <line num="41" count="0" type="stmt"/>
        <line num="42" count="2" type="stmt"/>
        <line num="43" count="2" type="stmt"/>
        <line num="44" count="2" type="stmt"/>
        <line num="45" count="2" type="stmt"/>
        <line num="46" count="2" type="stmt"/>
        <line num="47" count="2" type="stmt"/>
        <line num="48" count="2" type="stmt"/>
        <line num="49" count="2" type="stmt"/>
        <line num="50" count="2" type="stmt"/>
        <line num="51" count="2" type="stmt"/>
        <line num="52" count="2" type="stmt"/>
        <line num="53" count="2" type="stmt"/>
        <line num="54" count="2" type="stmt"/>
        <line num="55" count="2" type="stmt"/>
        <line num="56" count="2" type="stmt"/>
        <line num="57" count="2" type="stmt"/>
        <line num="58" count="2" type="stmt"/>
        <line num="59" count="2" type="stmt"/>
        <line num="60" count="2" type="stmt"/>
        <line num="61" count="2" type="stmt"/>
        <line num="62" count="2" type="stmt"/>
        <line num="63" count="2" type="stmt"/>
        <line num="64" count="2" type="stmt"/>
        <line num="65" count="2" type="stmt"/>
        <line num="66" count="2" type="stmt"/>
        <line num="67" count="2" type="stmt"/>
        <line num="68" count="2" type="stmt"/>
        <line num="69" count="2" type="stmt"/>
        <line num="70" count="2" type="stmt"/>
        <line num="71" count="2" type="stmt"/>
        <line num="72" count="2" type="stmt"/>
        <line num="73" count="2" type="stmt"/>
        <line num="74" count="2" type="stmt"/>
        <line num="75" count="2" type="stmt"/>
        <line num="76" count="1" type="stmt"/>
        <line num="77" count="1" type="cond" truecount="1" falsecount="0"/>
        <line num="78" count="2" type="stmt"/>
        <line num="79" count="2" type="stmt"/>
        <line num="80" count="2" type="stmt"/>
        <line num="81" count="2" type="stmt"/>
        <line num="82" count="2" type="stmt"/>
        <line num="83" count="2" type="stmt"/>
        <line num="84" count="2" type="stmt"/>
        <line num="85" count="2" type="stmt"/>
        <line num="86" count="2" type="stmt"/>
        <line num="87" count="2" type="stmt"/>
        <line num="88" count="2" type="stmt"/>
        <line num="89" count="2" type="stmt"/>
        <line num="90" count="2" type="stmt"/>
        <line num="91" count="2" type="stmt"/>
        <line num="92" count="2" type="stmt"/>
        <line num="93" count="2" type="stmt"/>
        <line num="94" count="1" type="stmt"/>
        <line num="95" count="1" type="cond" truecount="1" falsecount="0"/>
        <line num="96" count="2" type="stmt"/>
        <line num="97" count="2" type="stmt"/>
        <line num="98" count="2" type="stmt"/>
        <line num="99" count="2" type="stmt"/>
        <line num="100" count="2" type="stmt"/>
        <line num="101" count="2" type="stmt"/>
        <line num="102" count="2" type="stmt"/>
        <line num="103" count="2" type="stmt"/>
        <line num="104" count="1" type="stmt"/>
        <line num="105" count="1" type="stmt"/>
        <line num="106" count="0" type="stmt"/>
        <line num="107" count="0" type="stmt"/>
        <line num="108" count="1" type="stmt"/>
        <line num="109" count="1" type="cond" truecount="1" falsecount="0"/>
        <line num="110" count="8" type="stmt"/>
        <line num="111" count="8" type="stmt"/>
        <line num="112" count="1" type="stmt"/>
        <line num="113" count="1" type="stmt"/>
        <line num="114" count="0" type="stmt"/>
        <line num="115" count="0" type="stmt"/>
        <line num="116" count="1" type="stmt"/>
        <line num="117" count="1" type="cond" truecount="1" falsecount="0"/>
        <line num="118" count="2" type="stmt"/>
        <line num="119" count="2" type="stmt"/>
        <line num="120" count="1" type="stmt"/>
        <line num="121" count="1" type="stmt"/>
        <line num="122" count="0" type="stmt"/>
        <line num="123" count="0" type="stmt"/>
        <line num="124" count="1" type="stmt"/>
        <line num="125" count="1" type="cond" truecount="1" falsecount="0"/>
        <line num="126" count="2" type="stmt"/>
        <line num="127" count="2" type="stmt"/>
        <line num="128" count="1" type="stmt"/>
        <line num="129" count="1" type="stmt"/>
        <line num="130" count="0" type="stmt"/>
        <line num="131" count="0" type="stmt"/>
        <line num="132" count="1" type="stmt"/>
        <line num="133" count="1" type="cond" truecount="1" falsecount="0"/>
        <line num="134" count="2" type="stmt"/>
        <line num="135" count="2" type="stmt"/>
        <line num="136" count="1" type="stmt"/>
        <line num="137" count="1" type="stmt"/>
        <line num="138" count="0" type="stmt"/>
        <line num="139" count="0" type="stmt"/>
        <line num="140" count="1" type="stmt"/>
        <line num="141" count="1" type="cond" truecount="1" falsecount="0"/>
        <line num="142" count="2" type="stmt"/>
        <line num="143" count="2" type="stmt"/>
        <line num="144" count="1" type="stmt"/>
        <line num="145" count="1" type="stmt"/>
        <line num="146" count="0" type="stmt"/>
        <line num="147" count="0" type="stmt"/>
        <line num="148" count="1" type="stmt"/>
        <line num="149" count="1" type="cond" truecount="1" falsecount="0"/>
        <line num="150" count="2" type="stmt"/>
        <line num="151" count="2" type="stmt"/>
        <line num="152" count="1" type="stmt"/>
        <line num="153" count="1" type="stmt"/>
        <line num="154" count="0" type="stmt"/>
        <line num="155" count="0" type="stmt"/>
        <line num="156" count="1" type="stmt"/>
        <line num="157" count="1" type="cond" truecount="1" falsecount="0"/>
        <line num="158" count="2" type="stmt"/>
        <line num="159" count="2" type="stmt"/>
        <line num="160" count="1" type="stmt"/>
        <line num="161" count="1" type="stmt"/>
        <line num="162" count="0" type="stmt"/>
        <line num="163" count="0" type="stmt"/>
        <line num="164" count="1" type="stmt"/>
        <line num="165" count="1" type="cond" truecount="1" falsecount="0"/>
        <line num="166" count="2" type="stmt"/>
        <line num="167" count="2" type="stmt"/>
        <line num="168" count="1" type="stmt"/>
        <line num="169" count="1" type="stmt"/>
        <line num="170" count="0" type="stmt"/>
        <line num="171" count="0" type="stmt"/>
        <line num="172" count="1" type="stmt"/>
        <line num="173" count="1" type="cond" truecount="1" falsecount="0"/>
        <line num="174" count="2" type="stmt"/>
        <line num="175" count="2" type="stmt"/>
        <line num="176" count="1" type="stmt"/>
        <line num="177" count="1" type="stmt"/>
        <line num="178" count="0" type="stmt"/>
        <line num="179" count="0" type="stmt"/>
        <line num="180" count="1" type="stmt"/>
        <line num="181" count="1" type="cond" truecount="1" falsecount="0"/>
        <line num="182" count="2" type="stmt"/>
        <line num="183" count="2" type="stmt"/>
        <line num="184" count="1" type="stmt"/>
        <line num="185" count="1" type="stmt"/>
        <line num="186" count="0" type="stmt"/>
        <line num="187" count="0" type="stmt"/>
        <line num="188" count="1" type="stmt"/>
        <line num="189" count="1" type="cond" truecount="1" falsecount="0"/>
        <line num="190" count="2" type="stmt"/>
        <line num="191" count="2" type="stmt"/>
        <line num="192" count="1" type="stmt"/>
        <line num="193" count="1" type="stmt"/>
        <line num="194" count="0" type="stmt"/>
        <line num="195" count="0" type="stmt"/>
        <line num="196" count="1" type="stmt"/>
        <line num="197" count="1" type="cond" truecount="1" falsecount="0"/>
        <line num="198" count="2" type="stmt"/>
        <line num="199" count="2" type="stmt"/>
        <line num="200" count="1" type="stmt"/>
        <line num="201" count="1" type="stmt"/>
        <line num="202" count="0" type="stmt"/>
        <line num="203" count="0" type="stmt"/>
        <line num="204" count="1" type="stmt"/>
        <line num="205" count="1" type="cond" truecount="1" falsecount="0"/>
        <line num="206" count="2" type="stmt"/>
        <line num="207" count="2" type="stmt"/>
        <line num="208" count="1" type="stmt"/>
        <line num="209" count="1" type="stmt"/>
        <line num="210" count="0" type="stmt"/>
        <line num="211" count="0" type="stmt"/>
        <line num="212" count="1" type="stmt"/>
        <line num="213" count="1" type="cond" truecount="1" falsecount="0"/>
        <line num="214" count="4" type="stmt"/>
        <line num="215" count="4" type="stmt"/>
        <line num="216" count="1" type="stmt"/>
        <line num="217" count="1" type="cond" truecount="1" falsecount="0"/>
        <line num="218" count="2" type="stmt"/>
        <line num="219" count="2" type="stmt"/>
        <line num="220" count="1" type="stmt"/>
        <line num="221" count="1" type="cond" truecount="1" falsecount="0"/>
        <line num="222" count="2" type="stmt"/>
        <line num="223" count="2" type="stmt"/>
        <line num="224" count="1" type="stmt"/>
        <line num="225" count="1" type="stmt"/>
        <line num="226" count="0" type="stmt"/>
        <line num="227" count="0" type="stmt"/>
        <line num="228" count="1" type="stmt"/>
        <line num="229" count="1" type="stmt"/>
        <line num="230" count="1" type="stmt"/>
      </file>
      <file name="LPDescription.js" path="D:\projects\LifePlay.js\src\core\LPDescription.js">
        <metrics statements="18" coveredstatements="0" conditionals="1" coveredconditionals="0" methods="1" coveredmethods="0"/>
        <line num="1" count="0" type="cond" truecount="0" falsecount="1"/>
        <line num="2" count="0" type="stmt"/>
        <line num="3" count="0" type="stmt"/>
        <line num="4" count="0" type="stmt"/>
        <line num="5" count="0" type="stmt"/>
        <line num="6" count="0" type="stmt"/>
        <line num="7" count="0" type="stmt"/>
        <line num="8" count="0" type="stmt"/>
        <line num="9" count="0" type="stmt"/>
        <line num="10" count="0" type="stmt"/>
        <line num="11" count="0" type="stmt"/>
        <line num="12" count="0" type="stmt"/>
        <line num="13" count="0" type="stmt"/>
        <line num="14" count="0" type="stmt"/>
        <line num="15" count="0" type="stmt"/>
        <line num="16" count="0" type="stmt"/>
        <line num="17" count="0" type="stmt"/>
        <line num="18" count="0" type="stmt"/>
      </file>
      <file name="LPMod.js" path="D:\projects\LifePlay.js\src\core\LPMod.js">
        <metrics statements="199" coveredstatements="152" conditionals="19" coveredconditionals="17" methods="29" coveredmethods="15"/>
        <line num="1" count="1" type="stmt"/>
        <line num="2" count="1" type="stmt"/>
        <line num="3" count="1" type="stmt"/>
        <line num="4" count="1" type="stmt"/>
        <line num="5" count="1" type="stmt"/>
        <line num="6" count="1" type="stmt"/>
        <line num="7" count="1" type="stmt"/>
        <line num="8" count="1" type="stmt"/>
        <line num="9" count="1" type="stmt"/>
        <line num="10" count="1" type="stmt"/>
        <line num="11" count="1" type="stmt"/>
        <line num="12" count="1" type="stmt"/>
        <line num="13" count="1" type="stmt"/>
        <line num="14" count="1" type="stmt"/>
        <line num="15" count="1" type="stmt"/>
        <line num="16" count="1" type="stmt"/>
        <line num="17" count="1" type="stmt"/>
        <line num="18" count="1" type="stmt"/>
        <line num="19" count="1" type="cond" truecount="1" falsecount="0"/>
        <line num="20" count="407" type="stmt"/>
        <line num="21" count="407" type="stmt"/>
        <line num="22" count="407" type="stmt"/>
        <line num="23" count="407" type="stmt"/>
        <line num="24" count="407" type="stmt"/>
        <line num="25" count="407" type="stmt"/>
        <line num="26" count="407" type="stmt"/>
        <line num="27" count="407" type="stmt"/>
        <line num="28" count="407" type="stmt"/>
        <line num="29" count="407" type="stmt"/>
        <line num="30" count="407" type="stmt"/>
        <line num="31" count="407" type="stmt"/>
        <line num="32" count="407" type="stmt"/>
        <line num="33" count="407" type="stmt"/>
        <line num="34" count="407" type="stmt"/>
        <line num="35" count="407" type="stmt"/>
        <line num="36" count="407" type="stmt"/>
        <line num="37" count="407" type="stmt"/>
        <line num="38" count="407" type="stmt"/>
        <line num="39" count="1" type="stmt"/>
        <line num="40" count="1" type="stmt"/>
        <line num="41" count="1" type="cond" truecount="1" falsecount="0"/>
        <line num="42" count="3" type="stmt"/>
        <line num="43" count="3" type="stmt"/>
        <line num="44" count="3" type="stmt"/>
        <line num="45" count="3" type="stmt"/>
        <line num="46" count="3" type="stmt"/>
        <line num="47" count="3" type="stmt"/>
        <line num="48" count="3" type="stmt"/>
        <line num="49" count="3" type="stmt"/>
        <line num="50" count="3" type="stmt"/>
        <line num="51" count="1" type="stmt"/>
        <line num="52" count="1" type="cond" truecount="1" falsecount="0"/>
        <line num="53" count="3" type="stmt"/>
        <line num="54" count="3" type="stmt"/>
        <line num="55" count="3" type="stmt"/>
        <line num="56" count="3" type="stmt"/>
        <line num="57" count="3" type="stmt"/>
        <line num="58" count="3" type="stmt"/>
        <line num="59" count="3" type="stmt"/>
        <line num="60" count="3" type="stmt"/>
        <line num="61" count="3" type="stmt"/>
        <line num="62" count="3" type="stmt"/>
        <line num="63" count="0" type="stmt"/>
        <line num="64" count="0" type="stmt"/>
        <line num="65" count="0" type="stmt"/>
        <line num="66" count="3" type="cond" truecount="1" falsecount="0"/>
        <line num="67" count="3" type="cond" truecount="1" falsecount="0"/>
        <line num="68" count="3" type="stmt"/>
        <line num="69" count="3" type="stmt"/>
        <line num="70" count="3" type="stmt"/>
        <line num="71" count="1" type="stmt"/>
        <line num="72" count="1" type="stmt"/>
        <line num="73" count="0" type="stmt"/>
        <line num="74" count="0" type="stmt"/>
        <line num="75" count="1" type="stmt"/>
        <line num="76" count="1" type="cond" truecount="1" falsecount="0"/>
        <line num="77" count="6" type="stmt"/>
        <line num="78" count="6" type="stmt"/>
        <line num="79" count="1" type="stmt"/>
        <line num="80" count="1" type="cond" truecount="1" falsecount="0"/>
        <line num="81" count="8" type="stmt"/>
        <line num="82" count="8" type="stmt"/>
        <line num="83" count="1" type="stmt"/>
        <line num="84" count="1" type="cond" truecount="1" falsecount="0"/>
        <line num="85" count="1" type="stmt"/>
        <line num="86" count="1" type="stmt"/>
        <line num="87" count="1" type="stmt"/>
        <line num="88" count="1" type="cond" truecount="1" falsecount="0"/>
        <line num="89" count="4" type="stmt"/>
        <line num="90" count="4" type="cond" truecount="0" falsecount="1"/>
        <line num="91" count="0" type="stmt"/>
        <line num="92" count="0" type="stmt"/>
        <line num="93" count="4" type="stmt"/>
        <line num="94" count="4" type="stmt"/>
        <line num="95" count="4" type="stmt"/>
        <line num="96" count="1" type="stmt"/>
        <line num="97" count="1" type="stmt"/>
        <line num="98" count="0" type="stmt"/>
        <line num="99" count="0" type="stmt"/>
        <line num="100" count="1" type="stmt"/>
        <line num="101" count="1" type="cond" truecount="1" falsecount="0"/>
        <line num="102" count="2" type="stmt"/>
        <line num="103" count="2" type="cond" truecount="0" falsecount="1"/>
        <line num="104" count="0" type="stmt"/>
        <line num="105" count="0" type="stmt"/>
        <line num="106" count="2" type="stmt"/>
        <line num="107" count="2" type="stmt"/>
        <line num="108" count="2" type="stmt"/>
        <line num="109" count="1" type="stmt"/>
        <line num="110" count="1" type="stmt"/>
        <line num="111" count="0" type="stmt"/>
        <line num="112" count="0" type="stmt"/>
        <line num="113" count="1" type="stmt"/>
        <line num="114" count="1" type="stmt"/>
        <line num="115" count="0" type="stmt"/>
        <line num="116" count="0" type="stmt"/>
        <line num="117" count="0" type="stmt"/>
        <line num="118" count="0" type="stmt"/>
        <line num="119" count="0" type="stmt"/>
        <line num="120" count="0" type="stmt"/>
        <line num="121" count="0" type="stmt"/>
        <line num="122" count="0" type="stmt"/>
        <line num="123" count="0" type="stmt"/>
        <line num="124" count="1" type="stmt"/>
        <line num="125" count="1" type="stmt"/>
        <line num="126" count="0" type="stmt"/>
        <line num="127" count="0" type="stmt"/>
        <line num="128" count="1" type="stmt"/>
        <line num="129" count="1" type="stmt"/>
        <line num="130" count="0" type="stmt"/>
        <line num="131" count="0" type="stmt"/>
        <line num="132" count="0" type="stmt"/>
        <line num="133" count="0" type="stmt"/>
        <line num="134" count="0" type="stmt"/>
        <line num="135" count="0" type="stmt"/>
        <line num="136" count="0" type="stmt"/>
        <line num="137" count="1" type="stmt"/>
        <line num="138" count="1" type="stmt"/>
        <line num="139" count="0" type="stmt"/>
        <line num="140" count="0" type="stmt"/>
        <line num="141" count="1" type="stmt"/>
        <line num="142" count="1" type="cond" truecount="1" falsecount="0"/>
        <line num="143" count="8" type="stmt"/>
        <line num="144" count="8" type="stmt"/>
        <line num="145" count="1" type="stmt"/>
        <line num="146" count="1" type="stmt"/>
        <line num="147" count="0" type="stmt"/>
        <line num="148" count="0" type="stmt"/>
        <line num="149" count="1" type="stmt"/>
        <line num="150" count="1" type="cond" truecount="1" falsecount="0"/>
        <line num="151" count="3" type="stmt"/>
        <line num="152" count="3" type="stmt"/>
        <line num="153" count="1" type="stmt"/>
        <line num="154" count="1" type="stmt"/>
        <line num="155" count="0" type="stmt"/>
        <line num="156" count="0" type="stmt"/>
        <line num="157" count="1" type="stmt"/>
        <line num="158" count="1" type="cond" truecount="1" falsecount="0"/>
        <line num="159" count="3" type="stmt"/>
        <line num="160" count="3" type="stmt"/>
        <line num="161" count="1" type="stmt"/>
        <line num="162" count="1" type="stmt"/>
        <line num="163" count="0" type="stmt"/>
        <line num="164" count="0" type="stmt"/>
        <line num="165" count="1" type="stmt"/>
        <line num="166" count="1" type="cond" truecount="1" falsecount="0"/>
        <line num="167" count="3" type="stmt"/>
        <line num="168" count="3" type="stmt"/>
        <line num="169" count="1" type="stmt"/>
        <line num="170" count="1" type="stmt"/>
        <line num="171" count="0" type="stmt"/>
        <line num="172" count="0" type="stmt"/>
        <line num="173" count="1" type="stmt"/>
        <line num="174" count="1" type="cond" truecount="1" falsecount="0"/>
        <line num="175" count="3" type="stmt"/>
        <line num="176" count="3" type="stmt"/>
        <line num="177" count="1" type="stmt"/>
        <line num="178" count="1" type="stmt"/>
        <line num="179" count="0" type="stmt"/>
        <line num="180" count="0" type="stmt"/>
        <line num="181" count="1" type="stmt"/>
        <line num="182" count="1" type="cond" truecount="1" falsecount="0"/>
        <line num="183" count="3" type="stmt"/>
        <line num="184" count="3" type="stmt"/>
        <line num="185" count="1" type="stmt"/>
        <line num="186" count="1" type="stmt"/>
        <line num="187" count="0" type="stmt"/>
        <line num="188" count="0" type="stmt"/>
        <line num="189" count="1" type="stmt"/>
        <line num="190" count="1" type="cond" truecount="1" falsecount="0"/>
        <line num="191" count="405" type="stmt"/>
        <line num="192" count="405" type="stmt"/>
        <line num="193" count="1" type="stmt"/>
        <line num="194" count="1" type="stmt"/>
        <line num="195" count="0" type="stmt"/>
        <line num="196" count="0" type="stmt"/>
        <line num="197" count="1" type="stmt"/>
        <line num="198" count="1" type="stmt"/>
        <line num="199" count="1" type="stmt"/>
      </file>
      <file name="LPScene.js" path="D:\projects\LifePlay.js\src\core\LPScene.js">
        <metrics statements="894" coveredstatements="871" conditionals="101" coveredconditionals="100" methods="79" coveredmethods="72"/>
        <line num="1" count="1" type="stmt"/>
        <line num="2" count="1" type="stmt"/>
        <line num="3" count="1" type="stmt"/>
        <line num="4" count="1" type="stmt"/>
        <line num="5" count="1" type="stmt"/>
        <line num="6" count="1" type="stmt"/>
        <line num="7" count="1" type="stmt"/>
        <line num="8" count="1" type="stmt"/>
        <line num="9" count="1" type="stmt"/>
        <line num="10" count="1" type="stmt"/>
        <line num="11" count="1" type="stmt"/>
        <line num="12" count="1" type="stmt"/>
        <line num="13" count="1" type="stmt"/>
        <line num="14" count="1" type="stmt"/>
        <line num="15" count="1" type="stmt"/>
        <line num="16" count="1" type="stmt"/>
        <line num="17" count="1" type="stmt"/>
        <line num="18" count="1" type="stmt"/>
        <line num="19" count="1" type="stmt"/>
        <line num="20" count="1" type="stmt"/>
        <line num="21" count="1" type="stmt"/>
        <line num="22" count="1" type="stmt"/>
        <line num="23" count="1" type="stmt"/>
        <line num="24" count="1" type="stmt"/>
        <line num="25" count="1" type="stmt"/>
        <line num="26" count="1" type="stmt"/>
        <line num="27" count="1" type="stmt"/>
        <line num="28" count="1" type="stmt"/>
        <line num="29" count="1" type="stmt"/>
        <line num="30" count="1" type="stmt"/>
        <line num="31" count="1" type="stmt"/>
        <line num="32" count="1" type="stmt"/>
        <line num="33" count="1" type="stmt"/>
        <line num="34" count="1" type="stmt"/>
        <line num="35" count="1" type="cond" truecount="1" falsecount="0"/>
        <line num="36" count="393" type="stmt"/>
        <line num="37" count="393" type="stmt"/>
        <line num="38" count="393" type="stmt"/>
        <line num="39" count="393" type="stmt"/>
        <line num="40" count="393" type="stmt"/>
        <line num="41" count="393" type="stmt"/>
        <line num="42" count="393" type="stmt"/>
        <line num="43" count="393" type="stmt"/>
        <line num="44" count="393" type="stmt"/>
        <line num="45" count="393" type="stmt"/>
        <line num="46" count="393" type="stmt"/>
        <line num="47" count="393" type="stmt"/>
        <line num="48" count="393" type="stmt"/>
        <line num="49" count="393" type="stmt"/>
        <line num="50" count="393" type="stmt"/>
        <line num="51" count="393" type="stmt"/>
        <line num="52" count="393" type="stmt"/>
        <line num="53" count="393" type="stmt"/>
        <line num="54" count="393" type="stmt"/>
        <line num="55" count="393" type="stmt"/>
        <line num="56" count="393" type="stmt"/>
        <line num="57" count="393" type="stmt"/>
        <line num="58" count="393" type="stmt"/>
        <line num="59" count="393" type="stmt"/>
        <line num="60" count="1" type="stmt"/>
        <line num="61" count="1" type="stmt"/>
        <line num="62" count="1" type="stmt"/>
        <line num="63" count="1" type="stmt"/>
        <line num="64" count="1" type="stmt"/>
        <line num="65" count="1" type="stmt"/>
        <line num="66" count="1" type="stmt"/>
        <line num="67" count="1" type="cond" truecount="2" falsecount="0"/>
        <line num="68" count="3" type="stmt"/>
        <line num="69" count="3" type="stmt"/>
        <line num="70" count="3" type="stmt"/>
        <line num="71" count="393" type="stmt"/>
        <line num="72" count="393" type="stmt"/>
        <line num="73" count="393" type="stmt"/>
        <line num="74" count="393" type="stmt"/>
        <line num="75" count="393" type="stmt"/>
        <line num="76" count="393" type="stmt"/>
        <line num="77" count="393" type="cond" truecount="1" falsecount="0"/>
        <line num="78" count="3" type="stmt"/>
        <line num="79" count="3" type="stmt"/>
        <line num="80" count="3" type="stmt"/>
        <line num="81" count="393" type="stmt"/>
        <line num="82" count="393" type="cond" truecount="1" falsecount="0"/>
        <line num="83" count="3" type="stmt"/>
        <line num="84" count="3" type="stmt"/>
        <line num="85" count="3" type="stmt"/>
        <line num="86" count="3" type="stmt"/>
        <line num="87" count="393" type="stmt"/>
        <line num="88" count="393" type="stmt"/>
        <line num="89" count="393" type="stmt"/>
        <line num="90" count="393" type="stmt"/>
        <line num="91" count="393" type="stmt"/>
        <line num="92" count="393" type="stmt"/>
        <line num="93" count="393" type="stmt"/>
        <line num="94" count="393" type="stmt"/>
        <line num="95" count="393" type="stmt"/>
        <line num="96" count="393" type="stmt"/>
        <line num="97" count="393" type="stmt"/>
        <line num="98" count="393" type="cond" truecount="1" falsecount="0"/>
        <line num="99" count="4" type="stmt"/>
        <line num="100" count="4" type="stmt"/>
        <line num="101" count="4" type="stmt"/>
        <line num="102" count="4" type="stmt"/>
        <line num="103" count="4" type="cond" truecount="2" falsecount="0"/>
        <line num="104" count="4" type="cond" truecount="0" falsecount="1"/>
        <line num="105" count="4" type="stmt"/>
        <line num="106" count="4" type="stmt"/>
        <line num="107" count="4" type="stmt"/>
        <line num="108" count="393" type="stmt"/>
        <line num="109" count="393" type="stmt"/>
        <line num="110" count="393" type="stmt"/>
        <line num="111" count="393" type="stmt"/>
        <line num="112" count="393" type="stmt"/>
        <line num="113" count="393" type="stmt"/>
        <line num="114" count="393" type="stmt"/>
        <line num="115" count="393" type="stmt"/>
        <line num="116" count="393" type="stmt"/>
        <line num="117" count="393" type="stmt"/>
        <line num="118" count="393" type="stmt"/>
        <line num="119" count="393" type="cond" truecount="1" falsecount="0"/>
        <line num="120" count="3" type="stmt"/>
        <line num="121" count="3" type="stmt"/>
        <line num="122" count="3" type="stmt"/>
        <line num="123" count="3" type="stmt"/>
        <line num="124" count="3" type="stmt"/>
        <line num="125" count="3" type="cond" truecount="1" falsecount="0"/>
        <line num="126" count="3" type="stmt"/>
        <line num="127" count="3" type="stmt"/>
        <line num="128" count="3" type="stmt"/>
        <line num="129" count="393" type="stmt"/>
        <line num="130" count="393" type="stmt"/>
        <line num="131" count="393" type="stmt"/>
        <line num="132" count="393" type="stmt"/>
        <line num="133" count="393" type="stmt"/>
        <line num="134" count="393" type="stmt"/>
        <line num="135" count="393" type="stmt"/>
        <line num="136" count="393" type="stmt"/>
        <line num="137" count="393" type="stmt"/>
        <line num="138" count="393" type="stmt"/>
        <line num="139" count="393" type="stmt"/>
        <line num="140" count="393" type="stmt"/>
        <line num="141" count="393" type="stmt"/>
        <line num="142" count="393" type="stmt"/>
        <line num="143" count="393" type="stmt"/>
        <line num="144" count="393" type="stmt"/>
        <line num="145" count="393" type="stmt"/>
        <line num="146" count="393" type="stmt"/>
        <line num="147" count="393" type="stmt"/>
        <line num="148" count="393" type="stmt"/>
        <line num="149" count="393" type="cond" truecount="1" falsecount="0"/>
        <line num="150" count="1" type="cond" truecount="1" falsecount="0"/>
        <line num="151" count="1" type="stmt"/>
        <line num="152" count="393" type="stmt"/>
        <line num="153" count="393" type="stmt"/>
        <line num="154" count="393" type="stmt"/>
        <line num="155" count="393" type="stmt"/>
        <line num="156" count="393" type="stmt"/>
        <line num="157" count="393" type="cond" truecount="1" falsecount="0"/>
        <line num="158" count="1" type="stmt"/>
        <line num="159" count="1" type="stmt"/>
        <line num="160" count="393" type="stmt"/>
        <line num="161" count="393" type="stmt"/>
        <line num="162" count="393" type="stmt"/>
        <line num="163" count="393" type="stmt"/>
        <line num="164" count="393" type="stmt"/>
        <line num="165" count="393" type="cond" truecount="1" falsecount="0"/>
        <line num="166" count="1" type="stmt"/>
        <line num="167" count="1" type="stmt"/>
        <line num="168" count="393" type="stmt"/>
        <line num="169" count="393" type="stmt"/>
        <line num="170" count="393" type="stmt"/>
        <line num="171" count="393" type="stmt"/>
        <line num="172" count="393" type="stmt"/>
        <line num="173" count="393" type="stmt"/>
        <line num="174" count="393" type="stmt"/>
        <line num="175" count="393" type="stmt"/>
        <line num="176" count="393" type="stmt"/>
        <line num="177" count="393" type="cond" truecount="1" falsecount="0"/>
        <line num="178" count="1" type="stmt"/>
        <line num="179" count="1" type="stmt"/>
        <line num="180" count="393" type="stmt"/>
        <line num="181" count="393" type="stmt"/>
        <line num="182" count="393" type="stmt"/>
        <line num="183" count="393" type="stmt"/>
        <line num="184" count="393" type="stmt"/>
        <line num="185" count="393" type="stmt"/>
        <line num="186" count="393" type="stmt"/>
        <line num="187" count="393" type="stmt"/>
        <line num="188" count="393" type="stmt"/>
        <line num="189" count="393" type="cond" truecount="1" falsecount="0"/>
        <line num="190" count="1" type="stmt"/>
        <line num="191" count="1" type="stmt"/>
        <line num="192" count="393" type="stmt"/>
        <line num="193" count="393" type="stmt"/>
        <line num="194" count="393" type="stmt"/>
        <line num="195" count="393" type="stmt"/>
        <line num="196" count="393" type="cond" truecount="1" falsecount="0"/>
        <line num="197" count="1" type="stmt"/>
        <line num="198" count="1" type="stmt"/>
        <line num="199" count="393" type="stmt"/>
        <line num="200" count="393" type="stmt"/>
        <line num="201" count="393" type="stmt"/>
        <line num="202" count="393" type="stmt"/>
        <line num="203" count="393" type="stmt"/>
        <line num="204" count="393" type="stmt"/>
        <line num="205" count="393" type="stmt"/>
        <line num="206" count="393" type="stmt"/>
        <line num="207" count="393" type="stmt"/>
        <line num="208" count="393" type="stmt"/>
        <line num="209" count="393" type="stmt"/>
        <line num="210" count="393" type="stmt"/>
        <line num="211" count="393" type="stmt"/>
        <line num="212" count="393" type="stmt"/>
        <line num="213" count="393" type="cond" truecount="1" falsecount="0"/>
        <line num="214" count="4" type="cond" truecount="4" falsecount="0"/>
        <line num="215" count="4" type="cond" truecount="3" falsecount="0"/>
        <line num="216" count="4" type="cond" truecount="1" falsecount="0"/>
        <line num="217" count="1" type="stmt"/>
        <line num="218" count="1" type="stmt"/>
        <line num="219" count="393" type="stmt"/>
        <line num="220" count="393" type="stmt"/>
        <line num="221" count="393" type="stmt"/>
        <line num="222" count="393" type="stmt"/>
        <line num="223" count="393" type="cond" truecount="1" falsecount="0"/>
        <line num="224" count="1" type="stmt"/>
        <line num="225" count="1" type="stmt"/>
        <line num="226" count="393" type="stmt"/>
        <line num="227" count="393" type="stmt"/>
        <line num="228" count="393" type="stmt"/>
        <line num="229" count="393" type="stmt"/>
        <line num="230" count="393" type="cond" truecount="1" falsecount="0"/>
        <line num="231" count="1" type="stmt"/>
        <line num="232" count="1" type="stmt"/>
        <line num="233" count="393" type="stmt"/>
        <line num="234" count="393" type="stmt"/>
        <line num="235" count="393" type="stmt"/>
        <line num="236" count="393" type="stmt"/>
        <line num="237" count="393" type="cond" truecount="1" falsecount="0"/>
        <line num="238" count="1" type="stmt"/>
        <line num="239" count="1" type="stmt"/>
        <line num="240" count="393" type="stmt"/>
        <line num="241" count="393" type="stmt"/>
        <line num="242" count="393" type="stmt"/>
        <line num="243" count="393" type="stmt"/>
        <line num="244" count="393" type="stmt"/>
        <line num="245" count="393" type="stmt"/>
        <line num="246" count="393" type="stmt"/>
        <line num="247" count="393" type="stmt"/>
        <line num="248" count="393" type="stmt"/>
        <line num="249" count="393" type="stmt"/>
        <line num="250" count="393" type="stmt"/>
        <line num="251" count="393" type="stmt"/>
        <line num="252" count="393" type="stmt"/>
        <line num="253" count="393" type="cond" truecount="1" falsecount="0"/>
        <line num="254" count="1" type="stmt"/>
        <line num="255" count="1" type="stmt"/>
        <line num="256" count="393" type="stmt"/>
        <line num="257" count="393" type="stmt"/>
        <line num="258" count="393" type="stmt"/>
        <line num="259" count="393" type="stmt"/>
        <line num="260" count="393" type="stmt"/>
        <line num="261" count="393" type="stmt"/>
        <line num="262" count="393" type="cond" truecount="1" falsecount="0"/>
        <line num="263" count="1" type="stmt"/>
        <line num="264" count="1" type="stmt"/>
        <line num="265" count="393" type="stmt"/>
        <line num="266" count="393" type="stmt"/>
        <line num="267" count="393" type="stmt"/>
        <line num="268" count="393" type="stmt"/>
        <line num="269" count="393" type="stmt"/>
        <line num="270" count="393" type="cond" truecount="1" falsecount="0"/>
        <line num="271" count="1" type="stmt"/>
        <line num="272" count="1" type="stmt"/>
        <line num="273" count="393" type="stmt"/>
        <line num="274" count="393" type="stmt"/>
        <line num="275" count="393" type="stmt"/>
        <line num="276" count="393" type="stmt"/>
        <line num="277" count="393" type="stmt"/>
        <line num="278" count="393" type="cond" truecount="1" falsecount="0"/>
        <line num="279" count="1" type="stmt"/>
        <line num="280" count="1" type="stmt"/>
        <line num="281" count="393" type="stmt"/>
        <line num="282" count="393" type="stmt"/>
        <line num="283" count="393" type="stmt"/>
        <line num="284" count="393" type="stmt"/>
        <line num="285" count="393" type="stmt"/>
        <line num="286" count="393" type="stmt"/>
        <line num="287" count="393" type="stmt"/>
        <line num="288" count="393" type="stmt"/>
        <line num="289" count="393" type="stmt"/>
        <line num="290" count="393" type="stmt"/>
        <line num="291" count="393" type="stmt"/>
        <line num="292" count="393" type="stmt"/>
        <line num="293" count="393" type="stmt"/>
        <line num="294" count="393" type="stmt"/>
        <line num="295" count="393" type="stmt"/>
        <line num="296" count="393" type="cond" truecount="1" falsecount="0"/>
        <line num="297" count="1" type="stmt"/>
        <line num="298" count="1" type="stmt"/>
        <line num="299" count="393" type="stmt"/>
        <line num="300" count="393" type="stmt"/>
        <line num="301" count="393" type="stmt"/>
        <line num="302" count="393" type="stmt"/>
        <line num="303" count="393" type="stmt"/>
        <line num="304" count="393" type="stmt"/>
        <line num="305" count="393" type="stmt"/>
        <line num="306" count="393" type="stmt"/>
        <line num="307" count="393" type="stmt"/>
        <line num="308" count="393" type="cond" truecount="1" falsecount="0"/>
        <line num="309" count="1" type="stmt"/>
        <line num="310" count="1" type="stmt"/>
        <line num="311" count="1" type="stmt"/>
        <line num="312" count="1" type="stmt"/>
        <line num="313" count="393" type="stmt"/>
        <line num="314" count="393" type="stmt"/>
        <line num="315" count="393" type="stmt"/>
        <line num="316" count="393" type="stmt"/>
        <line num="317" count="393" type="stmt"/>
        <line num="318" count="393" type="stmt"/>
        <line num="319" count="393" type="stmt"/>
        <line num="320" count="393" type="stmt"/>
        <line num="321" count="393" type="stmt"/>
        <line num="322" count="393" type="stmt"/>
        <line num="323" count="393" type="cond" truecount="1" falsecount="0"/>
        <line num="324" count="1" type="stmt"/>
        <line num="325" count="1" type="stmt"/>
        <line num="326" count="393" type="stmt"/>
        <line num="327" count="393" type="stmt"/>
        <line num="328" count="393" type="stmt"/>
        <line num="329" count="393" type="stmt"/>
        <line num="330" count="393" type="stmt"/>
        <line num="331" count="393" type="stmt"/>
        <line num="332" count="393" type="stmt"/>
        <line num="333" count="393" type="stmt"/>
        <line num="334" count="393" type="stmt"/>
        <line num="335" count="393" type="stmt"/>
        <line num="336" count="393" type="stmt"/>
        <line num="337" count="393" type="stmt"/>
        <line num="338" count="393" type="stmt"/>
        <line num="339" count="393" type="stmt"/>
        <line num="340" count="393" type="stmt"/>
        <line num="341" count="393" type="stmt"/>
        <line num="342" count="393" type="stmt"/>
        <line num="343" count="393" type="stmt"/>
        <line num="344" count="393" type="stmt"/>
        <line num="345" count="393" type="cond" truecount="1" falsecount="0"/>
        <line num="346" count="1" type="stmt"/>
        <line num="347" count="1" type="stmt"/>
        <line num="348" count="1" type="stmt"/>
        <line num="349" count="1" type="stmt"/>
        <line num="350" count="393" type="stmt"/>
        <line num="351" count="393" type="stmt"/>
        <line num="352" count="393" type="stmt"/>
        <line num="353" count="393" type="stmt"/>
        <line num="354" count="393" type="stmt"/>
        <line num="355" count="393" type="stmt"/>
        <line num="356" count="393" type="stmt"/>
        <line num="357" count="393" type="stmt"/>
        <line num="358" count="393" type="stmt"/>
        <line num="359" count="393" type="cond" truecount="1" falsecount="0"/>
        <line num="360" count="1" type="stmt"/>
        <line num="361" count="1" type="stmt"/>
        <line num="362" count="1" type="stmt"/>
        <line num="363" count="1" type="stmt"/>
        <line num="364" count="393" type="stmt"/>
        <line num="365" count="393" type="stmt"/>
        <line num="366" count="393" type="stmt"/>
        <line num="367" count="393" type="stmt"/>
        <line num="368" count="393" type="stmt"/>
        <line num="369" count="393" type="stmt"/>
        <line num="370" count="393" type="stmt"/>
        <line num="371" count="393" type="stmt"/>
        <line num="372" count="393" type="stmt"/>
        <line num="373" count="393" type="stmt"/>
        <line num="374" count="393" type="stmt"/>
        <line num="375" count="393" type="stmt"/>
        <line num="376" count="393" type="stmt"/>
        <line num="377" count="393" type="cond" truecount="1" falsecount="0"/>
        <line num="378" count="1" type="stmt"/>
        <line num="379" count="1" type="stmt"/>
        <line num="380" count="1" type="stmt"/>
        <line num="381" count="1" type="stmt"/>
        <line num="382" count="393" type="stmt"/>
        <line num="383" count="393" type="stmt"/>
        <line num="384" count="393" type="stmt"/>
        <line num="385" count="393" type="stmt"/>
        <line num="386" count="393" type="stmt"/>
        <line num="387" count="393" type="stmt"/>
        <line num="388" count="393" type="stmt"/>
        <line num="389" count="393" type="stmt"/>
        <line num="390" count="393" type="stmt"/>
        <line num="391" count="393" type="stmt"/>
        <line num="392" count="393" type="stmt"/>
        <line num="393" count="393" type="cond" truecount="1" falsecount="0"/>
        <line num="394" count="3" type="stmt"/>
        <line num="395" count="3" type="stmt"/>
        <line num="396" count="3" type="stmt"/>
        <line num="397" count="3" type="stmt"/>
        <line num="398" count="393" type="stmt"/>
        <line num="399" count="393" type="stmt"/>
        <line num="400" count="393" type="stmt"/>
        <line num="401" count="393" type="stmt"/>
        <line num="402" count="393" type="stmt"/>
        <line num="403" count="393" type="stmt"/>
        <line num="404" count="393" type="stmt"/>
        <line num="405" count="393" type="stmt"/>
        <line num="406" count="393" type="stmt"/>
        <line num="407" count="393" type="stmt"/>
        <line num="408" count="393" type="stmt"/>
        <line num="409" count="393" type="cond" truecount="1" falsecount="0"/>
        <line num="410" count="3" type="stmt"/>
        <line num="411" count="3" type="stmt"/>
        <line num="412" count="3" type="cond" truecount="1" falsecount="0"/>
        <line num="413" count="3" type="stmt"/>
        <line num="414" count="3" type="stmt"/>
        <line num="415" count="393" type="stmt"/>
        <line num="416" count="393" type="stmt"/>
        <line num="417" count="393" type="stmt"/>
        <line num="418" count="393" type="stmt"/>
        <line num="419" count="393" type="stmt"/>
        <line num="420" count="393" type="stmt"/>
        <line num="421" count="393" type="cond" truecount="1" falsecount="0"/>
        <line num="422" count="1" type="stmt"/>
        <line num="423" count="1" type="stmt"/>
        <line num="424" count="1" type="stmt"/>
        <line num="425" count="1" type="stmt"/>
        <line num="426" count="1" type="stmt"/>
        <line num="427" count="393" type="stmt"/>
        <line num="428" count="393" type="stmt"/>
        <line num="429" count="393" type="stmt"/>
        <line num="430" count="393" type="stmt"/>
        <line num="431" count="393" type="stmt"/>
        <line num="432" count="393" type="stmt"/>
        <line num="433" count="393" type="stmt"/>
        <line num="434" count="393" type="cond" truecount="1" falsecount="0"/>
        <line num="435" count="1" type="stmt"/>
        <line num="436" count="1" type="stmt"/>
        <line num="437" count="1" type="stmt"/>
        <line num="438" count="1" type="stmt"/>
        <line num="439" count="393" type="stmt"/>
        <line num="440" count="393" type="stmt"/>
        <line num="441" count="393" type="stmt"/>
        <line num="442" count="393" type="stmt"/>
        <line num="443" count="393" type="cond" truecount="1" falsecount="0"/>
        <line num="444" count="1" type="stmt"/>
        <line num="445" count="1" type="stmt"/>
        <line num="446" count="1" type="stmt"/>
        <line num="447" count="1" type="stmt"/>
        <line num="448" count="393" type="stmt"/>
        <line num="449" count="393" type="stmt"/>
        <line num="450" count="393" type="stmt"/>
        <line num="451" count="393" type="stmt"/>
        <line num="452" count="393" type="stmt"/>
        <line num="453" count="393" type="stmt"/>
        <line num="454" count="393" type="stmt"/>
        <line num="455" count="393" type="stmt"/>
        <line num="456" count="393" type="stmt"/>
        <line num="457" count="393" type="stmt"/>
        <line num="458" count="393" type="stmt"/>
        <line num="459" count="393" type="stmt"/>
        <line num="460" count="393" type="stmt"/>
        <line num="461" count="393" type="stmt"/>
        <line num="462" count="393" type="stmt"/>
        <line num="463" count="393" type="stmt"/>
        <line num="464" count="393" type="stmt"/>
        <line num="465" count="393" type="stmt"/>
        <line num="466" count="393" type="stmt"/>
        <line num="467" count="393" type="stmt"/>
        <line num="468" count="393" type="stmt"/>
        <line num="469" count="393" type="stmt"/>
        <line num="470" count="393" type="stmt"/>
        <line num="471" count="393" type="stmt"/>
        <line num="472" count="393" type="cond" truecount="1" falsecount="0"/>
        <line num="473" count="92" type="stmt"/>
        <line num="474" count="92" type="stmt"/>
        <line num="475" count="92" type="stmt"/>
        <line num="476" count="92" type="stmt"/>
        <line num="477" count="393" type="stmt"/>
        <line num="478" count="393" type="stmt"/>
        <line num="479" count="393" type="stmt"/>
        <line num="480" count="393" type="stmt"/>
        <line num="481" count="393" type="stmt"/>
        <line num="482" count="393" type="stmt"/>
        <line num="483" count="393" type="cond" truecount="1" falsecount="0"/>
        <line num="484" count="3" type="stmt"/>
        <line num="485" count="3" type="cond" truecount="3" falsecount="0"/>
        <line num="486" count="3" type="cond" truecount="2" falsecount="0"/>
        <line num="487" count="3" type="stmt"/>
        <line num="488" count="3" type="stmt"/>
        <line num="489" count="3" type="stmt"/>
        <line num="490" count="393" type="stmt"/>
        <line num="491" count="393" type="stmt"/>
        <line num="492" count="393" type="stmt"/>
        <line num="493" count="393" type="stmt"/>
        <line num="494" count="393" type="stmt"/>
        <line num="495" count="393" type="stmt"/>
        <line num="496" count="393" type="stmt"/>
        <line num="497" count="393" type="cond" truecount="1" falsecount="0"/>
        <line num="498" count="1" type="stmt"/>
        <line num="499" count="1" type="stmt"/>
        <line num="500" count="1" type="stmt"/>
        <line num="501" count="1" type="stmt"/>
        <line num="502" count="1" type="stmt"/>
        <line num="503" count="393" type="stmt"/>
        <line num="504" count="393" type="stmt"/>
        <line num="505" count="393" type="stmt"/>
        <line num="506" count="393" type="stmt"/>
        <line num="507" count="393" type="stmt"/>
        <line num="508" count="393" type="stmt"/>
        <line num="509" count="393" type="stmt"/>
        <line num="510" count="393" type="stmt"/>
        <line num="511" count="393" type="cond" truecount="1" falsecount="0"/>
        <line num="512" count="125" type="stmt"/>
        <line num="513" count="125" type="stmt"/>
        <line num="514" count="125" type="stmt"/>
        <line num="515" count="125" type="stmt"/>
        <line num="516" count="393" type="stmt"/>
        <line num="517" count="393" type="stmt"/>
        <line num="518" count="393" type="stmt"/>
        <line num="519" count="393" type="stmt"/>
        <line num="520" count="393" type="stmt"/>
        <line num="521" count="393" type="stmt"/>
        <line num="522" count="393" type="cond" truecount="1" falsecount="0"/>
        <line num="523" count="1" type="stmt"/>
        <line num="524" count="1" type="stmt"/>
        <line num="525" count="1" type="stmt"/>
        <line num="526" count="1" type="stmt"/>
        <line num="527" count="393" type="stmt"/>
        <line num="528" count="393" type="stmt"/>
        <line num="529" count="393" type="stmt"/>
        <line num="530" count="393" type="stmt"/>
        <line num="531" count="393" type="stmt"/>
        <line num="532" count="393" type="stmt"/>
        <line num="533" count="393" type="cond" truecount="1" falsecount="0"/>
        <line num="534" count="1" type="stmt"/>
        <line num="535" count="1" type="stmt"/>
        <line num="536" count="1" type="stmt"/>
        <line num="537" count="1" type="stmt"/>
        <line num="538" count="393" type="stmt"/>
        <line num="539" count="393" type="stmt"/>
        <line num="540" count="393" type="stmt"/>
        <line num="541" count="393" type="stmt"/>
        <line num="542" count="393" type="stmt"/>
        <line num="543" count="393" type="stmt"/>
        <line num="544" count="393" type="cond" truecount="1" falsecount="0"/>
        <line num="545" count="1" type="stmt"/>
        <line num="546" count="1" type="stmt"/>
        <line num="547" count="1" type="stmt"/>
        <line num="548" count="1" type="stmt"/>
        <line num="549" count="393" type="stmt"/>
        <line num="550" count="393" type="cond" truecount="1" falsecount="0"/>
        <line num="551" count="21" type="stmt"/>
        <line num="552" count="21" type="stmt"/>
        <line num="553" count="1" type="stmt"/>
        <line num="554" count="1" type="stmt"/>
        <line num="555" count="1" type="stmt"/>
        <line num="556" count="1" type="stmt"/>
        <line num="557" count="1" type="stmt"/>
        <line num="558" count="1" type="stmt"/>
        <line num="559" count="1" type="cond" truecount="1" falsecount="0"/>
        <line num="560" count="1" type="stmt"/>
        <line num="561" count="1" type="stmt"/>
        <line num="562" count="1" type="stmt"/>
        <line num="563" count="1" type="stmt"/>
        <line num="564" count="1" type="stmt"/>
        <line num="565" count="1" type="stmt"/>
        <line num="566" count="1" type="stmt"/>
        <line num="567" count="1" type="stmt"/>
        <line num="568" count="1" type="stmt"/>
        <line num="569" count="1" type="stmt"/>
        <line num="570" count="1" type="stmt"/>
        <line num="571" count="1" type="stmt"/>
        <line num="572" count="1" type="cond" truecount="1" falsecount="0"/>
        <line num="573" count="1" type="stmt"/>
        <line num="574" count="1" type="stmt"/>
        <line num="575" count="1" type="stmt"/>
        <line num="576" count="1" type="stmt"/>
        <line num="577" count="1" type="stmt"/>
        <line num="578" count="1" type="stmt"/>
        <line num="579" count="1" type="stmt"/>
        <line num="580" count="1" type="cond" truecount="1" falsecount="0"/>
        <line num="581" count="1" type="stmt"/>
        <line num="582" count="1" type="stmt"/>
        <line num="583" count="1" type="stmt"/>
        <line num="584" count="1" type="stmt"/>
        <line num="585" count="1" type="stmt"/>
        <line num="586" count="1" type="stmt"/>
        <line num="587" count="1" type="stmt"/>
        <line num="588" count="1" type="stmt"/>
        <line num="589" count="1" type="cond" truecount="1" falsecount="0"/>
        <line num="590" count="1" type="stmt"/>
        <line num="591" count="1" type="stmt"/>
        <line num="592" count="1" type="stmt"/>
        <line num="593" count="1" type="stmt"/>
        <line num="594" count="1" type="stmt"/>
        <line num="595" count="1" type="stmt"/>
        <line num="596" count="1" type="stmt"/>
        <line num="597" count="1" type="stmt"/>
        <line num="598" count="1" type="stmt"/>
        <line num="599" count="1" type="stmt"/>
        <line num="600" count="1" type="cond" truecount="1" falsecount="0"/>
        <line num="601" count="1" type="cond" truecount="1" falsecount="0"/>
        <line num="602" count="1" type="stmt"/>
        <line num="603" count="1" type="stmt"/>
        <line num="604" count="1" type="stmt"/>
        <line num="605" count="1" type="stmt"/>
        <line num="606" count="1" type="stmt"/>
        <line num="607" count="1" type="stmt"/>
        <line num="608" count="1" type="stmt"/>
        <line num="609" count="1" type="cond" truecount="1" falsecount="0"/>
        <line num="610" count="1" type="stmt"/>
        <line num="611" count="1" type="stmt"/>
        <line num="612" count="1" type="stmt"/>
        <line num="613" count="1" type="stmt"/>
        <line num="614" count="1" type="stmt"/>
        <line num="615" count="1" type="stmt"/>
        <line num="616" count="1" type="stmt"/>
        <line num="617" count="1" type="stmt"/>
        <line num="618" count="1" type="cond" truecount="1" falsecount="0"/>
        <line num="619" count="1" type="stmt"/>
        <line num="620" count="1" type="stmt"/>
        <line num="621" count="1" type="stmt"/>
        <line num="622" count="1" type="stmt"/>
        <line num="623" count="1" type="stmt"/>
        <line num="624" count="1" type="stmt"/>
        <line num="625" count="1" type="stmt"/>
        <line num="626" count="1" type="stmt"/>
        <line num="627" count="1" type="stmt"/>
        <line num="628" count="1" type="stmt"/>
        <line num="629" count="1" type="stmt"/>
        <line num="630" count="1" type="stmt"/>
        <line num="631" count="1" type="stmt"/>
        <line num="632" count="1" type="stmt"/>
        <line num="633" count="1" type="stmt"/>
        <line num="634" count="1" type="cond" truecount="1" falsecount="0"/>
        <line num="635" count="392" type="stmt"/>
        <line num="636" count="392" type="stmt"/>
        <line num="637" count="392" type="stmt"/>
        <line num="638" count="392" type="stmt"/>
        <line num="639" count="392" type="stmt"/>
        <line num="640" count="392" type="stmt"/>
        <line num="641" count="392" type="stmt"/>
        <line num="642" count="392" type="stmt"/>
        <line num="643" count="392" type="stmt"/>
        <line num="644" count="392" type="stmt"/>
        <line num="645" count="392" type="stmt"/>
        <line num="646" count="1" type="stmt"/>
        <line num="647" count="1" type="stmt"/>
        <line num="648" count="1" type="stmt"/>
        <line num="649" count="1" type="stmt"/>
        <line num="650" count="1" type="stmt"/>
        <line num="651" count="1" type="cond" truecount="1" falsecount="0"/>
        <line num="652" count="1" type="stmt"/>
        <line num="653" count="1" type="stmt"/>
        <line num="654" count="1" type="stmt"/>
        <line num="655" count="1" type="stmt"/>
        <line num="656" count="1" type="stmt"/>
        <line num="657" count="1" type="stmt"/>
        <line num="658" count="1" type="stmt"/>
        <line num="659" count="1" type="stmt"/>
        <line num="660" count="1" type="cond" truecount="1" falsecount="0"/>
        <line num="661" count="1" type="stmt"/>
        <line num="662" count="1" type="stmt"/>
        <line num="663" count="1" type="stmt"/>
        <line num="664" count="1" type="stmt"/>
        <line num="665" count="1" type="stmt"/>
        <line num="666" count="1" type="stmt"/>
        <line num="667" count="1" type="stmt"/>
        <line num="668" count="1" type="cond" truecount="1" falsecount="0"/>
        <line num="669" count="1" type="stmt"/>
        <line num="670" count="1" type="stmt"/>
        <line num="671" count="1" type="stmt"/>
        <line num="672" count="1" type="stmt"/>
        <line num="673" count="1" type="stmt"/>
        <line num="674" count="1" type="stmt"/>
        <line num="675" count="1" type="stmt"/>
        <line num="676" count="1" type="cond" truecount="1" falsecount="0"/>
        <line num="677" count="2" type="cond" truecount="1" falsecount="0"/>
        <line num="678" count="1" type="stmt"/>
        <line num="679" count="1" type="stmt"/>
        <line num="680" count="1" type="stmt"/>
        <line num="681" count="1" type="stmt"/>
        <line num="682" count="1" type="stmt"/>
        <line num="683" count="1" type="stmt"/>
        <line num="684" count="1" type="stmt"/>
        <line num="685" count="1" type="stmt"/>
        <line num="686" count="1" type="stmt"/>
        <line num="687" count="1" type="stmt"/>
        <line num="688" count="1" type="cond" truecount="1" falsecount="0"/>
        <line num="689" count="1" type="stmt"/>
        <line num="690" count="1" type="stmt"/>
        <line num="691" count="1" type="stmt"/>
        <line num="692" count="1" type="stmt"/>
        <line num="693" count="1" type="stmt"/>
        <line num="694" count="1" type="stmt"/>
        <line num="695" count="1" type="stmt"/>
        <line num="696" count="1" type="stmt"/>
        <line num="697" count="1" type="cond" truecount="1" falsecount="0"/>
        <line num="698" count="1" type="stmt"/>
        <line num="699" count="1" type="stmt"/>
        <line num="700" count="1" type="stmt"/>
        <line num="701" count="1" type="stmt"/>
        <line num="702" count="1" type="stmt"/>
        <line num="703" count="1" type="stmt"/>
        <line num="704" count="1" type="stmt"/>
        <line num="705" count="1" type="stmt"/>
        <line num="706" count="1" type="stmt"/>
        <line num="707" count="1" type="stmt"/>
        <line num="708" count="1" type="stmt"/>
        <line num="709" count="1" type="cond" truecount="1" falsecount="0"/>
        <line num="710" count="2" type="cond" truecount="1" falsecount="0"/>
        <line num="711" count="2" type="stmt"/>
        <line num="712" count="1" type="stmt"/>
        <line num="713" count="1" type="stmt"/>
        <line num="714" count="1" type="stmt"/>
        <line num="715" count="1" type="stmt"/>
        <line num="716" count="1" type="stmt"/>
        <line num="717" count="1" type="stmt"/>
        <line num="718" count="1" type="stmt"/>
        <line num="719" count="1" type="stmt"/>
        <line num="720" count="1" type="cond" truecount="1" falsecount="0"/>
        <line num="721" count="2" type="cond" truecount="1" falsecount="0"/>
        <line num="722" count="2" type="stmt"/>
        <line num="723" count="2" type="stmt"/>
        <line num="724" count="1" type="stmt"/>
        <line num="725" count="1" type="stmt"/>
        <line num="726" count="1" type="stmt"/>
        <line num="727" count="1" type="stmt"/>
        <line num="728" count="1" type="stmt"/>
        <line num="729" count="1" type="stmt"/>
        <line num="730" count="1" type="stmt"/>
        <line num="731" count="1" type="stmt"/>
        <line num="732" count="1" type="cond" truecount="1" falsecount="0"/>
        <line num="733" count="1" type="cond" truecount="1" falsecount="0"/>
        <line num="734" count="1" type="stmt"/>
        <line num="735" count="1" type="stmt"/>
        <line num="736" count="1" type="stmt"/>
        <line num="737" count="1" type="stmt"/>
        <line num="738" count="1" type="stmt"/>
        <line num="739" count="1" type="stmt"/>
        <line num="740" count="1" type="stmt"/>
        <line num="741" count="1" type="stmt"/>
        <line num="742" count="0" type="stmt"/>
        <line num="743" count="0" type="stmt"/>
        <line num="744" count="1" type="stmt"/>
        <line num="745" count="1" type="stmt"/>
        <line num="746" count="1" type="stmt"/>
        <line num="747" count="1" type="stmt"/>
        <line num="748" count="1" type="stmt"/>
        <line num="749" count="1" type="stmt"/>
        <line num="750" count="1" type="stmt"/>
        <line num="751" count="1" type="stmt"/>
        <line num="752" count="1" type="stmt"/>
        <line num="753" count="1" type="cond" truecount="1" falsecount="0"/>
        <line num="754" count="1" type="stmt"/>
        <line num="755" count="1" type="stmt"/>
        <line num="756" count="1" type="stmt"/>
        <line num="757" count="1" type="stmt"/>
        <line num="758" count="1" type="stmt"/>
        <line num="759" count="1" type="stmt"/>
        <line num="760" count="1" type="cond" truecount="1" falsecount="0"/>
        <line num="761" count="1" type="stmt"/>
        <line num="762" count="1" type="stmt"/>
        <line num="763" count="1" type="stmt"/>
        <line num="764" count="1" type="stmt"/>
        <line num="765" count="1" type="stmt"/>
        <line num="766" count="1" type="stmt"/>
        <line num="767" count="1" type="stmt"/>
        <line num="768" count="1" type="stmt"/>
        <line num="769" count="0" type="stmt"/>
        <line num="770" count="0" type="stmt"/>
        <line num="771" count="0" type="stmt"/>
        <line num="772" count="0" type="stmt"/>
        <line num="773" count="0" type="stmt"/>
        <line num="774" count="1" type="stmt"/>
        <line num="775" count="1" type="stmt"/>
        <line num="776" count="1" type="stmt"/>
        <line num="777" count="1" type="stmt"/>
        <line num="778" count="1" type="stmt"/>
        <line num="779" count="1" type="cond" truecount="1" falsecount="0"/>
        <line num="780" count="1" type="stmt"/>
        <line num="781" count="1" type="stmt"/>
        <line num="782" count="1" type="stmt"/>
        <line num="783" count="1" type="stmt"/>
        <line num="784" count="1" type="stmt"/>
        <line num="785" count="1" type="stmt"/>
        <line num="786" count="1" type="stmt"/>
        <line num="787" count="1" type="cond" truecount="1" falsecount="0"/>
        <line num="788" count="1" type="stmt"/>
        <line num="789" count="1" type="stmt"/>
        <line num="790" count="1" type="stmt"/>
        <line num="791" count="1" type="stmt"/>
        <line num="792" count="0" type="stmt"/>
        <line num="793" count="0" type="stmt"/>
        <line num="794" count="1" type="stmt"/>
        <line num="795" count="1" type="cond" truecount="1" falsecount="0"/>
        <line num="796" count="1" type="cond" truecount="1" falsecount="0"/>
        <line num="797" count="1" type="stmt"/>
        <line num="798" count="1" type="stmt"/>
        <line num="799" count="1" type="cond" truecount="1" falsecount="0"/>
        <line num="800" count="1" type="cond" truecount="1" falsecount="0"/>
        <line num="801" count="1" type="stmt"/>
        <line num="802" count="1" type="stmt"/>
[...]
        <line num="343" count="394" type="stmt"/>
        <line num="344" count="394" type="stmt"/>
        <line num="345" count="394" type="stmt"/>
        <line num="346" count="394" type="cond" truecount="1" falsecount="0"/>
        <line num="347" count="1" type="stmt"/>
        <line num="348" count="1" type="stmt"/>
        <line num="349" count="394" type="stmt"/>
        <line num="350" count="394" type="stmt"/>
        <line num="351" count="394" type="stmt"/>
        <line num="352" count="394" type="stmt"/>
        <line num="353" count="394" type="stmt"/>
        <line num="354" count="394" type="cond" truecount="1" falsecount="0"/>
        <line num="355" count="1" type="stmt"/>
        <line num="356" count="1" type="stmt"/>
        <line num="357" count="394" type="stmt"/>
        <line num="358" count="394" type="stmt"/>
        <line num="359" count="394" type="stmt"/>
        <line num="360" count="394" type="stmt"/>
        <line num="361" count="394" type="cond" truecount="1" falsecount="0"/>
        <line num="362" count="1" type="stmt"/>
        <line num="363" count="1" type="stmt"/>
        <line num="364" count="394" type="stmt"/>
        <line num="365" count="394" type="stmt"/>
        <line num="366" count="394" type="stmt"/>
        <line num="367" count="394" type="stmt"/>
        <line num="368" count="394" type="cond" truecount="1" falsecount="0"/>
        <line num="369" count="394" type="stmt"/>
        <line num="370" count="394" type="stmt"/>
        <line num="371" count="394" type="stmt"/>
        <line num="372" count="394" type="stmt"/>
        <line num="373" count="394" type="cond" truecount="1" falsecount="0"/>
        <line num="374" count="394" type="stmt"/>
        <line num="375" count="394" type="stmt"/>
        <line num="376" count="394" type="stmt"/>
        <line num="377" count="394" type="stmt"/>
        <line num="378" count="394" type="cond" truecount="1" falsecount="0"/>
        <line num="379" count="394" type="stmt"/>
        <line num="380" count="394" type="stmt"/>
        <line num="381" count="394" type="stmt"/>
        <line num="382" count="394" type="stmt"/>
        <line num="383" count="394" type="cond" truecount="1" falsecount="0"/>
        <line num="384" count="394" type="stmt"/>
        <line num="385" count="394" type="stmt"/>
        <line num="386" count="394" type="stmt"/>
        <line num="387" count="394" type="stmt"/>
        <line num="388" count="394" type="cond" truecount="1" falsecount="0"/>
        <line num="389" count="394" type="stmt"/>
        <line num="390" count="394" type="stmt"/>
        <line num="391" count="394" type="stmt"/>
        <line num="392" count="394" type="stmt"/>
        <line num="393" count="394" type="cond" truecount="1" falsecount="0"/>
        <line num="394" count="394" type="stmt"/>
        <line num="395" count="394" type="stmt"/>
        <line num="396" count="394" type="stmt"/>
        <line num="397" count="394" type="stmt"/>
        <line num="398" count="394" type="cond" truecount="1" falsecount="0"/>
        <line num="399" count="394" type="stmt"/>
        <line num="400" count="394" type="stmt"/>
        <line num="401" count="394" type="stmt"/>
        <line num="402" count="394" type="stmt"/>
        <line num="403" count="394" type="cond" truecount="1" falsecount="0"/>
        <line num="404" count="394" type="stmt"/>
        <line num="405" count="394" type="stmt"/>
        <line num="406" count="394" type="stmt"/>
        <line num="407" count="394" type="stmt"/>
        <line num="408" count="394" type="stmt"/>
        <line num="409" count="394" type="stmt"/>
        <line num="410" count="394" type="stmt"/>
        <line num="411" count="394" type="stmt"/>
        <line num="412" count="394" type="stmt"/>
        <line num="413" count="394" type="cond" truecount="1" falsecount="0"/>
        <line num="414" count="2" type="cond" truecount="1" falsecount="0"/>
        <line num="415" count="2" type="stmt"/>
        <line num="416" count="2" type="stmt"/>
        <line num="417" count="394" type="stmt"/>
        <line num="418" count="394" type="stmt"/>
        <line num="419" count="394" type="stmt"/>
        <line num="420" count="394" type="stmt"/>
        <line num="421" count="394" type="stmt"/>
        <line num="422" count="394" type="cond" truecount="1" falsecount="0"/>
        <line num="423" count="394" type="stmt"/>
        <line num="424" count="394" type="stmt"/>
        <line num="425" count="394" type="stmt"/>
        <line num="426" count="394" type="stmt"/>
        <line num="427" count="394" type="stmt"/>
        <line num="428" count="394" type="cond" truecount="1" falsecount="0"/>
        <line num="429" count="1" type="stmt"/>
        <line num="430" count="1" type="stmt"/>
        <line num="431" count="394" type="stmt"/>
        <line num="432" count="394" type="stmt"/>
        <line num="433" count="394" type="stmt"/>
        <line num="434" count="394" type="stmt"/>
        <line num="435" count="394" type="cond" truecount="1" falsecount="0"/>
        <line num="436" count="394" type="stmt"/>
        <line num="437" count="394" type="stmt"/>
        <line num="438" count="394" type="stmt"/>
        <line num="439" count="394" type="stmt"/>
        <line num="440" count="394" type="cond" truecount="1" falsecount="0"/>
        <line num="441" count="394" type="stmt"/>
        <line num="442" count="394" type="stmt"/>
        <line num="443" count="394" type="stmt"/>
        <line num="444" count="394" type="stmt"/>
        <line num="445" count="394" type="cond" truecount="1" falsecount="0"/>
        <line num="446" count="394" type="stmt"/>
        <line num="447" count="394" type="stmt"/>
        <line num="448" count="394" type="stmt"/>
        <line num="449" count="394" type="stmt"/>
        <line num="450" count="394" type="cond" truecount="1" falsecount="0"/>
        <line num="451" count="394" type="stmt"/>
        <line num="452" count="394" type="stmt"/>
        <line num="453" count="394" type="stmt"/>
        <line num="454" count="394" type="stmt"/>
        <line num="455" count="394" type="cond" truecount="1" falsecount="0"/>
        <line num="456" count="394" type="stmt"/>
        <line num="457" count="394" type="stmt"/>
        <line num="458" count="394" type="stmt"/>
        <line num="459" count="394" type="stmt"/>
        <line num="460" count="394" type="cond" truecount="1" falsecount="0"/>
        <line num="461" count="394" type="stmt"/>
        <line num="462" count="394" type="stmt"/>
        <line num="463" count="394" type="stmt"/>
        <line num="464" count="394" type="stmt"/>
        <line num="465" count="394" type="stmt"/>
        <line num="466" count="394" type="stmt"/>
        <line num="467" count="394" type="stmt"/>
        <line num="468" count="394" type="stmt"/>
        <line num="469" count="394" type="stmt"/>
        <line num="470" count="394" type="stmt"/>
        <line num="471" count="394" type="cond" truecount="1" falsecount="0"/>
        <line num="472" count="1" type="stmt"/>
        <line num="473" count="1" type="stmt"/>
        <line num="474" count="394" type="stmt"/>
        <line num="475" count="394" type="stmt"/>
        <line num="476" count="394" type="stmt"/>
        <line num="477" count="394" type="stmt"/>
        <line num="478" count="394" type="stmt"/>
        <line num="479" count="394" type="stmt"/>
        <line num="480" count="394" type="stmt"/>
        <line num="481" count="394" type="stmt"/>
        <line num="482" count="394" type="stmt"/>
        <line num="483" count="394" type="cond" truecount="1" falsecount="0"/>
        <line num="484" count="2" type="cond" truecount="1" falsecount="0"/>
        <line num="485" count="1" type="stmt"/>
        <line num="486" count="1" type="stmt"/>
        <line num="487" count="1" type="stmt"/>
        <line num="488" count="1" type="stmt"/>
        <line num="489" count="1" type="stmt"/>
        <line num="490" count="1" type="stmt"/>
        <line num="491" count="394" type="stmt"/>
        <line num="492" count="394" type="stmt"/>
        <line num="493" count="394" type="stmt"/>
        <line num="494" count="394" type="stmt"/>
        <line num="495" count="394" type="stmt"/>
        <line num="496" count="394" type="stmt"/>
        <line num="497" count="394" type="stmt"/>
        <line num="498" count="394" type="stmt"/>
        <line num="499" count="394" type="stmt"/>
        <line num="500" count="394" type="cond" truecount="1" falsecount="0"/>
        <line num="501" count="394" type="stmt"/>
        <line num="502" count="394" type="stmt"/>
        <line num="503" count="394" type="stmt"/>
        <line num="504" count="394" type="stmt"/>
        <line num="505" count="394" type="stmt"/>
        <line num="506" count="394" type="stmt"/>
        <line num="507" count="394" type="stmt"/>
        <line num="508" count="394" type="stmt"/>
        <line num="509" count="394" type="stmt"/>
        <line num="510" count="394" type="stmt"/>
        <line num="511" count="394" type="stmt"/>
        <line num="512" count="394" type="cond" truecount="1" falsecount="0"/>
        <line num="513" count="2" type="cond" truecount="1" falsecount="0"/>
        <line num="514" count="1" type="stmt"/>
        <line num="515" count="1" type="stmt"/>
        <line num="516" count="1" type="stmt"/>
        <line num="517" count="1" type="stmt"/>
        <line num="518" count="1" type="stmt"/>
        <line num="519" count="394" type="stmt"/>
        <line num="520" count="394" type="stmt"/>
        <line num="521" count="394" type="stmt"/>
        <line num="522" count="394" type="stmt"/>
        <line num="523" count="394" type="stmt"/>
        <line num="524" count="394" type="stmt"/>
        <line num="525" count="394" type="stmt"/>
        <line num="526" count="394" type="stmt"/>
        <line num="527" count="394" type="stmt"/>
        <line num="528" count="394" type="stmt"/>
        <line num="529" count="394" type="cond" truecount="1" falsecount="0"/>
        <line num="530" count="2" type="cond" truecount="1" falsecount="0"/>
        <line num="531" count="1" type="stmt"/>
        <line num="532" count="1" type="stmt"/>
        <line num="533" count="1" type="stmt"/>
        <line num="534" count="1" type="stmt"/>
        <line num="535" count="1" type="stmt"/>
        <line num="536" count="394" type="stmt"/>
        <line num="537" count="394" type="stmt"/>
        <line num="538" count="394" type="stmt"/>
        <line num="539" count="394" type="stmt"/>
        <line num="540" count="394" type="stmt"/>
        <line num="541" count="394" type="stmt"/>
        <line num="542" count="394" type="stmt"/>
        <line num="543" count="394" type="stmt"/>
        <line num="544" count="394" type="cond" truecount="1" falsecount="0"/>
        <line num="545" count="2" type="cond" truecount="1" falsecount="0"/>
        <line num="546" count="1" type="stmt"/>
        <line num="547" count="1" type="stmt"/>
        <line num="548" count="1" type="stmt"/>
        <line num="549" count="1" type="stmt"/>
        <line num="550" count="1" type="stmt"/>
        <line num="551" count="1" type="stmt"/>
        <line num="552" count="394" type="stmt"/>
        <line num="553" count="394" type="stmt"/>
        <line num="554" count="394" type="stmt"/>
        <line num="555" count="394" type="stmt"/>
        <line num="556" count="394" type="cond" truecount="1" falsecount="0"/>
        <line num="557" count="394" type="stmt"/>
        <line num="558" count="394" type="stmt"/>
        <line num="559" count="394" type="stmt"/>
        <line num="560" count="394" type="stmt"/>
        <line num="561" count="394" type="cond" truecount="1" falsecount="0"/>
        <line num="562" count="394" type="stmt"/>
        <line num="563" count="394" type="stmt"/>
        <line num="564" count="394" type="stmt"/>
        <line num="565" count="394" type="stmt"/>
        <line num="566" count="394" type="stmt"/>
        <line num="567" count="394" type="cond" truecount="1" falsecount="0"/>
        <line num="568" count="394" type="stmt"/>
        <line num="569" count="394" type="stmt"/>
        <line num="570" count="394" type="stmt"/>
        <line num="571" count="394" type="stmt"/>
        <line num="572" count="1" type="cond" truecount="1" falsecount="0"/>
        <line num="573" count="1" type="stmt"/>
        <line num="574" count="1" type="stmt"/>
        <line num="575" count="1" type="stmt"/>
      </file>
      <file name="LPString.js" path="D:\projects\LifePlay.js\src\core\objects\LPString.js">
        <metrics statements="60" coveredstatements="60" conditionals="8" coveredconditionals="8" methods="4" coveredmethods="4"/>
        <line num="1" count="1" type="stmt"/>
        <line num="2" count="1" type="stmt"/>
        <line num="3" count="1" type="stmt"/>
        <line num="4" count="1" type="stmt"/>
        <line num="5" count="1" type="stmt"/>
        <line num="6" count="1" type="stmt"/>
        <line num="7" count="1" type="stmt"/>
        <line num="8" count="1" type="stmt"/>
        <line num="9" count="1" type="stmt"/>
        <line num="10" count="1" type="stmt"/>
        <line num="11" count="1" type="stmt"/>
        <line num="12" count="1" type="stmt"/>
        <line num="13" count="1" type="stmt"/>
        <line num="14" count="1" type="stmt"/>
        <line num="15" count="1" type="cond" truecount="1" falsecount="0"/>
        <line num="16" count="2" type="stmt"/>
        <line num="17" count="2" type="cond" truecount="1" falsecount="0"/>
        <line num="18" count="1" type="stmt"/>
        <line num="19" count="1" type="stmt"/>
        <line num="20" count="1" type="stmt"/>
        <line num="21" count="1" type="stmt"/>
        <line num="22" count="1" type="stmt"/>
        <line num="23" count="1" type="stmt"/>
        <line num="24" count="1" type="stmt"/>
        <line num="25" count="1" type="stmt"/>
        <line num="26" count="1" type="stmt"/>
        <line num="27" count="1" type="stmt"/>
        <line num="28" count="1" type="stmt"/>
        <line num="29" count="1" type="stmt"/>
        <line num="30" count="1" type="stmt"/>
        <line num="31" count="1" type="cond" truecount="2" falsecount="0"/>
        <line num="32" count="2" type="stmt"/>
        <line num="33" count="2" type="cond" truecount="1" falsecount="0"/>
        <line num="34" count="2" type="stmt"/>
        <line num="35" count="2" type="cond" truecount="1" falsecount="0"/>
        <line num="36" count="1" type="stmt"/>
        <line num="37" count="1" type="stmt"/>
        <line num="38" count="1" type="stmt"/>
        <line num="39" count="1" type="stmt"/>
        <line num="40" count="1" type="stmt"/>
        <line num="41" count="19" type="stmt"/>
        <line num="42" count="19" type="stmt"/>
        <line num="43" count="19" type="stmt"/>
        <line num="44" count="19" type="stmt"/>
        <line num="45" count="19" type="stmt"/>
        <line num="46" count="19" type="stmt"/>
        <line num="47" count="19" type="stmt"/>
        <line num="48" count="19" type="cond" truecount="1" falsecount="0"/>
        <line num="49" count="2" type="stmt"/>
        <line num="50" count="2" type="stmt"/>
        <line num="51" count="2" type="stmt"/>
        <line num="52" count="2" type="cond" truecount="1" falsecount="0"/>
        <line num="53" count="1" type="stmt"/>
        <line num="54" count="1" type="stmt"/>
        <line num="55" count="1" type="stmt"/>
        <line num="56" count="1" type="stmt"/>
        <line num="57" count="1" type="stmt"/>
        <line num="58" count="1" type="stmt"/>
        <line num="59" count="1" type="stmt"/>
        <line num="60" count="1" type="stmt"/>
      </file>
      <file name="LPVariable.js" path="D:\projects\LifePlay.js\src\core\objects\LPVariable.js">
        <metrics statements="61" coveredstatements="61" conditionals="23" coveredconditionals="23" methods="4" coveredmethods="4"/>
        <line num="1" count="1" type="stmt"/>
        <line num="2" count="1" type="stmt"/>
        <line num="3" count="1" type="stmt"/>
        <line num="4" count="1" type="stmt"/>
        <line num="5" count="1" type="stmt"/>
        <line num="6" count="1" type="stmt"/>
        <line num="7" count="1" type="stmt"/>
        <line num="8" count="1" type="stmt"/>
        <line num="9" count="1" type="stmt"/>
        <line num="10" count="1" type="cond" truecount="1" falsecount="0"/>
        <line num="11" count="26" type="stmt"/>
        <line num="12" count="26" type="stmt"/>
        <line num="13" count="26" type="stmt"/>
        <line num="14" count="26" type="stmt"/>
        <line num="15" count="26" type="cond" truecount="1" falsecount="0"/>
        <line num="16" count="26" type="cond" truecount="1" falsecount="0"/>
        <line num="17" count="26" type="stmt"/>
        <line num="18" count="26" type="cond" truecount="5" falsecount="0"/>
        <line num="19" count="2" type="stmt"/>
        <line num="20" count="2" type="stmt"/>
        <line num="21" count="24" type="cond" truecount="4" falsecount="0"/>
        <line num="22" count="1" type="stmt"/>
        <line num="23" count="1" type="stmt"/>
        <line num="24" count="23" type="cond" truecount="3" falsecount="0"/>
        <line num="25" count="1" type="stmt"/>
        <line num="26" count="1" type="stmt"/>
        <line num="27" count="1" type="stmt"/>
        <line num="28" count="22" type="cond" truecount="1" falsecount="0"/>
        <line num="29" count="26" type="cond" truecount="1" falsecount="0"/>
        <line num="30" count="26" type="cond" truecount="1" falsecount="0"/>
        <line num="31" count="26" type="stmt"/>
        <line num="32" count="26" type="stmt"/>
        <line num="33" count="1" type="stmt"/>
        <line num="34" count="1" type="stmt"/>
        <line num="35" count="1" type="stmt"/>
        <line num="36" count="1" type="stmt"/>
        <line num="37" count="1" type="stmt"/>
        <line num="38" count="1" type="stmt"/>
        <line num="39" count="1" type="stmt"/>
        <line num="40" count="1" type="stmt"/>
        <line num="41" count="1" type="stmt"/>
        <line num="42" count="1" type="cond" truecount="2" falsecount="0"/>
        <line num="43" count="10" type="stmt"/>
        <line num="44" count="10" type="cond" truecount="1" falsecount="0"/>
        <line num="45" count="1" type="stmt"/>
        <line num="46" count="1" type="stmt"/>
        <line num="47" count="1" type="stmt"/>
        <line num="48" count="9" type="cond" truecount="1" falsecount="0"/>
        <line num="49" count="9" type="stmt"/>
        <line num="50" count="1" type="stmt"/>
        <line num="51" count="1" type="stmt"/>
        <line num="52" count="1" type="stmt"/>
        <line num="53" count="1" type="stmt"/>
        <line num="54" count="1" type="stmt"/>
        <line num="55" count="1" type="stmt"/>
        <line num="56" count="1" type="stmt"/>
        <line num="57" count="1" type="cond" truecount="1" falsecount="0"/>
        <line num="58" count="4" type="stmt"/>
        <line num="59" count="4" type="stmt"/>
        <line num="60" count="4" type="stmt"/>
        <line num="61" count="1" type="stmt"/>
      </file>
    </package>
    <package name="libs">
      <metrics statements="3" coveredstatements="3" conditionals="1" coveredconditionals="1" methods="1" coveredmethods="1"/>
      <file name="ensureDirectory.js" path="D:\projects\LifePlay.js\src\libs\ensureDirectory.js">
        <metrics statements="3" coveredstatements="3" conditionals="1" coveredconditionals="1" methods="1" coveredmethods="1"/>
        <line num="1" count="1" type="stmt"/>
        <line num="2" count="1" type="cond" truecount="1" falsecount="0"/>
        <line num="3" count="1" type="stmt"/>
      </file>
    </package>
  </project>
</coverage>
