{"total": {"lines":{"total":5611,"covered":5318,"skipped":0,"pct":94.78},"statements":{"total":5611,"covered":5318,"skipped":0,"pct":94.78},"functions":{"total":636,"covered":573,"skipped":0,"pct":90.09},"branches":{"total":826,"covered":796,"skipped":0,"pct":96.37}}
,"D:\\projects\\LifePlay.js\\src\\LPAction.js": {"lines":{"total":212,"covered":173,"skipped":0,"pct":81.6},"functions":{"total":39,"covered":21,"skipped":0,"pct":53.85},"statements":{"total":212,"covered":173,"skipped":0,"pct":81.6},"branches":{"total":22,"covered":21,"skipped":0,"pct":95.45}}
,"D:\\projects\\LifePlay.js\\src\\LPMod.js": {"lines":{"total":189,"covered":142,"skipped":0,"pct":75.13},"functions":{"total":29,"covered":15,"skipped":0,"pct":51.72},"statements":{"total":189,"covered":142,"skipped":0,"pct":75.13},"branches":{"total":19,"covered":17,"skipped":0,"pct":89.47}}
,"D:\\projects\\LifePlay.js\\src\\LPStat.js": {"lines":{"total":154,"covered":132,"skipped":0,"pct":85.71},"functions":{"total":28,"covered":17,"skipped":0,"pct":60.71},"statements":{"total":154,"covered":132,"skipped":0,"pct":85.71},"branches":{"total":17,"covered":17,"skipped":0,"pct":100}}
,"D:\\projects\\LifePlay.js\\src\\core\\Context.js": {"lines":{"total":277,"covered":243,"skipped":0,"pct":87.73},"functions":{"total":26,"covered":20,"skipped":0,"pct":76.92},"statements":{"total":277,"covered":243,"skipped":0,"pct":87.73},"branches":{"total":37,"covered":29,"skipped":0,"pct":78.38}}
,"D:\\projects\\LifePlay.js\\src\\core\\LPFunction.js": {"lines":{"total":78,"covered":0,"skipped":0,"pct":0},"functions":{"total":1,"covered":0,"skipped":0,"pct":0},"statements":{"total":78,"covered":0,"skipped":0,"pct":0},"branches":{"total":1,"covered":0,"skipped":0,"pct":0}}
,"D:\\projects\\LifePlay.js\\src\\core\\Scene.js": {"lines":{"total":884,"covered":861,"skipped":0,"pct":97.4},"functions":{"total":79,"covered":72,"skipped":0,"pct":91.14},"statements":{"total":884,"covered":861,"skipped":0,"pct":97.4},"branches":{"total":101,"covered":100,"skipped":0,"pct":99.01}}
,"D:\\projects\\LifePlay.js\\src\\core\\constants.js": {"lines":{"total":35,"covered":35,"skipped":0,"pct":100},"functions":{"total":0,"covered":0,"skipped":0,"pct":100},"statements":{"total":35,"covered":35,"skipped":0,"pct":100},"branches":{"total":1,"covered":1,"skipped":0,"pct":100}}
,"D:\\projects\\LifePlay.js\\src\\core\\parser.js": {"lines":{"total":302,"covered":272,"skipped":0,"pct":90.07},"functions":{"total":29,"covered":26,"skipped":0,"pct":89.66},"statements":{"total":302,"covered":272,"skipped":0,"pct":90.07},"branches":{"total":139,"covered":124,"skipped":0,"pct":89.21}}
,"D:\\projects\\LifePlay.js\\src\\core\\tools.js": {"lines":{"total":6,"covered":6,"skipped":0,"pct":100},"functions":{"total":2,"covered":2,"skipped":0,"pct":100},"statements":{"total":6,"covered":6,"skipped":0,"pct":100},"branches":{"total":3,"covered":3,"skipped":0,"pct":100}}
,"D:\\projects\\LifePlay.js\\src\\core\\objects\\LPActor.js": {"lines":{"total":1594,"covered":1594,"skipped":0,"pct":100},"functions":{"total":196,"covered":196,"skipped":0,"pct":100},"statements":{"total":1594,"covered":1594,"skipped":0,"pct":100},"branches":{"total":213,"covered":213,"skipped":0,"pct":100}}
,"D:\\projects\\LifePlay.js\\src\\core\\objects\\LPBoolean.js": {"lines":{"total":51,"covered":51,"skipped":0,"pct":100},"functions":{"total":4,"covered":4,"skipped":0,"pct":100},"statements":{"total":51,"covered":51,"skipped":0,"pct":100},"branches":{"total":10,"covered":10,"skipped":0,"pct":100}}
,"D:\\projects\\LifePlay.js\\src\\core\\objects\\LPBuilding.js": {"lines":{"total":134,"covered":134,"skipped":0,"pct":100},"functions":{"total":13,"covered":13,"skipped":0,"pct":100},"statements":{"total":134,"covered":134,"skipped":0,"pct":100},"branches":{"total":17,"covered":17,"skipped":0,"pct":100}}
,"D:\\projects\\LifePlay.js\\src\\core\\objects\\LPBuildingAlias.js": {"lines":{"total":12,"covered":12,"skipped":0,"pct":100},"functions":{"total":1,"covered":1,"skipped":0,"pct":100},"statements":{"total":12,"covered":12,"skipped":0,"pct":100},"branches":{"total":1,"covered":1,"skipped":0,"pct":100}}
,"D:\\projects\\LifePlay.js\\src\\core\\objects\\LPDescription.js": {"lines":{"total":16,"covered":0,"skipped":0,"pct":0},"functions":{"total":1,"covered":0,"skipped":0,"pct":0},"statements":{"total":16,"covered":0,"skipped":0,"pct":0},"branches":{"total":1,"covered":0,"skipped":0,"pct":0}}
,"D:\\projects\\LifePlay.js\\src\\core\\objects\\LPFloat.js": {"lines":{"total":309,"covered":309,"skipped":0,"pct":100},"functions":{"total":29,"covered":29,"skipped":0,"pct":100},"statements":{"total":309,"covered":309,"skipped":0,"pct":100},"branches":{"total":40,"covered":40,"skipped":0,"pct":100}}
,"D:\\projects\\LifePlay.js\\src\\core\\objects\\LPGlobals.js": {"lines":{"total":123,"covered":123,"skipped":0,"pct":100},"functions":{"total":18,"covered":18,"skipped":0,"pct":100},"statements":{"total":123,"covered":123,"skipped":0,"pct":100},"branches":{"total":27,"covered":26,"skipped":0,"pct":96.3}}
,"D:\\projects\\LifePlay.js\\src\\core\\objects\\LPNPC.js": {"lines":{"total":464,"covered":464,"skipped":0,"pct":100},"functions":{"total":61,"covered":61,"skipped":0,"pct":100},"statements":{"total":464,"covered":464,"skipped":0,"pct":100},"branches":{"total":64,"covered":64,"skipped":0,"pct":100}}
,"D:\\projects\\LifePlay.js\\src\\core\\objects\\LPObject.js": {"lines":{"total":41,"covered":41,"skipped":0,"pct":100},"functions":{"total":6,"covered":6,"skipped":0,"pct":100},"statements":{"total":41,"covered":41,"skipped":0,"pct":100},"branches":{"total":9,"covered":9,"skipped":0,"pct":100}}
,"D:\\projects\\LifePlay.js\\src\\core\\objects\\LPPlayer.js": {"lines":{"total":605,"covered":605,"skipped":0,"pct":100},"functions":{"total":63,"covered":63,"skipped":0,"pct":100},"statements":{"total":605,"covered":605,"skipped":0,"pct":100},"branches":{"total":72,"covered":72,"skipped":0,"pct":100}}
,"D:\\projects\\LifePlay.js\\src\\core\\objects\\LPString.js": {"lines":{"total":56,"covered":56,"skipped":0,"pct":100},"functions":{"total":4,"covered":4,"skipped":0,"pct":100},"statements":{"total":56,"covered":56,"skipped":0,"pct":100},"branches":{"total":8,"covered":8,"skipped":0,"pct":100}}
,"D:\\projects\\LifePlay.js\\src\\core\\objects\\LPTalk.js": {"lines":{"total":13,"covered":9,"skipped":0,"pct":69.23},"functions":{"total":2,"covered":0,"skipped":0,"pct":0},"statements":{"total":13,"covered":9,"skipped":0,"pct":69.23},"branches":{"total":0,"covered":0,"skipped":0,"pct":100}}
,"D:\\projects\\LifePlay.js\\src\\core\\objects\\LPVariable.js": {"lines":{"total":53,"covered":53,"skipped":0,"pct":100},"functions":{"total":4,"covered":4,"skipped":0,"pct":100},"statements":{"total":53,"covered":53,"skipped":0,"pct":100},"branches":{"total":23,"covered":23,"skipped":0,"pct":100}}
,"D:\\projects\\LifePlay.js\\src\\libs\\ensureDirectory.js": {"lines":{"total":3,"covered":3,"skipped":0,"pct":100},"functions":{"total":1,"covered":1,"skipped":0,"pct":100},"statements":{"total":3,"covered":3,"skipped":0,"pct":100},"branches":{"total":1,"covered":1,"skipped":0,"pct":100}}
}
