{"D:\\projects\\LifePlay.js\\src\\LPAction.js": {"path":"D:\\projects\\LifePlay.js\\src\\LPAction.js","all":false,"statementMap":{"0":{"start":{"line":1,"column":0},"end":{"line":1,"column":33}},"1":{"start":{"line":2,"column":0},"end":{"line":2,"column":28}},"2":{"start":{"line":3,"column":0},"end":{"line":3,"column":32}},"3":{"start":{"line":4,"column":0},"end":{"line":4,"column":57}},"4":{"start":{"line":5,"column":0},"end":{"line":5,"column":0}},"5":{"start":{"line":6,"column":0},"end":{"line":6,"column":16}},"6":{"start":{"line":7,"column":0},"end":{"line":7,"column":211}},"7":{"start":{"line":8,"column":0},"end":{"line":8,"column":42}},"8":{"start":{"line":9,"column":0},"end":{"line":9,"column":78}},"9":{"start":{"line":10,"column":0},"end":{"line":10,"column":79}},"10":{"start":{"line":11,"column":0},"end":{"line":11,"column":36}},"11":{"start":{"line":12,"column":0},"end":{"line":12,"column":36}},"12":{"start":{"line":13,"column":0},"end":{"line":13,"column":9}},"13":{"start":{"line":14,"column":0},"end":{"line":14,"column":38}},"14":{"start":{"line":15,"column":0},"end":{"line":15,"column":36}},"15":{"start":{"line":16,"column":0},"end":{"line":16,"column":9}},"16":{"start":{"line":17,"column":0},"end":{"line":17,"column":43}},"17":{"start":{"line":18,"column":0},"end":{"line":18,"column":45}},"18":{"start":{"line":19,"column":0},"end":{"line":19,"column":17}},"19":{"start":{"line":20,"column":0},"end":{"line":20,"column":65}},"20":{"start":{"line":21,"column":0},"end":{"line":21,"column":25}},"21":{"start":{"line":22,"column":0},"end":{"line":22,"column":28}},"22":{"start":{"line":23,"column":0},"end":{"line":23,"column":13}},"23":{"start":{"line":24,"column":0},"end":{"line":24,"column":9}},"24":{"start":{"line":25,"column":0},"end":{"line":25,"column":0}},"25":{"start":{"line":26,"column":0},"end":{"line":26,"column":44}},"26":{"start":{"line":27,"column":0},"end":{"line":27,"column":40}},"27":{"start":{"line":28,"column":0},"end":{"line":28,"column":34}},"28":{"start":{"line":29,"column":0},"end":{"line":29,"column":47}},"29":{"start":{"line":30,"column":0},"end":{"line":30,"column":52}},"30":{"start":{"line":31,"column":0},"end":{"line":31,"column":113}},"31":{"start":{"line":32,"column":0},"end":{"line":32,"column":130}},"32":{"start":{"line":33,"column":0},"end":{"line":33,"column":23}},"33":{"start":{"line":34,"column":0},"end":{"line":34,"column":26}},"34":{"start":{"line":35,"column":0},"end":{"line":35,"column":46}},"35":{"start":{"line":36,"column":0},"end":{"line":36,"column":41}},"36":{"start":{"line":37,"column":0},"end":{"line":37,"column":38}},"37":{"start":{"line":38,"column":0},"end":{"line":38,"column":32}},"38":{"start":{"line":39,"column":0},"end":{"line":39,"column":0}},"39":{"start":{"line":40,"column":0},"end":{"line":40,"column":38}},"40":{"start":{"line":41,"column":0},"end":{"line":41,"column":47}},"41":{"start":{"line":42,"column":0},"end":{"line":42,"column":39}},"42":{"start":{"line":43,"column":0},"end":{"line":43,"column":27}},"43":{"start":{"line":44,"column":0},"end":{"line":44,"column":25}},"44":{"start":{"line":45,"column":0},"end":{"line":45,"column":31}},"45":{"start":{"line":46,"column":0},"end":{"line":46,"column":47}},"46":{"start":{"line":47,"column":0},"end":{"line":47,"column":41}},"47":{"start":{"line":48,"column":0},"end":{"line":48,"column":31}},"48":{"start":{"line":49,"column":0},"end":{"line":49,"column":37}},"49":{"start":{"line":50,"column":0},"end":{"line":50,"column":37}},"50":{"start":{"line":51,"column":0},"end":{"line":51,"column":41}},"51":{"start":{"line":52,"column":0},"end":{"line":52,"column":35}},"52":{"start":{"line":53,"column":0},"end":{"line":53,"column":23}},"53":{"start":{"line":54,"column":0},"end":{"line":54,"column":31}},"54":{"start":{"line":55,"column":0},"end":{"line":55,"column":33}},"55":{"start":{"line":56,"column":0},"end":{"line":56,"column":0}},"56":{"start":{"line":57,"column":0},"end":{"line":57,"column":5}},"57":{"start":{"line":58,"column":0},"end":{"line":58,"column":0}},"58":{"start":{"line":59,"column":0},"end":{"line":59,"column":16}},"59":{"start":{"line":60,"column":0},"end":{"line":60,"column":16}},"60":{"start":{"line":61,"column":0},"end":{"line":61,"column":55}},"61":{"start":{"line":62,"column":0},"end":{"line":62,"column":47}},"62":{"start":{"line":63,"column":0},"end":{"line":63,"column":35}},"63":{"start":{"line":64,"column":0},"end":{"line":64,"column":33}},"64":{"start":{"line":65,"column":0},"end":{"line":65,"column":39}},"65":{"start":{"line":66,"column":0},"end":{"line":66,"column":55}},"66":{"start":{"line":67,"column":0},"end":{"line":67,"column":49}},"67":{"start":{"line":68,"column":0},"end":{"line":68,"column":39}},"68":{"start":{"line":69,"column":0},"end":{"line":69,"column":45}},"69":{"start":{"line":70,"column":0},"end":{"line":70,"column":45}},"70":{"start":{"line":71,"column":0},"end":{"line":71,"column":49}},"71":{"start":{"line":72,"column":0},"end":{"line":72,"column":43}},"72":{"start":{"line":73,"column":0},"end":{"line":73,"column":31}},"73":{"start":{"line":74,"column":0},"end":{"line":74,"column":22}},"74":{"start":{"line":75,"column":0},"end":{"line":75,"column":5}},"75":{"start":{"line":76,"column":0},"end":{"line":76,"column":0}},"76":{"start":{"line":77,"column":0},"end":{"line":77,"column":19}},"77":{"start":{"line":78,"column":0},"end":{"line":78,"column":42}},"78":{"start":{"line":79,"column":0},"end":{"line":79,"column":65}},"79":{"start":{"line":80,"column":0},"end":{"line":80,"column":38}},"80":{"start":{"line":81,"column":0},"end":{"line":81,"column":59}},"81":{"start":{"line":82,"column":0},"end":{"line":82,"column":56}},"82":{"start":{"line":83,"column":0},"end":{"line":83,"column":59}},"83":{"start":{"line":84,"column":0},"end":{"line":84,"column":54}},"84":{"start":{"line":85,"column":0},"end":{"line":85,"column":5}},"85":{"start":{"line":86,"column":0},"end":{"line":86,"column":0}},"86":{"start":{"line":87,"column":0},"end":{"line":87,"column":20}},"87":{"start":{"line":88,"column":0},"end":{"line":88,"column":0}},"88":{"start":{"line":89,"column":0},"end":{"line":89,"column":5}},"89":{"start":{"line":90,"column":0},"end":{"line":90,"column":0}},"90":{"start":{"line":91,"column":0},"end":{"line":91,"column":27}},"91":{"start":{"line":92,"column":0},"end":{"line":92,"column":36}},"92":{"start":{"line":93,"column":0},"end":{"line":93,"column":5}},"93":{"start":{"line":94,"column":0},"end":{"line":94,"column":0}},"94":{"start":{"line":95,"column":0},"end":{"line":95,"column":32}},"95":{"start":{"line":96,"column":0},"end":{"line":96,"column":37}},"96":{"start":{"line":97,"column":0},"end":{"line":97,"column":5}},"97":{"start":{"line":98,"column":0},"end":{"line":98,"column":0}},"98":{"start":{"line":99,"column":0},"end":{"line":99,"column":23}},"99":{"start":{"line":100,"column":0},"end":{"line":100,"column":32}},"100":{"start":{"line":101,"column":0},"end":{"line":101,"column":5}},"101":{"start":{"line":102,"column":0},"end":{"line":102,"column":0}},"102":{"start":{"line":103,"column":0},"end":{"line":103,"column":28}},"103":{"start":{"line":104,"column":0},"end":{"line":104,"column":33}},"104":{"start":{"line":105,"column":0},"end":{"line":105,"column":5}},"105":{"start":{"line":106,"column":0},"end":{"line":106,"column":0}},"106":{"start":{"line":107,"column":0},"end":{"line":107,"column":17}},"107":{"start":{"line":108,"column":0},"end":{"line":108,"column":26}},"108":{"start":{"line":109,"column":0},"end":{"line":109,"column":5}},"109":{"start":{"line":110,"column":0},"end":{"line":110,"column":0}},"110":{"start":{"line":111,"column":0},"end":{"line":111,"column":22}},"111":{"start":{"line":112,"column":0},"end":{"line":112,"column":27}},"112":{"start":{"line":113,"column":0},"end":{"line":113,"column":5}},"113":{"start":{"line":114,"column":0},"end":{"line":114,"column":0}},"114":{"start":{"line":115,"column":0},"end":{"line":115,"column":16}},"115":{"start":{"line":116,"column":0},"end":{"line":116,"column":25}},"116":{"start":{"line":117,"column":0},"end":{"line":117,"column":5}},"117":{"start":{"line":118,"column":0},"end":{"line":118,"column":0}},"118":{"start":{"line":119,"column":0},"end":{"line":119,"column":21}},"119":{"start":{"line":120,"column":0},"end":{"line":120,"column":26}},"120":{"start":{"line":121,"column":0},"end":{"line":121,"column":5}},"121":{"start":{"line":122,"column":0},"end":{"line":122,"column":0}},"122":{"start":{"line":123,"column":0},"end":{"line":123,"column":19}},"123":{"start":{"line":124,"column":0},"end":{"line":124,"column":28}},"124":{"start":{"line":125,"column":0},"end":{"line":125,"column":5}},"125":{"start":{"line":126,"column":0},"end":{"line":126,"column":0}},"126":{"start":{"line":127,"column":0},"end":{"line":127,"column":24}},"127":{"start":{"line":128,"column":0},"end":{"line":128,"column":29}},"128":{"start":{"line":129,"column":0},"end":{"line":129,"column":5}},"129":{"start":{"line":130,"column":0},"end":{"line":130,"column":0}},"130":{"start":{"line":131,"column":0},"end":{"line":131,"column":27}},"131":{"start":{"line":132,"column":0},"end":{"line":132,"column":36}},"132":{"start":{"line":133,"column":0},"end":{"line":133,"column":5}},"133":{"start":{"line":134,"column":0},"end":{"line":134,"column":0}},"134":{"start":{"line":135,"column":0},"end":{"line":135,"column":32}},"135":{"start":{"line":136,"column":0},"end":{"line":136,"column":37}},"136":{"start":{"line":137,"column":0},"end":{"line":137,"column":5}},"137":{"start":{"line":138,"column":0},"end":{"line":138,"column":0}},"138":{"start":{"line":139,"column":0},"end":{"line":139,"column":24}},"139":{"start":{"line":140,"column":0},"end":{"line":140,"column":33}},"140":{"start":{"line":141,"column":0},"end":{"line":141,"column":5}},"141":{"start":{"line":142,"column":0},"end":{"line":142,"column":0}},"142":{"start":{"line":143,"column":0},"end":{"line":143,"column":29}},"143":{"start":{"line":144,"column":0},"end":{"line":144,"column":34}},"144":{"start":{"line":145,"column":0},"end":{"line":145,"column":5}},"145":{"start":{"line":146,"column":0},"end":{"line":146,"column":0}},"146":{"start":{"line":147,"column":0},"end":{"line":147,"column":19}},"147":{"start":{"line":148,"column":0},"end":{"line":148,"column":28}},"148":{"start":{"line":149,"column":0},"end":{"line":149,"column":5}},"149":{"start":{"line":150,"column":0},"end":{"line":150,"column":0}},"150":{"start":{"line":151,"column":0},"end":{"line":151,"column":24}},"151":{"start":{"line":152,"column":0},"end":{"line":152,"column":29}},"152":{"start":{"line":153,"column":0},"end":{"line":153,"column":5}},"153":{"start":{"line":154,"column":0},"end":{"line":154,"column":0}},"154":{"start":{"line":155,"column":0},"end":{"line":155,"column":22}},"155":{"start":{"line":156,"column":0},"end":{"line":156,"column":31}},"156":{"start":{"line":157,"column":0},"end":{"line":157,"column":5}},"157":{"start":{"line":158,"column":0},"end":{"line":158,"column":0}},"158":{"start":{"line":159,"column":0},"end":{"line":159,"column":27}},"159":{"start":{"line":160,"column":0},"end":{"line":160,"column":32}},"160":{"start":{"line":161,"column":0},"end":{"line":161,"column":5}},"161":{"start":{"line":162,"column":0},"end":{"line":162,"column":0}},"162":{"start":{"line":163,"column":0},"end":{"line":163,"column":22}},"163":{"start":{"line":164,"column":0},"end":{"line":164,"column":31}},"164":{"start":{"line":165,"column":0},"end":{"line":165,"column":5}},"165":{"start":{"line":166,"column":0},"end":{"line":166,"column":0}},"166":{"start":{"line":167,"column":0},"end":{"line":167,"column":27}},"167":{"start":{"line":168,"column":0},"end":{"line":168,"column":32}},"168":{"start":{"line":169,"column":0},"end":{"line":169,"column":5}},"169":{"start":{"line":170,"column":0},"end":{"line":170,"column":0}},"170":{"start":{"line":171,"column":0},"end":{"line":171,"column":24}},"171":{"start":{"line":172,"column":0},"end":{"line":172,"column":33}},"172":{"start":{"line":173,"column":0},"end":{"line":173,"column":5}},"173":{"start":{"line":174,"column":0},"end":{"line":174,"column":0}},"174":{"start":{"line":175,"column":0},"end":{"line":175,"column":29}},"175":{"start":{"line":176,"column":0},"end":{"line":176,"column":34}},"176":{"start":{"line":177,"column":0},"end":{"line":177,"column":5}},"177":{"start":{"line":178,"column":0},"end":{"line":178,"column":0}},"178":{"start":{"line":179,"column":0},"end":{"line":179,"column":21}},"179":{"start":{"line":180,"column":0},"end":{"line":180,"column":30}},"180":{"start":{"line":181,"column":0},"end":{"line":181,"column":5}},"181":{"start":{"line":182,"column":0},"end":{"line":182,"column":0}},"182":{"start":{"line":183,"column":0},"end":{"line":183,"column":26}},"183":{"start":{"line":184,"column":0},"end":{"line":184,"column":31}},"184":{"start":{"line":185,"column":0},"end":{"line":185,"column":5}},"185":{"start":{"line":186,"column":0},"end":{"line":186,"column":0}},"186":{"start":{"line":187,"column":0},"end":{"line":187,"column":15}},"187":{"start":{"line":188,"column":0},"end":{"line":188,"column":24}},"188":{"start":{"line":189,"column":0},"end":{"line":189,"column":5}},"189":{"start":{"line":190,"column":0},"end":{"line":190,"column":0}},"190":{"start":{"line":191,"column":0},"end":{"line":191,"column":20}},"191":{"start":{"line":192,"column":0},"end":{"line":192,"column":25}},"192":{"start":{"line":193,"column":0},"end":{"line":193,"column":5}},"193":{"start":{"line":194,"column":0},"end":{"line":194,"column":0}},"194":{"start":{"line":195,"column":0},"end":{"line":195,"column":19}},"195":{"start":{"line":196,"column":0},"end":{"line":196,"column":28}},"196":{"start":{"line":197,"column":0},"end":{"line":197,"column":5}},"197":{"start":{"line":198,"column":0},"end":{"line":198,"column":0}},"198":{"start":{"line":199,"column":0},"end":{"line":199,"column":24}},"199":{"start":{"line":200,"column":0},"end":{"line":200,"column":29}},"200":{"start":{"line":201,"column":0},"end":{"line":201,"column":5}},"201":{"start":{"line":202,"column":0},"end":{"line":202,"column":0}},"202":{"start":{"line":203,"column":0},"end":{"line":203,"column":20}},"203":{"start":{"line":204,"column":0},"end":{"line":204,"column":29}},"204":{"start":{"line":205,"column":0},"end":{"line":205,"column":5}},"205":{"start":{"line":206,"column":0},"end":{"line":206,"column":0}},"206":{"start":{"line":207,"column":0},"end":{"line":207,"column":25}},"207":{"start":{"line":208,"column":0},"end":{"line":208,"column":30}},"208":{"start":{"line":209,"column":0},"end":{"line":209,"column":5}},"209":{"start":{"line":210,"column":0},"end":{"line":210,"column":1}},"210":{"start":{"line":211,"column":0},"end":{"line":211,"column":0}},"211":{"start":{"line":212,"column":0},"end":{"line":212,"column":25}}},"s":{"0":1,"1":1,"2":1,"3":1,"4":1,"5":1,"6":1,"7":2,"8":2,"9":2,"10":2,"11":0,"12":0,"13":2,"14":0,"15":0,"16":2,"17":2,"18":0,"19":0,"20":0,"21":0,"22":0,"23":2,"24":2,"25":2,"26":2,"27":2,"28":2,"29":2,"30":2,"31":2,"32":2,"33":2,"34":2,"35":2,"36":2,"37":2,"38":2,"39":2,"40":2,"41":2,"42":2,"43":2,"44":2,"45":2,"46":2,"47":2,"48":2,"49":2,"50":2,"51":2,"52":2,"53":2,"54":2,"55":2,"56":2,"57":1,"58":1,"59":2,"60":2,"61":2,"62":2,"63":2,"64":2,"65":2,"66":2,"67":2,"68":2,"69":2,"70":2,"71":2,"72":2,"73":2,"74":2,"75":1,"76":1,"77":2,"78":2,"79":2,"80":2,"81":2,"82":2,"83":2,"84":2,"85":1,"86":1,"87":0,"88":0,"89":1,"90":1,"91":8,"92":8,"93":1,"94":1,"95":0,"96":0,"97":1,"98":1,"99":2,"100":2,"101":1,"102":1,"103":0,"104":0,"105":1,"106":1,"107":2,"108":2,"109":1,"110":1,"111":0,"112":0,"113":1,"114":1,"115":2,"116":2,"117":1,"118":1,"119":0,"120":0,"121":1,"122":1,"123":2,"124":2,"125":1,"126":1,"127":0,"128":0,"129":1,"130":1,"131":2,"132":2,"133":1,"134":1,"135":0,"136":0,"137":1,"138":1,"139":2,"140":2,"141":1,"142":1,"143":0,"144":0,"145":1,"146":1,"147":2,"148":2,"149":1,"150":1,"151":0,"152":0,"153":1,"154":1,"155":2,"156":2,"157":1,"158":1,"159":0,"160":0,"161":1,"162":1,"163":2,"164":2,"165":1,"166":1,"167":0,"168":0,"169":1,"170":1,"171":2,"172":2,"173":1,"174":1,"175":0,"176":0,"177":1,"178":1,"179":2,"180":2,"181":1,"182":1,"183":0,"184":0,"185":1,"186":1,"187":2,"188":2,"189":1,"190":1,"191":0,"192":0,"193":1,"194":1,"195":4,"196":4,"197":1,"198":1,"199":2,"200":2,"201":1,"202":1,"203":2,"204":2,"205":1,"206":1,"207":0,"208":0,"209":1,"210":1,"211":1},"branchMap":{"0":{"type":"branch","line":7,"loc":{"start":{"line":7,"column":4},"end":{"line":57,"column":5}},"locations":[{"start":{"line":7,"column":4},"end":{"line":57,"column":5}}]},"1":{"type":"branch","line":9,"loc":{"start":{"line":9,"column":26},"end":{"line":9,"column":67}},"locations":[{"start":{"line":9,"column":26},"end":{"line":9,"column":67}}]},"2":{"type":"branch","line":17,"loc":{"start":{"line":17,"column":34},"end":{"line":24,"column":9}},"locations":[{"start":{"line":17,"column":34},"end":{"line":24,"column":9}}]},"3":{"type":"branch","line":18,"loc":{"start":{"line":18,"column":34},"end":{"line":23,"column":13}},"locations":[{"start":{"line":18,"column":34},"end":{"line":23,"column":13}}]},"4":{"type":"branch","line":59,"loc":{"start":{"line":59,"column":4},"end":{"line":75,"column":5}},"locations":[{"start":{"line":59,"column":4},"end":{"line":75,"column":5}}]},"5":{"type":"branch","line":77,"loc":{"start":{"line":77,"column":15},"end":{"line":85,"column":5}},"locations":[{"start":{"line":77,"column":15},"end":{"line":85,"column":5}}]},"6":{"type":"branch","line":91,"loc":{"start":{"line":91,"column":23},"end":{"line":93,"column":5}},"locations":[{"start":{"line":91,"column":23},"end":{"line":93,"column":5}}]},"7":{"type":"branch","line":99,"loc":{"start":{"line":99,"column":19},"end":{"line":101,"column":5}},"locations":[{"start":{"line":99,"column":19},"end":{"line":101,"column":5}}]},"8":{"type":"branch","line":107,"loc":{"start":{"line":107,"column":13},"end":{"line":109,"column":5}},"locations":[{"start":{"line":107,"column":13},"end":{"line":109,"column":5}}]},"9":{"type":"branch","line":115,"loc":{"start":{"line":115,"column":12},"end":{"line":117,"column":5}},"locations":[{"start":{"line":115,"column":12},"end":{"line":117,"column":5}}]},"10":{"type":"branch","line":123,"loc":{"start":{"line":123,"column":15},"end":{"line":125,"column":5}},"locations":[{"start":{"line":123,"column":15},"end":{"line":125,"column":5}}]},"11":{"type":"branch","line":131,"loc":{"start":{"line":131,"column":23},"end":{"line":133,"column":5}},"locations":[{"start":{"line":131,"column":23},"end":{"line":133,"column":5}}]},"12":{"type":"branch","line":139,"loc":{"start":{"line":139,"column":20},"end":{"line":141,"column":5}},"locations":[{"start":{"line":139,"column":20},"end":{"line":141,"column":5}}]},"13":{"type":"branch","line":147,"loc":{"start":{"line":147,"column":15},"end":{"line":149,"column":5}},"locations":[{"start":{"line":147,"column":15},"end":{"line":149,"column":5}}]},"14":{"type":"branch","line":155,"loc":{"start":{"line":155,"column":18},"end":{"line":157,"column":5}},"locations":[{"start":{"line":155,"column":18},"end":{"line":157,"column":5}}]},"15":{"type":"branch","line":163,"loc":{"start":{"line":163,"column":18},"end":{"line":165,"column":5}},"locations":[{"start":{"line":163,"column":18},"end":{"line":165,"column":5}}]},"16":{"type":"branch","line":171,"loc":{"start":{"line":171,"column":20},"end":{"line":173,"column":5}},"locations":[{"start":{"line":171,"column":20},"end":{"line":173,"column":5}}]},"17":{"type":"branch","line":179,"loc":{"start":{"line":179,"column":17},"end":{"line":181,"column":5}},"locations":[{"start":{"line":179,"column":17},"end":{"line":181,"column":5}}]},"18":{"type":"branch","line":187,"loc":{"start":{"line":187,"column":11},"end":{"line":189,"column":5}},"locations":[{"start":{"line":187,"column":11},"end":{"line":189,"column":5}}]},"19":{"type":"branch","line":195,"loc":{"start":{"line":195,"column":15},"end":{"line":197,"column":5}},"locations":[{"start":{"line":195,"column":15},"end":{"line":197,"column":5}}]},"20":{"type":"branch","line":199,"loc":{"start":{"line":199,"column":15},"end":{"line":201,"column":5}},"locations":[{"start":{"line":199,"column":15},"end":{"line":201,"column":5}}]},"21":{"type":"branch","line":203,"loc":{"start":{"line":203,"column":16},"end":{"line":205,"column":5}},"locations":[{"start":{"line":203,"column":16},"end":{"line":205,"column":5}}]}},"b":{"0":[2],"1":[2],"2":[2],"3":[0],"4":[2],"5":[2],"6":[8],"7":[2],"8":[2],"9":[2],"10":[2],"11":[2],"12":[2],"13":[2],"14":[2],"15":[2],"16":[2],"17":[2],"18":[2],"19":[4],"20":[2],"21":[2]},"fnMap":{"0":{"name":"LPAction","decl":{"start":{"line":7,"column":4},"end":{"line":57,"column":5}},"loc":{"start":{"line":7,"column":4},"end":{"line":57,"column":5}},"line":7},"1":{"name":"isNumber","decl":{"start":{"line":9,"column":26},"end":{"line":9,"column":67}},"loc":{"start":{"line":9,"column":26},"end":{"line":9,"column":67}},"line":9},"2":{"name":"isFloat","decl":{"start":{"line":10,"column":25},"end":{"line":10,"column":68}},"loc":{"start":{"line":10,"column":25},"end":{"line":10,"column":68}},"line":10},"3":{"name":"isHourRange","decl":{"start":{"line":11,"column":29},"end":{"line":13,"column":9}},"loc":{"start":{"line":11,"column":29},"end":{"line":13,"column":9}},"line":11},"4":{"name":"isMinuteRange","decl":{"start":{"line":14,"column":31},"end":{"line":16,"column":9}},"loc":{"start":{"line":14,"column":31},"end":{"line":16,"column":9}},"line":14},"5":{"name":"isArrayOfStrings","decl":{"start":{"line":17,"column":34},"end":{"line":24,"column":9}},"loc":{"start":{"line":17,"column":34},"end":{"line":24,"column":9}},"line":17},"6":{"name":"toString","decl":{"start":{"line":59,"column":4},"end":{"line":75,"column":5}},"loc":{"start":{"line":59,"column":4},"end":{"line":75,"column":5}},"line":59},"7":{"name":"write","decl":{"start":{"line":77,"column":15},"end":{"line":85,"column":5}},"loc":{"start":{"line":77,"column":15},"end":{"line":85,"column":5}},"line":77},"8":{"name":"load","decl":{"start":{"line":87,"column":4},"end":{"line":89,"column":5}},"loc":{"start":{"line":87,"column":4},"end":{"line":89,"column":5}},"line":87},"9":{"name":"get ACTION_UNIQUEID","decl":{"start":{"line":91,"column":23},"end":{"line":93,"column":5}},"loc":{"start":{"line":91,"column":23},"end":{"line":93,"column":5}},"line":91},"10":{"name":"set ACTION_UNIQUEID","decl":{"start":{"line":95,"column":23},"end":{"line":97,"column":5}},"loc":{"start":{"line":95,"column":23},"end":{"line":97,"column":5}},"line":95},"11":{"name":"get ACTION_NAME","decl":{"start":{"line":99,"column":19},"end":{"line":101,"column":5}},"loc":{"start":{"line":99,"column":19},"end":{"line":101,"column":5}},"line":99},"12":{"name":"set ACTION_NAME","decl":{"start":{"line":103,"column":19},"end":{"line":105,"column":5}},"loc":{"start":{"line":103,"column":19},"end":{"line":105,"column":5}},"line":103},"13":{"name":"get WHERE","decl":{"start":{"line":107,"column":13},"end":{"line":109,"column":5}},"loc":{"start":{"line":107,"column":13},"end":{"line":109,"column":5}},"line":107},"14":{"name":"set WHERE","decl":{"start":{"line":111,"column":13},"end":{"line":113,"column":5}},"loc":{"start":{"line":111,"column":13},"end":{"line":113,"column":5}},"line":111},"15":{"name":"get WHEN","decl":{"start":{"line":115,"column":12},"end":{"line":117,"column":5}},"loc":{"start":{"line":115,"column":12},"end":{"line":117,"column":5}},"line":115},"16":{"name":"set WHEN","decl":{"start":{"line":119,"column":12},"end":{"line":121,"column":5}},"loc":{"start":{"line":119,"column":12},"end":{"line":121,"column":5}},"line":119},"17":{"name":"get MINUTES","decl":{"start":{"line":123,"column":15},"end":{"line":125,"column":5}},"loc":{"start":{"line":123,"column":15},"end":{"line":125,"column":5}},"line":123},"18":{"name":"set MINUTES","decl":{"start":{"line":127,"column":15},"end":{"line":129,"column":5}},"loc":{"start":{"line":127,"column":15},"end":{"line":129,"column":5}},"line":127},"19":{"name":"get TIMEOUT_MINUTES","decl":{"start":{"line":131,"column":23},"end":{"line":133,"column":5}},"loc":{"start":{"line":131,"column":23},"end":{"line":133,"column":5}},"line":131},"20":{"name":"set TIMEOUT_MINUTES","decl":{"start":{"line":135,"column":23},"end":{"line":137,"column":5}},"loc":{"start":{"line":135,"column":23},"end":{"line":137,"column":5}},"line":135},"21":{"name":"get ALSO_TIMEOUT","decl":{"start":{"line":139,"column":20},"end":{"line":141,"column":5}},"loc":{"start":{"line":139,"column":20},"end":{"line":141,"column":5}},"line":139},"22":{"name":"set ALSO_TIMEOUT","decl":{"start":{"line":143,"column":20},"end":{"line":145,"column":5}},"loc":{"start":{"line":143,"column":20},"end":{"line":145,"column":5}},"line":143},"23":{"name":"get EFFECTS","decl":{"start":{"line":147,"column":15},"end":{"line":149,"column":5}},"loc":{"start":{"line":147,"column":15},"end":{"line":149,"column":5}},"line":147},"24":{"name":"set EFFECTS","decl":{"start":{"line":151,"column":15},"end":{"line":153,"column":5}},"loc":{"start":{"line":151,"column":15},"end":{"line":153,"column":5}},"line":151},"25":{"name":"get CONDITIONS","decl":{"start":{"line":155,"column":18},"end":{"line":157,"column":5}},"loc":{"start":{"line":155,"column":18},"end":{"line":157,"column":5}},"line":155},"26":{"name":"set CONDITIONS","decl":{"start":{"line":159,"column":18},"end":{"line":161,"column":5}},"loc":{"start":{"line":159,"column":18},"end":{"line":161,"column":5}},"line":159},"27":{"name":"get MOVE_FIRST","decl":{"start":{"line":163,"column":18},"end":{"line":165,"column":5}},"loc":{"start":{"line":163,"column":18},"end":{"line":165,"column":5}},"line":163},"28":{"name":"set MOVE_FIRST","decl":{"start":{"line":167,"column":18},"end":{"line":169,"column":5}},"loc":{"start":{"line":167,"column":18},"end":{"line":169,"column":5}},"line":167},"29":{"name":"get SCENE_ALWAYS","decl":{"start":{"line":171,"column":20},"end":{"line":173,"column":5}},"loc":{"start":{"line":171,"column":20},"end":{"line":173,"column":5}},"line":171},"30":{"name":"set SCENE_ALWAYS","decl":{"start":{"line":175,"column":20},"end":{"line":177,"column":5}},"loc":{"start":{"line":175,"column":20},"end":{"line":177,"column":5}},"line":175},"31":{"name":"get ANIMATION","decl":{"start":{"line":179,"column":17},"end":{"line":181,"column":5}},"loc":{"start":{"line":179,"column":17},"end":{"line":181,"column":5}},"line":179},"32":{"name":"set ANIMATION","decl":{"start":{"line":183,"column":17},"end":{"line":185,"column":5}},"loc":{"start":{"line":183,"column":17},"end":{"line":185,"column":5}},"line":183},"33":{"name":"get WHO","decl":{"start":{"line":187,"column":11},"end":{"line":189,"column":5}},"loc":{"start":{"line":187,"column":11},"end":{"line":189,"column":5}},"line":187},"34":{"name":"set WHO","decl":{"start":{"line":191,"column":11},"end":{"line":193,"column":5}},"loc":{"start":{"line":191,"column":11},"end":{"line":193,"column":5}},"line":191},"35":{"name":"get modsDir","decl":{"start":{"line":195,"column":15},"end":{"line":197,"column":5}},"loc":{"start":{"line":195,"column":15},"end":{"line":197,"column":5}},"line":195},"36":{"name":"set modsDir","decl":{"start":{"line":199,"column":15},"end":{"line":201,"column":5}},"loc":{"start":{"line":199,"column":15},"end":{"line":201,"column":5}},"line":199},"37":{"name":"get filePath","decl":{"start":{"line":203,"column":16},"end":{"line":205,"column":5}},"loc":{"start":{"line":203,"column":16},"end":{"line":205,"column":5}},"line":203},"38":{"name":"set filePath","decl":{"start":{"line":207,"column":16},"end":{"line":209,"column":5}},"loc":{"start":{"line":207,"column":16},"end":{"line":209,"column":5}},"line":207}},"f":{"0":2,"1":2,"2":0,"3":0,"4":0,"5":2,"6":2,"7":2,"8":0,"9":8,"10":0,"11":2,"12":0,"13":2,"14":0,"15":2,"16":0,"17":2,"18":0,"19":2,"20":0,"21":2,"22":0,"23":2,"24":0,"25":2,"26":0,"27":2,"28":0,"29":2,"30":0,"31":2,"32":0,"33":2,"34":0,"35":4,"36":2,"37":2,"38":0}}
,"D:\\projects\\LifePlay.js\\src\\LPMod.js": {"path":"D:\\projects\\LifePlay.js\\src\\LPMod.js","all":false,"statementMap":{"0":{"start":{"line":1,"column":0},"end":{"line":1,"column":33}},"1":{"start":{"line":2,"column":0},"end":{"line":2,"column":28}},"2":{"start":{"line":3,"column":0},"end":{"line":3,"column":32}},"3":{"start":{"line":4,"column":0},"end":{"line":4,"column":57}},"4":{"start":{"line":5,"column":0},"end":{"line":5,"column":34}},"5":{"start":{"line":6,"column":0},"end":{"line":6,"column":38}},"6":{"start":{"line":7,"column":0},"end":{"line":7,"column":0}},"7":{"start":{"line":8,"column":0},"end":{"line":8,"column":13}},"8":{"start":{"line":9,"column":0},"end":{"line":9,"column":152}},"9":{"start":{"line":10,"column":0},"end":{"line":10,"column":117}},"10":{"start":{"line":11,"column":0},"end":{"line":11,"column":37}},"11":{"start":{"line":12,"column":0},"end":{"line":12,"column":56}},"12":{"start":{"line":13,"column":0},"end":{"line":13,"column":47}},"13":{"start":{"line":14,"column":0},"end":{"line":14,"column":39}},"14":{"start":{"line":15,"column":0},"end":{"line":15,"column":43}},"15":{"start":{"line":16,"column":0},"end":{"line":16,"column":39}},"16":{"start":{"line":17,"column":0},"end":{"line":17,"column":53}},"17":{"start":{"line":18,"column":0},"end":{"line":18,"column":55}},"18":{"start":{"line":19,"column":0},"end":{"line":19,"column":0}},"19":{"start":{"line":20,"column":0},"end":{"line":20,"column":45}},"20":{"start":{"line":21,"column":0},"end":{"line":21,"column":122}},"21":{"start":{"line":22,"column":0},"end":{"line":22,"column":0}},"22":{"start":{"line":23,"column":0},"end":{"line":23,"column":31}},"23":{"start":{"line":24,"column":0},"end":{"line":24,"column":33}},"24":{"start":{"line":25,"column":0},"end":{"line":25,"column":33}},"25":{"start":{"line":26,"column":0},"end":{"line":26,"column":32}},"26":{"start":{"line":27,"column":0},"end":{"line":27,"column":35}},"27":{"start":{"line":28,"column":0},"end":{"line":28,"column":5}},"28":{"start":{"line":29,"column":0},"end":{"line":29,"column":0}},"29":{"start":{"line":30,"column":0},"end":{"line":30,"column":0}},"30":{"start":{"line":31,"column":0},"end":{"line":31,"column":16}},"31":{"start":{"line":32,"column":0},"end":{"line":32,"column":16}},"32":{"start":{"line":33,"column":0},"end":{"line":33,"column":55}},"33":{"start":{"line":34,"column":0},"end":{"line":34,"column":47}},"34":{"start":{"line":35,"column":0},"end":{"line":35,"column":51}},"35":{"start":{"line":36,"column":0},"end":{"line":36,"column":47}},"36":{"start":{"line":37,"column":0},"end":{"line":37,"column":61}},"37":{"start":{"line":38,"column":0},"end":{"line":38,"column":63}},"38":{"start":{"line":39,"column":0},"end":{"line":39,"column":22}},"39":{"start":{"line":40,"column":0},"end":{"line":40,"column":5}},"40":{"start":{"line":41,"column":0},"end":{"line":41,"column":0}},"41":{"start":{"line":42,"column":0},"end":{"line":42,"column":22}},"42":{"start":{"line":43,"column":0},"end":{"line":43,"column":63}},"43":{"start":{"line":44,"column":0},"end":{"line":44,"column":0}},"44":{"start":{"line":45,"column":0},"end":{"line":45,"column":43}},"45":{"start":{"line":46,"column":0},"end":{"line":46,"column":38}},"46":{"start":{"line":47,"column":0},"end":{"line":47,"column":83}},"47":{"start":{"line":48,"column":0},"end":{"line":48,"column":0}},"48":{"start":{"line":49,"column":0},"end":{"line":49,"column":26}},"49":{"start":{"line":50,"column":0},"end":{"line":50,"column":50}},"50":{"start":{"line":51,"column":0},"end":{"line":51,"column":9}},"51":{"start":{"line":52,"column":0},"end":{"line":52,"column":48}},"52":{"start":{"line":53,"column":0},"end":{"line":53,"column":76}},"53":{"start":{"line":54,"column":0},"end":{"line":54,"column":60}},"54":{"start":{"line":55,"column":0},"end":{"line":55,"column":10}},"55":{"start":{"line":56,"column":0},"end":{"line":56,"column":66}},"56":{"start":{"line":57,"column":0},"end":{"line":57,"column":72}},"57":{"start":{"line":58,"column":0},"end":{"line":58,"column":69}},"58":{"start":{"line":59,"column":0},"end":{"line":59,"column":35}},"59":{"start":{"line":60,"column":0},"end":{"line":60,"column":5}},"60":{"start":{"line":61,"column":0},"end":{"line":61,"column":0}},"61":{"start":{"line":62,"column":0},"end":{"line":62,"column":22}},"62":{"start":{"line":63,"column":0},"end":{"line":63,"column":0}},"63":{"start":{"line":64,"column":0},"end":{"line":64,"column":5}},"64":{"start":{"line":65,"column":0},"end":{"line":65,"column":0}},"65":{"start":{"line":66,"column":0},"end":{"line":66,"column":26}},"66":{"start":{"line":67,"column":0},"end":{"line":67,"column":36}},"67":{"start":{"line":68,"column":0},"end":{"line":68,"column":5}},"68":{"start":{"line":69,"column":0},"end":{"line":69,"column":0}},"69":{"start":{"line":70,"column":0},"end":{"line":70,"column":20}},"70":{"start":{"line":71,"column":0},"end":{"line":71,"column":37}},"71":{"start":{"line":72,"column":0},"end":{"line":72,"column":5}},"72":{"start":{"line":73,"column":0},"end":{"line":73,"column":0}},"73":{"start":{"line":74,"column":0},"end":{"line":74,"column":23}},"74":{"start":{"line":75,"column":0},"end":{"line":75,"column":40}},"75":{"start":{"line":76,"column":0},"end":{"line":76,"column":5}},"76":{"start":{"line":77,"column":0},"end":{"line":77,"column":0}},"77":{"start":{"line":78,"column":0},"end":{"line":78,"column":19}},"78":{"start":{"line":79,"column":0},"end":{"line":79,"column":41}},"79":{"start":{"line":80,"column":0},"end":{"line":80,"column":44}},"80":{"start":{"line":81,"column":0},"end":{"line":81,"column":61}},"81":{"start":{"line":82,"column":0},"end":{"line":82,"column":9}},"82":{"start":{"line":83,"column":0},"end":{"line":83,"column":35}},"83":{"start":{"line":84,"column":0},"end":{"line":84,"column":43}},"84":{"start":{"line":85,"column":0},"end":{"line":85,"column":5}},"85":{"start":{"line":86,"column":0},"end":{"line":86,"column":0}},"86":{"start":{"line":87,"column":0},"end":{"line":87,"column":21}},"87":{"start":{"line":88,"column":0},"end":{"line":88,"column":31}},"88":{"start":{"line":89,"column":0},"end":{"line":89,"column":5}},"89":{"start":{"line":90,"column":0},"end":{"line":90,"column":0}},"90":{"start":{"line":91,"column":0},"end":{"line":91,"column":23}},"91":{"start":{"line":92,"column":0},"end":{"line":92,"column":45}},"92":{"start":{"line":93,"column":0},"end":{"line":93,"column":56}},"93":{"start":{"line":94,"column":0},"end":{"line":94,"column":73}},"94":{"start":{"line":95,"column":0},"end":{"line":95,"column":9}},"95":{"start":{"line":96,"column":0},"end":{"line":96,"column":37}},"96":{"start":{"line":97,"column":0},"end":{"line":97,"column":57}},"97":{"start":{"line":98,"column":0},"end":{"line":98,"column":5}},"98":{"start":{"line":99,"column":0},"end":{"line":99,"column":0}},"99":{"start":{"line":100,"column":0},"end":{"line":100,"column":23}},"100":{"start":{"line":101,"column":0},"end":{"line":101,"column":33}},"101":{"start":{"line":102,"column":0},"end":{"line":102,"column":5}},"102":{"start":{"line":103,"column":0},"end":{"line":103,"column":0}},"103":{"start":{"line":104,"column":0},"end":{"line":104,"column":21}},"104":{"start":{"line":105,"column":0},"end":{"line":105,"column":45}},"105":{"start":{"line":106,"column":0},"end":{"line":106,"column":53}},"106":{"start":{"line":107,"column":0},"end":{"line":107,"column":27}},"107":{"start":{"line":108,"column":0},"end":{"line":108,"column":43}},"108":{"start":{"line":109,"column":0},"end":{"line":109,"column":60}},"109":{"start":{"line":110,"column":0},"end":{"line":110,"column":9}},"110":{"start":{"line":111,"column":0},"end":{"line":111,"column":36}},"111":{"start":{"line":112,"column":0},"end":{"line":112,"column":43}},"112":{"start":{"line":113,"column":0},"end":{"line":113,"column":5}},"113":{"start":{"line":114,"column":0},"end":{"line":114,"column":0}},"114":{"start":{"line":115,"column":0},"end":{"line":115,"column":22}},"115":{"start":{"line":116,"column":0},"end":{"line":116,"column":32}},"116":{"start":{"line":117,"column":0},"end":{"line":117,"column":5}},"117":{"start":{"line":118,"column":0},"end":{"line":118,"column":0}},"118":{"start":{"line":119,"column":0},"end":{"line":119,"column":28}},"119":{"start":{"line":120,"column":0},"end":{"line":120,"column":39}},"120":{"start":{"line":121,"column":0},"end":{"line":121,"column":56}},"121":{"start":{"line":122,"column":0},"end":{"line":122,"column":9}},"122":{"start":{"line":123,"column":0},"end":{"line":123,"column":47}},"123":{"start":{"line":124,"column":0},"end":{"line":124,"column":62}},"124":{"start":{"line":125,"column":0},"end":{"line":125,"column":59}},"125":{"start":{"line":126,"column":0},"end":{"line":126,"column":5}},"126":{"start":{"line":127,"column":0},"end":{"line":127,"column":0}},"127":{"start":{"line":128,"column":0},"end":{"line":128,"column":22}},"128":{"start":{"line":129,"column":0},"end":{"line":129,"column":39}},"129":{"start":{"line":130,"column":0},"end":{"line":130,"column":5}},"130":{"start":{"line":131,"column":0},"end":{"line":131,"column":0}},"131":{"start":{"line":132,"column":0},"end":{"line":132,"column":27}},"132":{"start":{"line":133,"column":0},"end":{"line":133,"column":36}},"133":{"start":{"line":134,"column":0},"end":{"line":134,"column":5}},"134":{"start":{"line":135,"column":0},"end":{"line":135,"column":0}},"135":{"start":{"line":136,"column":0},"end":{"line":136,"column":32}},"136":{"start":{"line":137,"column":0},"end":{"line":137,"column":37}},"137":{"start":{"line":138,"column":0},"end":{"line":138,"column":5}},"138":{"start":{"line":139,"column":0},"end":{"line":139,"column":0}},"139":{"start":{"line":140,"column":0},"end":{"line":140,"column":23}},"140":{"start":{"line":141,"column":0},"end":{"line":141,"column":32}},"141":{"start":{"line":142,"column":0},"end":{"line":142,"column":5}},"142":{"start":{"line":143,"column":0},"end":{"line":143,"column":0}},"143":{"start":{"line":144,"column":0},"end":{"line":144,"column":28}},"144":{"start":{"line":145,"column":0},"end":{"line":145,"column":33}},"145":{"start":{"line":146,"column":0},"end":{"line":146,"column":5}},"146":{"start":{"line":147,"column":0},"end":{"line":147,"column":0}},"147":{"start":{"line":148,"column":0},"end":{"line":148,"column":25}},"148":{"start":{"line":149,"column":0},"end":{"line":149,"column":34}},"149":{"start":{"line":150,"column":0},"end":{"line":150,"column":5}},"150":{"start":{"line":151,"column":0},"end":{"line":151,"column":0}},"151":{"start":{"line":152,"column":0},"end":{"line":152,"column":30}},"152":{"start":{"line":153,"column":0},"end":{"line":153,"column":35}},"153":{"start":{"line":154,"column":0},"end":{"line":154,"column":5}},"154":{"start":{"line":155,"column":0},"end":{"line":155,"column":0}},"155":{"start":{"line":156,"column":0},"end":{"line":156,"column":23}},"156":{"start":{"line":157,"column":0},"end":{"line":157,"column":32}},"157":{"start":{"line":158,"column":0},"end":{"line":158,"column":5}},"158":{"start":{"line":159,"column":0},"end":{"line":159,"column":0}},"159":{"start":{"line":160,"column":0},"end":{"line":160,"column":28}},"160":{"start":{"line":161,"column":0},"end":{"line":161,"column":33}},"161":{"start":{"line":162,"column":0},"end":{"line":162,"column":5}},"162":{"start":{"line":163,"column":0},"end":{"line":163,"column":0}},"163":{"start":{"line":164,"column":0},"end":{"line":164,"column":30}},"164":{"start":{"line":165,"column":0},"end":{"line":165,"column":39}},"165":{"start":{"line":166,"column":0},"end":{"line":166,"column":5}},"166":{"start":{"line":167,"column":0},"end":{"line":167,"column":0}},"167":{"start":{"line":168,"column":0},"end":{"line":168,"column":35}},"168":{"start":{"line":169,"column":0},"end":{"line":169,"column":40}},"169":{"start":{"line":170,"column":0},"end":{"line":170,"column":5}},"170":{"start":{"line":171,"column":0},"end":{"line":171,"column":0}},"171":{"start":{"line":172,"column":0},"end":{"line":172,"column":31}},"172":{"start":{"line":173,"column":0},"end":{"line":173,"column":40}},"173":{"start":{"line":174,"column":0},"end":{"line":174,"column":5}},"174":{"start":{"line":175,"column":0},"end":{"line":175,"column":0}},"175":{"start":{"line":176,"column":0},"end":{"line":176,"column":36}},"176":{"start":{"line":177,"column":0},"end":{"line":177,"column":41}},"177":{"start":{"line":178,"column":0},"end":{"line":178,"column":5}},"178":{"start":{"line":179,"column":0},"end":{"line":179,"column":0}},"179":{"start":{"line":180,"column":0},"end":{"line":180,"column":19}},"180":{"start":{"line":181,"column":0},"end":{"line":181,"column":28}},"181":{"start":{"line":182,"column":0},"end":{"line":182,"column":5}},"182":{"start":{"line":183,"column":0},"end":{"line":183,"column":0}},"183":{"start":{"line":184,"column":0},"end":{"line":184,"column":24}},"184":{"start":{"line":185,"column":0},"end":{"line":185,"column":29}},"185":{"start":{"line":186,"column":0},"end":{"line":186,"column":5}},"186":{"start":{"line":187,"column":0},"end":{"line":187,"column":1}},"187":{"start":{"line":188,"column":0},"end":{"line":188,"column":0}},"188":{"start":{"line":189,"column":0},"end":{"line":189,"column":22}}},"s":{"0":1,"1":1,"2":1,"3":1,"4":1,"5":1,"6":1,"7":1,"8":1,"9":404,"10":404,"11":404,"12":404,"13":404,"14":404,"15":404,"16":404,"17":404,"18":404,"19":404,"20":404,"21":404,"22":404,"23":404,"24":404,"25":404,"26":404,"27":404,"28":1,"29":1,"30":1,"31":3,"32":3,"33":3,"34":3,"35":3,"36":3,"37":3,"38":3,"39":3,"40":1,"41":1,"42":3,"43":3,"44":3,"45":3,"46":3,"47":3,"48":3,"49":3,"50":3,"51":3,"52":0,"53":0,"54":0,"55":3,"56":3,"57":3,"58":3,"59":3,"60":1,"61":1,"62":0,"63":0,"64":1,"65":1,"66":6,"67":6,"68":1,"69":1,"70":8,"71":8,"72":1,"73":1,"74":0,"75":0,"76":1,"77":1,"78":4,"79":4,"80":0,"81":0,"82":4,"83":4,"84":4,"85":1,"86":1,"87":0,"88":0,"89":1,"90":1,"91":2,"92":2,"93":0,"94":0,"95":2,"96":2,"97":2,"98":1,"99":1,"100":0,"101":0,"102":1,"103":1,"104":0,"105":0,"106":0,"107":0,"108":0,"109":0,"110":0,"111":0,"112":0,"113":1,"114":1,"115":0,"116":0,"117":1,"118":1,"119":0,"120":0,"121":0,"122":0,"123":0,"124":0,"125":0,"126":1,"127":1,"128":0,"129":0,"130":1,"131":1,"132":8,"133":8,"134":1,"135":1,"136":0,"137":0,"138":1,"139":1,"140":3,"141":3,"142":1,"143":1,"144":0,"145":0,"146":1,"147":1,"148":3,"149":3,"150":1,"151":1,"152":0,"153":0,"154":1,"155":1,"156":3,"157":3,"158":1,"159":1,"160":0,"161":0,"162":1,"163":1,"164":3,"165":3,"166":1,"167":1,"168":0,"169":0,"170":1,"171":1,"172":3,"173":3,"174":1,"175":1,"176":0,"177":0,"178":1,"179":1,"180":399,"181":399,"182":1,"183":1,"184":0,"185":0,"186":1,"187":1,"188":1},"branchMap":{"0":{"type":"branch","line":9,"loc":{"start":{"line":9,"column":4},"end":{"line":28,"column":5}},"locations":[{"start":{"line":9,"column":4},"end":{"line":28,"column":5}}]},"1":{"type":"branch","line":31,"loc":{"start":{"line":31,"column":4},"end":{"line":40,"column":5}},"locations":[{"start":{"line":31,"column":4},"end":{"line":40,"column":5}}]},"2":{"type":"branch","line":42,"loc":{"start":{"line":42,"column":18},"end":{"line":60,"column":5}},"locations":[{"start":{"line":42,"column":18},"end":{"line":60,"column":5}}]},"3":{"type":"branch","line":56,"loc":{"start":{"line":56,"column":29},"end":{"line":56,"column":46}},"locations":[{"start":{"line":56,"column":29},"end":{"line":56,"column":46}}]},"4":{"type":"branch","line":57,"loc":{"start":{"line":57,"column":31},"end":{"line":57,"column":50}},"locations":[{"start":{"line":57,"column":31},"end":{"line":57,"column":50}}]},"5":{"type":"branch","line":66,"loc":{"start":{"line":66,"column":4},"end":{"line":68,"column":5}},"locations":[{"start":{"line":66,"column":4},"end":{"line":68,"column":5}}]},"6":{"type":"branch","line":70,"loc":{"start":{"line":70,"column":4},"end":{"line":72,"column":5}},"locations":[{"start":{"line":70,"column":4},"end":{"line":72,"column":5}}]},"7":{"type":"branch","line":78,"loc":{"start":{"line":78,"column":4},"end":{"line":85,"column":5}},"locations":[{"start":{"line":78,"column":4},"end":{"line":85,"column":5}}]},"8":{"type":"branch","line":80,"loc":{"start":{"line":80,"column":43},"end":{"line":82,"column":9}},"locations":[{"start":{"line":80,"column":43},"end":{"line":82,"column":9}}]},"9":{"type":"branch","line":91,"loc":{"start":{"line":91,"column":4},"end":{"line":98,"column":5}},"locations":[{"start":{"line":91,"column":4},"end":{"line":98,"column":5}}]},"10":{"type":"branch","line":93,"loc":{"start":{"line":93,"column":55},"end":{"line":95,"column":9}},"locations":[{"start":{"line":93,"column":55},"end":{"line":95,"column":9}}]},"11":{"type":"branch","line":132,"loc":{"start":{"line":132,"column":23},"end":{"line":134,"column":5}},"locations":[{"start":{"line":132,"column":23},"end":{"line":134,"column":5}}]},"12":{"type":"branch","line":140,"loc":{"start":{"line":140,"column":19},"end":{"line":142,"column":5}},"locations":[{"start":{"line":140,"column":19},"end":{"line":142,"column":5}}]},"13":{"type":"branch","line":148,"loc":{"start":{"line":148,"column":21},"end":{"line":150,"column":5}},"locations":[{"start":{"line":148,"column":21},"end":{"line":150,"column":5}}]},"14":{"type":"branch","line":156,"loc":{"start":{"line":156,"column":19},"end":{"line":158,"column":5}},"locations":[{"start":{"line":156,"column":19},"end":{"line":158,"column":5}}]},"15":{"type":"branch","line":164,"loc":{"start":{"line":164,"column":26},"end":{"line":166,"column":5}},"locations":[{"start":{"line":164,"column":26},"end":{"line":166,"column":5}}]},"16":{"type":"branch","line":172,"loc":{"start":{"line":172,"column":27},"end":{"line":174,"column":5}},"locations":[{"start":{"line":172,"column":27},"end":{"line":174,"column":5}}]},"17":{"type":"branch","line":180,"loc":{"start":{"line":180,"column":15},"end":{"line":182,"column":5}},"locations":[{"start":{"line":180,"column":15},"end":{"line":182,"column":5}}]}},"b":{"0":[404],"1":[3],"2":[3],"3":[4],"4":[2],"5":[6],"6":[8],"7":[4],"8":[0],"9":[2],"10":[0],"11":[8],"12":[3],"13":[3],"14":[3],"15":[3],"16":[3],"17":[399]},"fnMap":{"0":{"name":"LPMod","decl":{"start":{"line":9,"column":4},"end":{"line":28,"column":5}},"loc":{"start":{"line":9,"column":4},"end":{"line":28,"column":5}},"line":9},"1":{"name":"toString","decl":{"start":{"line":31,"column":4},"end":{"line":40,"column":5}},"loc":{"start":{"line":31,"column":4},"end":{"line":40,"column":5}},"line":31},"2":{"name":"writeMod","decl":{"start":{"line":42,"column":18},"end":{"line":60,"column":5}},"loc":{"start":{"line":42,"column":18},"end":{"line":60,"column":5}},"line":42},"3":{"name":"loadMod","decl":{"start":{"line":62,"column":4},"end":{"line":64,"column":5}},"loc":{"start":{"line":62,"column":4},"end":{"line":64,"column":5}},"line":62},"4":{"name":"addGlobal","decl":{"start":{"line":66,"column":4},"end":{"line":68,"column":5}},"loc":{"start":{"line":66,"column":4},"end":{"line":68,"column":5}},"line":66},"5":{"name":"getGlobal","decl":{"start":{"line":70,"column":4},"end":{"line":72,"column":5}},"loc":{"start":{"line":70,"column":4},"end":{"line":72,"column":5}},"line":70},"6":{"name":"deleteGlobal","decl":{"start":{"line":74,"column":4},"end":{"line":76,"column":5}},"loc":{"start":{"line":74,"column":4},"end":{"line":76,"column":5}},"line":74},"7":{"name":"addStat","decl":{"start":{"line":78,"column":4},"end":{"line":85,"column":5}},"loc":{"start":{"line":78,"column":4},"end":{"line":85,"column":5}},"line":78},"8":{"name":"removeStat","decl":{"start":{"line":87,"column":4},"end":{"line":89,"column":5}},"loc":{"start":{"line":87,"column":4},"end":{"line":89,"column":5}},"line":87},"9":{"name":"addAction","decl":{"start":{"line":91,"column":4},"end":{"line":98,"column":5}},"loc":{"start":{"line":91,"column":4},"end":{"line":98,"column":5}},"line":91},"10":{"name":"removeAction","decl":{"start":{"line":100,"column":4},"end":{"line":102,"column":5}},"loc":{"start":{"line":100,"column":4},"end":{"line":102,"column":5}},"line":100},"11":{"name":"addScene","decl":{"start":{"line":104,"column":4},"end":{"line":113,"column":5}},"loc":{"start":{"line":104,"column":4},"end":{"line":113,"column":5}},"line":104},"12":{"name":"removeScene","decl":{"start":{"line":115,"column":4},"end":{"line":117,"column":5}},"loc":{"start":{"line":115,"column":4},"end":{"line":117,"column":5}},"line":115},"13":{"name":"addFunction","decl":{"start":{"line":119,"column":4},"end":{"line":126,"column":5}},"loc":{"start":{"line":119,"column":4},"end":{"line":126,"column":5}},"line":119},"14":{"name":"getFunction","decl":{"start":{"line":128,"column":4},"end":{"line":130,"column":5}},"loc":{"start":{"line":128,"column":4},"end":{"line":130,"column":5}},"line":128},"15":{"name":"get MODULE_UNIQUEID","decl":{"start":{"line":132,"column":23},"end":{"line":134,"column":5}},"loc":{"start":{"line":132,"column":23},"end":{"line":134,"column":5}},"line":132},"16":{"name":"set MODULE_UNIQUEID","decl":{"start":{"line":136,"column":23},"end":{"line":138,"column":5}},"loc":{"start":{"line":136,"column":23},"end":{"line":138,"column":5}},"line":136},"17":{"name":"get MODULE_NAME","decl":{"start":{"line":140,"column":19},"end":{"line":142,"column":5}},"loc":{"start":{"line":140,"column":19},"end":{"line":142,"column":5}},"line":140},"18":{"name":"set MODULE_NAME","decl":{"start":{"line":144,"column":19},"end":{"line":146,"column":5}},"loc":{"start":{"line":144,"column":19},"end":{"line":146,"column":5}},"line":144},"19":{"name":"get MODULE_AUTHOR","decl":{"start":{"line":148,"column":21},"end":{"line":150,"column":5}},"loc":{"start":{"line":148,"column":21},"end":{"line":150,"column":5}},"line":148},"20":{"name":"set MODULE_AUTHOR","decl":{"start":{"line":152,"column":21},"end":{"line":154,"column":5}},"loc":{"start":{"line":152,"column":21},"end":{"line":154,"column":5}},"line":152},"21":{"name":"get MODULE_LINK","decl":{"start":{"line":156,"column":19},"end":{"line":158,"column":5}},"loc":{"start":{"line":156,"column":19},"end":{"line":158,"column":5}},"line":156},"22":{"name":"set MODULE_LINK","decl":{"start":{"line":160,"column":19},"end":{"line":162,"column":5}},"loc":{"start":{"line":160,"column":19},"end":{"line":162,"column":5}},"line":160},"23":{"name":"get MODULE_DESCRIPTION","decl":{"start":{"line":164,"column":26},"end":{"line":166,"column":5}},"loc":{"start":{"line":164,"column":26},"end":{"line":166,"column":5}},"line":164},"24":{"name":"set MODULE_DESCRIPTION","decl":{"start":{"line":168,"column":26},"end":{"line":170,"column":5}},"loc":{"start":{"line":168,"column":26},"end":{"line":170,"column":5}},"line":168},"25":{"name":"get MODULE_REQUIREMENTS","decl":{"start":{"line":172,"column":27},"end":{"line":174,"column":5}},"loc":{"start":{"line":172,"column":27},"end":{"line":174,"column":5}},"line":172},"26":{"name":"set MODULE_REQUIREMENTS","decl":{"start":{"line":176,"column":27},"end":{"line":178,"column":5}},"loc":{"start":{"line":176,"column":27},"end":{"line":178,"column":5}},"line":176},"27":{"name":"get modsDir","decl":{"start":{"line":180,"column":15},"end":{"line":182,"column":5}},"loc":{"start":{"line":180,"column":15},"end":{"line":182,"column":5}},"line":180},"28":{"name":"set modsDir","decl":{"start":{"line":184,"column":15},"end":{"line":186,"column":5}},"loc":{"start":{"line":184,"column":15},"end":{"line":186,"column":5}},"line":184}},"f":{"0":404,"1":3,"2":3,"3":0,"4":6,"5":8,"6":0,"7":4,"8":0,"9":2,"10":0,"11":0,"12":0,"13":0,"14":0,"15":8,"16":0,"17":3,"18":0,"19":3,"20":0,"21":3,"22":0,"23":3,"24":0,"25":3,"26":0,"27":399,"28":0}}
,"D:\\projects\\LifePlay.js\\src\\LPStat.js": {"path":"D:\\projects\\LifePlay.js\\src\\LPStat.js","all":false,"statementMap":{"0":{"start":{"line":1,"column":0},"end":{"line":1,"column":33}},"1":{"start":{"line":2,"column":0},"end":{"line":2,"column":28}},"2":{"start":{"line":3,"column":0},"end":{"line":3,"column":32}},"3":{"start":{"line":4,"column":0},"end":{"line":4,"column":57}},"4":{"start":{"line":5,"column":0},"end":{"line":5,"column":0}},"5":{"start":{"line":6,"column":0},"end":{"line":6,"column":14}},"6":{"start":{"line":7,"column":0},"end":{"line":7,"column":155}},"7":{"start":{"line":8,"column":0},"end":{"line":8,"column":44}},"8":{"start":{"line":9,"column":0},"end":{"line":9,"column":38}},"9":{"start":{"line":10,"column":0},"end":{"line":10,"column":48}},"10":{"start":{"line":11,"column":0},"end":{"line":11,"column":78}},"11":{"start":{"line":12,"column":0},"end":{"line":12,"column":79}},"12":{"start":{"line":13,"column":0},"end":{"line":13,"column":0}},"13":{"start":{"line":14,"column":0},"end":{"line":14,"column":36}},"14":{"start":{"line":15,"column":0},"end":{"line":15,"column":36}},"15":{"start":{"line":16,"column":0},"end":{"line":16,"column":47}},"16":{"start":{"line":17,"column":0},"end":{"line":17,"column":68}},"17":{"start":{"line":18,"column":0},"end":{"line":18,"column":99}},"18":{"start":{"line":19,"column":0},"end":{"line":19,"column":99}},"19":{"start":{"line":20,"column":0},"end":{"line":20,"column":109}},"20":{"start":{"line":21,"column":0},"end":{"line":21,"column":114}},"21":{"start":{"line":22,"column":0},"end":{"line":22,"column":44}},"22":{"start":{"line":23,"column":0},"end":{"line":23,"column":38}},"23":{"start":{"line":24,"column":0},"end":{"line":24,"column":0}},"24":{"start":{"line":25,"column":0},"end":{"line":25,"column":31}},"25":{"start":{"line":26,"column":0},"end":{"line":26,"column":35}},"26":{"start":{"line":27,"column":0},"end":{"line":27,"column":39}},"27":{"start":{"line":28,"column":0},"end":{"line":28,"column":43}},"28":{"start":{"line":29,"column":0},"end":{"line":29,"column":33}},"29":{"start":{"line":30,"column":0},"end":{"line":30,"column":33}},"30":{"start":{"line":31,"column":0},"end":{"line":31,"column":41}},"31":{"start":{"line":32,"column":0},"end":{"line":32,"column":43}},"32":{"start":{"line":33,"column":0},"end":{"line":33,"column":33}},"33":{"start":{"line":34,"column":0},"end":{"line":34,"column":31}},"34":{"start":{"line":35,"column":0},"end":{"line":35,"column":33}},"35":{"start":{"line":36,"column":0},"end":{"line":36,"column":5}},"36":{"start":{"line":37,"column":0},"end":{"line":37,"column":0}},"37":{"start":{"line":38,"column":0},"end":{"line":38,"column":16}},"38":{"start":{"line":39,"column":0},"end":{"line":39,"column":16}},"39":{"start":{"line":40,"column":0},"end":{"line":40,"column":39}},"40":{"start":{"line":41,"column":0},"end":{"line":41,"column":43}},"41":{"start":{"line":42,"column":0},"end":{"line":42,"column":47}},"42":{"start":{"line":43,"column":0},"end":{"line":43,"column":51}},"43":{"start":{"line":44,"column":0},"end":{"line":44,"column":41}},"44":{"start":{"line":45,"column":0},"end":{"line":45,"column":41}},"45":{"start":{"line":46,"column":0},"end":{"line":46,"column":49}},"46":{"start":{"line":47,"column":0},"end":{"line":47,"column":51}},"47":{"start":{"line":48,"column":0},"end":{"line":48,"column":41}},"48":{"start":{"line":49,"column":0},"end":{"line":49,"column":22}},"49":{"start":{"line":50,"column":0},"end":{"line":50,"column":5}},"50":{"start":{"line":51,"column":0},"end":{"line":51,"column":0}},"51":{"start":{"line":52,"column":0},"end":{"line":52,"column":19}},"52":{"start":{"line":53,"column":0},"end":{"line":53,"column":42}},"53":{"start":{"line":54,"column":0},"end":{"line":54,"column":65}},"54":{"start":{"line":55,"column":0},"end":{"line":55,"column":38}},"55":{"start":{"line":56,"column":0},"end":{"line":56,"column":72}},"56":{"start":{"line":57,"column":0},"end":{"line":57,"column":70}},"57":{"start":{"line":58,"column":0},"end":{"line":58,"column":54}},"58":{"start":{"line":59,"column":0},"end":{"line":59,"column":5}},"59":{"start":{"line":60,"column":0},"end":{"line":60,"column":0}},"60":{"start":{"line":61,"column":0},"end":{"line":61,"column":20}},"61":{"start":{"line":62,"column":0},"end":{"line":62,"column":0}},"62":{"start":{"line":63,"column":0},"end":{"line":63,"column":5}},"63":{"start":{"line":64,"column":0},"end":{"line":64,"column":0}},"64":{"start":{"line":65,"column":0},"end":{"line":65,"column":19}},"65":{"start":{"line":66,"column":0},"end":{"line":66,"column":28}},"66":{"start":{"line":67,"column":0},"end":{"line":67,"column":5}},"67":{"start":{"line":68,"column":0},"end":{"line":68,"column":0}},"68":{"start":{"line":69,"column":0},"end":{"line":69,"column":24}},"69":{"start":{"line":70,"column":0},"end":{"line":70,"column":29}},"70":{"start":{"line":71,"column":0},"end":{"line":71,"column":5}},"71":{"start":{"line":72,"column":0},"end":{"line":72,"column":0}},"72":{"start":{"line":73,"column":0},"end":{"line":73,"column":21}},"73":{"start":{"line":74,"column":0},"end":{"line":74,"column":30}},"74":{"start":{"line":75,"column":0},"end":{"line":75,"column":5}},"75":{"start":{"line":76,"column":0},"end":{"line":76,"column":0}},"76":{"start":{"line":77,"column":0},"end":{"line":77,"column":26}},"77":{"start":{"line":78,"column":0},"end":{"line":78,"column":31}},"78":{"start":{"line":79,"column":0},"end":{"line":79,"column":5}},"79":{"start":{"line":80,"column":0},"end":{"line":80,"column":0}},"80":{"start":{"line":81,"column":0},"end":{"line":81,"column":23}},"81":{"start":{"line":82,"column":0},"end":{"line":82,"column":32}},"82":{"start":{"line":83,"column":0},"end":{"line":83,"column":5}},"83":{"start":{"line":84,"column":0},"end":{"line":84,"column":0}},"84":{"start":{"line":85,"column":0},"end":{"line":85,"column":28}},"85":{"start":{"line":86,"column":0},"end":{"line":86,"column":33}},"86":{"start":{"line":87,"column":0},"end":{"line":87,"column":5}},"87":{"start":{"line":88,"column":0},"end":{"line":88,"column":0}},"88":{"start":{"line":89,"column":0},"end":{"line":89,"column":25}},"89":{"start":{"line":90,"column":0},"end":{"line":90,"column":34}},"90":{"start":{"line":91,"column":0},"end":{"line":91,"column":5}},"91":{"start":{"line":92,"column":0},"end":{"line":92,"column":0}},"92":{"start":{"line":93,"column":0},"end":{"line":93,"column":30}},"93":{"start":{"line":94,"column":0},"end":{"line":94,"column":35}},"94":{"start":{"line":95,"column":0},"end":{"line":95,"column":5}},"95":{"start":{"line":96,"column":0},"end":{"line":96,"column":0}},"96":{"start":{"line":97,"column":0},"end":{"line":97,"column":20}},"97":{"start":{"line":98,"column":0},"end":{"line":98,"column":29}},"98":{"start":{"line":99,"column":0},"end":{"line":99,"column":5}},"99":{"start":{"line":100,"column":0},"end":{"line":100,"column":0}},"100":{"start":{"line":101,"column":0},"end":{"line":101,"column":25}},"101":{"start":{"line":102,"column":0},"end":{"line":102,"column":30}},"102":{"start":{"line":103,"column":0},"end":{"line":103,"column":5}},"103":{"start":{"line":104,"column":0},"end":{"line":104,"column":0}},"104":{"start":{"line":105,"column":0},"end":{"line":105,"column":20}},"105":{"start":{"line":106,"column":0},"end":{"line":106,"column":29}},"106":{"start":{"line":107,"column":0},"end":{"line":107,"column":5}},"107":{"start":{"line":108,"column":0},"end":{"line":108,"column":0}},"108":{"start":{"line":109,"column":0},"end":{"line":109,"column":25}},"109":{"start":{"line":110,"column":0},"end":{"line":110,"column":30}},"110":{"start":{"line":111,"column":0},"end":{"line":111,"column":5}},"111":{"start":{"line":112,"column":0},"end":{"line":112,"column":0}},"112":{"start":{"line":113,"column":0},"end":{"line":113,"column":24}},"113":{"start":{"line":114,"column":0},"end":{"line":114,"column":33}},"114":{"start":{"line":115,"column":0},"end":{"line":115,"column":5}},"115":{"start":{"line":116,"column":0},"end":{"line":116,"column":0}},"116":{"start":{"line":117,"column":0},"end":{"line":117,"column":29}},"117":{"start":{"line":118,"column":0},"end":{"line":118,"column":34}},"118":{"start":{"line":119,"column":0},"end":{"line":119,"column":5}},"119":{"start":{"line":120,"column":0},"end":{"line":120,"column":0}},"120":{"start":{"line":121,"column":0},"end":{"line":121,"column":25}},"121":{"start":{"line":122,"column":0},"end":{"line":122,"column":34}},"122":{"start":{"line":123,"column":0},"end":{"line":123,"column":5}},"123":{"start":{"line":124,"column":0},"end":{"line":124,"column":0}},"124":{"start":{"line":125,"column":0},"end":{"line":125,"column":30}},"125":{"start":{"line":126,"column":0},"end":{"line":126,"column":35}},"126":{"start":{"line":127,"column":0},"end":{"line":127,"column":5}},"127":{"start":{"line":128,"column":0},"end":{"line":128,"column":0}},"128":{"start":{"line":129,"column":0},"end":{"line":129,"column":20}},"129":{"start":{"line":130,"column":0},"end":{"line":130,"column":29}},"130":{"start":{"line":131,"column":0},"end":{"line":131,"column":5}},"131":{"start":{"line":132,"column":0},"end":{"line":132,"column":0}},"132":{"start":{"line":133,"column":0},"end":{"line":133,"column":25}},"133":{"start":{"line":134,"column":0},"end":{"line":134,"column":30}},"134":{"start":{"line":135,"column":0},"end":{"line":135,"column":5}},"135":{"start":{"line":136,"column":0},"end":{"line":136,"column":0}},"136":{"start":{"line":137,"column":0},"end":{"line":137,"column":19}},"137":{"start":{"line":138,"column":0},"end":{"line":138,"column":28}},"138":{"start":{"line":139,"column":0},"end":{"line":139,"column":5}},"139":{"start":{"line":140,"column":0},"end":{"line":140,"column":0}},"140":{"start":{"line":141,"column":0},"end":{"line":141,"column":24}},"141":{"start":{"line":142,"column":0},"end":{"line":142,"column":29}},"142":{"start":{"line":143,"column":0},"end":{"line":143,"column":5}},"143":{"start":{"line":144,"column":0},"end":{"line":144,"column":0}},"144":{"start":{"line":145,"column":0},"end":{"line":145,"column":20}},"145":{"start":{"line":146,"column":0},"end":{"line":146,"column":29}},"146":{"start":{"line":147,"column":0},"end":{"line":147,"column":5}},"147":{"start":{"line":148,"column":0},"end":{"line":148,"column":0}},"148":{"start":{"line":149,"column":0},"end":{"line":149,"column":25}},"149":{"start":{"line":150,"column":0},"end":{"line":150,"column":30}},"150":{"start":{"line":151,"column":0},"end":{"line":151,"column":5}},"151":{"start":{"line":152,"column":0},"end":{"line":152,"column":1}},"152":{"start":{"line":153,"column":0},"end":{"line":153,"column":0}},"153":{"start":{"line":154,"column":0},"end":{"line":154,"column":23}}},"s":{"0":1,"1":1,"2":1,"3":1,"4":1,"5":1,"6":1,"7":4,"8":4,"9":4,"10":4,"11":4,"12":4,"13":4,"14":4,"15":4,"16":4,"17":4,"18":4,"19":4,"20":4,"21":4,"22":4,"23":4,"24":4,"25":4,"26":4,"27":4,"28":4,"29":4,"30":4,"31":4,"32":4,"33":4,"34":4,"35":4,"36":1,"37":1,"38":4,"39":4,"40":4,"41":4,"42":4,"43":4,"44":4,"45":4,"46":4,"47":4,"48":4,"49":4,"50":1,"51":1,"52":4,"53":4,"54":4,"55":4,"56":4,"57":4,"58":4,"59":1,"60":1,"61":0,"62":0,"63":1,"64":1,"65":20,"66":20,"67":1,"68":1,"69":0,"70":0,"71":1,"72":1,"73":4,"74":4,"75":1,"76":1,"77":0,"78":0,"79":1,"80":1,"81":4,"82":4,"83":1,"84":1,"85":0,"86":0,"87":1,"88":1,"89":4,"90":4,"91":1,"92":1,"93":0,"94":0,"95":1,"96":1,"97":4,"98":4,"99":1,"100":1,"101":0,"102":0,"103":1,"104":1,"105":4,"106":4,"107":1,"108":1,"109":0,"110":0,"111":1,"112":1,"113":4,"114":4,"115":1,"116":1,"117":0,"118":0,"119":1,"120":1,"121":4,"122":4,"123":1,"124":1,"125":0,"126":0,"127":1,"128":1,"129":4,"130":4,"131":1,"132":1,"133":0,"134":0,"135":1,"136":1,"137":8,"138":8,"139":1,"140":1,"141":4,"142":4,"143":1,"144":1,"145":4,"146":4,"147":1,"148":1,"149":0,"150":0,"151":1,"152":1,"153":1},"branchMap":{"0":{"type":"branch","line":7,"loc":{"start":{"line":7,"column":4},"end":{"line":36,"column":5}},"locations":[{"start":{"line":7,"column":4},"end":{"line":36,"column":5}}]},"1":{"type":"branch","line":11,"loc":{"start":{"line":11,"column":26},"end":{"line":11,"column":67}},"locations":[{"start":{"line":11,"column":26},"end":{"line":11,"column":67}}]},"2":{"type":"branch","line":12,"loc":{"start":{"line":12,"column":25},"end":{"line":12,"column":68}},"locations":[{"start":{"line":12,"column":25},"end":{"line":12,"column":68}}]},"3":{"type":"branch","line":38,"loc":{"start":{"line":38,"column":4},"end":{"line":50,"column":5}},"locations":[{"start":{"line":38,"column":4},"end":{"line":50,"column":5}}]},"4":{"type":"branch","line":52,"loc":{"start":{"line":52,"column":15},"end":{"line":59,"column":5}},"locations":[{"start":{"line":52,"column":15},"end":{"line":59,"column":5}}]},"5":{"type":"branch","line":65,"loc":{"start":{"line":65,"column":15},"end":{"line":67,"column":5}},"locations":[{"start":{"line":65,"column":15},"end":{"line":67,"column":5}}]},"6":{"type":"branch","line":73,"loc":{"start":{"line":73,"column":17},"end":{"line":75,"column":5}},"locations":[{"start":{"line":73,"column":17},"end":{"line":75,"column":5}}]},"7":{"type":"branch","line":81,"loc":{"start":{"line":81,"column":19},"end":{"line":83,"column":5}},"locations":[{"start":{"line":81,"column":19},"end":{"line":83,"column":5}}]},"8":{"type":"branch","line":89,"loc":{"start":{"line":89,"column":21},"end":{"line":91,"column":5}},"locations":[{"start":{"line":89,"column":21},"end":{"line":91,"column":5}}]},"9":{"type":"branch","line":97,"loc":{"start":{"line":97,"column":16},"end":{"line":99,"column":5}},"locations":[{"start":{"line":97,"column":16},"end":{"line":99,"column":5}}]},"10":{"type":"branch","line":105,"loc":{"start":{"line":105,"column":16},"end":{"line":107,"column":5}},"locations":[{"start":{"line":105,"column":16},"end":{"line":107,"column":5}}]},"11":{"type":"branch","line":113,"loc":{"start":{"line":113,"column":20},"end":{"line":115,"column":5}},"locations":[{"start":{"line":113,"column":20},"end":{"line":115,"column":5}}]},"12":{"type":"branch","line":121,"loc":{"start":{"line":121,"column":21},"end":{"line":123,"column":5}},"locations":[{"start":{"line":121,"column":21},"end":{"line":123,"column":5}}]},"13":{"type":"branch","line":129,"loc":{"start":{"line":129,"column":16},"end":{"line":131,"column":5}},"locations":[{"start":{"line":129,"column":16},"end":{"line":131,"column":5}}]},"14":{"type":"branch","line":137,"loc":{"start":{"line":137,"column":15},"end":{"line":139,"column":5}},"locations":[{"start":{"line":137,"column":15},"end":{"line":139,"column":5}}]},"15":{"type":"branch","line":141,"loc":{"start":{"line":141,"column":15},"end":{"line":143,"column":5}},"locations":[{"start":{"line":141,"column":15},"end":{"line":143,"column":5}}]},"16":{"type":"branch","line":145,"loc":{"start":{"line":145,"column":16},"end":{"line":147,"column":5}},"locations":[{"start":{"line":145,"column":16},"end":{"line":147,"column":5}}]}},"b":{"0":[4],"1":[12],"2":[4],"3":[4],"4":[4],"5":[20],"6":[4],"7":[4],"8":[4],"9":[4],"10":[4],"11":[4],"12":[4],"13":[4],"14":[8],"15":[4],"16":[4]},"fnMap":{"0":{"name":"LPStat","decl":{"start":{"line":7,"column":4},"end":{"line":36,"column":5}},"loc":{"start":{"line":7,"column":4},"end":{"line":36,"column":5}},"line":7},"1":{"name":"isNumber","decl":{"start":{"line":11,"column":26},"end":{"line":11,"column":67}},"loc":{"start":{"line":11,"column":26},"end":{"line":11,"column":67}},"line":11},"2":{"name":"isFloat","decl":{"start":{"line":12,"column":25},"end":{"line":12,"column":68}},"loc":{"start":{"line":12,"column":25},"end":{"line":12,"column":68}},"line":12},"3":{"name":"toString","decl":{"start":{"line":38,"column":4},"end":{"line":50,"column":5}},"loc":{"start":{"line":38,"column":4},"end":{"line":50,"column":5}},"line":38},"4":{"name":"write","decl":{"start":{"line":52,"column":15},"end":{"line":59,"column":5}},"loc":{"start":{"line":52,"column":15},"end":{"line":59,"column":5}},"line":52},"5":{"name":"load","decl":{"start":{"line":61,"column":4},"end":{"line":63,"column":5}},"loc":{"start":{"line":61,"column":4},"end":{"line":63,"column":5}},"line":61},"6":{"name":"get STAT_ID","decl":{"start":{"line":65,"column":15},"end":{"line":67,"column":5}},"loc":{"start":{"line":65,"column":15},"end":{"line":67,"column":5}},"line":65},"7":{"name":"set STAT_ID","decl":{"start":{"line":69,"column":15},"end":{"line":71,"column":5}},"loc":{"start":{"line":69,"column":15},"end":{"line":71,"column":5}},"line":69},"8":{"name":"get STAT_NAME","decl":{"start":{"line":73,"column":17},"end":{"line":75,"column":5}},"loc":{"start":{"line":73,"column":17},"end":{"line":75,"column":5}},"line":73},"9":{"name":"set STAT_NAME","decl":{"start":{"line":77,"column":17},"end":{"line":79,"column":5}},"loc":{"start":{"line":77,"column":17},"end":{"line":79,"column":5}},"line":77},"10":{"name":"get PLAYER_ONLY","decl":{"start":{"line":81,"column":19},"end":{"line":83,"column":5}},"loc":{"start":{"line":81,"column":19},"end":{"line":83,"column":5}},"line":81},"11":{"name":"set PLAYER_ONLY","decl":{"start":{"line":85,"column":19},"end":{"line":87,"column":5}},"loc":{"start":{"line":85,"column":19},"end":{"line":87,"column":5}},"line":85},"12":{"name":"get HIGHER_BETTER","decl":{"start":{"line":89,"column":21},"end":{"line":91,"column":5}},"loc":{"start":{"line":89,"column":21},"end":{"line":91,"column":5}},"line":89},"13":{"name":"set HIGHER_BETTER","decl":{"start":{"line":93,"column":21},"end":{"line":95,"column":5}},"loc":{"start":{"line":93,"column":21},"end":{"line":95,"column":5}},"line":93},"14":{"name":"get STAT_MIN","decl":{"start":{"line":97,"column":16},"end":{"line":99,"column":5}},"loc":{"start":{"line":97,"column":16},"end":{"line":99,"column":5}},"line":97},"15":{"name":"set STAT_MIN","decl":{"start":{"line":101,"column":16},"end":{"line":103,"column":5}},"loc":{"start":{"line":101,"column":16},"end":{"line":103,"column":5}},"line":101},"16":{"name":"get STAT_MAX","decl":{"start":{"line":105,"column":16},"end":{"line":107,"column":5}},"loc":{"start":{"line":105,"column":16},"end":{"line":107,"column":5}},"line":105},"17":{"name":"set STAT_MAX","decl":{"start":{"line":109,"column":16},"end":{"line":111,"column":5}},"loc":{"start":{"line":109,"column":16},"end":{"line":111,"column":5}},"line":109},"18":{"name":"get DAILY_CHANGE","decl":{"start":{"line":113,"column":20},"end":{"line":115,"column":5}},"loc":{"start":{"line":113,"column":20},"end":{"line":115,"column":5}},"line":113},"19":{"name":"set DAILY_CHANGE","decl":{"start":{"line":117,"column":20},"end":{"line":119,"column":5}},"loc":{"start":{"line":117,"column":20},"end":{"line":119,"column":5}},"line":117},"20":{"name":"get DEFAULT_VALUE","decl":{"start":{"line":121,"column":21},"end":{"line":123,"column":5}},"loc":{"start":{"line":121,"column":21},"end":{"line":123,"column":5}},"line":121},"21":{"name":"set DEFAULT_VALUE","decl":{"start":{"line":125,"column":21},"end":{"line":127,"column":5}},"loc":{"start":{"line":125,"column":21},"end":{"line":127,"column":5}},"line":125},"22":{"name":"get NPC_ONLY","decl":{"start":{"line":129,"column":16},"end":{"line":131,"column":5}},"loc":{"start":{"line":129,"column":16},"end":{"line":131,"column":5}},"line":129},"23":{"name":"set NPC_ONLY","decl":{"start":{"line":133,"column":16},"end":{"line":135,"column":5}},"loc":{"start":{"line":133,"column":16},"end":{"line":135,"column":5}},"line":133},"24":{"name":"get modsDir","decl":{"start":{"line":137,"column":15},"end":{"line":139,"column":5}},"loc":{"start":{"line":137,"column":15},"end":{"line":139,"column":5}},"line":137},"25":{"name":"set modsDir","decl":{"start":{"line":141,"column":15},"end":{"line":143,"column":5}},"loc":{"start":{"line":141,"column":15},"end":{"line":143,"column":5}},"line":141},"26":{"name":"get filePath","decl":{"start":{"line":145,"column":16},"end":{"line":147,"column":5}},"loc":{"start":{"line":145,"column":16},"end":{"line":147,"column":5}},"line":145},"27":{"name":"set filePath","decl":{"start":{"line":149,"column":16},"end":{"line":151,"column":5}},"loc":{"start":{"line":149,"column":16},"end":{"line":151,"column":5}},"line":149}},"f":{"0":4,"1":12,"2":4,"3":4,"4":4,"5":0,"6":20,"7":0,"8":4,"9":0,"10":4,"11":0,"12":4,"13":0,"14":4,"15":0,"16":4,"17":0,"18":4,"19":0,"20":4,"21":0,"22":4,"23":0,"24":8,"25":4,"26":4,"27":0}}
,"D:\\projects\\LifePlay.js\\src\\core\\Context.js": {"path":"D:\\projects\\LifePlay.js\\src\\core\\Context.js","all":false,"statementMap":{"0":{"start":{"line":1,"column":0},"end":{"line":1,"column":32}},"1":{"start":{"line":2,"column":0},"end":{"line":2,"column":33}},"2":{"start":{"line":3,"column":0},"end":{"line":3,"column":28}},"3":{"start":{"line":4,"column":0},"end":{"line":4,"column":33}},"4":{"start":{"line":5,"column":0},"end":{"line":5,"column":0}},"5":{"start":{"line":6,"column":0},"end":{"line":6,"column":79}},"6":{"start":{"line":7,"column":0},"end":{"line":7,"column":0}},"7":{"start":{"line":8,"column":0},"end":{"line":8,"column":17}},"8":{"start":{"line":9,"column":0},"end":{"line":9,"column":27}},"9":{"start":{"line":10,"column":0},"end":{"line":10,"column":0}},"10":{"start":{"line":11,"column":0},"end":{"line":11,"column":44}},"11":{"start":{"line":12,"column":0},"end":{"line":12,"column":48}},"12":{"start":{"line":13,"column":0},"end":{"line":13,"column":46}},"13":{"start":{"line":14,"column":0},"end":{"line":14,"column":46}},"14":{"start":{"line":15,"column":0},"end":{"line":15,"column":48}},"15":{"start":{"line":16,"column":0},"end":{"line":16,"column":31}},"16":{"start":{"line":17,"column":0},"end":{"line":17,"column":34}},"17":{"start":{"line":18,"column":0},"end":{"line":18,"column":0}},"18":{"start":{"line":19,"column":0},"end":{"line":19,"column":32}},"19":{"start":{"line":20,"column":0},"end":{"line":20,"column":26}},"20":{"start":{"line":21,"column":0},"end":{"line":21,"column":23}},"21":{"start":{"line":22,"column":0},"end":{"line":22,"column":27}},"22":{"start":{"line":23,"column":0},"end":{"line":23,"column":28}},"23":{"start":{"line":24,"column":0},"end":{"line":24,"column":24}},"24":{"start":{"line":25,"column":0},"end":{"line":25,"column":27}},"25":{"start":{"line":26,"column":0},"end":{"line":26,"column":5}},"26":{"start":{"line":27,"column":0},"end":{"line":27,"column":0}},"27":{"start":{"line":28,"column":0},"end":{"line":28,"column":16}},"28":{"start":{"line":29,"column":0},"end":{"line":29,"column":26}},"29":{"start":{"line":30,"column":0},"end":{"line":30,"column":30}},"30":{"start":{"line":31,"column":0},"end":{"line":31,"column":31}},"31":{"start":{"line":32,"column":0},"end":{"line":32,"column":27}},"32":{"start":{"line":33,"column":0},"end":{"line":33,"column":8}},"33":{"start":{"line":34,"column":0},"end":{"line":34,"column":0}},"34":{"start":{"line":35,"column":0},"end":{"line":35,"column":21}},"35":{"start":{"line":36,"column":0},"end":{"line":36,"column":57}},"36":{"start":{"line":37,"column":0},"end":{"line":37,"column":42}},"37":{"start":{"line":38,"column":0},"end":{"line":38,"column":51}},"38":{"start":{"line":39,"column":0},"end":{"line":39,"column":52}},"39":{"start":{"line":40,"column":0},"end":{"line":40,"column":61}},"40":{"start":{"line":41,"column":0},"end":{"line":41,"column":5}},"41":{"start":{"line":42,"column":0},"end":{"line":42,"column":0}},"42":{"start":{"line":43,"column":0},"end":{"line":43,"column":34}},"43":{"start":{"line":44,"column":0},"end":{"line":44,"column":86}},"44":{"start":{"line":45,"column":0},"end":{"line":45,"column":41}},"45":{"start":{"line":46,"column":0},"end":{"line":46,"column":22}},"46":{"start":{"line":47,"column":0},"end":{"line":47,"column":36}},"47":{"start":{"line":48,"column":0},"end":{"line":48,"column":18}},"48":{"start":{"line":49,"column":0},"end":{"line":49,"column":9}},"49":{"start":{"line":50,"column":0},"end":{"line":50,"column":27}},"50":{"start":{"line":51,"column":0},"end":{"line":51,"column":16}},"51":{"start":{"line":52,"column":0},"end":{"line":52,"column":27}},"52":{"start":{"line":53,"column":0},"end":{"line":53,"column":0}},"53":{"start":{"line":54,"column":0},"end":{"line":54,"column":52}},"54":{"start":{"line":55,"column":0},"end":{"line":55,"column":0}},"55":{"start":{"line":56,"column":0},"end":{"line":56,"column":35}},"56":{"start":{"line":57,"column":0},"end":{"line":57,"column":34}},"57":{"start":{"line":58,"column":0},"end":{"line":58,"column":31}},"58":{"start":{"line":59,"column":0},"end":{"line":59,"column":29}},"59":{"start":{"line":60,"column":0},"end":{"line":60,"column":31}},"60":{"start":{"line":61,"column":0},"end":{"line":61,"column":27}},"61":{"start":{"line":62,"column":0},"end":{"line":62,"column":9}},"62":{"start":{"line":63,"column":0},"end":{"line":63,"column":48}},"63":{"start":{"line":64,"column":0},"end":{"line":64,"column":90}},"64":{"start":{"line":65,"column":0},"end":{"line":65,"column":49}},"65":{"start":{"line":66,"column":0},"end":{"line":66,"column":31}},"66":{"start":{"line":67,"column":0},"end":{"line":67,"column":20}},"67":{"start":{"line":68,"column":0},"end":{"line":68,"column":31}},"68":{"start":{"line":69,"column":0},"end":{"line":69,"column":62}},"69":{"start":{"line":70,"column":0},"end":{"line":70,"column":9}},"70":{"start":{"line":71,"column":0},"end":{"line":71,"column":0}},"71":{"start":{"line":72,"column":0},"end":{"line":72,"column":58}},"72":{"start":{"line":73,"column":0},"end":{"line":73,"column":5}},"73":{"start":{"line":74,"column":0},"end":{"line":74,"column":0}},"74":{"start":{"line":75,"column":0},"end":{"line":75,"column":37}},"75":{"start":{"line":76,"column":0},"end":{"line":76,"column":68}},"76":{"start":{"line":77,"column":0},"end":{"line":77,"column":27}},"77":{"start":{"line":78,"column":0},"end":{"line":78,"column":16}},"78":{"start":{"line":79,"column":0},"end":{"line":79,"column":27}},"79":{"start":{"line":80,"column":0},"end":{"line":80,"column":34}},"80":{"start":{"line":81,"column":0},"end":{"line":81,"column":5}},"81":{"start":{"line":82,"column":0},"end":{"line":82,"column":27}},"82":{"start":{"line":83,"column":0},"end":{"line":83,"column":47}},"83":{"start":{"line":84,"column":0},"end":{"line":84,"column":94}},"84":{"start":{"line":85,"column":0},"end":{"line":85,"column":10}},"85":{"start":{"line":86,"column":0},"end":{"line":86,"column":118}},"86":{"start":{"line":87,"column":0},"end":{"line":87,"column":26}},"87":{"start":{"line":88,"column":0},"end":{"line":88,"column":5}},"88":{"start":{"line":89,"column":0},"end":{"line":89,"column":21}},"89":{"start":{"line":90,"column":0},"end":{"line":90,"column":53}},"90":{"start":{"line":91,"column":0},"end":{"line":91,"column":28}},"91":{"start":{"line":92,"column":0},"end":{"line":92,"column":5}},"92":{"start":{"line":93,"column":0},"end":{"line":93,"column":7}},"93":{"start":{"line":94,"column":0},"end":{"line":94,"column":156}},"94":{"start":{"line":95,"column":0},"end":{"line":95,"column":39}},"95":{"start":{"line":96,"column":0},"end":{"line":96,"column":39}},"96":{"start":{"line":97,"column":0},"end":{"line":97,"column":73}},"97":{"start":{"line":98,"column":0},"end":{"line":98,"column":24}},"98":{"start":{"line":99,"column":0},"end":{"line":99,"column":7}},"99":{"start":{"line":100,"column":0},"end":{"line":100,"column":34}},"100":{"start":{"line":101,"column":0},"end":{"line":101,"column":51}},"101":{"start":{"line":102,"column":0},"end":{"line":102,"column":59}},"102":{"start":{"line":103,"column":0},"end":{"line":103,"column":80}},"103":{"start":{"line":104,"column":0},"end":{"line":104,"column":5}},"104":{"start":{"line":105,"column":0},"end":{"line":105,"column":27}},"105":{"start":{"line":106,"column":0},"end":{"line":106,"column":32}},"106":{"start":{"line":107,"column":0},"end":{"line":107,"column":27}},"107":{"start":{"line":108,"column":0},"end":{"line":108,"column":16}},"108":{"start":{"line":109,"column":0},"end":{"line":109,"column":27}},"109":{"start":{"line":110,"column":0},"end":{"line":110,"column":35}},"110":{"start":{"line":111,"column":0},"end":{"line":111,"column":5}},"111":{"start":{"line":112,"column":0},"end":{"line":112,"column":30}},"112":{"start":{"line":113,"column":0},"end":{"line":113,"column":129}},"113":{"start":{"line":114,"column":0},"end":{"line":114,"column":8}},"114":{"start":{"line":115,"column":0},"end":{"line":115,"column":38}},"115":{"start":{"line":116,"column":0},"end":{"line":116,"column":39}},"116":{"start":{"line":117,"column":0},"end":{"line":117,"column":37}},"117":{"start":{"line":118,"column":0},"end":{"line":118,"column":37}},"118":{"start":{"line":119,"column":0},"end":{"line":119,"column":37}},"119":{"start":{"line":120,"column":0},"end":{"line":120,"column":37}},"120":{"start":{"lin
[...]
,"D:\\projects\\LifePlay.js\\src\\core\\objects\\LPString.js": {"path":"D:\\projects\\LifePlay.js\\src\\core\\objects\\LPString.js","all":false,"statementMap":{"0":{"start":{"line":1,"column":0},"end":{"line":1,"column":40}},"1":{"start":{"line":2,"column":0},"end":{"line":2,"column":42}},"2":{"start":{"line":3,"column":0},"end":{"line":3,"column":0}},"3":{"start":{"line":4,"column":0},"end":{"line":4,"column":35}},"4":{"start":{"line":5,"column":0},"end":{"line":5,"column":0}},"5":{"start":{"line":6,"column":0},"end":{"line":6,"column":7}},"6":{"start":{"line":7,"column":0},"end":{"line":7,"column":39}},"7":{"start":{"line":8,"column":0},"end":{"line":8,"column":35}},"8":{"start":{"line":9,"column":0},"end":{"line":9,"column":25}},"9":{"start":{"line":10,"column":0},"end":{"line":10,"column":7}},"10":{"start":{"line":11,"column":0},"end":{"line":11,"column":17}},"11":{"start":{"line":12,"column":0},"end":{"line":12,"column":34}},"12":{"start":{"line":13,"column":0},"end":{"line":13,"column":38}},"13":{"start":{"line":14,"column":0},"end":{"line":14,"column":43}},"14":{"start":{"line":15,"column":0},"end":{"line":15,"column":67}},"15":{"start":{"line":16,"column":0},"end":{"line":16,"column":9}},"16":{"start":{"line":17,"column":0},"end":{"line":17,"column":39}},"17":{"start":{"line":18,"column":0},"end":{"line":18,"column":59}},"18":{"start":{"line":19,"column":0},"end":{"line":19,"column":5}},"19":{"start":{"line":20,"column":0},"end":{"line":20,"column":0}},"20":{"start":{"line":21,"column":0},"end":{"line":21,"column":7}},"21":{"start":{"line":22,"column":0},"end":{"line":22,"column":67}},"22":{"start":{"line":23,"column":0},"end":{"line":23,"column":43}},"23":{"start":{"line":24,"column":0},"end":{"line":24,"column":60}},"24":{"start":{"line":25,"column":0},"end":{"line":25,"column":26}},"25":{"start":{"line":26,"column":0},"end":{"line":26,"column":7}},"26":{"start":{"line":27,"column":0},"end":{"line":27,"column":43}},"27":{"start":{"line":28,"column":0},"end":{"line":28,"column":40}},"28":{"start":{"line":29,"column":0},"end":{"line":29,"column":64}},"29":{"start":{"line":30,"column":0},"end":{"line":30,"column":62}},"30":{"start":{"line":31,"column":0},"end":{"line":31,"column":19}},"31":{"start":{"line":32,"column":0},"end":{"line":32,"column":61}},"32":{"start":{"line":33,"column":0},"end":{"line":33,"column":100}},"33":{"start":{"line":34,"column":0},"end":{"line":34,"column":9}},"34":{"start":{"line":35,"column":0},"end":{"line":35,"column":90}},"35":{"start":{"line":36,"column":0},"end":{"line":36,"column":5}},"36":{"start":{"line":37,"column":0},"end":{"line":37,"column":0}},"37":{"start":{"line":38,"column":0},"end":{"line":38,"column":7}},"38":{"start":{"line":39,"column":0},"end":{"line":39,"column":52}},"39":{"start":{"line":40,"column":0},"end":{"line":40,"column":35}},"40":{"start":{"line":41,"column":0},"end":{"line":41,"column":60}},"41":{"start":{"line":42,"column":0},"end":{"line":42,"column":26}},"42":{"start":{"line":43,"column":0},"end":{"line":43,"column":7}},"43":{"start":{"line":44,"column":0},"end":{"line":44,"column":31}},"44":{"start":{"line":45,"column":0},"end":{"line":45,"column":36}},"45":{"start":{"line":46,"column":0},"end":{"line":46,"column":41}},"46":{"start":{"line":47,"column":0},"end":{"line":47,"column":60}},"47":{"start":{"line":48,"column":0},"end":{"line":48,"column":19}},"48":{"start":{"line":49,"column":0},"end":{"line":49,"column":61}},"49":{"start":{"line":50,"column":0},"end":{"line":50,"column":100}},"50":{"start":{"line":51,"column":0},"end":{"line":51,"column":9}},"51":{"start":{"line":52,"column":0},"end":{"line":52,"column":90}},"52":{"start":{"line":53,"column":0},"end":{"line":53,"column":5}},"53":{"start":{"line":54,"column":0},"end":{"line":54,"column":1}},"54":{"start":{"line":55,"column":0},"end":{"line":55,"column":0}},"55":{"start":{"line":56,"column":0},"end":{"line":56,"column":25}}},"s":{"0":1,"1":1,"2":1,"3":1,"4":1,"5":1,"6":1,"7":1,"8":1,"9":1,"10":1,"11":2,"12":2,"13":1,"14":1,"15":1,"16":1,"17":1,"18":1,"19":1,"20":1,"21":1,"22":1,"23":1,"24":1,"25":1,"26":1,"27":2,"28":2,"29":2,"30":2,"31":1,"32":1,"33":1,"34":1,"35":1,"36":19,"37":19,"38":19,"39":19,"40":19,"41":19,"42":19,"43":19,"44":2,"45":2,"46":2,"47":2,"48":1,"49":1,"50":1,"51":1,"52":1,"53":1,"54":1,"55":1},"branchMap":{"0":{"type":"branch","line":11,"loc":{"start":{"line":11,"column":4},"end":{"line":19,"column":5}},"locations":[{"start":{"line":11,"column":4},"end":{"line":19,"column":5}}]},"1":{"type":"branch","line":13,"loc":{"start":{"line":13,"column":37},"end":{"line":19,"column":5}},"locations":[{"start":{"line":13,"column":37},"end":{"line":19,"column":5}}]},"2":{"type":"branch","line":27,"loc":{"start":{"line":27,"column":4},"end":{"line":53,"column":5}},"locations":[{"start":{"line":27,"column":4},"end":{"line":53,"column":5}}]},"3":{"type":"branch","line":27,"loc":{"start":{"line":27,"column":19},"end":{"line":36,"column":5}},"locations":[{"start":{"line":27,"column":19},"end":{"line":36,"column":5}}]},"4":{"type":"branch","line":29,"loc":{"start":{"line":29,"column":20},"end":{"line":29,"column":64}},"locations":[{"start":{"line":29,"column":20},"end":{"line":29,"column":64}}]},"5":{"type":"branch","line":31,"loc":{"start":{"line":31,"column":18},"end":{"line":36,"column":5}},"locations":[{"start":{"line":31,"column":18},"end":{"line":36,"column":5}}]},"6":{"type":"branch","line":44,"loc":{"start":{"line":44,"column":15},"end":{"line":53,"column":5}},"locations":[{"start":{"line":44,"column":15},"end":{"line":53,"column":5}}]},"7":{"type":"branch","line":48,"loc":{"start":{"line":48,"column":18},"end":{"line":53,"column":5}},"locations":[{"start":{"line":48,"column":18},"end":{"line":53,"column":5}}]}},"b":{"0":[2],"1":[1],"2":[19],"3":[2],"4":[1],"5":[1],"6":[2],"7":[1]},"fnMap":{"0":{"name":"assign","decl":{"start":{"line":11,"column":4},"end":{"line":19,"column":5}},"loc":{"start":{"line":11,"column":4},"end":{"line":19,"column":5}},"line":11},"1":{"name":"<instance_members_initializer>","decl":{"start":{"line":27,"column":4},"end":{"line":53,"column":5}},"loc":{"start":{"line":27,"column":4},"end":{"line":53,"column":5}},"line":27},"2":{"name":"isSameString","decl":{"start":{"line":27,"column":19},"end":{"line":36,"column":5}},"loc":{"start":{"line":27,"column":19},"end":{"line":36,"column":5}},"line":27},"3":{"name":"isString","decl":{"start":{"line":44,"column":15},"end":{"line":53,"column":5}},"loc":{"start":{"line":44,"column":15},"end":{"line":53,"column":5}},"line":44}},"f":{"0":2,"1":19,"2":2,"3":2}}
,"D:\\projects\\LifePlay.js\\src\\core\\objects\\LPTalk.js": {"path":"D:\\projects\\LifePlay.js\\src\\core\\objects\\LPTalk.js","all":false,"statementMap":{"0":{"start":{"line":1,"column":0},"end":{"line":1,"column":38}},"1":{"start":{"line":2,"column":0},"end":{"line":2,"column":38}},"2":{"start":{"line":3,"column":0},"end":{"line":3,"column":36}},"3":{"start":{"line":4,"column":0},"end":{"line":4,"column":0}},"4":{"start":{"line":5,"column":0},"end":{"line":5,"column":48}},"5":{"start":{"line":6,"column":0},"end":{"line":6,"column":15}},"6":{"start":{"line":7,"column":0},"end":{"line":7,"column":31}},"7":{"start":{"line":8,"column":0},"end":{"line":8,"column":5}},"8":{"start":{"line":9,"column":0},"end":{"line":9,"column":0}},"9":{"start":{"line":10,"column":0},"end":{"line":10,"column":16}},"10":{"start":{"line":11,"column":0},"end":{"line":11,"column":31}},"11":{"start":{"line":12,"column":0},"end":{"line":12,"column":5}},"12":{"start":{"line":13,"column":0},"end":{"line":13,"column":1}}},"s":{"0":1,"1":1,"2":1,"3":1,"4":1,"5":1,"6":0,"7":0,"8":1,"9":1,"10":0,"11":0,"12":1},"branchMap":{},"b":{},"fnMap":{"0":{"name":"tag","decl":{"start":{"line":6,"column":4},"end":{"line":8,"column":5}},"loc":{"start":{"line":6,"column":4},"end":{"line":8,"column":5}},"line":6},"1":{"name":"isIncest","decl":{"start":{"line":10,"column":4},"end":{"line":12,"column":5}},"loc":{"start":{"line":10,"column":4},"end":{"line":12,"column":5}},"line":10}},"f":{"0":0,"1":0}}
,"D:\\projects\\LifePlay.js\\src\\core\\objects\\LPVariable.js": {"path":"D:\\projects\\LifePlay.js\\src\\core\\objects\\LPVariable.js","all":false,"statementMap":{"0":{"start":{"line":1,"column":0},"end":{"line":1,"column":38}},"1":{"start":{"line":2,"column":0},"end":{"line":2,"column":52}},"2":{"start":{"line":3,"column":0},"end":{"line":3,"column":7}},"3":{"start":{"line":4,"column":0},"end":{"line":4,"column":39}},"4":{"start":{"line":5,"column":0},"end":{"line":5,"column":50}},"5":{"start":{"line":6,"column":0},"end":{"line":6,"column":27}},"6":{"start":{"line":7,"column":0},"end":{"line":7,"column":7}},"7":{"start":{"line":8,"column":0},"end":{"line":8,"column":17}},"8":{"start":{"line":9,"column":0},"end":{"line":9,"column":54}},"9":{"start":{"line":10,"column":0},"end":{"line":10,"column":50}},"10":{"start":{"line":11,"column":0},"end":{"line":11,"column":39}},"11":{"start":{"line":12,"column":0},"end":{"line":12,"column":48}},"12":{"start":{"line":13,"column":0},"end":{"line":13,"column":55}},"13":{"start":{"line":14,"column":0},"end":{"line":14,"column":68}},"14":{"start":{"line":15,"column":0},"end":{"line":15,"column":0}},"15":{"start":{"line":16,"column":0},"end":{"line":16,"column":70}},"16":{"start":{"line":17,"column":0},"end":{"line":17,"column":104}},"17":{"start":{"line":18,"column":0},"end":{"line":18,"column":0}},"18":{"start":{"line":19,"column":0},"end":{"line":19,"column":62}},"19":{"start":{"line":20,"column":0},"end":{"line":20,"column":90}},"20":{"start":{"line":21,"column":0},"end":{"line":21,"column":0}},"21":{"start":{"line":22,"column":0},"end":{"line":22,"column":59}},"22":{"start":{"line":23,"column":0},"end":{"line":23,"column":120}},"23":{"start":{"line":24,"column":0},"end":{"line":24,"column":0}},"24":{"start":{"line":25,"column":0},"end":{"line":25,"column":9}},"25":{"start":{"line":26,"column":0},"end":{"line":26,"column":0}},"26":{"start":{"line":27,"column":0},"end":{"line":27,"column":131}},"27":{"start":{"line":28,"column":0},"end":{"line":28,"column":77}},"28":{"start":{"line":29,"column":0},"end":{"line":29,"column":22}},"29":{"start":{"line":30,"column":0},"end":{"line":30,"column":5}},"30":{"start":{"line":31,"column":0},"end":{"line":31,"column":0}},"31":{"start":{"line":32,"column":0},"end":{"line":32,"column":32}},"32":{"start":{"line":33,"column":0},"end":{"line":33,"column":55}},"33":{"start":{"line":34,"column":0},"end":{"line":34,"column":19}},"34":{"start":{"line":35,"column":0},"end":{"line":35,"column":61}},"35":{"start":{"line":36,"column":0},"end":{"line":36,"column":123}},"36":{"start":{"line":37,"column":0},"end":{"line":37,"column":9}},"37":{"start":{"line":38,"column":0},"end":{"line":38,"column":138}},"38":{"start":{"line":39,"column":0},"end":{"line":39,"column":5}},"39":{"start":{"line":40,"column":0},"end":{"line":40,"column":0}},"40":{"start":{"line":41,"column":0},"end":{"line":41,"column":24}},"41":{"start":{"line":42,"column":0},"end":{"line":42,"column":61}},"42":{"start":{"line":43,"column":0},"end":{"line":43,"column":19}},"43":{"start":{"line":44,"column":0},"end":{"line":44,"column":5}},"44":{"start":{"line":45,"column":0},"end":{"line":45,"column":0}},"45":{"start":{"line":46,"column":0},"end":{"line":46,"column":26}},"46":{"start":{"line":47,"column":0},"end":{"line":47,"column":47}},"47":{"start":{"line":48,"column":0},"end":{"line":48,"column":8}},"48":{"start":{"line":49,"column":0},"end":{"line":49,"column":6}},"49":{"start":{"line":50,"column":0},"end":{"line":50,"column":35}},"50":{"start":{"line":51,"column":0},"end":{"line":51,"column":47}},"51":{"start":{"line":52,"column":0},"end":{"line":52,"column":8}},"52":{"start":{"line":53,"column":0},"end":{"line":53,"column":1}}},"s":{"0":1,"1":1,"2":1,"3":1,"4":1,"5":1,"6":1,"7":1,"8":25,"9":25,"10":25,"11":25,"12":25,"13":25,"14":25,"15":25,"16":2,"17":2,"18":23,"19":1,"20":1,"21":22,"22":1,"23":1,"24":1,"25":21,"26":25,"27":25,"28":25,"29":25,"30":1,"31":1,"32":10,"33":10,"34":1,"35":1,"36":1,"37":9,"38":9,"39":1,"40":1,"41":4,"42":4,"43":4,"44":1,"45":1,"46":1,"47":1,"48":1,"49":1,"50":1,"51":1,"52":1},"branchMap":{"0":{"type":"branch","line":8,"loc":{"start":{"line":8,"column":4},"end":{"line":30,"column":5}},"locations":[{"start":{"line":8,"column":4},"end":{"line":30,"column":5}}]},"1":{"type":"branch","line":13,"loc":{"start":{"line":13,"column":35},"end":{"line":13,"column":55}},"locations":[{"start":{"line":13,"column":35},"end":{"line":13,"column":55}}]},"2":{"type":"branch","line":14,"loc":{"start":{"line":14,"column":37},"end":{"line":14,"column":68}},"locations":[{"start":{"line":14,"column":37},"end":{"line":14,"column":68}}]},"3":{"type":"branch","line":16,"loc":{"start":{"line":16,"column":20},"end":{"line":16,"column":37}},"locations":[{"start":{"line":16,"column":20},"end":{"line":16,"column":37}}]},"4":{"type":"branch","line":16,"loc":{"start":{"line":16,"column":12},"end":{"line":16,"column":39}},"locations":[{"start":{"line":16,"column":12},"end":{"line":16,"column":39}}]},"5":{"type":"branch","line":16,"loc":{"start":{"line":16,"column":50},"end":{"line":16,"column":69}},"locations":[{"start":{"line":16,"column":50},"end":{"line":16,"column":69}}]},"6":{"type":"branch","line":16,"loc":{"start":{"line":16,"column":69},"end":{"line":25,"column":9}},"locations":[{"start":{"line":16,"column":69},"end":{"line":25,"column":9}}]},"7":{"type":"branch","line":16,"loc":{"start":{"line":16,"column":69},"end":{"line":19,"column":15}},"locations":[{"start":{"line":16,"column":69},"end":{"line":19,"column":15}}]},"8":{"type":"branch","line":19,"loc":{"start":{"line":19,"column":19},"end":{"line":19,"column":43}},"locations":[{"start":{"line":19,"column":19},"end":{"line":19,"column":43}}]},"9":{"type":"branch","line":19,"loc":{"start":{"line":19,"column":19},"end":{"line":19,"column":61}},"locations":[{"start":{"line":19,"column":19},"end":{"line":19,"column":61}}]},"10":{"type":"branch","line":19,"loc":{"start":{"line":19,"column":61},"end":{"line":25,"column":9}},"locations":[{"start":{"line":19,"column":61},"end":{"line":25,"column":9}}]},"11":{"type":"branch","line":19,"loc":{"start":{"line":19,"column":61},"end":{"line":22,"column":15}},"locations":[{"start":{"line":19,"column":61},"end":{"line":22,"column":15}}]},"12":{"type":"branch","line":22,"loc":{"start":{"line":22,"column":19},"end":{"line":22,"column":43}},"locations":[{"start":{"line":22,"column":19},"end":{"line":22,"column":43}}]},"13":{"type":"branch","line":22,"loc":{"start":{"line":22,"column":19},"end":{"line":22,"column":58}},"locations":[{"start":{"line":22,"column":19},"end":{"line":22,"column":58}}]},"14":{"type":"branch","line":22,"loc":{"start":{"line":22,"column":58},"end":{"line":25,"column":9}},"locations":[{"start":{"line":22,"column":58},"end":{"line":25,"column":9}}]},"15":{"type":"branch","line":26,"loc":{"start":{"line":26,"column":-2},"end":{"line":27,"column":113}},"locations":[{"start":{"line":26,"column":-2},"end":{"line":27,"column":113}}]},"16":{"type":"branch","line":27,"loc":{"start":{"line":27,"column":98},"end":{"line":27,"column":113}},"locations":[{"start":{"line":27,"column":98},"end":{"line":27,"column":113}}]},"17":{"type":"branch","line":28,"loc":{"start":{"line":28,"column":52},"end":{"line":28,"column":75}},"locations":[{"start":{"line":28,"column":52},"end":{"line":28,"column":75}}]},"18":{"type":"branch","line":32,"loc":{"start":{"line":32,"column":4},"end":{"line":39,"column":5}},"locations":[{"start":{"line":32,"column":4},"end":{"line":39,"column":5}}]},"19":{"type":"branch","line":32,"loc":{"start":{"line":32,"column":15},"end":{"line":39,"column":5}},"locations":[{"start":{"line":32,"column":15},"end":{"line":39,"column":5}}]},"20":{"type":"branch","line":34,"loc":{"start":{"line":34,"column":18},"end":{"line":37,"column":9}},"locations":[{"start":{"line":34,"column":18},"end":{"line":37,"column":9}}]},"21":{"type":"branch","line":38,"loc":{"start":{"line":38,"column":-2},"end":{"line":39,"column":5}},"locations":[{"start":{"line":38,"column":-2},"end":{"line":39,"column":5}}]},"22":{"type":"branch","line":41,"loc":{"start":{"line":41,"column":4},"end":{"line":44,"column":5}},"locations":[{"start":{"line":41,"column":4},"end":{"line":44,"column":5}}]}},"b":{"0":[25],"1":[24],"2":[24],"3":[24],"4":[23],"5":[21],"6":[23],"7":[2],"8":[1],"9":[1],"10":[22],"11":[1],"12":[1],"13":[1],"14":[1],"15":[21],"16":[15],"17":[2],"18":[54706],"19":[10],"20":[1],"21":[9],"22":[4]},"fnMap":{"0":{"name":"assign","decl":{"start":{"line":8,"column":4},"end":{"line":30,"column":5}},"loc":{"start":{"line":8,"column":4},"end":{"line":30,"column":5}},"line":8},"1":{"name":"<instance_members_initializer>","decl":{"start":{"line":32,"column":4},"end":{"line":39,"column":5}},"loc":{"start":{"line":32,"column":4},"end":{"line":39,"column":5}},"line":32},"2":{"name":"_enclose","decl":{"start":{"line":32,"column":15},"end":{"line":39,"column":5}},"loc":{"start":{"line":32,"column":15},"end":{"line":39,"column":5}},"line":32},"3":{"name":"write","decl":{"start":{"line":41,"column":4},"end":{"line":44,"column":5}},"loc":{"start":{"line":41,"column":4},"end":{"line":44,"column":5}},"line":41}},"f":{"0":25,"1":54706,"2":10,"3":4}}
,"D:\\projects\\LifePlay.js\\src\\libs\\ensureDirectory.js": {"path":"D:\\projects\\LifePlay.js\\src\\libs\\ensureDirectory.js","all":false,"statementMap":{"0":{"start":{"line":1,"column":0},"end":{"line":1,"column":33}},"1":{"start":{"line":2,"column":0},"end":{"line":2,"column":79}},"2":{"start":{"line":3,"column":0},"end":{"line":3,"column":32}}},"s":{"0":1,"1":1,"2":1},"branchMap":{"0":{"type":"branch","line":2,"loc":{"start":{"line":2,"column":24},"end":{"line":2,"column":45}},"locations":[{"start":{"line":2,"column":24},"end":{"line":2,"column":45}}]}},"b":{"0":[394]},"fnMap":{"0":{"name":"ensureDirectory","decl":{"start":{"line":2,"column":24},"end":{"line":2,"column":45}},"loc":{"start":{"line":2,"column":24},"end":{"line":2,"column":45}},"line":2}},"f":{"0":394}}
}
