{"total": {"lines":{"total":5747,"covered":5530,"skipped":0,"pct":96.22},"statements":{"total":5747,"covered":5530,"skipped":0,"pct":96.22},"functions":{"total":644,"covered":578,"skipped":0,"pct":89.75},"branches":{"total":839,"covered":810,"skipped":0,"pct":96.54}}
,"D:\\projects\\LifePlay.js\\src\\core\\Context.js": {"lines":{"total":279,"covered":245,"skipped":0,"pct":87.81},"functions":{"total":26,"covered":20,"skipped":0,"pct":76.92},"statements":{"total":279,"covered":245,"skipped":0,"pct":87.81},"branches":{"total":37,"covered":29,"skipped":0,"pct":78.38}}
,"D:\\projects\\LifePlay.js\\src\\core\\LPAction.js": {"lines":{"total":230,"covered":191,"skipped":0,"pct":83.04},"functions":{"total":39,"covered":21,"skipped":0,"pct":53.85},"statements":{"total":230,"covered":191,"skipped":0,"pct":83.04},"branches":{"total":22,"covered":21,"skipped":0,"pct":95.45}}
,"D:\\projects\\LifePlay.js\\src\\core\\LPDescription.js": {"lines":{"total":18,"covered":0,"skipped":0,"pct":0},"functions":{"total":1,"covered":0,"skipped":0,"pct":0},"statements":{"total":18,"covered":0,"skipped":0,"pct":0},"branches":{"total":1,"covered":0,"skipped":0,"pct":0}}
,"D:\\projects\\LifePlay.js\\src\\core\\LPMod.js": {"lines":{"total":199,"covered":152,"skipped":0,"pct":76.38},"functions":{"total":29,"covered":15,"skipped":0,"pct":51.72},"statements":{"total":199,"covered":152,"skipped":0,"pct":76.38},"branches":{"total":19,"covered":17,"skipped":0,"pct":89.47}}
,"D:\\projects\\LifePlay.js\\src\\core\\LPScene.js": {"lines":{"total":920,"covered":897,"skipped":0,"pct":97.5},"functions":{"total":79,"covered":72,"skipped":0,"pct":91.14},"statements":{"total":920,"covered":897,"skipped":0,"pct":97.5},"branches":{"total":104,"covered":103,"skipped":0,"pct":99.04}}
,"D:\\projects\\LifePlay.js\\src\\core\\LPStat.js": {"lines":{"total":168,"covered":146,"skipped":0,"pct":86.9},"functions":{"total":28,"covered":17,"skipped":0,"pct":60.71},"statements":{"total":168,"covered":146,"skipped":0,"pct":86.9},"branches":{"total":17,"covered":17,"skipped":0,"pct":100}}
,"D:\\projects\\LifePlay.js\\src\\core\\LPTalk.js": {"lines":{"total":24,"covered":20,"skipped":0,"pct":83.33},"functions":{"total":3,"covered":1,"skipped":0,"pct":33.33},"statements":{"total":24,"covered":20,"skipped":0,"pct":83.33},"branches":{"total":1,"covered":1,"skipped":0,"pct":100}}
,"D:\\projects\\LifePlay.js\\src\\core\\constants.js": {"lines":{"total":35,"covered":35,"skipped":0,"pct":100},"functions":{"total":0,"covered":0,"skipped":0,"pct":100},"statements":{"total":35,"covered":35,"skipped":0,"pct":100},"branches":{"total":1,"covered":1,"skipped":0,"pct":100}}
,"D:\\projects\\LifePlay.js\\src\\core\\parser.js": {"lines":{"total":302,"covered":272,"skipped":0,"pct":90.07},"functions":{"total":29,"covered":26,"skipped":0,"pct":89.66},"statements":{"total":302,"covered":272,"skipped":0,"pct":90.07},"branches":{"total":140,"covered":125,"skipped":0,"pct":89.29}}
,"D:\\projects\\LifePlay.js\\src\\core\\tools.js": {"lines":{"total":6,"covered":6,"skipped":0,"pct":100},"functions":{"total":2,"covered":2,"skipped":0,"pct":100},"statements":{"total":6,"covered":6,"skipped":0,"pct":100},"branches":{"total":3,"covered":3,"skipped":0,"pct":100}}
,"D:\\projects\\LifePlay.js\\src\\core\\objects\\LPActor.js": {"lines":{"total":1712,"covered":1712,"skipped":0,"pct":100},"functions":{"total":204,"covered":200,"skipped":0,"pct":98.04},"statements":{"total":1712,"covered":1712,"skipped":0,"pct":100},"branches":{"total":223,"covered":223,"skipped":0,"pct":100}}
,"D:\\projects\\LifePlay.js\\src\\core\\objects\\LPBoolean.js": {"lines":{"total":56,"covered":56,"skipped":0,"pct":100},"functions":{"total":4,"covered":4,"skipped":0,"pct":100},"statements":{"total":56,"covered":56,"skipped":0,"pct":100},"branches":{"total":10,"covered":10,"skipped":0,"pct":100}}
,"D:\\projects\\LifePlay.js\\src\\core\\objects\\LPBuilding.js": {"lines":{"total":138,"covered":138,"skipped":0,"pct":100},"functions":{"total":13,"covered":13,"skipped":0,"pct":100},"statements":{"total":138,"covered":138,"skipped":0,"pct":100},"branches":{"total":17,"covered":17,"skipped":0,"pct":100}}
,"D:\\projects\\LifePlay.js\\src\\core\\objects\\LPBuildingAlias.js": {"lines":{"total":17,"covered":17,"skipped":0,"pct":100},"functions":{"total":1,"covered":1,"skipped":0,"pct":100},"statements":{"total":17,"covered":17,"skipped":0,"pct":100},"branches":{"total":1,"covered":1,"skipped":0,"pct":100}}
,"D:\\projects\\LifePlay.js\\src\\core\\objects\\LPFloat.js": {"lines":{"total":332,"covered":332,"skipped":0,"pct":100},"functions":{"total":29,"covered":29,"skipped":0,"pct":100},"statements":{"total":332,"covered":332,"skipped":0,"pct":100},"branches":{"total":39,"covered":39,"skipped":0,"pct":100}}
,"D:\\projects\\LifePlay.js\\src\\core\\objects\\LPGlobals.js": {"lines":{"total":123,"covered":123,"skipped":0,"pct":100},"functions":{"total":18,"covered":18,"skipped":0,"pct":100},"statements":{"total":123,"covered":123,"skipped":0,"pct":100},"branches":{"total":27,"covered":26,"skipped":0,"pct":96.3}}
,"D:\\projects\\LifePlay.js\\src\\core\\objects\\LPNPC.js": {"lines":{"total":448,"covered":448,"skipped":0,"pct":100},"functions":{"total":61,"covered":61,"skipped":0,"pct":100},"statements":{"total":448,"covered":448,"skipped":0,"pct":100},"branches":{"total":64,"covered":64,"skipped":0,"pct":100}}
,"D:\\projects\\LifePlay.js\\src\\core\\objects\\LPObject.js": {"lines":{"total":41,"covered":41,"skipped":0,"pct":100},"functions":{"total":6,"covered":6,"skipped":0,"pct":100},"statements":{"total":41,"covered":41,"skipped":0,"pct":100},"branches":{"total":9,"covered":9,"skipped":0,"pct":100}}
,"D:\\projects\\LifePlay.js\\src\\core\\objects\\LPPlayer.js": {"lines":{"total":575,"covered":575,"skipped":0,"pct":100},"functions":{"total":63,"covered":63,"skipped":0,"pct":100},"statements":{"total":575,"covered":575,"skipped":0,"pct":100},"branches":{"total":72,"covered":72,"skipped":0,"pct":100}}
,"D:\\projects\\LifePlay.js\\src\\core\\objects\\LPString.js": {"lines":{"total":60,"covered":60,"skipped":0,"pct":100},"functions":{"total":4,"covered":4,"skipped":0,"pct":100},"statements":{"total":60,"covered":60,"skipped":0,"pct":100},"branches":{"total":8,"covered":8,"skipped":0,"pct":100}}
,"D:\\projects\\LifePlay.js\\src\\core\\objects\\LPVariable.js": {"lines":{"total":61,"covered":61,"skipped":0,"pct":100},"functions":{"total":4,"covered":4,"skipped":0,"pct":100},"statements":{"total":61,"covered":61,"skipped":0,"pct":100},"branches":{"total":23,"covered":23,"skipped":0,"pct":100}}
,"D:\\projects\\LifePlay.js\\src\\libs\\ensureDirectory.js": {"lines":{"total":3,"covered":3,"skipped":0,"pct":100},"functions":{"total":1,"covered":1,"skipped":0,"pct":100},"statements":{"total":3,"covered":3,"skipped":0,"pct":100},"branches":{"total":1,"covered":1,"skipped":0,"pct":100}}
}
