TN:
SF:src\LPAction.js
FN:7,LPAction
FN:9,isNumber
FN:10,isFloat
FN:11,isHourRange
FN:14,isMinuteRange
FN:17,isArrayOfStrings
FN:59,toString
FN:77,write
FN:87,load
FN:91,get ACTION_UNIQUEID
FN:95,set ACTION_UNIQUEID
FN:99,get ACTION_NAME
FN:103,set ACTION_NAME
FN:107,get WHERE
FN:111,set WHERE
FN:115,get WHEN
FN:119,set WHEN
FN:123,get MINUTES
FN:127,set MINUTES
FN:131,get TIMEOUT_MINUTES
FN:135,set TIMEOUT_MINUTES
FN:139,get ALSO_TIMEOUT
FN:143,set ALSO_TIMEOUT
FN:147,get EFFECTS
FN:151,set EFFECTS
FN:155,get CONDITIONS
FN:159,set CONDITIONS
FN:163,get MOVE_FIRST
FN:167,set MOVE_FIRST
FN:171,get SCENE_ALWAYS
FN:175,set SCENE_ALWAYS
FN:179,get ANIMATION
FN:183,set ANIMATION
FN:187,get WHO
FN:191,set WHO
FN:195,get modsDir
FN:199,set modsDir
FN:203,get filePath
FN:207,set filePath
FNF:39
FNH:21
FNDA:2,LPAction
FNDA:2,isNumber
FNDA:0,isFloat
FNDA:0,isHourRange
FNDA:0,isMinuteRange
FNDA:2,isArrayOfStrings
FNDA:2,toString
FNDA:2,write
FNDA:0,load
FNDA:8,get ACTION_UNIQUEID
FNDA:0,set ACTION_UNIQUEID
FNDA:2,get ACTION_NAME
FNDA:0,set ACTION_NAME
FNDA:2,get WHERE
FNDA:0,set WHERE
FNDA:2,get WHEN
FNDA:0,set WHEN
FNDA:2,get MINUTES
FNDA:0,set MINUTES
FNDA:2,get TIMEOUT_MINUTES
FNDA:0,set TIMEOUT_MINUTES
FNDA:2,get ALSO_TIMEOUT
FNDA:0,set ALSO_TIMEOUT
FNDA:2,get EFFECTS
FNDA:0,set EFFECTS
FNDA:2,get CONDITIONS
FNDA:0,set CONDITIONS
FNDA:2,get MOVE_FIRST
FNDA:0,set MOVE_FIRST
FNDA:2,get SCENE_ALWAYS
FNDA:0,set SCENE_ALWAYS
FNDA:2,get ANIMATION
FNDA:0,set ANIMATION
FNDA:2,get WHO
FNDA:0,set WHO
FNDA:4,get modsDir
FNDA:2,set modsDir
FNDA:2,get filePath
FNDA:0,set filePath
DA:1,1
DA:2,1
DA:3,1
DA:4,1
DA:5,1
DA:6,1
DA:7,1
DA:8,2
DA:9,2
DA:10,2
DA:11,2
DA:12,0
DA:13,0
DA:14,2
DA:15,0
DA:16,0
DA:17,2
DA:18,2
DA:19,0
DA:20,0
DA:21,0
DA:22,0
DA:23,0
DA:24,2
DA:25,2
DA:26,2
DA:27,2
DA:28,2
DA:29,2
DA:30,2
DA:31,2
DA:32,2
DA:33,2
DA:34,2
DA:35,2
DA:36,2
DA:37,2
DA:38,2
DA:39,2
DA:40,2
DA:41,2
DA:42,2
DA:43,2
DA:44,2
DA:45,2
DA:46,2
DA:47,2
DA:48,2
DA:49,2
DA:50,2
DA:51,2
DA:52,2
DA:53,2
DA:54,2
DA:55,2
DA:56,2
DA:57,2
DA:58,1
DA:59,1
DA:60,2
DA:61,2
DA:62,2
DA:63,2
DA:64,2
DA:65,2
DA:66,2
DA:67,2
DA:68,2
DA:69,2
DA:70,2
DA:71,2
DA:72,2
DA:73,2
DA:74,2
DA:75,2
DA:76,1
DA:77,1
DA:78,2
DA:79,2
DA:80,2
DA:81,2
DA:82,2
DA:83,2
DA:84,2
DA:85,2
DA:86,1
DA:87,1
DA:88,0
DA:89,0
DA:90,1
DA:91,1
DA:92,8
DA:93,8
DA:94,1
DA:95,1
DA:96,0
DA:97,0
DA:98,1
DA:99,1
DA:100,2
DA:101,2
DA:102,1
DA:103,1
DA:104,0
DA:105,0
DA:106,1
DA:107,1
DA:108,2
DA:109,2
DA:110,1
DA:111,1
DA:112,0
DA:113,0
DA:114,1
DA:115,1
DA:116,2
DA:117,2
DA:118,1
DA:119,1
DA:120,0
DA:121,0
DA:122,1
DA:123,1
DA:124,2
DA:125,2
DA:126,1
DA:127,1
DA:128,0
DA:129,0
DA:130,1
DA:131,1
DA:132,2
DA:133,2
DA:134,1
DA:135,1
DA:136,0
DA:137,0
DA:138,1
DA:139,1
DA:140,2
DA:141,2
DA:142,1
DA:143,1
DA:144,0
DA:145,0
DA:146,1
DA:147,1
DA:148,2
DA:149,2
DA:150,1
DA:151,1
DA:152,0
DA:153,0
DA:154,1
DA:155,1
DA:156,2
DA:157,2
DA:158,1
DA:159,1
DA:160,0
DA:161,0
DA:162,1
DA:163,1
DA:164,2
DA:165,2
DA:166,1
DA:167,1
DA:168,0
DA:169,0
DA:170,1
DA:171,1
DA:172,2
DA:173,2
DA:174,1
DA:175,1
DA:176,0
DA:177,0
DA:178,1
DA:179,1
DA:180,2
DA:181,2
DA:182,1
DA:183,1
DA:184,0
DA:185,0
DA:186,1
DA:187,1
DA:188,2
DA:189,2
DA:190,1
DA:191,1
DA:192,0
DA:193,0
DA:194,1
DA:195,1
DA:196,4
DA:197,4
DA:198,1
DA:199,1
DA:200,2
DA:201,2
DA:202,1
DA:203,1
DA:204,2
DA:205,2
DA:206,1
DA:207,1
DA:208,0
DA:209,0
DA:210,1
DA:211,1
DA:212,1
LF:212
LH:173
BRDA:7,0,0,2
BRDA:9,1,0,2
BRDA:17,2,0,2
BRDA:18,3,0,0
BRDA:59,4,0,2
BRDA:77,5,0,2
BRDA:91,6,0,8
BRDA:99,7,0,2
BRDA:107,8,0,2
BRDA:115,9,0,2
BRDA:123,10,0,2
BRDA:131,11,0,2
BRDA:139,12,0,2
BRDA:147,13,0,2
BRDA:155,14,0,2
BRDA:163,15,0,2
BRDA:171,16,0,2
BRDA:179,17,0,2
BRDA:187,18,0,2
BRDA:195,19,0,4
BRDA:199,20,0,2
BRDA:203,21,0,2
BRF:22
BRH:21
end_of_record
TN:
SF:src\LPMod.js
FN:9,LPMod
FN:31,toString
FN:42,writeMod
FN:62,loadMod
FN:66,addGlobal
FN:70,getGlobal
FN:74,deleteGlobal
FN:78,addStat
FN:87,removeStat
FN:91,addAction
FN:100,removeAction
FN:104,addScene
FN:115,removeScene
FN:119,addFunction
FN:128,getFunction
FN:132,get MODULE_UNIQUEID
FN:136,set MODULE_UNIQUEID
FN:140,get MODULE_NAME
FN:144,set MODULE_NAME
FN:148,get MODULE_AUTHOR
FN:152,set MODULE_AUTHOR
FN:156,get MODULE_LINK
FN:160,set MODULE_LINK
FN:164,get MODULE_DESCRIPTION
FN:168,set MODULE_DESCRIPTION
FN:172,get MODULE_REQUIREMENTS
FN:176,set MODULE_REQUIREMENTS
FN:180,get modsDir
FN:184,set modsDir
FNF:29
FNH:14
FNDA:405,LPMod
FNDA:3,toString
FNDA:3,writeMod
FNDA:0,loadMod
FNDA:6,addGlobal
FNDA:8,getGlobal
FNDA:0,deleteGlobal
FNDA:4,addStat
FNDA:0,removeStat
FNDA:2,addAction
FNDA:0,removeAction
FNDA:0,addScene
FNDA:0,removeScene
FNDA:0,addFunction
FNDA:0,getFunction
FNDA:8,get MODULE_UNIQUEID
FNDA:0,set MODULE_UNIQUEID
FNDA:3,get MODULE_NAME
FNDA:0,set MODULE_NAME
FNDA:3,get MODULE_AUTHOR
FNDA:0,set MODULE_AUTHOR
FNDA:3,get MODULE_LINK
FNDA:0,set MODULE_LINK
FNDA:3,get MODULE_DESCRIPTION
FNDA:0,set MODULE_DESCRIPTION
FNDA:3,get MODULE_REQUIREMENTS
FNDA:0,set MODULE_REQUIREMENTS
FNDA:403,get modsDir
FNDA:0,set modsDir
DA:1,1
DA:2,1
DA:3,1
DA:4,1
DA:5,1
DA:6,1
DA:7,1
DA:8,1
DA:9,1
DA:10,405
DA:11,405
DA:12,405
DA:13,405
DA:14,405
DA:15,405
DA:16,405
DA:17,405
DA:18,405
DA:19,405
DA:20,405
DA:21,405
DA:22,405
DA:23,405
DA:24,405
DA:25,405
DA:26,405
DA:27,405
DA:28,405
DA:29,1
DA:30,1
DA:31,1
DA:32,3
DA:33,3
DA:34,3
DA:35,3
DA:36,3
DA:37,3
DA:38,3
DA:39,3
DA:40,3
DA:41,1
DA:42,1
DA:43,3
DA:44,3
DA:45,3
DA:46,3
DA:47,3
DA:48,3
DA:49,3
DA:50,3
DA:51,3
DA:52,3
DA:53,0
DA:54,0
DA:55,0
DA:56,3
DA:57,3
DA:58,3
DA:59,3
DA:60,3
DA:61,1
DA:62,1
DA:63,0
DA:64,0
DA:65,1
DA:66,1
DA:67,6
DA:68,6
DA:69,1
DA:70,1
DA:71,8
DA:72,8
DA:73,1
DA:74,1
DA:75,0
DA:76,0
DA:77,1
DA:78,1
DA:79,4
DA:80,4
DA:81,0
DA:82,0
DA:83,4
DA:84,4
DA:85,4
DA:86,1
DA:87,1
DA:88,0
DA:89,0
DA:90,1
DA:91,1
DA:92,2
DA:93,2
DA:94,0
DA:95,0
DA:96,2
DA:97,2
DA:98,2
DA:99,1
DA:100,1
DA:101,0
DA:102,0
DA:103,1
DA:104,1
DA:105,0
DA:106,0
DA:107,0
DA:108,0
DA:109,0
DA:110,0
DA:111,0
DA:112,0
DA:113,0
DA:114,1
DA:115,1
DA:116,0
DA:117,0
DA:118,1
DA:119,1
DA:120,0
DA:121,0
DA:122,0
DA:123,0
DA:124,0
DA:125,0
DA:126,0
DA:127,1
DA:128,1
DA:129,0
DA:130,0
DA:131,1
DA:132,1
DA:133,8
DA:134,8
DA:135,1
DA:136,1
DA:137,0
DA:138,0
DA:139,1
DA:140,1
DA:141,3
DA:142,3
DA:143,1
DA:144,1
DA:145,0
DA:146,0
DA:147,1
DA:148,1
DA:149,3
DA:150,3
DA:151,1
DA:152,1
DA:153,0
DA:154,0
DA:155,1
DA:156,1
DA:157,3
DA:158,3
DA:159,1
DA:160,1
DA:161,0
DA:162,0
DA:163,1
DA:164,1
DA:165,3
DA:166,3
DA:167,1
DA:168,1
DA:169,0
DA:170,0
DA:171,1
DA:172,1
DA:173,3
DA:174,3
DA:175,1
DA:176,1
DA:177,0
DA:178,0
DA:179,1
DA:180,1
DA:181,403
DA:182,403
DA:183,1
DA:184,1
DA:185,0
DA:186,0
DA:187,1
DA:188,1
DA:189,1
LF:189
LH:140
BRDA:9,0,0,405
BRDA:31,1,0,3
BRDA:42,2,0,3
BRDA:56,3,0,4
BRDA:57,4,0,2
BRDA:66,5,0,6
BRDA:70,6,0,8
BRDA:78,7,0,4
BRDA:80,8,0,0
BRDA:91,9,0,2
BRDA:93,10,0,0
BRDA:132,11,0,8
BRDA:140,12,0,3
BRDA:148,13,0,3
BRDA:156,14,0,3
BRDA:164,15,0,3
BRDA:172,16,0,3
BRDA:180,17,0,403
BRF:18
BRH:16
end_of_record
TN:
SF:src\LPStat.js
FN:7,LPStat
FN:11,isNumber
FN:12,isFloat
FN:38,toString
FN:52,write
FN:61,load
FN:65,get STAT_ID
FN:69,set STAT_ID
FN:73,get STAT_NAME
FN:77,set STAT_NAME
FN:81,get PLAYER_ONLY
FN:85,set PLAYER_ONLY
FN:89,get HIGHER_BETTER
FN:93,set HIGHER_BETTER
FN:97,get STAT_MIN
FN:101,set STAT_MIN
FN:105,get STAT_MAX
FN:109,set STAT_MAX
FN:113,get DAILY_CHANGE
FN:117,set DAILY_CHANGE
FN:121,get DEFAULT_VALUE
FN:125,set DEFAULT_VALUE
FN:129,get NPC_ONLY
FN:133,set NPC_ONLY
FN:137,get modsDir
FN:141,set modsDir
FN:145,get filePath
FN:149,set filePath
FNF:28
FNH:17
FNDA:4,LPStat
FNDA:12,isNumber
FNDA:4,isFloat
FNDA:4,toString
FNDA:4,write
FNDA:0,load
FNDA:20,get STAT_ID
FNDA:0,set STAT_ID
FNDA:4,get STAT_NAME
FNDA:0,set STAT_NAME
FNDA:4,get PLAYER_ONLY
FNDA:0,set PLAYER_ONLY
FNDA:4,get HIGHER_BETTER
FNDA:0,set HIGHER_BETTER
FNDA:4,get STAT_MIN
FNDA:0,set STAT_MIN
FNDA:4,get STAT_MAX
FNDA:0,set STAT_MAX
FNDA:4,get DAILY_CHANGE
FNDA:0,set DAILY_CHANGE
FNDA:4,get DEFAULT_VALUE
FNDA:0,set DEFAULT_VALUE
FNDA:4,get NPC_ONLY
FNDA:0,set NPC_ONLY
FNDA:8,get modsDir
FNDA:4,set modsDir
FNDA:4,get filePath
FNDA:0,set filePath
DA:1,1
DA:2,1
DA:3,1
DA:4,1
DA:5,1
DA:6,1
DA:7,1
DA:8,4
DA:9,4
DA:10,4
DA:11,4
DA:12,4
DA:13,4
DA:14,4
DA:15,4
DA:16,4
DA:17,4
DA:18,4
DA:19,4
DA:20,4
DA:21,4
DA:22,4
DA:23,4
DA:24,4
DA:25,4
DA:26,4
DA:27,4
DA:28,4
DA:29,4
DA:30,4
DA:31,4
DA:32,4
DA:33,4
DA:34,4
DA:35,4
DA:36,4
DA:37,1
DA:38,1
DA:39,4
DA:40,4
DA:41,4
DA:42,4
DA:43,4
DA:44,4
DA:45,4
DA:46,4
DA:47,4
DA:48,4
DA:49,4
DA:50,4
DA:51,1
DA:52,1
DA:53,4
DA:54,4
DA:55,4
DA:56,4
DA:57,4
DA:58,4
DA:59,4
DA:60,1
DA:61,1
DA:62,0
DA:63,0
DA:64,1
DA:65,1
DA:66,20
DA:67,20
DA:68,1
DA:69,1
DA:70,0
DA:71,0
DA:72,1
DA:73,1
DA:74,4
DA:75,4
DA:76,1
DA:77,1
DA:78,0
DA:79,0
DA:80,1
DA:81,1
DA:82,4
DA:83,4
DA:84,1
DA:85,1
DA:86,0
DA:87,0
DA:88,1
DA:89,1
DA:90,4
DA:91,4
DA:92,1
DA:93,1
DA:94,0
DA:95,0
DA:96,1
DA:97,1
DA:98,4
DA:99,4
DA:100,1
DA:101,1
DA:102,0
DA:103,0
DA:104,1
DA:105,1
DA:106,4
DA:107,4
DA:108,1
DA:109,1
DA:110,0
DA:111,0
DA:112,1
DA:113,1
DA:114,4
DA:115,4
DA:116,1
DA:117,1
DA:118,0
DA:119,0
DA:120,1
DA:121,1
DA:122,4
DA:123,4
DA:124,1
DA:125,1
DA:126,0
DA:127,0
DA:128,1
DA:129,1
DA:130,4
DA:131,4
DA:132,1
DA:133,1
DA:134,0
DA:135,0
DA:136,1
DA:137,1
DA:138,8
DA:139,8
DA:140,1
DA:141,1
DA:142,4
DA:143,4
DA:144,1
DA:145,1
DA:146,4
DA:147,4
DA:148,1
DA:149,1
DA:150,0
DA:151,0
DA:152,1
DA:153,1
DA:154,1
LF:154
LH:132
BRDA:7,0,0,4
BRDA:11,1,0,12
BRDA:12,2,0,4
BRDA:38,3,0,4
BRDA:52,4,0,4
BRDA:65,5,0,20
BRDA:73,6,0,4
BRDA:81,7,0,4
BRDA:89,8,0,4
BRDA:97,9,0,4
BRDA:105,10,0,4
BRDA:113,11,0,4
BRDA:121,12,0,4
BRDA:129,13,0,4
BRDA:137,14,0,8
BRDA:141,15,0,4
BRDA:145,16,0,4
BRF:17
BRH:17
end_of_record
TN:
SF:src\core\Context.js
FN:6,ensureDirectory
FN:20,Context
FN:35,writeLine
FN:43,<instance_members_initializer>
FN:43,$if
FN:54,$endIf
FN:56,$else
FN:63,$elseIf
FN:75,$while
FN:82,option
FN:89,choice
FN:100,random
FN:105,$random
FN:115,not
FN:122,float
FN:135,boolean
FN:147,string
FN:160,_enclose
FN:163,paren
FN:167,squareBrackets
FN:171,$script
FN:250,get codeDepth
FN:254,set codeDepth
FN:258,get code
FN:270,get lpMod
FN:274,set lpMod
FNF:26
FNH:20
FNDA:0,ensureDirectory
FNDA:392,Context
FNDA:2433,writeLine
FNDA:392,<instance_members_initializer>
FNDA:6,$if
FNDA:6,$endIf
FNDA:3,$else
FNDA:4,$elseIf
FNDA:1,$while
FNDA:0,option
FNDA:0,choice
FNDA:7,random
FNDA:3,$random
FNDA:10,not
FNDA:54,float
FNDA:77,boolean
FNDA:6,string
FNDA:2,_enclose
FNDA:1,paren
FNDA:1,squareBrackets
FNDA:5,$script
FNDA:804,get codeDepth
FNDA:804,set codeDepth
FNDA:0,get code
FNDA:0,get lpMod
FNDA:0,set lpMod
DA:1,1
DA:2,1
DA:3,1
DA:4,1
DA:5,1
DA:6,1
DA:7,1
DA:8,1
DA:9,1
DA:10,1
DA:11,1
DA:12,1
DA:13,1
DA:14,1
DA:15,1
DA:16,1
DA:17,1
DA:18,1
DA:19,1
DA:20,1
DA:21,392
DA:22,392
DA:23,392
DA:24,392
DA:25,392
DA:26,392
DA:27,1
DA:28,1
DA:29,1
DA:30,1
DA:31,1
DA:32,1
DA:33,1
DA:34,1
DA:35,1
DA:36,2433
DA:37,2433
DA:38,2433
DA:39,2426
DA:40,2433
DA:41,2433
DA:42,1
DA:43,1
DA:44,6
DA:45,6
DA:46,6
DA:47,0
DA:48,0
DA:49,0
DA:50,6
DA:51,6
DA:52,6
DA:53,6
DA:54,6
DA:55,6
DA:56,6
DA:57,3
DA:58,3
DA:59,3
DA:60,3
DA:61,3
DA:62,3
DA:63,6
DA:64,4
DA:65,4
DA:66,4
DA:67,4
DA:68,4
DA:69,4
DA:70,4
DA:71,6
DA:72,6
DA:73,6
DA:74,392
DA:75,392
DA:76,1
DA:77,1
DA:78,1
DA:79,1
DA:80,1
DA:81,1
DA:82,392
DA:83,0
DA:84,0
DA:85,0
DA:86,0
DA:87,0
DA:88,0
DA:89,392
DA:90,0
DA:91,0
DA:92,0
DA:93,392
DA:94,392
DA:95,392
DA:96,392
DA:97,392
DA:98,392
DA:99,392
DA:100,392
DA:101,7
DA:102,7
DA:103,7
DA:104,7
DA:105,392
DA:106,3
DA:107,3
DA:108,3
DA:109,3
DA:110,3
DA:111,3
DA:112,392
DA:113,392
DA:114,392
DA:115,392
DA:116,392
DA:117,392
DA:118,392
DA:119,392
DA:120,392
DA:121,392
DA:122,392
DA:123,54
DA:124,54
DA:125,54
DA:126,54
DA:127,54
DA:128,0
DA:129,0
DA:130,0
DA:131,0
DA:132,0
DA:133,0
DA:134,392
DA:135,392
DA:136,77
DA:137,10
DA:138,10
DA:139,77
DA:140,0
DA:141,0
DA:142,0
DA:143,67
DA:144,67
DA:145,67
DA:146,392
DA:147,392
DA:148,6
DA:149,6
DA:150,6
DA:151,6
DA:152,0
DA:153,0
DA:154,0
DA:155,0
DA:156,0
DA:157,0
DA:158,0
DA:159,392
DA:160,392
DA:161,2
DA:162,2
DA:163,392
DA:164,1
DA:165,1
DA:166,392
DA:167,392
DA:168,1
DA:169,1
DA:170,1
DA:171,1
DA:172,5
DA:173,5
DA:174,5
DA:175,1
DA:176,1
DA:177,1
DA:178,1
DA:179,1
DA:180,1
DA:181,1
DA:182,1
DA:183,1
DA:184,1
DA:185,1
DA:186,1
DA:187,1
DA:188,1
DA:189,1
DA:190,1
DA:191,1
DA:192,1
DA:193,1
DA:194,1
DA:195,1
DA:196,1
DA:197,1
DA:198,1
DA:199,1
DA:200,1
DA:201,1
DA:202,1
DA:203,1
DA:204,1
DA:205,1
DA:206,1
DA:207,1
DA:208,1
DA:209,1
DA:210,1
DA:211,1
DA:212,1
DA:213,1
DA:214,1
DA:215,1
DA:216,1
DA:217,1
DA:218,1
DA:219,1
DA:220,1
DA:221,1
DA:222,1
DA:223,1
DA:224,1
DA:225,1
DA:226,1
DA:227,1
DA:228,1
DA:229,1
DA:230,1
DA:231,1
DA:232,1
DA:233,1
DA:234,1
DA:235,1
DA:236,1
DA:237,1
DA:238,1
DA:239,1
DA:240,1
DA:241,1
DA:242,1
DA:243,1
DA:244,1
DA:245,1
DA:246,1
DA:247,1
DA:248,1
DA:249,1
DA:250,1
DA:251,804
DA:252,804
DA:253,1
DA:254,1
DA:255,804
DA:256,804
DA:257,1
DA:258,1
DA:259,0
DA:260,0
DA:261,1
DA:262,1
DA:263,1
DA:264,1
DA:265,1
DA:266,1
DA:267,1
DA:268,1
DA:269,1
DA:270,1
DA:271,0
DA:272,0
DA:273,1
DA:274,1
DA:275,0
DA:276,0
DA:277,1
LF:277
LH:243
BRDA:20,0,0,392
BRDA:35,1,0,2433
BRDA:38,2,0,7
BRDA:38,3,0,2426
BRDA:39,4,0,770
BRDA:39,5,0,1656
BRDA:43,6,0,392
BRDA:43,7,0,6
BRDA:44,8,0,4
BRDA:44,9,0,2
BRDA:46,10,0,0
BRDA:54,11,0,6
BRDA:56,12,0,3
BRDA:63,13,0,4
BRDA:64,14,0,0
BRDA:75,15,0,1
BRDA:76,16,0,0
BRDA:100,17,0,7
BRDA:102,18,0,0
BRDA:105,19,0,3
BRDA:115,20,0,10
BRDA:122,21,0,54
BRDA:125,22,0,46
BRDA:128,23,0,0
BRDA:135,24,0,77
BRDA:136,25,0,10
BRDA:139,26,0,67
BRDA:139,27,0,0
BRDA:147,28,0,6
BRDA:152,29,0,0
BRDA:160,30,0,2
BRDA:163,31,0,1
BRDA:167,32,0,1
BRDA:171,33,0,5
BRDA:172,34,0,0
BRDA:250,35,0,804
BRDA:254,36,0,804
BRF:37
BRH:29
end_of_record
TN:
SF:src\core\LPFunction.js
FN:1,(empty-report)
FNF:1
FNH:0
FNDA:0,(empty-report)
DA:1,0
DA:2,0
DA:3,0
DA:4,0
DA:5,0
DA:6,0
DA:7,0
DA:8,0
DA:9,0
DA:10,0
DA:11,0
DA:12,0
DA:13,0
DA:14,0
DA:15,0
DA:16,0
DA:17,0
DA:18,0
DA:19,0
DA:20,0
DA:21,0
DA:22,0
DA:23,0
DA:24,0
DA:25,0
DA:26,0
DA:27,0
DA:28,0
DA:29,0
DA:30,0
DA:31,0
DA:32,0
DA:33,0
DA:34,0
DA:35,0
DA:36,0
DA:37,0
DA:38,0
DA:39,0
DA:40,0
DA:41,0
DA:42,0
DA:43,0
DA:44,0
DA:45,0
DA:46,0
DA:47,0
DA:48,0
DA:49,0
DA:50,0
DA:51,0
DA:52,0
DA:53,0
DA:54,0
DA:55,0
DA:56,0
DA:57,0
DA:58,0
DA:59,0
DA:60,0
DA:61,0
DA:62,0
DA:63,0
DA:64,0
DA:65,0
DA:66,0
DA:67,0
DA:68,0
DA:69,0
DA:70,0
DA:71,0
DA:72,0
DA:73,0
DA:74,0
DA:75,0
DA:76,0
DA:77,0
DA:78,0
LF:78
LH:0
BRDA:1,0,0,0
BRF:1
BRH:0
end_of_record
TN:
SF:src\core\Scene.js
FN:27,Scene
FN:59,<instance_members_initializer>
FN:59,WHAT
FN:69,WHERE
FN:74,WHEN
FN:90,WHO
FN:111,OTHER
FN:115,$IF
FN:141,addNpcRelationship
FN:149,assignHome
FN:157,assignResidents
FN:169,blockPregnancy
FN:181,cameraFocus
FN:188,cameraLock
FN:205,cameraMove
FN:215,cameraUnlock
FN:222,clearBackground3d
FN:229,clearGetList
FN:245,dressFormal
FN:254,faceEachOther
FN:262,filterDesc
FN:270,filterTalk
FN:288,filter
FN:300,findNearbyBuilding
FN:315,followUp
FN:337,forcedTrigger
FN:351,generateCreature
FN:369,generateCreatureTemporary
FN:385,generatePerson
FN:401,generatePersonTemporary
FN:413,getActorAlias
FN:426,getAssignee
FN:435,getCreature
FN:464,getPerson
FN:475,getPersonHere
FN:489,getRelatedPeople
FN:503,getSpecific
FN:514,isModEnabled
FN:525,isQuestCompleted
FN:536,isTimingOut
FN:542,narrative
FN:551,openMenu
FN:564,passTime
FN:572,preciseModify
FN:581,questEnd
FN:592,removeNpcRelationship
FN:601,resetTutorials
FN:610,saveOldPlayer
FN:626,start
FN:643,sceneEndLoadLastSave
FN:652,secondScreen
FN:660,secondScreenIfHidden
FN:668,setBackground
FN:680,setBackground3D
FN:689,setBackgroundCustom
FN:701,sex
FN:712,sexAtPoint
FN:724,sexNoAffair
FN:733,showMapView
FN:745,sneakGame
FN:752,talkNonConsensual
FN:760,TfGame
FN:771,wasCondomUsedDuringLastSex
FN:779,timeoutPrecise
FN:783,timeout
FN:787,timeoutActorPrecise
FN:791,timeoutActor
FN:795,get building
FN:799,get CurrentCompanion
FN:803,get lpMod
FN:807,get name
FN:811,get Player
FN:815,get modsDir
FN:819,set modsDir
FN:823,get filePath
FN:827,set filePath
FN:831,toString
FN:837,_$build
FN:873,write
FNF:79
FNH:72
FNDA:391,Scene
FNDA:391,<instance_members_initializer>
FNDA:3,WHAT
FNDA:3,WHERE
FNDA:3,WHEN
FNDA:4,WHO
FNDA:3,OTHER
FNDA:0,$IF
FNDA:1,addNpcRelationship
FNDA:1,assignHome
FNDA:1,assignResidents
FNDA:1,blockPregnancy
FNDA:1,cameraFocus
FNDA:1,cameraLock
FNDA:4,cameraMove
FNDA:1,cameraUnlock
FNDA:1,clearBackground3d
FNDA:1,clearGetList
FNDA:1,dressFormal
FNDA:1,faceEachOther
FNDA:1,filterDesc
FNDA:1,filterTalk
FNDA:1,filter
FNDA:1,findNearbyBuilding
FNDA:1,followUp
FNDA:1,forcedTrigger
FNDA:1,generateCreature
FNDA:1,generateCreatureTemporary
FNDA:3,generatePerson
FNDA:3,generatePersonTemporary
FNDA:1,getActorAlias
FNDA:1,getAssignee
FNDA:1,getCreature
FNDA:92,getPerson
FNDA:3,getPersonHere
FNDA:1,getRelatedPeople
FNDA:125,getSpecific
FNDA:1,isModEnabled
FNDA:1,isQuestCompleted
FNDA:1,isTimingOut
FNDA:21,narrative
FNDA:1,openMenu
FNDA:1,passTime
FNDA:1,preciseModify
FNDA:1,questEnd
FNDA:1,removeNpcRelationship
FNDA:1,resetTutorials
FNDA:1,saveOldPlayer
FNDA:390,start
FNDA:1,sceneEndLoadLastSave
FNDA:1,secondScreen
FNDA:1,secondScreenIfHidden
FNDA:2,setBackground
FNDA:1,setBackground3D
FNDA:1,setBackgroundCustom
FNDA:2,sex
FNDA:2,sexAtPoint
FNDA:1,sexNoAffair
FNDA:0,showMapView
FNDA:1,sneakGame
FNDA:1,talkNonConsensual
FNDA:0,TfGame
FNDA:1,wasCondomUsedDuringLastSex
FNDA:1,timeoutPrecise
FNDA:0,timeout
FNDA:1,timeoutActorPrecise
FNDA:1,timeoutActor
FNDA:12,get building
FNDA:1,get CurrentCompanion
FNDA:770,get lpMod
FNDA:772,get name
FNDA:161,get Player
FNDA:772,get modsDir
FNDA:0,set modsDir
FNDA:386,get filePath
FNDA:0,set filePath
FNDA:386,toString
FNDA:386,_$build
FNDA:0,write
DA:1,1
DA:2,1
DA:3,1
DA:4,1
DA:5,1
DA:6,1
DA:7,1
DA:8,1
DA:9,1
DA:10,1
DA:11,1
DA:12,1
DA:13,1
DA:14,1
DA:15,1
DA:16,1
DA:17,1
DA:18,1
DA:19,1
DA:20,1
DA:21,1
DA:22,1
DA:23,1
DA:24,1
DA:25,1
DA:26,1
DA:27,1
DA:28,391
DA:29,391
DA:30,391
DA:31,391
DA:32,391
DA:33,391
DA:34,391
DA:35,391
DA:36,391
DA:37,391
DA:38,391
DA:39,391
DA:40,391
DA:41,391
DA:42,391
DA:43,391
DA:44,391
DA:45,391
DA:46,391
DA:47,391
DA:48,391
DA:49,391
DA:50,391
DA:51,391
DA:52,1
DA:53,1
DA:54,1
DA:55,1
DA:56,1
DA:57,1
DA:58,1
DA:59,1
DA:60,3
DA:61,3
DA:62,3
DA:63,391
DA:64,391
DA:65,391
DA:66,391
DA:67,391
DA:68,391
DA:69,391
DA:70,3
DA:71,3
DA:72,3
DA:73,391
DA:74,391
DA:75,3
DA:76,3
DA:77,3
DA:78,3
DA:79,391
DA:80,391
DA:81,391
DA:82,391
DA:83,391
DA:84,391
DA:85,391
DA:86,391
DA:87,391
DA:88,391
DA:89,391
DA:90,391
DA:91,4
DA:92,4
DA:93,4
DA:94,4
DA:95,4
DA:96,4
DA:97,4
DA:98,4
DA:99,4
DA:100,391
DA:101,391
DA:102,391
DA:103,391
DA:104,391
DA:105,391
DA:106,391
DA:107,391
DA:108,391
DA:109,391
DA:110,391
DA:111,391
DA:112,3
DA:113,3
DA:114,3
DA:115,3
DA:116,3
DA:117,3
DA:118,3
DA:119,3
DA:120,3
DA:121,391
DA:122,391
DA:123,391
DA:124,391
DA:125,391
DA:126,391
DA:127,391
DA:128,391
DA:129,391
DA:130,391
DA:131,391
DA:132,391
DA:133,391
DA:134,391
DA:135,391
DA:136,391
DA:137,391
DA:138,391
DA:139,391
DA:140,391
DA:141,391
DA:142,1
DA:143,1
DA:144,391
DA:145,391
DA:146,391
DA:147,391
DA:148,391
DA:149,391
DA:150,1
DA:151,1
DA:152,391
DA:153,391
DA:154,391
DA:155,391
DA:156,391
DA:157,391
DA:158,1
DA:159,1
DA:160,391
DA:161,391
DA:162,391
DA:163,391
DA:164,391
DA:165,391
DA:166,391
DA:167,391
DA:168,391
DA:169,391
DA:170,1
DA:171,1
DA:172,391
DA:173,391
DA:174,391
DA:175,391
DA:176,391
DA:177,391
DA:178,391
DA:179,391
DA:180,391
DA:181,391
DA:182,1
DA:183,1
DA:184,391
DA:185,391
DA:186,391
DA:187,391
DA:188,391
DA:189,1
DA:190,1
DA:191,391
DA:192,391
DA:193,391
DA:194,391
DA:195,391
DA:196,391
DA:197,391
DA:198,391
DA:199,391
DA:200,391
DA:201,391
DA:202,391
DA:203,391
DA:204,391
DA:205,391
DA:206,4
DA:207,4
DA:208,4
DA:209,1
DA:210,1
DA:211,391
DA:212,391
DA:213,391
DA:214,391
DA:215,391
DA:216,1
DA:217,1
DA:218,391
DA:219,391
DA:220,391
DA:221,391
DA:222,391
DA:223,1
DA:224,1
DA:225,391
DA:226,391
DA:227,391
DA:228,391
DA:229,391
DA:230,1
DA:231,1
DA:232,391
DA:233,391
DA:234,391
DA:235,391
DA:236,391
DA:237,391
DA:238,391
DA:239,391
DA:240,391
DA:241,391
DA:242,391
DA:243,391
DA:244,391
DA:245,391
DA:246,1
DA:247,1
DA:248,391
DA:249,391
DA:250,391
DA:251,391
DA:252,391
DA:253,391
DA:254,391
DA:255,1
DA:256,1
DA:257,391
DA:258,391
DA:259,391
DA:260,391
DA:261,391
DA:262,391
DA:263,1
DA:264,1
DA:265,391
DA:266,391
DA:267,391
DA:268,391
DA:269,391
DA:270,391
DA:271,1
DA:272,1
DA:273,391
DA:274,391
DA:275,391
DA:276,391
DA:277,391
DA:278,391
DA:279,391
DA:280,391
DA:281,391
DA:282,391
DA:283,391
DA:284,391
DA:285,391
DA:286,391
DA:287,391
DA:288,391
DA:289,1
DA:290,1
DA:291,391
DA:292,391
DA:293,391
DA:294,391
DA:295,391
DA:296,391
DA:297,391
DA:298,391
DA:299,391
DA:300,391
DA:301,1
DA:302,1
DA:303,1
DA:304,1
DA:305,391
DA:306,391
DA:307,391
DA:308,391
DA:309,391
DA:310,391
DA:311,391
DA:312,391
DA:313,391
DA:314,391
DA:315,391
DA:316,1
DA:317,1
DA:318,391
DA:319,391
DA:320,391
DA:321,391
DA:322,391
DA:323,391
DA:324,391
DA:325,391
DA:326,391
DA:327,391
DA:328,391
DA:329,391
DA:330,391
DA:331,391
DA:332,391
DA:333,391
DA:334,391
DA:335,391
DA:336,391
DA:337,391
DA:338,1
DA:339,1
DA:340,1
DA:341,1
DA:342,391
DA:343,391
DA:344,391
DA:345,391
DA:346,391
DA:347,391
DA:348,391
DA:349,391
DA:350,391
DA:351,391
DA:352,1
DA:353,1
DA:354,1
DA:355,1
DA:356,391
DA:357,391
DA:358,391
DA:359,391
DA:360,391
DA:361,391
DA:362,391
DA:363,391
DA:364,391
DA:365,391
DA:366,391
DA:367,391
DA:368,391
DA:369,391
DA:370,1
DA:371,1
DA:372,1
DA:373,1
DA:374,391
DA:375,391
DA:376,391
DA:377,391
DA:378,391
DA:379,391
DA:380,391
DA:381,391
DA:382,391
DA:383,391
DA:384,391
DA:385,391
DA:386,3
DA:387,3
DA:388,3
DA:389,3
DA:390,391
DA:391,391
DA:392,391
DA:393,391
DA:394,391
DA:395,391
DA:396,391
DA:397,391
DA:398,391
DA:399,391
DA:400,391
DA:401,391
DA:402,3
DA:403,3
DA:404,3
DA:405,3
DA:406,3
DA:407,391
DA:408,391
DA:409,391
DA:410,391
DA:411,391
DA:412,391
DA:413,391
DA:414,1
DA:415,1
DA:416,1
DA:417,1
DA:418,1
DA:419,391
DA:420,391
DA:421,391
DA:422,391
DA:423,391
DA:424,391
DA:425,391
DA:426,391
DA:427,1
DA:428,1
DA:429,1
DA:430,1
DA:431,391
DA:432,391
DA:433,391
DA:434,391
DA:435,391
DA:436,1
DA:437,1
DA:438,1
DA:439,1
DA:440,391
DA:441,391
DA:442,391
DA:443,391
DA:444,391
DA:445,391
DA:446,391
DA:447,391
DA:448,391
DA:449,391
DA:450,391
DA:451,391
DA:452,391
DA:453,391
DA:454,391
DA:455,391
DA:456,391
DA:457,391
DA:458,391
DA:459,391
DA:460,391
DA:461,391
DA:462,391
DA:463,391
DA:464,391
DA:465,92
DA:466,92
DA:467,92
DA:468,92
DA:469,391
DA:470,391
DA:471,391
DA:472,391
DA:473,391
DA:474,391
DA:475,391
DA:476,3
DA:477,3
DA:478,3
DA:479,3
DA:480,3
DA:481,3
DA:482,391
DA:483,391
DA:484,391
DA:485,391
DA:486,391
DA:487,391
DA:488,391
DA:489,391
DA:490,1
DA:491,1
DA:492,1
DA:493,1
DA:494,1
DA:495,391
DA:496,391
DA:497,391
DA:498,391
DA:499,391
DA:500,391
DA:501,391
DA:502,391
DA:503,391
DA:504,125
DA:505,125
DA:506,125
DA:507,125
DA:508,391
DA:509,391
DA:510,391
DA:511,391
DA:512,391
DA:513,391
DA:514,391
DA:515,1
DA:516,1
DA:517,1
DA:518,1
DA:519,391
DA:520,391
DA:521,391
DA:522,391
DA:523,391
DA:524,391
DA:525,391
DA:526,1
DA:527,1
DA:528,1
DA:529,1
DA:530,391
DA:531,391
DA:532,391
DA:533,391
DA:534,391
DA:535,391
DA:536,391
DA:537,1
DA:538,1
DA:539,1
DA:540,1
DA:541,391
DA:542,391
DA:543,21
DA:544,21
DA:545,1
DA:546,1
DA:547,1
DA:548,1
DA:549,1
DA:550,1
DA:551,1
DA:552,1
DA:553,1
DA:554,1
DA:555,1
DA:556,1
DA:557,1
DA:558,1
DA:559,1
DA:560,1
DA:561,1
DA:562,1
DA:563,1
DA:564,1
DA:565,1
DA:566,1
DA:567,1
DA:568,1
DA:569,1
DA:570,1
DA:571,1
DA:572,1
DA:573,1
DA:574,1
DA:575,1
DA:576,1
DA:577,1
DA:578,1
DA:579,1
DA:580,1
DA:581,1
DA:582,1
DA:583,1
DA:584,1
DA:585,1
DA:586,1
DA:587,1
DA:588,1
DA:589,1
DA:590,1
DA:591,1
DA:592,1
DA:593,1
DA:594,1
DA:595,1
DA:596,1
DA:597,1
DA:598,1
DA:599,1
DA:600,1
DA:601,1
DA:602,1
DA:603,1
DA:604,1
DA:605,1
DA:606,1
DA:607,1
DA:608,1
DA:609,1
DA:610,1
DA:611,1
DA:612,1
DA:613,1
DA:614,1
DA:615,1
DA:616,1
DA:617,1
DA:618,1
DA:619,1
DA:620,1
DA:621,1
DA:622,1
DA:623,1
DA:624,1
DA:625,1
DA:626,1
DA:627,390
DA:628,390
DA:629,390
DA:630,390
DA:631,390
DA:632,390
DA:633,390
DA:634,390
DA:635,390
DA:636,390
DA:637,390
DA:638,1
DA:639,1
DA:640,1
DA:641,1
DA:642,1
DA:643,1
DA:644,1
DA:645,1
DA:646,1
DA:647,1
DA:648,1
DA:649,1
DA:650,1
DA:651,1
DA:652,1
DA:653,1
DA:654,1
DA:655,1
DA:656,1
DA:657,1
DA:658,1
DA:659,1
DA:660,1
DA:661,1
DA:662,1
DA:663,1
DA:664,1
DA:665,1
DA:666,1
DA:667,1
DA:668,1
DA:669,2
DA:670,1
DA:671,1
DA:672,1
DA:673,1
DA:674,1
DA:675,1
DA:676,1
DA:677,1
DA:678,1
DA:679,1
DA:680,1
DA:681,1
DA:682,1
DA:683,1
DA:684,1
DA:685,1
DA:686,1
DA:687,1
DA:688,1
DA:689,1
DA:690,1
DA:691,1
DA:692,1
DA:693,1
DA:694,1
DA:695,1
DA:696,1
DA:697,1
DA:698,1
DA:699,1
DA:700,1
DA:701,1
DA:702,2
DA:703,2
DA:704,1
DA:705,1
DA:706,1
DA:707,1
DA:708,1
DA:709,1
DA:710,1
DA:711,1
DA:712,1
DA:713,2
DA:714,2
DA:715,2
DA:716,1
DA:717,1
DA:718,1
DA:719,1
DA:720,1
DA:721,1
DA:722,1
DA:723,1
DA:724,1
DA:725,1
DA:726,1
DA:727,1
DA:728,1
DA:729,1
DA:730,1
DA:731,1
DA:732,1
DA:733,1
DA:734,0
DA:735,0
DA:736,1
DA:737,1
DA:738,1
DA:739,1
DA:740,1
DA:741,1
DA:742,1
DA:743,1
DA:744,1
DA:745,1
DA:746,1
DA:747,1
DA:748,1
DA:749,1
DA:750,1
DA:751,1
DA:752,1
DA:753,1
DA:754,1
DA:755,1
DA:756,1
DA:757,1
DA:758,1
DA:759,1
DA:760,1
DA:761,0
DA:762,0
DA:763,0
DA:764,0
DA:765,0
DA:766,1
DA:767,1
DA:768,1
DA:769,1
DA:770,1
DA:771,1
DA:772,1
DA:773,1
DA:774,1
DA:775,1
DA:776,1
DA:777,1
DA:778,1
DA:779,1
DA:780,1
DA:781,1
DA:782,1
DA:783,1
DA:784,0
DA:785,0
DA:786,1
DA:787,1
DA:788,1
DA:789,1
DA:790,1
DA:791,1
DA:792,1
DA:793,1
DA:794,1
DA:795,1
DA:796,12
DA:797,12
DA:798,1
DA:799,1
DA:800,1
DA:801,1
DA:802,1
DA:803,1
DA:804,770
DA:805,770
DA:806,1
DA:807,1
DA:808,772
DA:809,772
DA:810,1
DA:811,1
DA:812,161
DA:813,161
DA:814,1
DA:815,1
DA:816,772
DA:817,772
DA:818,1
DA:819,1
DA:820,0
DA:821,0
DA:822,1
DA:823,1
DA:824,386
DA:825,386
DA:826,1
DA:827,1
DA:828,0
DA:829,0
DA:830,1
DA:831,1
DA:832,386
DA:833,386
DA:834,377
DA:835,377
DA:836,1
DA:837,1
DA:838,386
DA:839,386
DA:840,386
DA:841,386
DA:842,386
DA:843,386
DA:844,386
DA:845,386
DA:846,386
DA:847,386
DA:848,386
DA:849,386
DA:850,386
DA:851,386
DA:852,386
DA:853,386
DA:854,386
DA:855,386
DA:856,386
DA:857,386
DA:858,386
DA:859,386
DA:860,386
DA:861,386
DA:862,386
DA:863,386
DA:864,386
DA:865,386
DA:866,386
DA:867,386
DA:868,9
DA:869,9
DA:870,386
DA:871,386
DA:872,1
DA:873,1
DA:874,0
DA:875,0
DA:876,0
DA:877,0
DA:878,0
DA:879,0
DA:880,0
DA:881,0
DA:882,0
DA:883,0
DA:884,1
LF:884
LH:861
BRDA:27,0,0,391
BRDA:59,1,0,391
BRDA:59,2,0,3
BRDA:69,3,0,3
BRDA:74,4,0,3
BRDA:90,5,0,4
BRDA:95,6,0,3
BRDA:95,7,0,1
BRDA:96,8,0,0
BRDA:111,9,0,3
BRDA:117,10,0,2
BRDA:141,11,0,1
BRDA:142,12,0,2
BRDA:149,13,0,1
BRDA:157,14,0,1
BRDA:169,15,0,1
BRDA:181,16,0,1
BRDA:188,17,0,1
BRDA:205,18,0,4
BRDA:206,19,0,3
BRDA:206,20,0,2
BRDA:206,21,0,1
BRDA:206,22,0,3
BRDA:207,23,0,2
BRDA:207,24,0,1
BRDA:207,25,0,2
BRDA:208,26,0,1
BRDA:215,27,0,1
BRDA:222,28,0,1
BRDA:229,29,0,1
BRDA:245,30,0,1
BRDA:254,31,0,1
BRDA:262,32,0,1
BRDA:270,33,0,1
BRDA:288,34,0,1
BRDA:300,35,0,1
BRDA:315,36,0,1
BRDA:337,37,0,1
BRDA:351,38,0,1
BRDA:369,39,0,1
BRDA:385,40,0,3
BRDA:401,41,0,3
BRDA:404,42,0,2
BRDA:413,43,0,1
BRDA:426,44,0,1
BRDA:435,45,0,1
BRDA:464,46,0,92
BRDA:475,47,0,3
BRDA:477,48,0,2
BRDA:477,49,0,1
BRDA:477,50,0,2
BRDA:478,51,0,1
BRDA:478,52,0,1
BRDA:489,53,0,1
BRDA:503,54,0,125
BRDA:514,55,0,1
BRDA:525,56,0,1
BRDA:536,57,0,1
BRDA:542,58,0,21
BRDA:551,59,0,1
BRDA:564,60,0,1
BRDA:572,61,0,1
BRDA:581,62,0,1
BRDA:592,63,0,1
BRDA:593,64,0,2
BRDA:601,65,0,1
BRDA:610,66,0,1
BRDA:626,67,0,390
BRDA:643,68,0,1
BRDA:652,69,0,1
BRDA:660,70,0,1
BRDA:668,71,0,2
BRDA:669,72,0,1
BRDA:680,73,0,1
BRDA:689,74,0,1
BRDA:701,75,0,2
BRDA:702,76,0,4
BRDA:712,77,0,2
BRDA:713,78,0,1
BRDA:724,79,0,1
BRDA:725,80,0,2
BRDA:745,81,0,1
BRDA:752,82,0,1
BRDA:771,83,0,1
BRDA:779,84,0,1
BRDA:787,85,0,1
BRDA:788,86,0,1
BRDA:791,87,0,1
BRDA:792,88,0,1
BRDA:795,89,0,12
BRDA:799,90,0,1
BRDA:803,91,0,770
BRDA:807,92,0,772
BRDA:811,93,0,161
BRDA:815,94,0,772
BRDA:823,95,0,386
BRDA:831,96,0,386
BRDA:833,97,0,9
BRDA:833,98,0,377
BRDA:837,99,0,386
BRDA:867,100,0,9
BRF:101
BRH:100
end_of_record
TN:
SF:src\core\constants.js
FNF:0
FNH:0
DA:1,1
DA:2,1
DA:3,1
DA:4,1
DA:5,1
DA:6,1
DA:7,1
DA:8,1
DA:9,1
DA:10,1
DA:11,1
DA:12,1
DA:13,1
DA:14,1
DA:15,1
DA:16,1
DA:17,1
DA:18,1
DA:19,1
DA:20,1
DA:21,1
DA:22,1
DA:23,1
DA:24,1
DA:25,1
DA:26,1
DA:27,1
DA:28,1
DA:29,1
DA:30,1
DA:31,1
DA:32,1
DA:33,1
DA:34,1
DA:35,1
LF:35
LH:35
BRDA:20,0,0,135
BRF:1
BRH:1
end_of_record
TN:
SF:src\core\parser.js
FN:15,$pad
FN:17,Object.<anonymous>.handlers.getHandler
FN:23,Object.<anonymous>.handlers.Identifier
FN:24,Object.<anonymous>.handlers.Literal
FN:34,Object.<anonymous>.handlers.UnaryExpression
FN:41,Object.<anonymous>.handlers.MemberExpression
FN:50,Object.<anonymous>.handlers.CallExpression
FN:63,Object.<anonymous>.handlers.ExpressionStatement
FN:68,Object.<anonymous>.handlers.FunctionDeclaration
FN:78,Object.<anonymous>.handlers.ReturnStatement
FN:83,Object.<anonymous>.handlers.TemplateLiteral
FN:91,Object.<anonymous>.handlers.TemplateElement
FN:93,Object.<anonymous>.handlers.ArrayExpression
FN:98,Object.<anonymous>.handlers.LogicalExpression
FN:108,Object.<anonymous>.handlers.BinaryExpression
FN:156,Object.<anonymous>.handlers.VariableDeclaration
FN:166,Object.<anonymous>.handlers.VariableDeclarator
FN:173,Object.<anonymous>.handlers.NewExpression
FN:180,Object.<anonymous>.handlers.ArrowFunctionExpression
FN:188,Object.<anonymous>.handlers.Property
FN:196,Object.<anonymous>.handlers.ObjectPattern
FN:202,Object.<anonymous>.handlers.BlockStatement
FN:208,Object.<anonymous>.handlers.ObjectExpression
FN:214,Object.<anonymous>.handlers.WhileStatement
FN:227,Object.<anonymous>.handlers.IfStatement
FN:258,Object.<anonymous>.handlers.AssignmentExpression
FN:276,Object.<anonymous>.handlers.FunctionExpression
FN:288,Object.<anonymous>.handlers.Program
FN:295,parser
FNF:29
FNH:26
FNDA:2455,$pad
FNDA:12882,Object.<anonymous>.handlers.getHandler
FNDA:4741,Object.<anonymous>.handlers.Identifier
FNDA:592,Object.<anonymous>.handlers.Literal
FNDA:7,Object.<anonymous>.handlers.UnaryExpression
FNDA:1687,Object.<anonymous>.handlers.MemberExpression
FNDA:1038,Object.<anonymous>.handlers.CallExpression
FNDA:1146,Object.<anonymous>.handlers.ExpressionStatement
FNDA:0,Object.<anonymous>.handlers.FunctionDeclaration
FNDA:0,Object.<anonymous>.handlers.ReturnStatement
FNDA:1,Object.<anonymous>.handlers.TemplateLiteral
FNDA:2,Object.<anonymous>.handlers.TemplateElement
FNDA:34,Object.<anonymous>.handlers.ArrayExpression
FNDA:31,Object.<anonymous>.handlers.LogicalExpression
FNDA:130,Object.<anonymous>.handlers.BinaryExpression
FNDA:589,Object.<anonymous>.handlers.VariableDeclaration
FNDA:589,Object.<anonymous>.handlers.VariableDeclarator
FNDA:3,Object.<anonymous>.handlers.NewExpression
FNDA:779,Object.<anonymous>.handlers.ArrowFunctionExpression
FNDA:101,Object.<anonymous>.handlers.Property
FNDA:83,Object.<anonymous>.handlers.ObjectPattern
FNDA:793,Object.<anonymous>.handlers.BlockStatement
FNDA:3,Object.<anonymous>.handlers.ObjectExpression
FNDA:1,Object.<anonymous>.handlers.WhileStatement
FNDA:10,Object.<anonymous>.handlers.IfStatement
FNDA:528,Object.<anonymous>.handlers.AssignmentExpression
FNDA:0,Object.<anonymous>.handlers.FunctionExpression
FNDA:386,Object.<anonymous>.handlers.Program
FNDA:386,parser
DA:1,1
DA:2,1
DA:3,1
DA:4,1
DA:5,1
DA:6,1
DA:7,1
DA:8,1
DA:9,1
DA:10,1
DA:11,1
DA:12,1
DA:13,1
DA:14,1
DA:15,1
DA:16,1
DA:17,1
DA:18,12882
DA:19,12882
DA:20,12882
DA:21,12882
DA:22,1
DA:23,1
DA:24,1
DA:25,592
DA:26,20
DA:27,592
DA:28,231
DA:29,572
DA:30,340
DA:31,340
DA:32,530
DA:33,530
DA:34,1
DA:35,7
DA:36,7
DA:37,7
DA:38,7
DA:39,1
DA:40,1
DA:41,1
DA:42,1687
DA:43,1687
DA:44,1687
DA:45,1687
DA:46,1687
DA:47,1685
DA:48,1685
DA:49,1
DA:50,1
DA:51,1038
DA:52,1038
DA:53,1038
DA:54,1038
DA:55,289
DA:56,289
DA:57,289
DA:58,1038
DA:59,1038
DA:60,1038
DA:61,1038
DA:62,1
DA:63,1
DA:64,1146
DA:65,1146
DA:66,1146
DA:67,1
DA:68,1
DA:69,0
DA:70,0
DA:71,0
DA:72,0
DA:73,0
DA:74,0
DA:75,0
DA:76,0
DA:77,1
DA:78,1
DA:79,0
DA:80,0
DA:81,0
DA:82,1
DA:83,1
DA:84,1
DA:85,1
DA:86,1
DA:87,2
DA:88,1
DA:89,1
DA:90,1
DA:91,1
DA:92,1
DA:93,1
DA:94,34
DA:95,34
DA:96,34
DA:97,34
DA:98,1
DA:99,31
DA:100,31
DA:101,31
DA:102,31
DA:103,31
DA:104,26
DA:105,0
DA:106,0
DA:107,1
DA:108,1
DA:109,130
DA:110,130
DA:111,130
DA:112,130
DA:113,130
DA:114,4
DA:115,4
DA:116,4
DA:117,129
DA:118,2
DA:119,2
DA:120,2
DA:121,129
DA:122,18
DA:123,16
DA:124,16
DA:125,129
DA:126,2
DA:127,2
DA:128,2
DA:129,129
DA:130,73
DA:131,73
DA:132,73
DA:133,76
DA:134,76
DA:135,6
DA:136,5
DA:137,5
DA:138,76
DA:139,76
DA:140,6
DA:141,5
DA:142,5
DA:143,76
DA:144,73
DA:145,14
DA:146,10
DA:147,10
DA:148,69
DA:149,69
DA:150,69
DA:151,69
DA:152,69
DA:153,69
DA:154,0
DA:155,0
DA:156,1
DA:157,589
DA:158,589
DA:159,589
DA:160,589
DA:161,589
DA:162,589
DA:163,589
DA:164,589
DA:165,589
DA:166,1
DA:167,589
DA:168,589
DA:169,589
DA:170,589
DA:171,589
DA:172,1
DA:173,1
DA:174,3
DA:175,3
DA:176,3
DA:177,3
DA:178,3
DA:179,1
DA:180,1
DA:181,779
DA:182,779
DA:183,779
DA:184,779
DA:185,779
DA:186,779
DA:187,1
DA:188,1
DA:189,101
DA:190,101
DA:191,101
DA:192,101
DA:193,98
DA:194,98
DA:195,1
DA:196,1
DA:197,83
DA:198,83
DA:199,83
DA:200,83
DA:201,1
DA:202,1
DA:203,793
DA:204,793
DA:205,793
DA:206,793
DA:207,1
DA:208,1
DA:209,3
DA:210,3
DA:211,3
DA:212,3
DA:213,1
DA:214,1
DA:215,1
DA:216,1
DA:217,1
DA:218,1
DA:219,1
DA:220,1
DA:221,1
DA:222,1
DA:223,1
DA:224,1
DA:225,1
DA:226,1
DA:227,1
DA:228,10
DA:229,10
DA:230,10
DA:231,10
DA:232,10
DA:233,10
DA:234,10
DA:235,3
DA:236,3
DA:237,3
DA:238,3
DA:239,3
DA:240,3
DA:241,10
DA:242,7
DA:243,7
DA:244,7
DA:245,7
DA:246,7
DA:247,7
DA:248,7
DA:249,7
DA:250,7
DA:251,0
DA:252,0
DA:253,0
DA:254,7
DA:255,7
DA:256,10
DA:257,1
DA:258,1
DA:259,528
DA:260,528
DA:261,528
DA:262,528
DA:263,528
DA:264,528
DA:265,528
DA:266,528
DA:267,462
DA:268,462
DA:269,23
DA:270,23
DA:271,439
DA:272,439
DA:273,0
DA:274,0
DA:275,1
DA:276,1
DA:277,0
DA:278,0
DA:279,0
DA:280,0
DA:281,0
DA:282,0
DA:283,0
DA:284,0
DA:285,0
DA:286,0
DA:287,1
DA:288,1
DA:289,386
DA:290,386
DA:291,386
DA:292,386
DA:293,1
DA:294,1
DA:295,1
DA:296,386
DA:297,386
DA:298,386
DA:299,386
DA:300,386
DA:301,1
DA:302,1
LF:302
LH:272
BRDA:15,0,0,2455
BRDA:17,1,0,12882
BRDA:19,2,0,0
BRDA:23,3,0,4741
BRDA:24,4,0,592
BRDA:25,5,0,20
BRDA:26,6,0,10
BRDA:27,7,0,572
BRDA:27,8,0,231
BRDA:28,9,0,46
BRDA:29,10,0,341
BRDA:29,11,0,340
BRDA:30,12,0,6
BRDA:32,13,0,530
BRDA:34,14,0,7
BRDA:37,15,0,1
BRDA:37,16,0,6
BRDA:38,17,0,6
BRDA:38,18,0,1
BRDA:41,19,0,1687
BRDA:46,20,0,2
BRDA:46,21,0,1685
BRDA:50,22,0,1038
BRDA:54,23,0,289
BRDA:55,24,0,95
BRDA:56,25,0,95
BRDA:59,26,0,368
BRDA:53,27,0,819
BRDA:55,28,0,1467
BRDA:55,29,0,1453
BRDA:63,30,0,1146
BRDA:83,31,0,1
BRDA:86,32,0,2
BRDA:87,33,0,1
BRDA:87,34,0,1
BRDA:91,35,0,2
BRDA:93,36,0,34
BRDA:96,37,0,71
BRDA:98,38,0,31
BRDA:100,39,0,4
BRDA:100,40,0,27
BRDA:103,41,0,19
BRDA:103,42,0,26
BRDA:103,43,0,12
BRDA:104,44,0,0
BRDA:108,45,0,130
BRDA:112,46,0,68
BRDA:112,47,0,62
BRDA:113,48,0,4
BRDA:114,49,0,0
BRDA:117,50,0,129
BRDA:117,51,0,126
BRDA:117,52,0,2
BRDA:118,53,0,0
BRDA:121,54,0,124
BRDA:121,55,0,18
BRDA:122,56,0,2
BRDA:122,57,0,16
BRDA:125,58,0,106
BRDA:125,59,0,2
BRDA:126,60,0,0
BRDA:129,61,0,104
BRDA:129,62,0,73
BRDA:130,63,0,0
BRDA:133,64,0,76
BRDA:133,65,0,31
BRDA:133,66,0,0
BRDA:133,67,0,31
BRDA:134,68,0,6
BRDA:135,69,0,1
BRDA:135,70,0,5
BRDA:138,71,0,25
BRDA:138,72,0,0
BRDA:138,73,0,25
BRDA:139,74,0,6
BRDA:140,75,0,1
BRDA:140,76,0,5
BRDA:143,77,0,19
BRDA:143,78,0,0
BRDA:143,79,0,73
BRDA:143,80,0,19
BRDA:144,81,0,14
BRDA:145,82,0,4
BRDA:145,83,0,10
BRDA:148,84,0,69
BRDA:148,85,0,5
BRDA:148,86,0,0
BRDA:148,87,0,5
BRDA:149,88,0,1
BRDA:149,89,0,4
BRDA:150,90,0,1
BRDA:150,91,0,3
BRDA:151,92,0,1
BRDA:151,93,0,2
BRDA:152,94,0,1
BRDA:153,95,0,0
BRDA:156,96,0,589
BRDA:160,97,0,0
BRDA:162,98,0,0
BRDA:166,99,0,589
BRDA:173,100,0,3
BRDA:176,101,0,3
BRDA:180,102,0,779
BRDA:183,103,0,426
BRDA:188,104,0,101
BRDA:192,105,0,3
BRDA:192,106,0,98
BRDA:196,107,0,83
BRDA:198,108,0,98
BRDA:202,109,0,793
BRDA:205,110,0,1356
BRDA:208,111,0,3
BRDA:210,112,0,3
BRDA:214,113,0,1
BRDA:227,114,0,10
BRDA:232,115,0,7
BRDA:234,116,0,3
BRDA:241,117,0,7
BRDA:243,118,0,4
BRDA:243,119,0,3
BRDA:244,120,0,4
BRDA:250,121,0,0
BRDA:258,122,0,528
BRDA:263,123,0,3
BRDA:263,124,0,525
BRDA:264,125,0,527
BRDA:264,126,0,57
BRDA:264,127,0,468
BRDA:265,128,0,4
BRDA:265,129,0,464
BRDA:266,130,0,2
BRDA:266,131,0,462
BRDA:268,132,0,459
BRDA:268,133,0,23
BRDA:271,134,0,439
BRDA:273,135,0,0
BRDA:288,136,0,386
BRDA:291,137,0,386
BRDA:295,138,0,386
BRF:139
BRH:124
end_of_record
TN:
SF:src\core\tools.js
FN:4,isValidLocation
FN:5,isMoodValid
FNF:2
FNH:2
FNDA:2,isValidLocation
FNDA:2,isMoodValid
DA:1,1
DA:2,1
DA:3,1
DA:4,1
DA:5,1
DA:6,1
LF:6
LH:6
BRDA:4,0,0,2
BRDA:5,1,0,2
BRDA:5,2,0,66
BRF:3
BRH:3
end_of_record
TN:
SF:src\core\objects\LPActor.js
FN:14,LPActor
FN:74,assign
FN:78,_isHelper
FN:90,get name
FN:104,<instance_members_initializer>
FN:104,animate
FN:116,animateFnt
FN:126,animatePair
FN:144,blendAppearanceFrom
FN:164,blendPreset
FN:172,changeSex
FN:185,cloneFrom
FN:199,closeEyes
FN:210,clothesContain
FN:216,countPregnancyDays
FN:226,dialogue
FN:241,dress
FN:249,dressBondage
FN:259,dressExcept
FN:269,dressGuard
FN:274,dressPrisoner
FN:285,dressUniform
FN:294,dressWedding
FN:305,endPregnancy
FN:310,enterFirstName
FN:321,generatePersonMatchRace
FN:335,generatePersonTemporaryMatchRace
FN:348,generateRelativeMatchRace
FN:371,getActorVar
FN:382,getBabyDaddy
FN:393,getBuilding
FN:418,getID
FN:428,getMorphValue
FN:446,getPregnancyTag
FN:458,getRace
FN:468,getRelatedPerson
FN:478,getRelatedPersonQuick
FN:488,hadSex
FN:496,hasSameInterestAs
FN:506,hide
FN:515,impregnate
FN:522,isAsexual
FN:532,isAt
FN:539,isBisexual
FN:551,isBisexualNonTrans
FN:564,isDating
FN:577,isDominantSex
FN:590,isEquipped
FN:603,isFemale
FN:615,isGay
FN:627,isGayNonTrans
FN:640,isInterestedIn
FN:652,isInterestedInMen
FN:664,isInterestedInTrans
FN:670,isInterestedInWomen
FN:678,isJob
FN:685,isMale
FN:692,isNaked
FN:699,isNude
FN:706,isOnPeriod
FN:713,isPlayer
FN:720,isPregnant
FN:727,isProstitute
FN:735,isRace
FN:743,isSameAs
FN:751,isSameGender
FN:759,isSameRace
FN:767,isSlotOccupied
FN:774,isStraight
FN:781,isStraightNonTrans
FN:788,isTrans
FN:795,isValid
FN:802,isVirgin
FN:810,isVisible
FN:823,loadPreset
FN:832,makeInterested
FN:838,matchLastName
FN:847,modifyActorVar
FN:854,modifySalary
FN:861,moveToPerson
FN:869,moveToPersonStand
FN:889,setActorVar
FN:896,setCurrentLocation
FN:901,setDatingId
FN:908,setExRelative
FN:915,setJob
FN:923,setMorphValue
FN:929,setNoRedress
FN:936,setWantsBabies
FN:945,sex
FN:952,show
FN:958,strip
FN:964,stripOne
FN:971,wantsBabies
FN:985,get age
FN:989,set age
FN:997,get arousal
FN:1001,set arousal
FN:1009,get attractiontoplayer
FN:1013,set attractiontoplayer
FN:1021,get attractiveness
FN:1025,set attractiveness
FN:1033,get car_value
FN:1037,set car_value
FN:1045,get children
FN:1049,set children
FN:1057,get cooking
FN:1061,set cooking
FN:1069,get dance
FN:1073,set dance
FN:1081,get energy
FN:1085,set energy
FN:1093,get fertility
FN:1097,set fertility
FN:1105,get fitness
FN:1109,set fitness
FN:1117,get incest
FN:1121,set incest
FN:1129,get intelligence
FN:1133,set intelligence
FN:1141,get interpersonal
FN:1145,set interpersonal
FN:1153,get intoxication
FN:1157,set intoxication
FN:1165,get jobexperience
FN:1169,set jobexperience
FN:1177,get jobperformance
FN:1181,set jobperformance
FN:1189,get martial
FN:1193,set martial
FN:1201,get masochist
FN:1205,set masochist
FN:1213,get money
FN:1217,set money
FN:1225,get mood
FN:1229,set mood
FN:1237,get muscle
FN:1241,set muscle
FN:1249,get music
FN:1253,set music
FN:1261,get perversion
FN:1265,set perversion
FN:1273,get pet_health
FN:1277,set pet_health
FN:1285,get pornfame
FN:1289,set pornfame
FN:1297,get rapportwithplayer
FN:1301,set rapportwithplayer
FN:1309,get sneak
FN:1313,set sneak
FN:1321,get stock_alcohol
FN:1325,set stock_alcohol
FN:1333,get stock_book
FN:1337,set stock_book
FN:1345,get stock_coffee
FN:1349,set stock_coffee
FN:1357,get stock_condom
FN:1361,set stock_condom
FN:1369,get stock_flower
FN:1373,set stock_flower
FN:1381,get stock_gift
FN:1385,set stock_gift
FN:1393,get stock_haircare
FN:1397,set stock_haircare
FN:1405,get stock_ingredient
FN:1409,set stock_ingredient
FN:1417,get stock_juice
FN:1421,set stock_juice
FN:1429,get stock_makeup
FN:1433,set stock_makeup
FN:1441,get stock_meal
FN:1445,set stock_meal
FN:1453,get stock_movie
FN:1457,set stock_movie
FN:1465,get stock_musicalinstrument
FN:1469,set stock_musicalinstrument
FN:1477,get stock_petfood
FN:1481,set stock_petfood
FN:1489,get stock_photo
FN:1493,set stock_photo
FN:1501,get stock_pill
FN:1505,set stock_pill
FN:1513,get stock_skincare
FN:1517,set stock_skincare
FN:1525,get stock_snack
FN:1529,set stock_snack
FN:1537,get stock_soda
FN:1541,set stock_soda
FN:1549,get stock_supplement
FN:1553,set stock_supplement
FN:1561,get stock_tea
FN:1565,set stock_tea
FN:1573,get stock_tobacco
FN:1577,set stock_tobacco
FN:1585,get stock_video
FN:1589,set stock_video
FNF:196
FNH:196
FNDA:1033,LPActor
FNDA:1,assign
FNDA:67,_isHelper
FNDA:52910,get name
FNDA:1033,<instance_members_initializer>
FNDA:4,animate
FNDA:1,animateFnt
FNDA:1,animatePair
FNDA:1,blendAppearanceFrom
FNDA:2,blendPreset
FNDA:1,changeSex
FNDA:1,cloneFrom
FNDA:1,closeEyes
FNDA:1,clothesContain
FNDA:1,countPregnancyDays
FNDA:3,dialogue
FNDA:1,dress
FNDA:1,dressBondage
FNDA:2,dressExcept
FNDA:1,dressGuard
FNDA:1,dressPrisoner
FNDA:1,dressUniform
FNDA:1,dressWedding
FNDA:1,endPregnancy
FNDA:1,enterFirstName
FNDA:1,generatePersonMatchRace
FNDA:1,generatePersonTemporaryMatchRace
FNDA:1,generateRelativeMatchRace
FNDA:1,getActorVar
FNDA:1,getBabyDaddy
FNDA:6,getBuilding
FNDA:1,getID
FNDA:1,getMorphValue
FNDA:1,getPregnancyTag
FNDA:1,getRace
FNDA:2,getRelatedPerson
FNDA:1,getRelatedPersonQuick
FNDA:2,hadSex
FNDA:1,hasSameInterestAs
FNDA:1,hide
FNDA:2,impregnate
FNDA:1,isAsexual
FNDA:1,isAt
FNDA:1,isBisexual
FNDA:1,isBisexualNonTrans
FNDA:7,isDating
FNDA:1,isDominantSex
FNDA:1,isEquipped
FNDA:1,isFemale
FNDA:1,isGay
FNDA:1,isGayNonTrans
FNDA:7,isInterestedIn
FNDA:1,isInterestedInMen
FNDA:1,isInterestedInTrans
FNDA:1,isInterestedInWomen
FNDA:1,isJob
FNDA:1,isMale
FNDA:1,isNaked
FNDA:1,isNude
FNDA:1,isOnPeriod
FNDA:1,isPlayer
FNDA:1,isPregnant
FNDA:1,isProstitute
FNDA:1,isRace
FNDA:1,isSameAs
FNDA:1,isSameGender
FNDA:1,isSameRace
FNDA:1,isSlotOccupied
FNDA:1,isStraight
FNDA:1,isStraightNonTrans
FNDA:1,isTrans
FNDA:1,isValid
FNDA:1,isVirgin
FNDA:1,isVisible
FNDA:2,loadPreset
FNDA:1,makeInterested
FNDA:1,matchLastName
FNDA:1,modifyActorVar
FNDA:1,modifySalary
FNDA:1,moveToPerson
FNDA:1,moveToPersonStand
FNDA:1,setActorVar
FNDA:1,setCurrentLocation
FNDA:1,setDatingId
FNDA:1,setExRelative
FNDA:1,setJob
FNDA:1,setMorphValue
FNDA:1,setNoRedress
FNDA:2,setWantsBabies
FNDA:1,sex
FNDA:1,show
FNDA:1,strip
FNDA:1,stripOne
FNDA:1,wantsBabies
FNDA:3,get age
FNDA:1,set age
FNDA:3,get arousal
FNDA:1,set arousal
FNDA:3,get attractiontoplayer
FNDA:1,set attractiontoplayer
FNDA:3,get attractiveness
FNDA:1,set attractiveness
FNDA:3,get car_value
FNDA:1,set car_value
FNDA:3,get children
FNDA:1,set children
FNDA:3,get cooking
FNDA:1,set cooking
FNDA:3,get dance
FNDA:1,set dance
FNDA:3,get energy
FNDA:1,set energy
FNDA:3,get fertility
FNDA:1,set fertility
FNDA:3,get fitness
FNDA:1,set fitness
FNDA:3,get incest
FNDA:1,set incest
FNDA:4,get intelligence
FNDA:1,set intelligence
FNDA:3,get interpersonal
FNDA:1,set interpersonal
FNDA:3,get intoxication
FNDA:1,set intoxication
FNDA:3,get jobexperience
FNDA:1,set jobexperience
FNDA:3,get jobperformance
FNDA:1,set jobperformance
FNDA:3,get martial
FNDA:1,set martial
FNDA:3,get masochist
FNDA:1,set masochist
FNDA:3,get money
FNDA:1,set money
FNDA:3,get mood
FNDA:1,set mood
FNDA:3,get muscle
FNDA:1,set muscle
FNDA:3,get music
FNDA:1,set music
FNDA:14,get perversion
FNDA:2,set perversion
FNDA:3,get pet_health
FNDA:1,set pet_health
FNDA:3,get pornfame
FNDA:1,set pornfame
FNDA:3,get rapportwithplayer
FNDA:1,set rapportwithplayer
FNDA:3,get sneak
FNDA:1,set sneak
FNDA:3,get stock_alcohol
FNDA:1,set stock_alcohol
FNDA:3,get stock_book
FNDA:1,set stock_book
FNDA:3,get stock_coffee
FNDA:1,set stock_coffee
FNDA:3,get stock_condom
FNDA:1,set stock_condom
FNDA:3,get stock_flower
FNDA:1,set stock_flower
FNDA:3,get stock_gift
FNDA:1,set stock_gift
FNDA:3,get stock_haircare
FNDA:1,set stock_haircare
FNDA:3,get stock_ingredient
FNDA:1,set stock_ingredient
FNDA:3,get stock_juice
FNDA:1,set stock_juice
FNDA:3,get stock_makeup
FNDA:1,set stock_makeup
FNDA:3,get stock_meal
FNDA:1,set stock_meal
FNDA:3,get stock_movie
FNDA:1,set stock_movie
FNDA:3,get stock_musicalinstrument
FNDA:1,set stock_musicalinstrument
FNDA:3,get stock_petfood
FNDA:1,set stock_petfood
FNDA:3,get stock_photo
FNDA:1,set stock_photo
FNDA:3,get stock_pill
FNDA:1,set stock_pill
FNDA:3,get stock_skincare
FNDA:1,set stock_skincare
FNDA:3,get stock_snack
FNDA:1,set stock_snack
FNDA:3,get stock_soda
FNDA:1,set stock_soda
FNDA:3,get stock_supplement
FNDA:1,set stock_supplement
FNDA:3,get stock_tea
FNDA:1,set stock_tea
FNDA:3,get stock_tobacco
FNDA:1,set stock_tobacco
FNDA:3,get stock_video
FNDA:1,set stock_video
DA:1,1
DA:2,1
DA:3,1
DA:4,1
DA:5,1
DA:6,1
DA:7,1
DA:8,1
DA:9,1
DA:10,1
DA:11,1
DA:12,1
DA:13,1
DA:14,1
DA:15,1033
DA:16,1033
DA:17,1033
DA:18,1033
DA:19,1033
DA:20,1033
DA:21,1033
DA:22,1033
DA:23,1033
DA:24,1033
DA:25,1033
DA:26,1033
DA:27,1033
DA:28,1033
DA:29,1033
DA:30,1033
DA:31,1033
DA:32,1033
DA:33,1033
DA:34,1033
DA:35,1033
DA:36,1033
DA:37,1033
DA:38,1033
DA:39,1033
DA:40,1033
DA:41,1033
DA:42,1033
DA:43,1033
DA:44,1033
DA:45,1033
DA:46,1033
DA:47,1033
DA:48,1033
DA:49,1033
DA:50,1033
DA:51,1033
DA:52,1033
DA:53,1033
DA:54,1033
DA:55,1033
DA:56,1033
DA:57,1033
DA:58,1033
DA:59,1033
DA:60,1033
DA:61,1033
DA:62,1033
DA:63,1033
DA:64,1033
DA:65,1033
DA:66,1033
DA:67,1033
DA:68,1033
DA:69,1033
DA:70,1033
DA:71,1033
DA:72,1033
DA:73,1
DA:74,1
DA:75,1
DA:76,1
DA:77,1
DA:78,1
DA:79,67
DA:80,67
DA:81,67
DA:82,67
DA:83,67
DA:84,67
DA:85,1
DA:86,1
DA:87,1
DA:88,1
DA:89,1
DA:90,1
DA:91,52910
DA:92,52910
DA:93,1
DA:94,1
DA:95,1
DA:96,1
DA:97,1
DA:98,1
DA:99,1
DA:100,1
DA:101,1
DA:102,1
DA:103,1
DA:104,1
DA:105,4
DA:106,4
DA:107,4
DA:108,1033
DA:109,1033
DA:110,1033
DA:111,1033
DA:112,1033
DA:113,1033
DA:114,1033
DA:115,1033
DA:116,1033
DA:117,1
DA:118,1
DA:119,1033
DA:120,1033
DA:121,1033
DA:122,1033
DA:123,1033
DA:124,1033
DA:125,1033
DA:126,1033
DA:127,1
DA:128,1
DA:129,1033
DA:130,1033
DA:131,1033
DA:132,1033
DA:133,1033
DA:134,1033
DA:135,1033
DA:136,1033
DA:137,1033
DA:138,1033
DA:139,1033
DA:140,1033
DA:141,1033
DA:142,1033
DA:143,1033
DA:144,1033
DA:145,1
DA:146,1
DA:147,1
DA:148,1033
DA:149,1033
DA:150,1033
DA:151,1033
DA:152,1033
DA:153,1033
DA:154,1033
DA:155,1033
DA:156,1033
DA:157,1033
DA:158,1033
DA:159,1033
DA:160,1033
DA:161,1033
DA:162,1033
DA:163,1033
DA:164,1033
DA:165,2
DA:166,2
DA:167,2
DA:168,1033
DA:169,1033
DA:170,1033
DA:171,1033
DA:172,1033
DA:173,1033
DA:174,1033
DA:175,1033
DA:176,1033
DA:177,1033
DA:178,1033
DA:179,1033
DA:180,1033
DA:181,1033
DA:182,1033
DA:183,1033
DA:184,1033
DA:185,1033
DA:186,1
DA:187,1
DA:188,1033
DA:189,1033
DA:190,1033
DA:191,1033
DA:192,1033
DA:193,1033
DA:194,1033
DA:195,1033
DA:196,1033
DA:197,1033
DA:198,1033
DA:199,1033
DA:200,1033
DA:201,1033
DA:202,1033
DA:203,1033
DA:204,1033
DA:205,1033
DA:206,1033
DA:207,1033
DA:208,1033
DA:209,1033
DA:210,1033
DA:211,1033
DA:212,1033
DA:213,1033
DA:214,1033
DA:215,1033
DA:216,1033
DA:217,1
DA:218,1
DA:219,1
DA:220,1033
DA:221,1033
DA:222,1033
DA:223,1033
DA:224,1033
DA:225,1033
DA:226,1033
DA:227,3
DA:228,3
DA:229,3
DA:230,3
DA:231,1033
DA:232,1033
DA:233,1033
DA:234,1033
DA:235,1033
DA:236,1033
DA:237,1033
DA:238,1033
DA:239,1033
DA:240,1033
DA:241,1033
DA:242,1033
DA:243,1033
DA:244,1033
DA:245,1033
DA:246,1033
DA:247,1033
DA:248,1033
DA:249,1033
DA:250,1033
DA:251,1033
DA:252,1033
DA:253,1033
DA:254,1033
DA:255,1033
DA:256,1033
DA:257,1033
DA:258,1033
DA:259,1033
DA:260,2
DA:261,7
DA:262,7
DA:263,2
DA:264,2
DA:265,1033
DA:266,1033
DA:267,1033
DA:268,1033
DA:269,1033
DA:270,1033
DA:271,1033
DA:272,1033
DA:273,1033
DA:274,1033
DA:275,1033
DA:276,1033
DA:277,1033
DA:278,1033
DA:279,1033
DA:280,1033
DA:281,1033
DA:282,1033
DA:283,1033
DA:284,1033
DA:285,1033
DA:286,1033
DA:287,1033
DA:288,1033
DA:289,1033
DA:290,1033
DA:291,1033
DA:292,1033
DA:293,1033
DA:294,1033
DA:295,1033
DA:296,1033
DA:297,1033
DA:298,1033
DA:299,1033
DA:300,1033
DA:301,1033
DA:302,1033
DA:303,1033
DA:304,1033
DA:305,1033
DA:306,1033
DA:307,1033
DA:308,1033
DA:309,1033
DA:310,1033
DA:311,1033
DA:312,1033
DA:313,1033
DA:314,1033
DA:315,1033
DA:316,1033
DA:317,1033
DA:318,1033
DA:319,1033
DA:320,1033
DA:321,1033
DA:322,1
DA:323,1
DA:324,1
DA:325,1033
DA:326,1033
DA:327,1033
DA:328,1033
DA:329,1033
DA:330,1033
DA:331,1033
DA:332,1033
DA:333,1033
DA:334,1033
DA:335,1033
DA:336,1
DA:337,1
DA:338,1
DA:339,1033
DA:340,1033
DA:341,1033
DA:342,1033
DA:343,1033
DA:344,1033
DA:345,1033
DA:346,1033
DA:347,1033
DA:348,1033
DA:349,1
DA:350,1
DA:351,1
DA:352,1033
DA:353,1033
DA:354,1033
DA:355,1033
DA:356,1033
DA:357,1033
DA:358,1033
DA:359,1033
DA:360,1033
DA:361,1033
DA:362,1033
DA:363,1033
DA:364,1033
DA:365,1033
DA:366,1033
DA:367,1033
DA:368,1033
DA:369,1033
DA:370,1033
DA:371,1033
DA:372,1
DA:373,1
DA:374,1
DA:375,1033
DA:376,1033
DA:377,1033
DA:378,1033
DA:379,1033
DA:380,1033
DA:381,1033
DA:382,1033
DA:383,1
DA:384,1
DA:385,1
DA:386,1033
DA:387,1033
DA:388,1033
DA:389,1033
DA:390,1033
DA:391,1033
DA:392,1033
DA:393,1033
DA:394,6
DA:395,6
DA:396,6
DA:397,6
DA:398,6
DA:399,1033
DA:400,1033
DA:401,1033
DA:402,1033
DA:403,1033
DA:404,1033
DA:405,1033
DA:406,1033
DA:407,1033
DA:408,1033
DA:409,1033
DA:410,1033
DA:411,1033
DA:412,1033
DA:413,1033
DA:414,1033
DA:415,1033
DA:416,1033
DA:417,1033
DA:418,1033
DA:419,1
DA:420,1
DA:421,1
DA:422,1033
DA:423,1033
DA:424,1033
DA:425,1033
DA:426,1033
DA:427,1033
DA:428,1033
DA:429,1
DA:430,1
DA:431,1
DA:432,1033
DA:433,1033
DA:434,1033
DA:435,1033
DA:436,1033
DA:437,1033
DA:438,1033
DA:439,1033
DA:440,1033
DA:441,1033
DA:442,1033
DA:443,1033
DA:444,1033
DA:445,1033
DA:446,1033
DA:447,1
DA:448,1
DA:449,1
DA:450,1033
DA:451,1033
DA:452,1033
DA:453,1033
DA:454,1033
DA:455,1033
DA:456,1033
DA:457,1033
DA:458,1033
DA:459,1
DA:460,1
DA:461,1
DA:462,1033
DA:463,1033
DA:464,1033
DA:465,1033
DA:466,1033
DA:467,1033
DA:468,1033
DA:469,2
DA:470,2
DA:471,2
DA:472,1033
DA:473,1033
DA:474,1033
DA:475,1033
DA:476,1033
DA:477,1033
DA:478,1033
DA:479,1
DA:480,1
DA:481,1
DA:482,1033
DA:483,1033
DA:484,1033
DA:485,1033
DA:486,1033
DA:487,1033
DA:488,1033
DA:489,1033
DA:490,1033
DA:491,1033
DA:492,1033
DA:493,1033
DA:494,1033
DA:495,1033
DA:496,1033
DA:497,1
DA:498,1
DA:499,1
DA:500,1
DA:501,1033
DA:502,1033
DA:503,1033
DA:504,1033
DA:505,1033
DA:506,1033
DA:507,1033
DA:508,1033
DA:509,1033
DA:510,1033
DA:511,1033
DA:512,1033
DA:513,1033
DA:514,1033
DA:515,1033
DA:516,1033
DA:517,1033
DA:518,1033
DA:519,1033
DA:520,1033
DA:521,1033
DA:522,1033
DA:523,1033
DA:524,1033
DA:525,1033
DA:526,1033
DA:527,1033
DA:528,1033
DA:529,1033
DA:530,1033
DA:531,1033
DA:532,1033
DA:533,1033
DA:534,1033
DA:535,1033
DA:536,1033
DA:537,1033
DA:538,1033
DA:539,1033
DA:540,1033
DA:541,1033
DA:542,1033
DA:543,1033
DA:544,1033
DA:545,1033
DA:546,1033
DA:547,1033
DA:548,1033
DA:549,1033
DA:550,1033
DA:551,1033
DA:552,1033
DA:553,1033
DA:554,1033
DA:555,1033
DA:556,1033
DA:557,1033
DA:558,1033
DA:559,1033
DA:560,1033
DA:561,1033
DA:562,1033
DA:563,1033
DA:564,1033
DA:565,1033
DA:566,1033
DA:567,1033
DA:568,1033
DA:569,1033
DA:570,1033
DA:571,1033
DA:572,1033
DA:573,1033
DA:574,1033
DA:575,1033
DA:576,1033
DA:577,1033
DA:578,1033
DA:579,1033
DA:580,1033
DA:581,1033
DA:582,1033
DA:583,1033
DA:584,1033
DA:585,1033
DA:586,1033
DA:587,1033
DA:588,1033
DA:589,1033
DA:590,1033
DA:591,1033
DA:592,1033
DA:593,1033
DA:594,1033
DA:595,1033
DA:596,1033
DA:597,1033
DA:598,1033
DA:599,1033
DA:600,1033
DA:601,1033
DA:602,1033
DA:603,1033
DA:604,1033
DA:605,1033
DA:606,1033
DA:607,1033
DA:608,1033
DA:609,1033
DA:610,1033
DA:611,1033
DA:612,1033
DA:613,1033
DA:614,1033
DA:615,1033
DA:616,1033
DA:617,1033
DA:618,1033
DA:619,1033
DA:620,1033
DA:621,1033
DA:622,1033
DA:623,1033
DA:624,1033
DA:625,1033
DA:626,1033
DA:627,1033
DA:628,1033
DA:629,1033
DA:630,1033
DA:631,1033
DA:632,1033
DA:633,1033
DA:634,1033
DA:635,1033
DA:636,1033
DA:637,1033
DA:638,1033
DA:639,1033
DA:640,1033
DA:641,1033
DA:642,1033
DA:643,1033
DA:644,1033
DA:645,1033
DA:646,1033
DA:647,1033
DA:648,1033
DA:649,1033
DA:650,1033
DA:651,1033
DA:652,1033
DA:653,1033
DA:654,1033
DA:655,1033
DA:656,1033
DA:657,1033
DA:658,1033
DA:659,1033
DA:660,1033
DA:661,1033
DA:662,1033
DA:663,1033
DA:664,1033
DA:665,1033
DA:666,1033
DA:667,1033
DA:668,1033
DA:669,1033
DA:670,1033
DA:671,1033
DA:672,1033
DA:673,1033
DA:674,1033
DA:675,1033
DA:676,1033
DA:677,1033
DA:678,1033
DA:679,1033
DA:680,1033
DA:681,1033
DA:682,1033
DA:683,1033
DA:684,1033
DA:685,1033
DA:686,1033
DA:687,1033
DA:688,1033
DA:689,1033
DA:690,1033
DA:691,1033
DA:692,1033
DA:693,1033
DA:694,1033
DA:695,1033
DA:696,1033
DA:697,1033
DA:698,1033
DA:699,1033
DA:700,1033
DA:701,1033
DA:702,1033
DA:703,1033
DA:704,1033
DA:705,1033
DA:706,1033
DA:707,1033
DA:708,1033
DA:709,1033
DA:710,1033
DA:711,1033
DA:712,1033
DA:713,1033
DA:714,1033
DA:715,1033
DA:716,1033
DA:717,1033
DA:718,1033
DA:719,1033
DA:720,1033
DA:721,1033
DA:722,1033
DA:723,1033
DA:724,1033
DA:725,1033
DA:726,1033
DA:727,1033
DA:728,1033
DA:729,1033
DA:730,1033
DA:731,1033
DA:732,1033
DA:733,1033
DA:734,1033
DA:735,1033
DA:736,1033
DA:737,1033
DA:738,1033
DA:739,1033
DA:740,1033
DA:741,1033
DA:742,1033
DA:743,1033
DA:744,1033
DA:745,1033
DA:746,1033
DA:747,1033
DA:748,1033
DA:749,1033
DA:750,1033
DA:751,1033
DA:752,1033
DA:753,1033
DA:754,1033
DA:755,1033
DA:756,1033
DA:757,1033
DA:758,1033
DA:759,1033
DA:760,1033
DA:761,1033
DA:762,1033
DA:763,1033
DA:764,1033
DA:765,1033
DA:766,1033
DA:767,1033
DA:768,1033
DA:769,1033
DA:770,1033
DA:771,1033
DA:772,1033
DA:773,1033
DA:774,1033
DA:775,1033
DA:776,1033
DA:777,1033
DA:778,1033
DA:779,1033
DA:780,1033
DA:781,1033
DA:782,1033
DA:783,1033
DA:784,1033
DA:785,1033
DA:786,1033
DA:787,1033
DA:788,1033
DA:789,1033
DA:790,1033
DA:791,1033
DA:792,1033
DA:793,1033
DA:794,1033
DA:795,1033
DA:796,1033
DA:797,1033
DA:798,1033
DA:799,1033
DA:800,1033
DA:801,1033
DA:802,1033
DA:803,1033
DA:804,1033
DA:805,1033
DA:806,1033
DA:807,1033
DA:808,1033
DA:809,1033
DA:810,1033
DA:811,1033
DA:812,1033
DA:813,1033
DA:814,1033
DA:815,1033
DA:816,1033
DA:817,1033
DA:818,1033
DA:819,1033
DA:820,1033
DA:821,1033
DA:822,1033
DA:823,1033
DA:824,2
DA:825,2
DA:826,2
DA:827,1033
DA:828,1033
DA:829,1033
DA:830,1033
DA:831,1033
DA:832,1033
DA:833,1033
DA:834,1033
DA:835,1033
DA:836,1033
DA:837,1033
DA:838,1033
DA:839,1033
DA:840,1033
DA:841,1033
DA:842,1033
DA:843,1033
DA:844,1033
DA:845,1033
DA:846,1033
DA:847,1033
DA:848,1033
DA:849,1033
DA:850,1033
DA:851,1033
DA:852,1033
DA:853,1033
DA:854,1033
DA:855,1033
DA:856,1033
DA:857,1033
DA:858,1033
DA:859,1033
DA:860,1033
DA:861,1033
DA:862,1033
DA:863,1033
DA:864,1033
DA:865,1033
DA:866,1033
DA:867,1033
DA:868,1033
DA:869,1033
DA:870,1033
DA:871,1033
DA:872,1033
DA:873,1033
DA:874,1033
DA:875,1033
DA:876,1033
DA:877,1033
DA:878,1033
DA:879,1033
DA:880,1033
DA:881,1033
DA:882,1033
DA:883,1033
DA:884,1033
DA:885,1033
DA:886,1033
DA:887,1033
DA:888,1033
DA:889,1033
DA:890,1033
DA:891,1033
DA:892,1033
DA:893,1033
DA:894,1033
DA:895,1033
DA:896,1033
DA:897,1033
DA:898,1033
DA:899,1033
DA:900,1033
DA:901,1033
DA:902,1033
DA:903,1033
DA:904,1033
DA:905,1033
DA:906,1033
DA:907,1033
DA:908,1033
DA:909,1033
DA:910,1033
DA:911,1033
DA:912,1033
DA:913,1033
DA:914,1033
DA:915,1033
DA:916,1033
DA:917,1033
DA:918,1033
DA:919,1033
DA:920,1033
DA:921,1033
DA:922,1033
DA:923,1033
DA:924,1033
DA:925,1033
DA:926,1033
DA:927,1033
DA:928,1033
DA:929,1033
DA:930,1033
DA:931,1033
DA:932,1033
DA:933,1033
DA:934,1033
DA:935,1033
DA:936,1033
DA:937,1033
DA:938,1033
DA:939,1033
DA:940,1033
DA:941,1033
DA:942,1033
DA:943,1033
DA:944,1033
DA:945,1033
DA:946,1033
DA:947,1033
DA:948,1033
DA:949,1033
DA:950,1033
DA:951,1033
DA:952,1033
DA:953,1033
DA:954,1033
DA:955,1033
DA:956,1033
DA:957,1033
DA:958,1033
DA:959,1033
DA:960,1033
DA:961,1033
DA:962,1033
DA:963,1033
DA:964,1033
DA:965,1033
DA:966,1033
DA:967,1033
DA:968,1033
DA:969,1033
DA:970,1033
DA:971,1
DA:972,1
DA:973,1
DA:974,1
DA:975,1
DA:976,1
DA:977,1
DA:978,1
DA:979,1
DA:980,1
DA:981,1
DA:982,1
DA:983,1
DA:984,1
DA:985,1
DA:986,3
DA:987,3
DA:988,1
DA:989,1
DA:990,1
DA:991,1
DA:992,1
DA:993,1
DA:994,1
DA:995,1
DA:996,1
DA:997,1
DA:998,3
DA:999,3
DA:1000,1
DA:1001,1
DA:1002,1
DA:1003,1
DA:1004,1
DA:1005,1
DA:1006,1
DA:1007,1
DA:1008,1
DA:1009,1
DA:1010,3
DA:1011,3
DA:1012,1
DA:1013,1
DA:1014,1
DA:1015,1
DA:1016,1
DA:1017,1
DA:1018,1
DA:1019,1
DA:1020,1
DA:1021,1
DA:1022,3
DA:1023,3
DA:1024,1
DA:1025,1
DA:1026,1
DA:1027,1
DA:1028,1
DA:1029,1
DA:1030,1
DA:1031,1
DA:1032,1
DA:1033,1
DA:1034,3
DA:1035,3
DA:1036,1
DA:1037,1
DA:1038,1
DA:1039,1
DA:1040,1
DA:1041,1
DA:1042,1
DA:1043,1
DA:1044,1
DA:1045,1
DA:1046,3
DA:1047,3
DA:1048,1
DA:1049,1
DA:1050,1
DA:1051,1
DA:1052,1
DA:1053,1
DA:1054,1
DA:1055,1
DA:1056,1
DA:1057,1
DA:1058,3
DA:1059,3
DA:1060,1
DA:1061,1
DA:1062,1
DA:1063,1
DA:1064,1
DA:1065,1
DA:1066,1
DA:1067,1
DA:1068,1
DA:1069,1
DA:1070,3
DA:1071,3
DA:1072,1
DA:1073,1
DA:1074,1
DA:1075,1
DA:1076,1
DA:1077,1
DA:1078,1
DA:1079,1
DA:1080,1
DA:1081,1
DA:1082,3
DA:1083,3
DA:1084,1
DA:1085,1
DA:1086,1
DA:1087,1
DA:1088,1
DA:1089,1
DA:1090,1
DA:1091,1
DA:1092,1
DA:1093,1
DA:1094,3
DA:1095,3
DA:1096,1
DA:1097,1
DA:1098,1
DA:1099,1
DA:1100,1
DA:1101,1
DA:1102,1
DA:1103,1
DA:1104,1
DA:1105,1
DA:1106,3
DA:1107,3
DA:1108,1
DA:1109,1
DA:1110,1
DA:1111,1
DA:1112,1
DA:1113,1
DA:1114,1
DA:1115,1
DA:1116,1
DA:1117,1
DA:1118,3
DA:1119,3
DA:1120,1
DA:1121,1
DA:1122,1
DA:1123,1
DA:1124,1
DA:1125,1
DA:1126,1
DA:1127,1
DA:1128,1
DA:1129,1
DA:1130,4
DA:1131,4
DA:1132,1
DA:1133,1
DA:1134,1
DA:1135,1
DA:1136,1
DA:1137,1
DA:1138,1
DA:1139,1
DA:1140,1
DA:1141,1
DA:1142,3
DA:1143,3
DA:1144,1
DA:1145,1
DA:1146,1
DA:1147,1
DA:1148,1
DA:1149,1
DA:1150,1
DA:1151,1
DA:1152,1
DA:1153,1
DA:1154,3
DA:1155,3
DA:1156,1
DA:1157,1
DA:1158,1
DA:1159,1
DA:1160,1
DA:1161,1
DA:1162,1
DA:1163,1
DA:1164,1
DA:1165,1
DA:1166,3
DA:1167,3
DA:1168,1
DA:1169,1
DA:1170,1
DA:1171,1
DA:1172,1
DA:1173,1
DA:1174,1
DA:1175,1
DA:1176,1
DA:1177,1
DA:1178,3
DA:1179,3
DA:1180,1
DA:1181,1
DA:1182,1
DA:1183,1
DA:1184,1
DA:1185,1
DA:1186,1
DA:1187,1
DA:1188,1
DA:1189,1
DA:1190,3
DA:1191,3
DA:1192,1
DA:1193,1
DA:1194,1
DA:1195,1
DA:1196,1
DA:1197,1
DA:1198,1
DA:1199,1
DA:1200,1
DA:1201,1
DA:1202,3
DA:1203,3
DA:1204,1
DA:1205,1
DA:1206,1
DA:1207,1
DA:1208,1
DA:1209,1
DA:1210,1
DA:1211,1
DA:1212,1
DA:1213,1
DA:1214,3
DA:1215,3
DA:1216,1
DA:1217,1
DA:1218,1
DA:1219,1
DA:1220,1
DA:1221,1
DA:1222,1
DA:1223,1
DA:1224,1
DA:1225,1
DA:1226,3
DA:1227,3
DA:1228,1
DA:1229,1
DA:1230,1
DA:1231,1
DA:1232,1
DA:1233,1
DA:1234,1
DA:1235,1
DA:1236,1
DA:1237,1
DA:1238,3
DA:1239,3
DA:1240,1
DA:1241,1
DA:1242,1
DA:1243,1
DA:1244,1
DA:1245,1
DA:1246,1
DA:1247,1
DA:1248,1
DA:1249,1
DA:1250,3
DA:1251,3
DA:1252,1
DA:1253,1
DA:1254,1
DA:1255,1
DA:1256,1
DA:1257,1
DA:1258,1
DA:1259,1
DA:1260,1
DA:1261,1
DA:1262,14
DA:1263,14
DA:1264,1
DA:1265,1
DA:1266,2
DA:1267,2
DA:1268,1
DA:1269,1
DA:1270,1
DA:1271,1
DA:1272,1
DA:1273,1
DA:1274,3
DA:1275,3
DA:1276,1
DA:1277,1
DA:1278,1
DA:1279,1
DA:1280,1
DA:1281,1
DA:1282,1
DA:1283,1
DA:1284,1
DA:1285,1
DA:1286,3
DA:1287,3
DA:1288,1
DA:1289,1
DA:1290,1
DA:1291,1
DA:1292,1
DA:1293,1
DA:1294,1
DA:1295,1
DA:1296,1
DA:1297,1
DA:1298,3
DA:1299,3
DA:1300,1
DA:1301,1
DA:1302,1
DA:1303,1
DA:1304,1
DA:1305,1
DA:1306,1
DA:1307,1
DA:1308,1
DA:1309,1
DA:1310,3
DA:1311,3
DA:1312,1
DA:1313,1
DA:1314,1
DA:1315,1
DA:1316,1
DA:1317,1
DA:1318,1
DA:1319,1
DA:1320,1
DA:1321,1
DA:1322,3
DA:1323,3
DA:1324,1
DA:1325,1
DA:1326,1
DA:1327,1
DA:1328,1
DA:1329,1
DA:1330,1
DA:1331,1
DA:1332,1
DA:1333,1
DA:1334,3
DA:1335,3
DA:1336,1
DA:1337,1
DA:1338,1
DA:1339,1
DA:1340,1
DA:1341,1
DA:1342,1
DA:1343,1
DA:1344,1
DA:1345,1
DA:1346,3
DA:1347,3
DA:1348,1
DA:1349,1
DA:1350,1
DA:1351,1
DA:1352,1
DA:1353,1
DA:1354,1
DA:1355,1
DA:1356,1
DA:1357,1
DA:1358,3
DA:1359,3
DA:1360,1
DA:1361,1
DA:1362,1
DA:1363,1
DA:1364,1
DA:1365,1
DA:1366,1
DA:1367,1
DA:1368,1
DA:1369,1
DA:1370,3
DA:1371,3
DA:1372,1
DA:1373,1
DA:1374,1
DA:1375,1
DA:1376,1
DA:1377,1
DA:1378,1
DA:1379,1
DA:1380,1
DA:1381,1
DA:1382,3
DA:1383,3
DA:1384,1
DA:1385,1
DA:1386,1
DA:1387,1
DA:1388,1
DA:1389,1
DA:1390,1
DA:1391,1
DA:1392,1
DA:1393,1
DA:1394,3
DA:1395,3
DA:1396,1
DA:1397,1
DA:1398,1
DA:1399,1
DA:1400,1
DA:1401,1
DA:1402,1
DA:1403,1
DA:1404,1
DA:1405,1
DA:1406,3
DA:1407,3
DA:1408,1
DA:1409,1
DA:1410,1
DA:1411,1
DA:1412,1
DA:1413,1
DA:1414,1
DA:1415,1
DA:1416,1
DA:1417,1
DA:1418,3
DA:1419,3
DA:1420,1
DA:1421,1
DA:1422,1
DA:1423,1
DA:1424,1
DA:1425,1
DA:1426,1
DA:1427,1
DA:1428,1
DA:1429,1
DA:1430,3
DA:1431,3
DA:1432,1
DA:1433,1
DA:1434,1
DA:1435,1
DA:1436,1
DA:1437,1
DA:1438,1
DA:1439,1
DA:1440,1
DA:1441,1
DA:1442,3
DA:1443,3
DA:1444,1
DA:1445,1
DA:1446,1
DA:1447,1
DA:1448,1
DA:1449,1
DA:1450,1
DA:1451,1
DA:1452,1
DA:1453,1
DA:1454,3
DA:1455,3
DA:1456,1
DA:1457,1
DA:1458,1
DA:1459,1
DA:1460,1
DA:1461,1
DA:1462,1
DA:1463,1
DA:1464,1
DA:1465,1
DA:1466,3
DA:1467,3
DA:1468,1
DA:1469,1
DA:1470,1
DA:1471,1
DA:1472,1
DA:1473,1
DA:1474,1
DA:1475,1
DA:1476,1
DA:1477,1
DA:1478,3
DA:1479,3
DA:1480,1
DA:1481,1
DA:1482,1
DA:1483,1
DA:1484,1
DA:1485,1
DA:1486,1
DA:1487,1
DA:1488,1
DA:1489,1
DA:1490,3
DA:1491,3
DA:1492,1
DA:1493,1
DA:1494,1
DA:1495,1
DA:1496,1
DA:1497,1
DA:1498,1
DA:1499,1
DA:1500,1
DA:1501,1
DA:1502,3
DA:1503,3
DA:1504,1
DA:1505,1
DA:1506,1
DA:1507,1
DA:1508,1
DA:1509,1
DA:1510,1
DA:1511,1
DA:1512,1
DA:1513,1
DA:1514,3
DA:1515,3
DA:1516,1
DA:1517,1
DA:1518,1
DA:1519,1
DA:1520,1
DA:1521,1
DA:1522,1
DA:1523,1
DA:1524,1
DA:1525,1
DA:1526,3
DA:1527,3
DA:1528,1
DA:1529,1
DA:1530,1
DA:1531,1
DA:1532,1
DA:1533,1
DA:1534,1
DA:1535,1
DA:1536,1
DA:1537,1
DA:1538,3
DA:1539,3
DA:1540,1
DA:1541,1
DA:1542,1
DA:1543,1
DA:1544,1
DA:1545,1
DA:1546,1
DA:1547,1
DA:1548,1
DA:1549,1
DA:1550,3
DA:1551,3
DA:1552,1
DA:1553,1
DA:1554,1
DA:1555,1
DA:1556,1
DA:1557,1
DA:1558,1
DA:1559,1
DA:1560,1
DA:1561,1
DA:1562,3
DA:1563,3
DA:1564,1
DA:1565,1
DA:1566,1
DA:1567,1
DA:1568,1
DA:1569,1
DA:1570,1
DA:1571,1
DA:1572,1
DA:1573,1
DA:1574,3
DA:1575,3
DA:1576,1
DA:1577,1
DA:1578,1
DA:1579,1
DA:1580,1
DA:1581,1
DA:1582,1
DA:1583,1
DA:1584,1
DA:1585,1
DA:1586,3
DA:1587,3
DA:1588,1
DA:1589,1
DA:1590,1
DA:1591,1
DA:1592,1
DA:1593,1
DA:1594,1
LF:1594
LH:1594
BRDA:14,0,0,1033
BRDA:74,1,0,1
BRDA:78,2,0,67
BRDA:79,3,0,54
BRDA:82,4,0,54
BRDA:80,5,0,22
BRDA:80,6,0,11
BRDA:90,7,0,52910
BRDA:104,8,0,1033
BRDA:104,9,0,4
BRDA:105,10,0,3
BRDA:105,11,0,1
BRDA:105,12,0,3
BRDA:106,13,0,1
BRDA:116,14,0,1
BRDA:126,15,0,1
BRDA:144,16,0,1
BRDA:164,17,0,2
BRDA:172,18,0,1
BRDA:185,19,0,1
BRDA:199,20,0,1
BRDA:210,21,0,1
BRDA:216,22,0,1
BRDA:226,23,0,3
BRDA:227,24,0,2
BRDA:227,25,0,1
BRDA:227,26,0,2
BRDA:228,27,0,1
BRDA:241,28,0,1
BRDA:249,29,0,1
BRDA:259,30,0,2
BRDA:260,31,0,7
BRDA:261,32,0,1
BRDA:269,33,0,1
BRDA:274,34,0,1
BRDA:285,35,0,1
BRDA:294,36,0,1
BRDA:305,37,0,1
BRDA:310,38,0,1
BRDA:321,39,0,1
BRDA:335,40,0,1
BRDA:348,41,0,1
BRDA:371,42,0,1
BRDA:382,43,0,1
BRDA:393,44,0,6
BRDA:418,45,0,1
BRDA:428,46,0,1
BRDA:446,47,0,1
BRDA:458,48,0,1
BRDA:468,49,0,2
BRDA:478,50,0,1
BRDA:488,51,0,2
BRDA:496,52,0,1
BRDA:506,53,0,1
BRDA:515,54,0,2
BRDA:515,55,0,1
BRDA:515,56,0,1
BRDA:522,57,0,1
BRDA:532,58,0,1
BRDA:539,59,0,1
BRDA:551,60,0,1
BRDA:564,61,0,7
BRDA:577,62,0,1
BRDA:590,63,0,1
BRDA:603,64,0,1
BRDA:615,65,0,1
BRDA:627,66,0,1
BRDA:640,67,0,7
BRDA:652,68,0,1
BRDA:664,69,0,1
BRDA:670,70,0,1
BRDA:678,71,0,1
BRDA:685,72,0,1
BRDA:692,73,0,1
BRDA:699,74,0,1
BRDA:706,75,0,1
BRDA:713,76,0,1
BRDA:720,77,0,1
BRDA:727,78,0,1
BRDA:735,79,0,1
BRDA:743,80,0,1
BRDA:751,81,0,1
BRDA:759,82,0,1
BRDA:767,83,0,1
BRDA:774,84,0,1
BRDA:781,85,0,1
BRDA:788,86,0,1
BRDA:795,87,0,1
BRDA:802,88,0,1
BRDA:810,89,0,1
BRDA:823,90,0,2
BRDA:832,91,0,1
BRDA:838,92,0,1
BRDA:847,93,0,1
BRDA:854,94,0,1
BRDA:861,95,0,1
BRDA:869,96,0,1
BRDA:889,97,0,1
BRDA:896,98,0,1
BRDA:901,99,0,1
BRDA:908,100,0,1
BRDA:915,101,0,1
BRDA:923,102,0,1
BRDA:929,103,0,1
BRDA:936,104,0,2
BRDA:945,105,0,1
BRDA:945,106,0,1
BRDA:952,107,0,1
BRDA:958,108,0,1
BRDA:964,109,0,1
BRDA:971,110,0,1
BRDA:985,111,0,3
BRDA:989,112,0,1
BRDA:997,113,0,3
BRDA:1001,114,0,1
BRDA:1009,115,0,3
BRDA:1013,116,0,1
BRDA:1021,117,0,3
BRDA:1025,118,0,1
BRDA:1033,119,0,3
BRDA:1037,120,0,1
BRDA:1045,121,0,3
BRDA:1049,122,0,1
BRDA:1057,123,0,3
BRDA:1061,124,0,1
BRDA:1069,125,0,3
BRDA:1073,126,0,1
BRDA:1081,127,0,3
BRDA:1085,128,0,1
BRDA:1093,129,0,3
BRDA:1097,130,0,1
BRDA:1105,131,0,3
BRDA:1109,132,0,1
BRDA:1117,133,0,3
BRDA:1121,134,0,1
BRDA:1129,135,0,4
BRDA:1133,136,0,1
BRDA:1141,137,0,3
BRDA:1145,138,0,1
BRDA:1153,139,0,3
BRDA:1157,140,0,1
BRDA:1165,141,0,3
BRDA:1169,142,0,1
BRDA:1177,143,0,3
BRDA:1181,144,0,1
BRDA:1189,145,0,3
BRDA:1193,146,0,1
BRDA:1201,147,0,3
BRDA:1205,148,0,1
BRDA:1213,149,0,3
BRDA:1217,150,0,1
BRDA:1225,151,0,3
BRDA:1229,152,0,1
BRDA:1237,153,0,3
BRDA:1241,154,0,1
BRDA:1249,155,0,3
BRDA:1253,156,0,1
BRDA:1261,157,0,14
BRDA:1265,158,0,2
BRDA:1273,159,0,3
BRDA:1277,160,0,1
BRDA:1285,161,0,3
BRDA:1289,162,0,1
BRDA:1297,163,0,3
BRDA:1301,164,0,1
BRDA:1309,165,0,3
BRDA:1313,166,0,1
BRDA:1321,167,0,3
BRDA:1325,168,0,1
BRDA:1333,169,0,3
BRDA:1337,170,0,1
BRDA:1345,171,0,3
BRDA:1349,172,0,1
BRDA:1357,173,0,3
BRDA:1361,174,0,1
BRDA:1369,175,0,3
BRDA:1373,176,0,1
BRDA:1381,177,0,3
BRDA:1385,178,0,1
BRDA:1393,179,0,3
BRDA:1397,180,0,1
BRDA:1405,181,0,3
BRDA:1409,182,0,1
BRDA:1417,183,0,3
BRDA:1421,184,0,1
BRDA:1429,185,0,3
BRDA:1433,186,0,1
BRDA:1441,187,0,3
BRDA:1445,188,0,1
BRDA:1453,189,0,3
BRDA:1457,190,0,1
BRDA:1465,191,0,3
BRDA:1469,192,0,1
BRDA:1477,193,0,3
BRDA:1481,194,0,1
BRDA:1489,195,0,3
BRDA:1493,196,0,1
BRDA:1501,197,0,3
BRDA:1505,198,0,1
BRDA:1513,199,0,3
BRDA:1517,200,0,1
BRDA:1525,201,0,3
BRDA:1529,202,0,1
BRDA:1537,203,0,3
BRDA:1541,204,0,1
BRDA:1549,205,0,3
BRDA:1553,206,0,1
BRDA:1561,207,0,3
BRDA:1565,208,0,1
BRDA:1573,209,0,3
BRDA:1577,210,0,1
BRDA:1585,211,0,3
BRDA:1589,212,0,1
BRF:213
BRH:213
end_of_record
TN:
SF:src\core\objects\LPBoolean.js
FN:8,assign
FN:18,and
FN:33,or
FN:47,not
FNF:4
FNH:4
FNDA:13,assign
FNDA:24,and
FNDA:12,or
FNDA:10,not
DA:1,1
DA:2,1
DA:3,1
DA:4,1
DA:5,1
DA:6,1
DA:7,1
DA:8,1
DA:9,13
DA:10,13
DA:11,13
DA:12,1
DA:13,1
DA:14,1
DA:15,1
DA:16,1
DA:17,1
DA:18,1
DA:19,24
DA:20,24
DA:21,24
DA:22,2
DA:23,2
DA:24,2
DA:25,22
DA:26,22
DA:27,1
DA:28,1
DA:29,1
DA:30,1
DA:31,1
DA:32,1
DA:33,1
DA:34,12
DA:35,12
DA:36,12
DA:37,2
DA:38,2
DA:39,2
DA:40,10
DA:41,10
DA:42,1
DA:43,1
DA:44,1
DA:45,1
DA:46,1
DA:47,1
DA:48,10
DA:49,10
DA:50,10
DA:51,1
LF:51
LH:51
BRDA:8,0,0,13
BRDA:18,1,0,24
BRDA:20,2,0,3
BRDA:21,3,0,2
BRDA:25,4,0,22
BRDA:33,5,0,12
BRDA:35,6,0,2
BRDA:36,7,0,2
BRDA:40,8,0,10
BRDA:47,9,0,10
BRF:10
BRH:10
end_of_record
TN:
SF:src\core\objects\LPBuilding.js
FN:15,<instance_members_initializer>
FN:15,calculateExpenses
FN:25,calculateRent
FN:39,calculateRevenue
FN:49,calculateWages
FN:60,generateBuildingAlias
FN:69,getBuildingType
FN:75,isBuildingValid
FN:86,isOpen
FN:97,isSameBuilding
FN:108,modifyReputation
FN:121,removeObjective
FN:129,setHomeDating
FNF:13
FNH:13
FNDA:399,<instance_members_initializer>
FNDA:1,calculateExpenses
FNDA:1,calculateRent
FNDA:1,calculateRevenue
FNDA:1,calculateWages
FNDA:2,generateBuildingAlias
FNDA:1,getBuildingType
FNDA:1,isBuildingValid
FNDA:1,isOpen
FNDA:1,isSameBuilding
FNDA:3,modifyReputation
FNDA:1,removeObjective
FNDA:1,setHomeDating
DA:1,1
DA:2,1
DA:3,1
DA:4,1
DA:5,1
DA:6,1
DA:7,1
DA:8,1
DA:9,1
DA:10,1
DA:11,1
DA:12,1
DA:13,1
DA:14,1
DA:15,1
DA:16,1
DA:17,1
DA:18,1
DA:19,1
DA:20,399
DA:21,399
DA:22,399
DA:23,399
DA:24,399
DA:25,399
DA:26,1
DA:27,1
DA:28,1
DA:29,1
DA:30,399
DA:31,399
DA:32,399
DA:33,399
DA:34,399
DA:35,399
DA:36,399
DA:37,399
DA:38,399
DA:39,399
DA:40,1
DA:41,1
DA:42,1
DA:43,1
DA:44,399
DA:45,399
DA:46,399
DA:47,399
DA:48,399
DA:49,399
DA:50,1
DA:51,1
DA:52,1
DA:53,1
DA:54,399
DA:55,399
DA:56,399
DA:57,399
DA:58,399
DA:59,399
DA:60,399
DA:61,2
DA:62,2
DA:63,2
DA:64,399
DA:65,399
DA:66,399
DA:67,399
DA:68,399
DA:69,399
DA:70,1
DA:71,1
DA:72,1
DA:73,1
DA:74,399
DA:75,399
DA:76,1
DA:77,1
DA:78,1
DA:79,1
DA:80,399
DA:81,399
DA:82,399
DA:83,399
DA:84,399
DA:85,399
DA:86,399
DA:87,1
DA:88,1
DA:89,1
DA:90,1
DA:91,399
DA:92,399
DA:93,399
DA:94,399
DA:95,399
DA:96,399
DA:97,399
DA:98,1
DA:99,1
DA:100,1
DA:101,1
DA:102,399
DA:103,399
DA:104,399
DA:105,399
DA:106,399
DA:107,399
DA:108,399
DA:109,3
DA:110,3
DA:111,3
DA:112,3
DA:113,3
DA:114,3
DA:115,399
DA:116,399
DA:117,399
DA:118,399
DA:119,399
DA:120,399
DA:121,399
DA:122,1
DA:123,1
DA:124,1
DA:125,399
DA:126,399
DA:127,399
DA:128,399
DA:129,399
DA:130,1
DA:131,1
DA:132,1
DA:133,1
DA:134,1
LF:134
LH:134
BRDA:15,0,0,399
BRDA:15,1,0,1
BRDA:25,2,0,1
BRDA:39,3,0,1
BRDA:49,4,0,1
BRDA:60,5,0,2
BRDA:69,6,0,1
BRDA:75,7,0,1
BRDA:86,8,0,1
BRDA:97,9,0,1
BRDA:108,10,0,3
BRDA:109,11,0,2
BRDA:110,12,0,1
BRDA:110,13,0,2
BRDA:111,14,0,1
BRDA:121,15,0,1
BRDA:129,16,0,1
BRF:17
BRH:17
end_of_record
TN:
SF:src\core\objects\LPBuildingAlias.js
FN:7,addObjective
FNF:1
FNH:1
FNDA:1,addObjective
DA:1,1
DA:2,1
DA:3,1
DA:4,1
DA:5,1
DA:6,1
DA:7,1
DA:8,1
DA:9,1
DA:10,1
DA:11,1
DA:12,1
LF:12
LH:12
BRDA:7,0,0,1
BRF:1
BRH:1
end_of_record
TN:
SF:src\core\objects\LPDescription.js
FN:1,(empty-report)
FNF:1
FNH:0
FNDA:0,(empty-report)
DA:1,0
DA:2,0
DA:3,0
DA:4,0
DA:5,0
DA:6,0
DA:7,0
DA:8,0
DA:9,0
DA:10,0
DA:11,0
DA:12,0
DA:13,0
DA:14,0
DA:15,0
DA:16,0
LF:16
LH:0
BRDA:1,0,0,0
BRF:1
BRH:0
end_of_record
TN:
SF:src\core\objects\LPFloat.js
FN:5,LPFloat
FN:20,<instance_members_initializer>
FN:20,_opHelper
FN:43,_funcHelper
FN:55,add
FN:65,sub
FN:76,div
FN:86,mul
FN:96,addEq
FN:104,subEq
FN:112,mulEq
FN:120,divEq
FN:129,assign
FN:144,gt
FN:154,gte
FN:164,lt
FN:175,lte
FN:185,ne
FN:195,eq
FN:205,floor
FN:216,power
FN:228,round
FN:238,convertToLocalCurrency
FN:252,setFraternityFees
FN:269,setRent
FN:283,setSalary
FN:295,setTuition
FN:300,get isStat
FN:304,set isStat
FNF:29
FNH:29
FNDA:53722,LPFloat
FNDA:53722,<instance_members_initializer>
FNDA:200,_opHelper
FNDA:5,_funcHelper
FNDA:76,add
FNDA:6,sub
FNDA:6,div
FNDA:14,mul
FNDA:57,addEq
FNDA:3,subEq
FNDA:4,mulEq
FNDA:2,divEq
FNDA:60,assign
FNDA:20,gt
FNDA:2,gte
FNDA:4,lt
FNDA:2,lte
FNDA:2,ne
FNDA:2,eq
FNDA:1,floor
FNDA:2,power
FNDA:1,round
FNDA:1,convertToLocalCurrency
FNDA:1,setFraternityFees
FNDA:1,setRent
FNDA:1,setSalary
FNDA:1,setTuition
FNDA:61,get isStat
FNDA:1,set isStat
DA:1,1
DA:2,1
DA:3,1
DA:4,1
DA:5,1
DA:6,53722
DA:7,53722
DA:8,53722
DA:9,53722
DA:10,1
DA:11,1
DA:12,1
DA:13,1
DA:14,1
DA:15,1
DA:16,1
DA:17,1
DA:18,1
DA:19,1
DA:20,1
DA:21,200
DA:22,200
DA:23,200
DA:24,68
DA:25,68
DA:26,68
DA:27,147
DA:28,66
DA:29,66
DA:30,132
DA:31,132
DA:32,53722
DA:33,53722
DA:34,53722
DA:35,53722
DA:36,53722
DA:37,53722
DA:38,53722
DA:39,53722
DA:40,53722
DA:41,53722
DA:42,53722
DA:43,53722
DA:44,5
DA:45,5
DA:46,5
DA:47,5
DA:48,5
DA:49,1
DA:50,1
DA:51,1
DA:52,1
DA:53,1
DA:54,1
DA:55,1
DA:56,76
DA:57,76
DA:58,76
DA:59,1
DA:60,1
DA:61,1
DA:62,1
DA:63,1
DA:64,1
DA:65,1
DA:66,6
DA:67,6
DA:68,6
DA:69,1
DA:70,1
DA:71,1
DA:72,1
DA:73,1
DA:74,1
DA:75,1
DA:76,1
DA:77,6
DA:78,6
DA:79,6
DA:80,1
DA:81,1
DA:82,1
DA:83,1
DA:84,1
DA:85,1
DA:86,1
DA:87,14
DA:88,14
DA:89,14
DA:90,1
DA:91,1
DA:92,1
DA:93,1
DA:94,1
DA:95,1
DA:96,1
DA:97,57
DA:98,57
DA:99,1
DA:100,1
DA:101,1
DA:102,1
DA:103,1
DA:104,1
DA:105,3
DA:106,3
DA:107,1
DA:108,1
DA:109,1
DA:110,1
DA:111,1
DA:112,1
DA:113,4
DA:114,4
DA:115,1
DA:116,1
DA:117,1
DA:118,1
DA:119,1
DA:120,1
DA:121,2
DA:122,2
DA:123,1
DA:124,1
DA:125,1
DA:126,1
DA:127,1
DA:128,1
DA:129,1
DA:130,60
DA:131,60
DA:132,60
DA:133,53
DA:134,53
DA:135,53
DA:136,7
DA:137,7
DA:138,1
DA:139,1
DA:140,1
DA:141,1
DA:142,1
DA:143,1
DA:144,1
DA:145,20
DA:146,20
DA:147,20
DA:148,1
DA:149,1
DA:150,1
DA:151,1
DA:152,1
DA:153,1
DA:154,1
DA:155,2
DA:156,2
DA:157,2
DA:158,1
DA:159,1
DA:160,1
DA:161,1
DA:162,1
DA:163,1
DA:164,1
DA:165,4
DA:166,4
DA:167,4
DA:168,1
DA:169,1
DA:170,1
DA:171,1
DA:172,1
DA:173,1
DA:174,1
DA:175,1
DA:176,2
DA:177,2
DA:178,2
DA:179,1
DA:180,1
DA:181,1
DA:182,1
DA:183,1
DA:184,1
DA:185,1
DA:186,2
DA:187,2
DA:188,2
DA:189,1
DA:190,1
DA:191,1
DA:192,1
DA:193,1
DA:194,1
DA:195,1
DA:196,2
DA:197,2
DA:198,2
DA:199,1
DA:200,1
DA:201,1
DA:202,1
DA:203,1
DA:204,1
DA:205,1
DA:206,1
DA:207,1
DA:208,1
DA:209,1
DA:210,1
DA:211,1
DA:212,1
DA:213,1
DA:214,1
DA:215,1
DA:216,1
DA:217,2
DA:218,2
DA:219,2
DA:220,1
DA:221,1
DA:222,1
DA:223,1
DA:224,1
DA:225,1
DA:226,1
DA:227,1
DA:228,1
DA:229,1
DA:230,1
DA:231,1
DA:232,1
DA:233,1
DA:234,1
DA:235,1
DA:236,1
DA:237,1
DA:238,1
DA:239,1
DA:240,1
DA:241,1
DA:242,1
DA:243,1
DA:244,1
DA:245,1
DA:246,1
DA:247,1
DA:248,1
DA:249,1
DA:250,1
DA:251,1
DA:252,1
DA:253,1
DA:254,1
DA:255,1
DA:256,1
DA:257,1
DA:258,1
DA:259,1
DA:260,1
DA:261,1
DA:262,1
DA:263,1
DA:264,1
DA:265,1
DA:266,1
DA:267,1
DA:268,1
DA:269,1
DA:270,1
DA:271,1
DA:272,1
DA:273,1
DA:274,1
DA:275,1
DA:276,1
DA:277,1
DA:278,1
DA:279,1
DA:280,1
DA:281,1
DA:282,1
DA:283,1
DA:284,1
DA:285,1
DA:286,1
DA:287,1
DA:288,1
DA:289,1
DA:290,1
DA:291,1
DA:292,1
DA:293,1
DA:294,1
DA:295,1
DA:296,1
DA:297,1
DA:298,1
DA:299,1
DA:300,1
DA:301,61
DA:302,61
DA:303,1
DA:304,1
DA:305,1
DA:306,1
DA:307,1
DA:308,1
DA:309,1
LF:309
LH:309
BRDA:5,0,0,53722
BRDA:6,1,0,53471
BRDA:20,2,0,53722
BRDA:20,3,0,200
BRDA:21,4,0,85
BRDA:23,5,0,148
BRDA:23,6,0,68
BRDA:27,7,0,147
BRDA:27,8,0,132
BRDA:27,9,0,66
BRDA:30,10,0,132
BRDA:43,11,0,5
BRDA:46,12,0,4
BRDA:55,13,0,76
BRDA:65,14,0,6
BRDA:76,15,0,6
BRDA:86,16,0,14
BRDA:96,17,0,57
BRDA:104,18,0,3
BRDA:112,19,0,4
BRDA:120,20,0,2
BRDA:129,21,0,60
BRDA:132,22,0,53
BRDA:136,23,0,7
BRDA:144,24,0,20
BRDA:154,25,0,2
BRDA:164,26,0,4
BRDA:175,27,0,2
BRDA:185,28,0,2
BRDA:195,29,0,2
BRDA:205,30,0,1
BRDA:216,31,0,2
BRDA:228,32,0,1
BRDA:238,33,0,1
BRDA:252,34,0,1
BRDA:269,35,0,1
BRDA:283,36,0,1
BRDA:295,37,0,1
BRDA:300,38,0,61
BRDA:304,39,0,1
BRF:40
BRH:40
end_of_record
TN:
SF:src\core\objects\LPGlobals.js
FN:6,LPGlobals
FN:15,hookSandbox
FN:16,global.comment
FN:17,global.enterString
FN:18,global.getGlobal
FN:19,global.getGlobalString
FN:20,global.setGlobal
FN:21,global.setGlobalString
FN:22,global.setHomeCity
FN:28,clearGlobal
FN:37,comment
FN:45,enterString
FN:57,getGlobal
FN:79,getGlobalString
FN:101,setGlobal
FN:111,setGlobalString
FN:119,setHomeCity
FNF:17
FNH:15
FNDA:387,LPGlobals
FNDA:386,hookSandbox
FNDA:0,global.comment
FNDA:1,global.enterString
FNDA:4,global.getGlobal
FNDA:4,global.getGlobalString
FNDA:3,global.setGlobal
FNDA:3,global.setGlobalString
FNDA:1,global.setHomeCity
FNDA:0,clearGlobal
FNDA:4,comment
FNDA:1,enterString
FNDA:4,getGlobal
FNDA:4,getGlobalString
FNDA:3,setGlobal
FNDA:3,setGlobalString
FNDA:1,setHomeCity
DA:1,1
DA:2,1
DA:3,1
DA:4,1
DA:5,1
DA:6,1
DA:7,387
DA:8,387
DA:9,1
DA:10,1
DA:11,1
DA:12,1
DA:13,1
DA:14,1
DA:15,1
DA:16,386
DA:17,386
DA:18,386
DA:19,386
DA:20,386
DA:21,386
DA:22,386
DA:23,386
DA:24,1
DA:25,1
DA:26,1
DA:27,1
DA:28,1
DA:29,0
DA:30,0
DA:31,0
DA:32,1
DA:33,1
DA:34,1
DA:35,1
DA:36,1
DA:37,1
DA:38,4
DA:39,4
DA:40,1
DA:41,1
DA:42,1
DA:43,1
DA:44,1
DA:45,1
DA:46,1
DA:47,1
DA:48,1
DA:49,1
DA:50,1
DA:51,1
DA:52,1
DA:53,1
DA:54,1
DA:55,1
DA:56,1
DA:57,1
DA:58,4
DA:59,4
DA:60,4
DA:61,4
DA:62,1
DA:63,1
DA:64,1
DA:65,4
DA:66,1
DA:67,1
DA:68,1
DA:69,1
DA:70,4
DA:71,4
DA:72,4
DA:73,1
DA:74,1
DA:75,1
DA:76,1
DA:77,1
DA:78,1
DA:79,1
DA:80,4
DA:81,4
DA:82,4
DA:83,4
DA:84,1
DA:85,1
DA:86,1
DA:87,4
DA:88,1
DA:89,1
DA:90,1
DA:91,1
DA:92,4
DA:93,4
DA:94,4
DA:95,1
DA:96,1
DA:97,1
DA:98,1
DA:99,1
DA:100,1
DA:101,1
DA:102,3
DA:103,3
DA:104,3
DA:105,1
DA:106,1
DA:107,1
DA:108,1
DA:109,1
DA:110,1
DA:111,1
DA:112,3
DA:113,3
DA:114,3
DA:115,1
DA:116,1
DA:117,1
DA:118,1
DA:119,1
DA:120,1
DA:121,1
DA:122,1
LF:122
LH:119
BRDA:6,0,0,387
BRDA:15,1,0,386
BRDA:17,2,0,1
BRDA:18,3,0,4
BRDA:19,4,0,4
BRDA:20,5,0,3
BRDA:21,6,0,3
BRDA:22,7,0,1
BRDA:37,8,0,4
BRDA:45,9,0,1
BRDA:47,10,0,0
BRDA:57,11,0,4
BRDA:61,12,0,1
BRDA:65,13,0,3
BRDA:65,14,0,1
BRDA:79,15,0,4
BRDA:83,16,0,1
BRDA:87,17,0,3
BRDA:87,18,0,1
BRDA:101,19,0,3
BRDA:103,20,0,2
BRDA:111,21,0,3
BRDA:113,22,0,2
BRDA:119,23,0,1
BRF:24
BRH:23
end_of_record
TN:
SF:src\core\objects\LPNPC.js
FN:10,LPNPC
FN:18,<instance_members_initializer>
FN:18,addColleague
FN:23,addCriminal
FN:28,addDatingFriend
FN:33,addEmployee
FN:38,addNeighbour
FN:43,addProstitute
FN:48,addToPeopleHere
FN:62,assignWhat
FN:75,assignWhere
FN:81,blockNPCRelationships
FN:87,delete
FN:93,deletePerson
FN:117,favoriteHome
FN:132,getUntil
FN:142,hasRelationship
FN:159,isAffair
FN:173,isBoss
FN:183,isColleague
FN:196,isContactExchanged
FN:205,isCreature
FN:212,isCreatureType
FN:218,isDatingFriend
FN:224,isDeflowered
FN:230,isDeflowerer
FN:236,isEmployee
FN:242,isExRelative
FN:248,isLandlord
FN:254,isMarried
FN:260,isNeighbour
FN:268,isRelationshipWith
FN:278,isRelative
FN:285,isRelativeType
FN:291,isTemporary
FN:297,livesWithPlayer
FN:303,makePermanent
FN:309,passOn
FN:318,randomizeFace
FN:324,randomizeHairs
FN:330,randomizeRace
FN:336,randomizeSexy
FN:342,removeColleague
FN:348,removeDatingFriend
FN:354,removeEmployee
FN:360,removeNeighbour
FN:366,removeProstitute
FN:372,saveAndDelete
FN:379,setActorAlias
FN:390,setBoss
FN:396,setCrimeBoss
FN:402,setDating
FN:408,setDatingID
FN:414,setDifferentMajor
FN:420,setLandlord
FN:427,setLivingWithPlayer
FN:433,setPT
FN:444,setRelativeType
FN:450,setSameMajor
FN:456,setSubject
FN:463,setUntil
FNF:61
FNH:61
FNDA:631,LPNPC
FNDA:631,<instance_members_initializer>
FNDA:1,addColleague
FNDA:1,addCriminal
FNDA:1,addDatingFriend
FNDA:1,addEmployee
FNDA:1,addNeighbour
FNDA:1,addProstitute
FNDA:1,addToPeopleHere
FNDA:1,assignWhat
FNDA:1,assignWhere
FNDA:1,blockNPCRelationships
FNDA:1,delete
FNDA:1,deletePerson
FNDA:2,favoriteHome
FNDA:1,getUntil
FNDA:2,hasRelationship
FNDA:1,isAffair
FNDA:1,isBoss
FNDA:1,isColleague
FNDA:1,isContactExchanged
FNDA:1,isCreature
FNDA:1,isCreatureType
FNDA:1,isDatingFriend
FNDA:1,isDeflowered
FNDA:1,isDeflowerer
FNDA:1,isEmployee
FNDA:1,isExRelative
FNDA:1,isLandlord
FNDA:1,isMarried
FNDA:1,isNeighbour
FNDA:1,isRelationshipWith
FNDA:1,isRelative
FNDA:1,isRelativeType
FNDA:1,isTemporary
FNDA:1,livesWithPlayer
FNDA:1,makePermanent
FNDA:1,passOn
FNDA:1,randomizeFace
FNDA:1,randomizeHairs
FNDA:1,randomizeRace
FNDA:1,randomizeSexy
FNDA:1,removeColleague
FNDA:1,removeDatingFriend
FNDA:1,removeEmployee
FNDA:1,removeNeighbour
FNDA:1,removeProstitute
FNDA:1,saveAndDelete
FNDA:1,setActorAlias
FNDA:1,setBoss
FNDA:1,setCrimeBoss
FNDA:1,setDating
FNDA:1,setDatingID
FNDA:1,setDifferentMajor
FNDA:1,setLandlord
FNDA:1,setLivingWithPlayer
FNDA:1,setPT
FNDA:1,setRelativeType
FNDA:1,setSameMajor
FNDA:1,setSubject
FNDA:1,setUntil
DA:1,1
DA:2,1
DA:3,1
DA:4,1
DA:5,1
DA:6,1
DA:7,1
DA:8,1
DA:9,1
DA:10,1
DA:11,631
DA:12,631
DA:13,1
DA:14,1
DA:15,1
DA:16,1
DA:17,1
DA:18,1
DA:19,631
DA:20,631
DA:21,631
DA:22,631
DA:23,631
DA:24,631
DA:25,631
DA:26,631
DA:27,631
DA:28,631
DA:29,631
DA:30,631
DA:31,631
DA:32,631
DA:33,631
DA:34,631
DA:35,631
DA:36,631
DA:37,631
DA:38,631
DA:39,631
DA:40,631
DA:41,631
DA:42,631
DA:43,631
DA:44,631
DA:45,631
DA:46,631
DA:47,631
DA:48,631
DA:49,631
DA:50,631
DA:51,631
DA:52,631
DA:53,631
DA:54,631
DA:55,631
DA:56,631
DA:57,631
DA:58,631
DA:59,631
DA:60,631
DA:61,631
DA:62,631
DA:63,631
DA:64,631
DA:65,631
DA:66,631
DA:67,631
DA:68,631
DA:69,631
DA:70,631
DA:71,631
DA:72,631
DA:73,631
DA:74,631
DA:75,631
DA:76,631
DA:77,631
DA:78,631
DA:79,631
DA:80,631
DA:81,631
DA:82,631
DA:83,631
DA:84,631
DA:85,631
DA:86,631
DA:87,631
DA:88,631
DA:89,631
DA:90,631
DA:91,631
DA:92,631
DA:93,631
DA:94,631
DA:95,631
DA:96,631
DA:97,631
DA:98,631
DA:99,631
DA:100,631
DA:101,631
DA:102,631
DA:103,631
DA:104,631
DA:105,631
DA:106,631
DA:107,631
DA:108,631
DA:109,631
DA:110,631
DA:111,631
DA:112,631
DA:113,631
DA:114,631
DA:115,631
DA:116,631
DA:117,631
DA:118,2
DA:119,2
DA:120,2
DA:121,2
DA:122,2
DA:123,2
DA:124,2
DA:125,2
DA:126,631
DA:127,631
DA:128,631
DA:129,631
DA:130,631
DA:131,631
DA:132,631
DA:133,1
DA:134,1
DA:135,1
DA:136,631
DA:137,631
DA:138,631
DA:139,631
DA:140,631
DA:141,631
DA:142,631
DA:143,2
DA:144,3
DA:145,3
DA:146,2
DA:147,2
DA:148,1
DA:149,1
DA:150,631
DA:151,631
DA:152,631
DA:153,631
DA:154,631
DA:155,631
DA:156,631
DA:157,631
DA:158,631
DA:159,631
DA:160,1
DA:161,1
DA:162,1
DA:163,1
DA:164,631
DA:165,631
DA:166,631
DA:167,631
DA:168,631
DA:169,631
DA:170,631
DA:171,631
DA:172,631
DA:173,631
DA:174,631
DA:175,631
DA:176,631
DA:177,631
DA:178,631
DA:179,631
DA:180,631
DA:181,631
DA:182,631
DA:183,631
DA:184,631
DA:185,631
DA:186,631
DA:187,631
DA:188,631
DA:189,631
DA:190,631
DA:191,631
DA:192,631
DA:193,631
DA:194,631
DA:195,631
DA:196,631
DA:197,631
DA:198,631
DA:199,631
DA:200,631
DA:201,631
DA:202,631
DA:203,631
DA:204,631
DA:205,631
DA:206,631
DA:207,631
DA:208,631
DA:209,631
DA:210,631
DA:211,631
DA:212,631
DA:213,631
DA:214,631
DA:215,631
DA:216,631
DA:217,631
DA:218,631
DA:219,631
DA:220,631
DA:221,631
DA:222,631
DA:223,631
DA:224,631
DA:225,631
DA:226,631
DA:227,631
DA:228,631
DA:229,631
DA:230,631
DA:231,631
DA:232,631
DA:233,631
DA:234,631
DA:235,631
DA:236,631
DA:237,631
DA:238,631
DA:239,631
DA:240,631
DA:241,631
DA:242,631
DA:243,631
DA:244,631
DA:245,631
DA:246,631
DA:247,631
DA:248,631
DA:249,631
DA:250,631
DA:251,631
DA:252,631
DA:253,631
DA:254,631
DA:255,631
DA:256,631
DA:257,631
DA:258,631
DA:259,631
DA:260,631
DA:261,631
DA:262,631
DA:263,631
DA:264,631
DA:265,631
DA:266,631
DA:267,631
DA:268,631
DA:269,1
DA:270,1
DA:271,1
DA:272,1
DA:273,631
DA:274,631
DA:275,631
DA:276,631
DA:277,631
DA:278,631
DA:279,631
DA:280,631
DA:281,631
DA:282,631
DA:283,631
DA:284,631
DA:285,631
DA:286,631
DA:287,631
DA:288,631
DA:289,631
DA:290,631
DA:291,631
DA:292,631
DA:293,631
DA:294,631
DA:295,631
DA:296,631
DA:297,631
DA:298,631
DA:299,631
DA:300,631
DA:301,631
DA:302,631
DA:303,631
DA:304,631
DA:305,631
DA:306,631
DA:307,631
DA:308,631
DA:309,631
DA:310,1
DA:311,1
DA:312,1
DA:313,631
DA:314,631
DA:315,631
DA:316,631
DA:317,631
DA:318,631
DA:319,631
DA:320,631
DA:321,631
DA:322,631
DA:323,631
DA:324,631
DA:325,631
DA:326,631
DA:327,631
DA:328,631
DA:329,631
DA:330,631
DA:331,631
DA:332,631
DA:333,631
DA:334,631
DA:335,631
DA:336,631
DA:337,631
DA:338,631
DA:339,631
DA:340,631
DA:341,631
DA:342,631
DA:343,631
DA:344,631
DA:345,631
DA:346,631
DA:347,631
DA:348,631
DA:349,631
DA:350,631
DA:351,631
DA:352,631
DA:353,631
DA:354,631
DA:355,631
DA:356,631
DA:357,631
DA:358,631
DA:359,631
DA:360,631
DA:361,631
DA:362,631
DA:363,631
DA:364,631
DA:365,631
DA:366,631
DA:367,631
DA:368,631
DA:369,631
DA:370,631
DA:371,631
DA:372,631
DA:373,631
DA:374,631
DA:375,631
DA:376,631
DA:377,631
DA:378,631
DA:379,631
DA:380,1
DA:381,1
DA:382,1
DA:383,1
DA:384,1
DA:385,631
DA:386,631
DA:387,631
DA:388,631
DA:389,631
DA:390,631
DA:391,631
DA:392,631
DA:393,631
DA:394,631
DA:395,631
DA:396,631
DA:397,631
DA:398,631
DA:399,631
DA:400,631
DA:401,631
DA:402,631
DA:403,631
DA:404,631
DA:405,631
DA:406,631
DA:407,631
DA:408,631
DA:409,631
DA:410,631
DA:411,631
DA:412,631
DA:413,631
DA:414,631
DA:415,631
DA:416,631
DA:417,631
DA:418,631
DA:419,631
DA:420,631
DA:421,631
DA:422,631
DA:423,631
DA:424,631
DA:425,631
DA:426,631
DA:427,631
DA:428,631
DA:429,631
DA:430,631
DA:431,631
DA:432,631
DA:433,631
DA:434,631
DA:435,631
DA:436,631
DA:437,631
DA:438,631
DA:439,631
DA:440,631
DA:441,631
DA:442,631
DA:443,631
DA:444,631
DA:445,631
DA:446,631
DA:447,631
DA:448,631
DA:449,631
DA:450,631
DA:451,631
DA:452,631
DA:453,631
DA:454,631
DA:455,631
DA:456,631
DA:457,631
DA:458,631
DA:459,631
DA:460,631
DA:461,631
DA:462,631
DA:463,1
DA:464,1
LF:464
LH:464
BRDA:10,0,0,631
BRDA:18,1,0,631
BRDA:18,2,0,1
BRDA:23,3,0,1
BRDA:28,4,0,1
BRDA:33,5,0,1
BRDA:38,6,0,1
BRDA:43,7,0,1
BRDA:48,8,0,1
BRDA:62,9,0,1
BRDA:75,10,0,1
BRDA:81,11,0,1
BRDA:87,12,0,1
BRDA:93,13,0,1
BRDA:117,14,0,2
BRDA:132,15,0,1
BRDA:142,16,0,2
BRDA:147,17,0,1
BRDA:143,18,0,3
BRDA:144,19,0,1
BRDA:159,20,0,1
BRDA:173,21,0,1
BRDA:183,22,0,1
BRDA:196,23,0,1
BRDA:205,24,0,1
BRDA:212,25,0,1
BRDA:218,26,0,1
BRDA:224,27,0,1
BRDA:230,28,0,1
BRDA:236,29,0,1
BRDA:242,30,0,1
BRDA:248,31,0,1
BRDA:254,32,0,1
BRDA:260,33,0,1
BRDA:268,34,0,1
BRDA:278,35,0,1
BRDA:285,36,0,1
BRDA:291,37,0,1
BRDA:297,38,0,1
BRDA:303,39,0,1
BRDA:309,40,0,1
BRDA:318,41,0,1
BRDA:324,42,0,1
BRDA:330,43,0,1
BRDA:336,44,0,1
BRDA:342,45,0,1
BRDA:348,46,0,1
BRDA:354,47,0,1
BRDA:360,48,0,1
BRDA:366,49,0,1
BRDA:372,50,0,1
BRDA:379,51,0,1
BRDA:390,52,0,1
BRDA:396,53,0,1
BRDA:402,54,0,1
BRDA:408,55,0,1
BRDA:414,56,0,1
BRDA:420,57,0,1
BRDA:427,58,0,1
BRDA:433,59,0,1
BRDA:444,60,0,1
BRDA:450,61,0,1
BRDA:456,62,0,1
BRDA:463,63,0,1
BRF:64
BRH:64
end_of_record
TN:
SF:src\core\objects\LPObject.js
FN:5,LPObject
FN:22,get expression
FN:26,get context
FN:30,get name
FN:34,get lpMod
FN:38,get params
FNF:6
FNH:6
FNDA:55765,LPObject
FNDA:424,get expression
FNDA:896,get context
FNDA:53270,get name
FNDA:353,get lpMod
FNDA:1,get params
DA:1,1
DA:2,1
DA:3,1
DA:4,1
DA:5,1
DA:6,55765
DA:7,55764
DA:8,55764
DA:9,55764
DA:10,55765
DA:11,55765
DA:12,55765
DA:13,55765
DA:14,55765
DA:15,55765
DA:16,1
DA:17,1
DA:18,1
DA:19,1
DA:20,1
DA:21,1
DA:22,1
DA:23,424
DA:24,424
DA:25,1
DA:26,1
DA:27,896
DA:28,896
DA:29,1
DA:30,1
DA:31,53270
DA:32,53270
DA:33,1
DA:34,1
DA:35,353
DA:36,353
DA:37,1
DA:38,1
DA:39,1
DA:40,1
DA:41,1
LF:41
LH:41
BRDA:5,0,0,55765
BRDA:6,1,0,55764
BRDA:6,2,0,1
BRDA:9,3,0,1607
BRDA:22,4,0,424
BRDA:26,5,0,896
BRDA:30,6,0,53270
BRDA:34,7,0,353
BRDA:38,8,0,1
BRF:9
BRH:9
end_of_record
TN:
SF:src\core\objects\LPPlayer.js
FN:11,LPPlayer
FN:23,_playerFunction
FN:35,<instance_members_initializer>
FN:35,blockContact
FN:46,chooseContact
FN:57,chooseMajor
FN:66,contractSTD
FN:79,datingHasHome
FN:91,divorce
FN:100,endDate
FN:109,endOpenRelationship
FN:119,endPrison
FN:125,enterBusinessName
FN:134,exchangeContact
FN:145,forgiveAffairs
FN:155,getAnyRelative
FN:172,getCompanion
FN:183,getCompanionAny
FN:194,getCompanionCreature
FN:208,getMarried
FN:214,getNumRelatives
FN:227,getRelative
FN:239,getRelativeExcept
FN:257,getRent
FN:275,getSalary
FN:290,getSelectedNPC
FN:303,getTarget
FN:310,givePlayerDefaultClothes
FN:319,imprison
FN:325,isAtDatingHome
FN:333,isAtHome
FN:341,isPlayerMarried
FN:349,isStudent
FN:357,isWithCompanion
FN:365,isWithCompanionCreature
FN:373,loseDating
FN:381,loseHome
FN:387,loseHomeDating
FN:393,loseJob
FN:399,losePT
FN:405,moveFraternity
FN:411,moveHome
FN:417,moveJobs
FN:423,moveSchools
FN:433,moveTo
FN:442,openRelationship
FN:448,playerHasHome
FN:456,quitCrime
FN:462,quitFraternity
FN:468,quitLecturing
FN:474,quitMedical
FN:480,quitSchool
FN:486,removeAddedClothes
FN:498,selectNPC
FN:510,setFraternityFees
FN:528,setMajor
FN:540,setRent
FN:557,setSalary
FN:572,setTuition
FN:585,startBusiness
FN:591,startDate
FN:598,startOpenRelationship
FN:604,stopBusiness
FNF:63
FNH:63
FNDA:392,LPPlayer
FNDA:11,_playerFunction
FNDA:392,<instance_members_initializer>
FNDA:1,blockContact
FNDA:1,chooseContact
FNDA:1,chooseMajor
FNDA:1,contractSTD
FNDA:1,datingHasHome
FNDA:1,divorce
FNDA:1,endDate
FNDA:1,endOpenRelationship
FNDA:1,endPrison
FNDA:1,enterBusinessName
FNDA:1,exchangeContact
FNDA:1,forgiveAffairs
FNDA:1,getAnyRelative
FNDA:1,getCompanion
FNDA:1,getCompanionAny
FNDA:1,getCompanionCreature
FNDA:1,getMarried
FNDA:1,getNumRelatives
FNDA:1,getRelative
FNDA:1,getRelativeExcept
FNDA:1,getRent
FNDA:1,getSalary
FNDA:1,getSelectedNPC
FNDA:1,getTarget
FNDA:1,givePlayerDefaultClothes
FNDA:1,imprison
FNDA:1,isAtDatingHome
FNDA:2,isAtHome
FNDA:1,isPlayerMarried
FNDA:1,isStudent
FNDA:1,isWithCompanion
FNDA:1,isWithCompanionCreature
FNDA:1,loseDating
FNDA:2,loseHome
FNDA:1,loseHomeDating
FNDA:1,loseJob
FNDA:1,losePT
FNDA:1,moveFraternity
FNDA:1,moveHome
FNDA:1,moveJobs
FNDA:1,moveSchools
FNDA:2,moveTo
FNDA:1,openRelationship
FNDA:1,playerHasHome
FNDA:1,quitCrime
FNDA:1,quitFraternity
FNDA:1,quitLecturing
FNDA:1,quitMedical
FNDA:1,quitSchool
FNDA:1,removeAddedClothes
FNDA:1,selectNPC
FNDA:2,setFraternityFees
FNDA:1,setMajor
FNDA:2,setRent
FNDA:2,setSalary
FNDA:2,setTuition
FNDA:1,startBusiness
FNDA:1,startDate
FNDA:1,startOpenRelationship
FNDA:1,stopBusiness
DA:1,1
DA:2,1
DA:3,1
DA:4,1
DA:5,1
DA:6,1
DA:7,1
DA:8,1
DA:9,1
DA:10,1
DA:11,1
DA:12,392
DA:13,392
DA:14,1
DA:15,1
DA:16,1
DA:17,1
DA:18,1
DA:19,1
DA:20,1
DA:21,1
DA:22,1
DA:23,1
DA:24,11
DA:25,11
DA:26,11
DA:27,11
DA:28,11
DA:29,1
DA:30,1
DA:31,1
DA:32,1
DA:33,1
DA:34,1
DA:35,1
DA:36,392
DA:37,392
DA:38,392
DA:39,392
DA:40,392
DA:41,392
DA:42,392
DA:43,392
DA:44,392
DA:45,392
DA:46,392
DA:47,392
DA:48,392
DA:49,392
DA:50,392
DA:51,392
DA:52,392
DA:53,392
DA:54,392
DA:55,392
DA:56,392
DA:57,392
DA:58,392
DA:59,392
DA:60,392
DA:61,392
DA:62,392
DA:63,392
DA:64,392
DA:65,392
DA:66,392
DA:67,392
DA:68,392
DA:69,392
DA:70,392
DA:71,392
DA:72,392
DA:73,392
DA:74,392
DA:75,392
DA:76,392
DA:77,392
DA:78,392
DA:79,392
DA:80,392
DA:81,392
DA:82,392
DA:83,392
DA:84,392
DA:85,392
DA:86,392
DA:87,392
DA:88,392
DA:89,392
DA:90,392
DA:91,392
DA:92,392
DA:93,392
DA:94,392
DA:95,392
DA:96,392
DA:97,392
DA:98,392
DA:99,392
DA:100,392
DA:101,392
DA:102,392
DA:103,392
DA:104,392
DA:105,392
DA:106,392
DA:107,392
DA:108,392
DA:109,392
DA:110,392
DA:111,392
DA:112,392
DA:113,392
DA:114,392
DA:115,392
DA:116,392
DA:117,392
DA:118,392
DA:119,392
DA:120,392
DA:121,392
DA:122,392
DA:123,392
DA:124,392
DA:125,392
DA:126,392
DA:127,392
DA:128,392
DA:129,392
DA:130,392
DA:131,392
DA:132,392
DA:133,392
DA:134,392
DA:135,1
DA:136,1
DA:137,392
DA:138,392
DA:139,392
DA:140,392
DA:141,392
DA:142,392
DA:143,392
DA:144,392
DA:145,392
DA:146,392
DA:147,392
DA:148,392
DA:149,392
DA:150,392
DA:151,392
DA:152,392
DA:153,392
DA:154,392
DA:155,392
DA:156,1
DA:157,1
DA:158,1
DA:159,1
DA:160,1
DA:161,392
DA:162,392
DA:163,392
DA:164,392
DA:165,392
DA:166,392
DA:167,392
DA:168,392
DA:169,392
DA:170,392
DA:171,392
DA:172,392
DA:173,1
DA:174,1
DA:175,1
DA:176,1
DA:177,1
DA:178,392
DA:179,392
DA:180,392
DA:181,392
DA:182,392
DA:183,392
DA:184,1
DA:185,1
DA:186,1
DA:187,1
DA:188,1
DA:189,392
DA:190,392
DA:191,392
DA:192,392
DA:193,392
DA:194,392
DA:195,1
DA:196,1
DA:197,1
DA:198,1
DA:199,1
DA:200,392
DA:201,392
DA:202,392
DA:203,392
DA:204,392
DA:205,392
DA:206,392
DA:207,392
DA:208,392
DA:209,392
DA:210,392
DA:211,392
DA:212,392
DA:213,392
DA:214,392
DA:215,1
DA:216,1
DA:217,1
DA:218,1
DA:219,1
DA:220,392
DA:221,392
DA:222,392
DA:223,392
DA:224,392
DA:225,392
DA:226,392
DA:227,392
DA:228,1
DA:229,1
DA:230,1
DA:231,1
DA:232,1
DA:233,392
DA:234,392
DA:235,392
DA:236,392
DA:237,392
DA:238,392
DA:239,392
DA:240,1
DA:241,1
DA:242,1
DA:243,1
DA:244,1
DA:245,392
DA:246,392
DA:247,392
DA:248,392
DA:249,392
DA:250,392
DA:251,392
DA:252,392
DA:253,392
DA:254,392
DA:255,392
DA:256,392
DA:257,392
DA:258,1
DA:259,1
DA:260,1
DA:261,1
DA:262,1
DA:263,392
DA:264,392
DA:265,392
DA:266,392
DA:267,392
DA:268,392
DA:269,392
DA:270,392
DA:271,392
DA:272,392
DA:273,392
DA:274,392
DA:275,392
DA:276,1
DA:277,1
DA:278,1
DA:279,1
DA:280,1
DA:281,392
DA:282,392
DA:283,392
DA:284,392
DA:285,392
DA:286,392
DA:287,392
DA:288,392
DA:289,392
DA:290,392
DA:291,1
DA:292,1
DA:293,1
DA:294,1
DA:295,1
DA:296,392
DA:297,392
DA:298,392
DA:299,392
DA:300,392
DA:301,392
DA:302,392
DA:303,392
DA:304,1
DA:305,1
DA:306,392
DA:307,392
DA:308,392
DA:309,392
DA:310,392
DA:311,392
DA:312,392
DA:313,392
DA:314,392
DA:315,392
DA:316,392
DA:317,392
DA:318,392
DA:319,392
DA:320,392
DA:321,392
DA:322,392
DA:323,392
DA:324,392
DA:325,392
DA:326,1
DA:327,1
DA:328,392
DA:329,392
DA:330,392
DA:331,392
DA:332,392
DA:333,392
DA:334,2
DA:335,2
DA:336,392
DA:337,392
DA:338,392
DA:339,392
DA:340,392
DA:341,392
DA:342,1
DA:343,1
DA:344,392
DA:345,392
DA:346,392
DA:347,392
DA:348,392
DA:349,392
DA:350,1
DA:351,1
DA:352,392
DA:353,392
DA:354,392
DA:355,392
DA:356,392
DA:357,392
DA:358,1
DA:359,1
DA:360,392
DA:361,392
DA:362,392
DA:363,392
DA:364,392
DA:365,392
DA:366,1
DA:367,1
DA:368,392
DA:369,392
DA:370,392
DA:371,392
DA:372,392
DA:373,392
DA:374,1
DA:375,1
DA:376,392
DA:377,392
DA:378,392
DA:379,392
DA:380,392
DA:381,392
DA:382,392
DA:383,392
DA:384,392
DA:385,392
DA:386,392
DA:387,392
DA:388,392
DA:389,392
DA:390,392
DA:391,392
DA:392,392
DA:393,392
DA:394,392
DA:395,392
DA:396,392
DA:397,392
DA:398,392
DA:399,392
DA:400,392
DA:401,392
DA:402,392
DA:403,392
DA:404,392
DA:405,392
DA:406,392
DA:407,392
DA:408,392
DA:409,392
DA:410,392
DA:411,392
DA:412,392
DA:413,392
DA:414,392
DA:415,392
DA:416,392
DA:417,392
DA:418,392
DA:419,392
DA:420,392
DA:421,392
DA:422,392
DA:423,392
DA:424,392
DA:425,392
DA:426,392
DA:427,392
DA:428,392
DA:429,392
DA:430,392
DA:431,392
DA:432,392
DA:433,392
DA:434,2
DA:435,2
DA:436,2
DA:437,392
DA:438,392
DA:439,392
DA:440,392
DA:441,392
DA:442,392
DA:443,392
DA:444,392
DA:445,392
DA:446,392
DA:447,392
DA:448,392
DA:449,1
DA:450,1
DA:451,392
DA:452,392
DA:453,392
DA:454,392
DA:455,392
DA:456,392
DA:457,392
DA:458,392
DA:459,392
DA:460,392
DA:461,392
DA:462,392
DA:463,392
DA:464,392
DA:465,392
DA:466,392
DA:467,392
DA:468,392
DA:469,392
DA:470,392
DA:471,392
DA:472,392
DA:473,392
DA:474,392
DA:475,392
DA:476,392
DA:477,392
DA:478,392
DA:479,392
DA:480,392
DA:481,392
DA:482,392
DA:483,392
DA:484,392
DA:485,392
DA:486,392
DA:487,392
DA:488,392
DA:489,392
DA:490,392
DA:491,392
DA:492,392
DA:493,392
DA:494,392
DA:495,392
DA:496,392
DA:497,392
DA:498,392
DA:499,1
DA:500,1
DA:501,392
DA:502,392
DA:503,392
DA:504,392
DA:505,392
DA:506,392
DA:507,392
DA:508,392
DA:509,392
DA:510,392
DA:511,2
DA:512,1
DA:513,1
DA:514,1
DA:515,1
DA:516,1
DA:517,1
DA:518,392
DA:519,392
DA:520,392
DA:521,392
DA:522,392
DA:523,392
DA:524,392
DA:525,392
DA:526,392
DA:527,392
DA:528,392
DA:529,392
DA:530,392
DA:531,392
DA:532,392
DA:533,392
DA:534,392
DA:535,392
DA:536,392
DA:537,392
DA:538,392
DA:539,392
DA:540,392
DA:541,2
DA:542,1
DA:543,1
DA:544,1
DA:545,1
DA:546,1
DA:547,392
DA:548,392
DA:549,392
DA:550,392
DA:551,392
DA:552,392
DA:553,392
DA:554,392
DA:555,392
DA:556,392
DA:557,392
DA:558,2
DA:559,1
DA:560,1
DA:561,1
DA:562,1
DA:563,1
DA:564,392
DA:565,392
DA:566,392
DA:567,392
DA:568,392
DA:569,392
DA:570,392
DA:571,392
DA:572,392
DA:573,2
DA:574,1
DA:575,1
DA:576,1
DA:577,1
DA:578,1
DA:579,1
DA:580,392
DA:581,392
DA:582,392
DA:583,392
DA:584,392
DA:585,392
DA:586,392
DA:587,392
DA:588,392
DA:589,392
DA:590,392
DA:591,392
DA:592,392
DA:593,392
DA:594,392
DA:595,392
DA:596,392
DA:597,392
DA:598,392
DA:599,392
DA:600,392
DA:601,392
DA:602,392
DA:603,392
DA:604,1
DA:605,1
LF:605
LH:605
BRDA:11,0,0,392
BRDA:23,1,0,11
BRDA:25,2,0,1
BRDA:25,3,0,10
BRDA:26,4,0,9
BRDA:27,5,0,10
BRDA:35,6,0,392
BRDA:35,7,0,1
BRDA:46,8,0,1
BRDA:57,9,0,1
BRDA:66,10,0,1
BRDA:79,11,0,1
BRDA:91,12,0,1
BRDA:100,13,0,1
BRDA:109,14,0,1
BRDA:119,15,0,1
BRDA:125,16,0,1
BRDA:134,17,0,1
BRDA:145,18,0,1
BRDA:155,19,0,1
BRDA:172,20,0,1
BRDA:183,21,0,1
BRDA:194,22,0,1
BRDA:208,23,0,1
BRDA:214,24,0,1
BRDA:227,25,0,1
BRDA:239,26,0,1
BRDA:257,27,0,1
BRDA:275,28,0,1
BRDA:290,29,0,1
BRDA:303,30,0,1
BRDA:310,31,0,1
BRDA:319,32,0,1
BRDA:325,33,0,1
BRDA:333,34,0,2
BRDA:341,35,0,1
BRDA:349,36,0,1
BRDA:357,37,0,1
BRDA:365,38,0,1
BRDA:373,39,0,1
BRDA:381,40,0,2
BRDA:387,41,0,1
BRDA:393,42,0,1
BRDA:399,43,0,1
BRDA:405,44,0,1
BRDA:411,45,0,1
BRDA:417,46,0,1
BRDA:423,47,0,1
BRDA:433,48,0,2
BRDA:434,49,0,1
BRDA:442,50,0,1
BRDA:448,51,0,1
BRDA:456,52,0,1
BRDA:462,53,0,1
BRDA:468,54,0,1
BRDA:474,55,0,1
BRDA:480,56,0,1
BRDA:486,57,0,1
BRDA:498,58,0,1
BRDA:510,59,0,2
BRDA:511,60,0,1
BRDA:528,61,0,1
BRDA:540,62,0,2
BRDA:541,63,0,1
BRDA:557,64,0,2
BRDA:558,65,0,1
BRDA:572,66,0,2
BRDA:573,67,0,1
BRDA:585,68,0,1
BRDA:591,69,0,1
BRDA:598,70,0,1
BRDA:604,71,0,1
BRF:72
BRH:72
end_of_record
TN:
SF:src\core\objects\LPString.js
FN:11,assign
FN:27,<instance_members_initializer>
FN:27,isSameString
FN:44,isString
FNF:4
FNH:4
FNDA:2,assign
FNDA:19,<instance_members_initializer>
FNDA:2,isSameString
FNDA:2,isString
DA:1,1
DA:2,1
DA:3,1
DA:4,1
DA:5,1
DA:6,1
DA:7,1
DA:8,1
DA:9,1
DA:10,1
DA:11,1
DA:12,2
DA:13,2
DA:14,1
DA:15,1
DA:16,1
DA:17,1
DA:18,1
DA:19,1
DA:20,1
DA:21,1
DA:22,1
DA:23,1
DA:24,1
DA:25,1
DA:26,1
DA:27,1
DA:28,2
DA:29,2
DA:30,2
DA:31,2
DA:32,1
DA:33,1
DA:34,1
DA:35,1
DA:36,1
DA:37,19
DA:38,19
DA:39,19
DA:40,19
DA:41,19
DA:42,19
DA:43,19
DA:44,19
DA:45,2
DA:46,2
DA:47,2
DA:48,2
DA:49,1
DA:50,1
DA:51,1
DA:52,1
DA:53,1
DA:54,1
DA:55,1
DA:56,1
LF:56
LH:56
BRDA:11,0,0,2
BRDA:13,1,0,1
BRDA:27,2,0,19
BRDA:27,3,0,2
BRDA:29,4,0,1
BRDA:31,5,0,1
BRDA:44,6,0,2
BRDA:48,7,0,1
BRF:8
BRH:8
end_of_record
TN:
SF:src\core\objects\LPTalk.js
FN:6,tag
FN:10,isIncest
FNF:2
FNH:0
FNDA:0,tag
FNDA:0,isIncest
DA:1,1
DA:2,1
DA:3,1
DA:4,1
DA:5,1
DA:6,1
DA:7,0
DA:8,0
DA:9,1
DA:10,1
DA:11,0
DA:12,0
DA:13,1
LF:13
LH:9
BRF:0
BRH:0
end_of_record
TN:
SF:src\core\objects\LPVariable.js
FN:8,assign
FN:32,<instance_members_initializer>
FN:32,_enclose
FN:41,write
FNF:4
FNH:4
FNDA:26,assign
FNDA:54972,<instance_members_initializer>
FNDA:10,_enclose
FNDA:4,write
DA:1,1
DA:2,1
DA:3,1
DA:4,1
DA:5,1
DA:6,1
DA:7,1
DA:8,1
DA:9,26
DA:10,26
DA:11,26
DA:12,26
DA:13,26
DA:14,26
DA:15,26
DA:16,26
DA:17,2
DA:18,2
DA:19,24
DA:20,1
DA:21,1
DA:22,23
DA:23,1
DA:24,1
DA:25,1
DA:26,22
DA:27,26
DA:28,26
DA:29,26
DA:30,26
DA:31,1
DA:32,1
DA:33,10
DA:34,10
DA:35,1
DA:36,1
DA:37,1
DA:38,9
DA:39,9
DA:40,1
DA:41,1
DA:42,4
DA:43,4
DA:44,4
DA:45,1
DA:46,1
DA:47,1
DA:48,1
DA:49,1
DA:50,1
DA:51,1
DA:52,1
DA:53,1
LF:53
LH:53
BRDA:8,0,0,26
BRDA:13,1,0,24
BRDA:14,2,0,25
BRDA:16,3,0,24
BRDA:16,4,0,23
BRDA:16,5,0,21
BRDA:16,6,0,24
BRDA:16,7,0,2
BRDA:19,8,0,1
BRDA:19,9,0,1
BRDA:19,10,0,23
BRDA:19,11,0,1
BRDA:22,12,0,2
BRDA:22,13,0,2
BRDA:22,14,0,1
BRDA:26,15,0,22
BRDA:27,16,0,16
BRDA:28,17,0,2
BRDA:32,18,0,54972
BRDA:32,19,0,10
BRDA:34,20,0,1
BRDA:38,21,0,9
BRDA:41,22,0,4
BRF:23
BRH:23
end_of_record
TN:
SF:src\libs\ensureDirectory.js
FN:2,ensureDirectory
FNF:1
FNH:1
FNDA:398,ensureDirectory
DA:1,1
DA:2,1
DA:3,1
LF:3
LH:3
BRDA:2,0,0,398
BRF:1
BRH:1
end_of_record
