TN:
SF:src\LPAction.js
FN:7,LPAction
FN:9,isNumber
FN:10,isFloat
FN:11,isHourRange
FN:14,isMinuteRange
FN:17,isArrayOfStrings
FN:59,toString
FN:77,write
FN:87,load
FN:91,get ACTION_UNIQUEID
FN:95,set ACTION_UNIQUEID
FN:99,get ACTION_NAME
FN:103,set ACTION_NAME
FN:107,get WHERE
FN:111,set WHERE
FN:115,get WHEN
FN:119,set WHEN
FN:123,get MINUTES
FN:127,set MINUTES
FN:131,get TIMEOUT_MINUTES
FN:135,set TIMEOUT_MINUTES
FN:139,get ALSO_TIMEOUT
FN:143,set ALSO_TIMEOUT
FN:147,get EFFECTS
FN:151,set EFFECTS
FN:155,get CONDITIONS
FN:159,set CONDITIONS
FN:163,get MOVE_FIRST
FN:167,set MOVE_FIRST
FN:171,get SCENE_ALWAYS
FN:175,set SCENE_ALWAYS
FN:179,get ANIMATION
FN:183,set ANIMATION
FN:187,get WHO
FN:191,set WHO
FN:195,get modsDir
FN:199,set modsDir
FN:203,get filePath
FN:207,set filePath
FNF:39
FNH:21
FNDA:2,LPAction
FNDA:2,isNumber
FNDA:0,isFloat
FNDA:0,isHourRange
FNDA:0,isMinuteRange
FNDA:2,isArrayOfStrings
FNDA:2,toString
FNDA:2,write
FNDA:0,load
FNDA:8,get ACTION_UNIQUEID
FNDA:0,set ACTION_UNIQUEID
FNDA:2,get ACTION_NAME
FNDA:0,set ACTION_NAME
FNDA:2,get WHERE
FNDA:0,set WHERE
FNDA:2,get WHEN
FNDA:0,set WHEN
FNDA:2,get MINUTES
FNDA:0,set MINUTES
FNDA:2,get TIMEOUT_MINUTES
FNDA:0,set TIMEOUT_MINUTES
FNDA:2,get ALSO_TIMEOUT
FNDA:0,set ALSO_TIMEOUT
FNDA:2,get EFFECTS
FNDA:0,set EFFECTS
FNDA:2,get CONDITIONS
FNDA:0,set CONDITIONS
FNDA:2,get MOVE_FIRST
FNDA:0,set MOVE_FIRST
FNDA:2,get SCENE_ALWAYS
FNDA:0,set SCENE_ALWAYS
FNDA:2,get ANIMATION
FNDA:0,set ANIMATION
FNDA:2,get WHO
FNDA:0,set WHO
FNDA:4,get modsDir
FNDA:2,set modsDir
FNDA:2,get filePath
FNDA:0,set filePath
DA:1,1
DA:2,1
DA:3,1
DA:4,1
DA:5,1
DA:6,1
DA:7,1
DA:8,2
DA:9,2
DA:10,2
DA:11,2
DA:12,0
DA:13,0
DA:14,2
DA:15,0
DA:16,0
DA:17,2
DA:18,2
DA:19,0
DA:20,0
DA:21,0
DA:22,0
DA:23,0
DA:24,2
DA:25,2
DA:26,2
DA:27,2
DA:28,2
DA:29,2
DA:30,2
DA:31,2
DA:32,2
DA:33,2
DA:34,2
DA:35,2
DA:36,2
DA:37,2
DA:38,2
DA:39,2
DA:40,2
DA:41,2
DA:42,2
DA:43,2
DA:44,2
DA:45,2
DA:46,2
DA:47,2
DA:48,2
DA:49,2
DA:50,2
DA:51,2
DA:52,2
DA:53,2
DA:54,2
DA:55,2
DA:56,2
DA:57,2
DA:58,1
DA:59,1
DA:60,2
DA:61,2
DA:62,2
DA:63,2
DA:64,2
DA:65,2
DA:66,2
DA:67,2
DA:68,2
DA:69,2
DA:70,2
DA:71,2
DA:72,2
DA:73,2
DA:74,2
DA:75,2
DA:76,1
DA:77,1
DA:78,2
DA:79,2
DA:80,2
DA:81,2
DA:82,2
DA:83,2
DA:84,2
DA:85,2
DA:86,1
DA:87,1
DA:88,0
DA:89,0
DA:90,1
DA:91,1
DA:92,8
DA:93,8
DA:94,1
DA:95,1
DA:96,0
DA:97,0
DA:98,1
DA:99,1
DA:100,2
DA:101,2
DA:102,1
DA:103,1
DA:104,0
DA:105,0
DA:106,1
DA:107,1
DA:108,2
DA:109,2
DA:110,1
DA:111,1
DA:112,0
DA:113,0
DA:114,1
DA:115,1
DA:116,2
DA:117,2
DA:118,1
DA:119,1
DA:120,0
DA:121,0
DA:122,1
DA:123,1
DA:124,2
DA:125,2
DA:126,1
DA:127,1
DA:128,0
DA:129,0
DA:130,1
DA:131,1
DA:132,2
DA:133,2
DA:134,1
DA:135,1
DA:136,0
DA:137,0
DA:138,1
DA:139,1
DA:140,2
DA:141,2
DA:142,1
DA:143,1
DA:144,0
DA:145,0
DA:146,1
DA:147,1
DA:148,2
DA:149,2
DA:150,1
DA:151,1
DA:152,0
DA:153,0
DA:154,1
DA:155,1
DA:156,2
DA:157,2
DA:158,1
DA:159,1
DA:160,0
DA:161,0
DA:162,1
DA:163,1
DA:164,2
DA:165,2
DA:166,1
DA:167,1
DA:168,0
DA:169,0
DA:170,1
DA:171,1
DA:172,2
DA:173,2
DA:174,1
DA:175,1
DA:176,0
DA:177,0
DA:178,1
DA:179,1
DA:180,2
DA:181,2
DA:182,1
DA:183,1
DA:184,0
DA:185,0
DA:186,1
DA:187,1
DA:188,2
DA:189,2
DA:190,1
DA:191,1
DA:192,0
DA:193,0
DA:194,1
DA:195,1
DA:196,4
DA:197,4
DA:198,1
DA:199,1
DA:200,2
DA:201,2
DA:202,1
DA:203,1
DA:204,2
DA:205,2
DA:206,1
DA:207,1
DA:208,0
DA:209,0
DA:210,1
DA:211,1
DA:212,1
LF:212
LH:173
BRDA:7,0,0,2
BRDA:9,1,0,2
BRDA:17,2,0,2
BRDA:18,3,0,0
BRDA:59,4,0,2
BRDA:77,5,0,2
BRDA:91,6,0,8
BRDA:99,7,0,2
BRDA:107,8,0,2
BRDA:115,9,0,2
BRDA:123,10,0,2
BRDA:131,11,0,2
BRDA:139,12,0,2
BRDA:147,13,0,2
BRDA:155,14,0,2
BRDA:163,15,0,2
BRDA:171,16,0,2
BRDA:179,17,0,2
BRDA:187,18,0,2
BRDA:195,19,0,4
BRDA:199,20,0,2
BRDA:203,21,0,2
BRF:22
BRH:21
end_of_record
TN:
SF:src\LPMod.js
FN:9,LPMod
FN:31,toString
FN:42,writeMod
FN:62,loadMod
FN:66,addGlobal
FN:70,getGlobal
FN:74,deleteGlobal
FN:78,addStat
FN:87,removeStat
FN:91,addAction
FN:100,removeAction
FN:104,addScene
FN:115,removeScene
FN:119,addFunction
FN:128,getFunction
FN:132,get MODULE_UNIQUEID
FN:136,set MODULE_UNIQUEID
FN:140,get MODULE_NAME
FN:144,set MODULE_NAME
FN:148,get MODULE_AUTHOR
FN:152,set MODULE_AUTHOR
FN:156,get MODULE_LINK
FN:160,set MODULE_LINK
FN:164,get MODULE_DESCRIPTION
FN:168,set MODULE_DESCRIPTION
FN:172,get MODULE_REQUIREMENTS
FN:176,set MODULE_REQUIREMENTS
FN:180,get modsDir
FN:184,set modsDir
FNF:29
FNH:15
FNDA:407,LPMod
FNDA:3,toString
FNDA:3,writeMod
FNDA:0,loadMod
FNDA:6,addGlobal
FNDA:8,getGlobal
FNDA:1,deleteGlobal
FNDA:4,addStat
FNDA:0,removeStat
FNDA:2,addAction
FNDA:0,removeAction
FNDA:0,addScene
FNDA:0,removeScene
FNDA:0,addFunction
FNDA:0,getFunction
FNDA:8,get MODULE_UNIQUEID
FNDA:0,set MODULE_UNIQUEID
FNDA:3,get MODULE_NAME
FNDA:0,set MODULE_NAME
FNDA:3,get MODULE_AUTHOR
FNDA:0,set MODULE_AUTHOR
FNDA:3,get MODULE_LINK
FNDA:0,set MODULE_LINK
FNDA:3,get MODULE_DESCRIPTION
FNDA:0,set MODULE_DESCRIPTION
FNDA:3,get MODULE_REQUIREMENTS
FNDA:0,set MODULE_REQUIREMENTS
FNDA:405,get modsDir
FNDA:0,set modsDir
DA:1,1
DA:2,1
DA:3,1
DA:4,1
DA:5,1
DA:6,1
DA:7,1
DA:8,1
DA:9,1
DA:10,407
DA:11,407
DA:12,407
DA:13,407
DA:14,407
DA:15,407
DA:16,407
DA:17,407
DA:18,407
DA:19,407
DA:20,407
DA:21,407
DA:22,407
DA:23,407
DA:24,407
DA:25,407
DA:26,407
DA:27,407
DA:28,407
DA:29,1
DA:30,1
DA:31,1
DA:32,3
DA:33,3
DA:34,3
DA:35,3
DA:36,3
DA:37,3
DA:38,3
DA:39,3
DA:40,3
DA:41,1
DA:42,1
DA:43,3
DA:44,3
DA:45,3
DA:46,3
DA:47,3
DA:48,3
DA:49,3
DA:50,3
DA:51,3
DA:52,3
DA:53,0
DA:54,0
DA:55,0
DA:56,3
DA:57,3
DA:58,3
DA:59,3
DA:60,3
DA:61,1
DA:62,1
DA:63,0
DA:64,0
DA:65,1
DA:66,1
DA:67,6
DA:68,6
DA:69,1
DA:70,1
DA:71,8
DA:72,8
DA:73,1
DA:74,1
DA:75,1
DA:76,1
DA:77,1
DA:78,1
DA:79,4
DA:80,4
DA:81,0
DA:82,0
DA:83,4
DA:84,4
DA:85,4
DA:86,1
DA:87,1
DA:88,0
DA:89,0
DA:90,1
DA:91,1
DA:92,2
DA:93,2
DA:94,0
DA:95,0
DA:96,2
DA:97,2
DA:98,2
DA:99,1
DA:100,1
DA:101,0
DA:102,0
DA:103,1
DA:104,1
DA:105,0
DA:106,0
DA:107,0
DA:108,0
DA:109,0
DA:110,0
DA:111,0
DA:112,0
DA:113,0
DA:114,1
DA:115,1
DA:116,0
DA:117,0
DA:118,1
DA:119,1
DA:120,0
DA:121,0
DA:122,0
DA:123,0
DA:124,0
DA:125,0
DA:126,0
DA:127,1
DA:128,1
DA:129,0
DA:130,0
DA:131,1
DA:132,1
DA:133,8
DA:134,8
DA:135,1
DA:136,1
DA:137,0
DA:138,0
DA:139,1
DA:140,1
DA:141,3
DA:142,3
DA:143,1
DA:144,1
DA:145,0
DA:146,0
DA:147,1
DA:148,1
DA:149,3
DA:150,3
DA:151,1
DA:152,1
DA:153,0
DA:154,0
DA:155,1
DA:156,1
DA:157,3
DA:158,3
DA:159,1
DA:160,1
DA:161,0
DA:162,0
DA:163,1
DA:164,1
DA:165,3
DA:166,3
DA:167,1
DA:168,1
DA:169,0
DA:170,0
DA:171,1
DA:172,1
DA:173,3
DA:174,3
DA:175,1
DA:176,1
DA:177,0
DA:178,0
DA:179,1
DA:180,1
DA:181,405
DA:182,405
DA:183,1
DA:184,1
DA:185,0
DA:186,0
DA:187,1
DA:188,1
DA:189,1
LF:189
LH:142
BRDA:9,0,0,407
BRDA:31,1,0,3
BRDA:42,2,0,3
BRDA:56,3,0,4
BRDA:57,4,0,2
BRDA:66,5,0,6
BRDA:70,6,0,8
BRDA:74,7,0,1
BRDA:78,8,0,4
BRDA:80,9,0,0
BRDA:91,10,0,2
BRDA:93,11,0,0
BRDA:132,12,0,8
BRDA:140,13,0,3
BRDA:148,14,0,3
BRDA:156,15,0,3
BRDA:164,16,0,3
BRDA:172,17,0,3
BRDA:180,18,0,405
BRF:19
BRH:17
end_of_record
TN:
SF:src\LPStat.js
FN:7,LPStat
FN:11,isNumber
FN:12,isFloat
FN:38,toString
FN:52,write
FN:61,load
FN:65,get STAT_ID
FN:69,set STAT_ID
FN:73,get STAT_NAME
FN:77,set STAT_NAME
FN:81,get PLAYER_ONLY
FN:85,set PLAYER_ONLY
FN:89,get HIGHER_BETTER
FN:93,set HIGHER_BETTER
FN:97,get STAT_MIN
FN:101,set STAT_MIN
FN:105,get STAT_MAX
FN:109,set STAT_MAX
FN:113,get DAILY_CHANGE
FN:117,set DAILY_CHANGE
FN:121,get DEFAULT_VALUE
FN:125,set DEFAULT_VALUE
FN:129,get NPC_ONLY
FN:133,set NPC_ONLY
FN:137,get modsDir
FN:141,set modsDir
FN:145,get filePath
FN:149,set filePath
FNF:28
FNH:17
FNDA:4,LPStat
FNDA:12,isNumber
FNDA:4,isFloat
FNDA:4,toString
FNDA:4,write
FNDA:0,load
FNDA:20,get STAT_ID
FNDA:0,set STAT_ID
FNDA:4,get STAT_NAME
FNDA:0,set STAT_NAME
FNDA:4,get PLAYER_ONLY
FNDA:0,set PLAYER_ONLY
FNDA:4,get HIGHER_BETTER
FNDA:0,set HIGHER_BETTER
FNDA:4,get STAT_MIN
FNDA:0,set STAT_MIN
FNDA:4,get STAT_MAX
FNDA:0,set STAT_MAX
FNDA:4,get DAILY_CHANGE
FNDA:0,set DAILY_CHANGE
FNDA:4,get DEFAULT_VALUE
FNDA:0,set DEFAULT_VALUE
FNDA:4,get NPC_ONLY
FNDA:0,set NPC_ONLY
FNDA:8,get modsDir
FNDA:4,set modsDir
FNDA:4,get filePath
FNDA:0,set filePath
DA:1,1
DA:2,1
DA:3,1
DA:4,1
DA:5,1
DA:6,1
DA:7,1
DA:8,4
DA:9,4
DA:10,4
DA:11,4
DA:12,4
DA:13,4
DA:14,4
DA:15,4
DA:16,4
DA:17,4
DA:18,4
DA:19,4
DA:20,4
DA:21,4
DA:22,4
DA:23,4
DA:24,4
DA:25,4
DA:26,4
DA:27,4
DA:28,4
DA:29,4
DA:30,4
DA:31,4
DA:32,4
DA:33,4
DA:34,4
DA:35,4
DA:36,4
DA:37,1
DA:38,1
DA:39,4
DA:40,4
DA:41,4
DA:42,4
DA:43,4
DA:44,4
DA:45,4
DA:46,4
DA:47,4
DA:48,4
DA:49,4
DA:50,4
DA:51,1
DA:52,1
DA:53,4
DA:54,4
DA:55,4
DA:56,4
DA:57,4
DA:58,4
DA:59,4
DA:60,1
DA:61,1
DA:62,0
DA:63,0
DA:64,1
DA:65,1
DA:66,20
DA:67,20
DA:68,1
DA:69,1
DA:70,0
DA:71,0
DA:72,1
DA:73,1
DA:74,4
DA:75,4
DA:76,1
DA:77,1
DA:78,0
DA:79,0
DA:80,1
DA:81,1
DA:82,4
DA:83,4
DA:84,1
DA:85,1
DA:86,0
DA:87,0
DA:88,1
DA:89,1
DA:90,4
DA:91,4
DA:92,1
DA:93,1
DA:94,0
DA:95,0
DA:96,1
DA:97,1
DA:98,4
DA:99,4
DA:100,1
DA:101,1
DA:102,0
DA:103,0
DA:104,1
DA:105,1
DA:106,4
DA:107,4
DA:108,1
DA:109,1
DA:110,0
DA:111,0
DA:112,1
DA:113,1
DA:114,4
DA:115,4
DA:116,1
DA:117,1
DA:118,0
DA:119,0
DA:120,1
DA:121,1
DA:122,4
DA:123,4
DA:124,1
DA:125,1
DA:126,0
DA:127,0
DA:128,1
DA:129,1
DA:130,4
DA:131,4
DA:132,1
DA:133,1
DA:134,0
DA:135,0
DA:136,1
DA:137,1
DA:138,8
DA:139,8
DA:140,1
DA:141,1
DA:142,4
DA:143,4
DA:144,1
DA:145,1
DA:146,4
DA:147,4
DA:148,1
DA:149,1
DA:150,0
DA:151,0
DA:152,1
DA:153,1
DA:154,1
LF:154
LH:132
BRDA:7,0,0,4
BRDA:11,1,0,12
BRDA:12,2,0,4
BRDA:38,3,0,4
BRDA:52,4,0,4
BRDA:65,5,0,20
BRDA:73,6,0,4
BRDA:81,7,0,4
BRDA:89,8,0,4
BRDA:97,9,0,4
BRDA:105,10,0,4
BRDA:113,11,0,4
BRDA:121,12,0,4
BRDA:129,13,0,4
BRDA:137,14,0,8
BRDA:141,15,0,4
BRDA:145,16,0,4
BRF:17
BRH:17
end_of_record
TN:
SF:src\core\Context.js
FN:6,ensureDirectory
FN:20,Context
FN:35,writeLine
FN:43,<instance_members_initializer>
FN:43,$if
FN:54,$endIf
FN:56,$else
FN:63,$elseIf
FN:75,$while
FN:82,option
FN:89,choice
FN:100,random
FN:105,$random
FN:115,not
FN:122,float
FN:135,boolean
FN:147,string
FN:160,_enclose
FN:163,paren
FN:167,squareBrackets
FN:171,$script
FN:250,get codeDepth
FN:254,set codeDepth
FN:258,get code
FN:270,get lpMod
FN:274,set lpMod
FNF:26
FNH:20
FNDA:0,ensureDirectory
FNDA:394,Context
FNDA:2443,writeLine
FNDA:394,<instance_members_initializer>
FNDA:6,$if
FNDA:6,$endIf
FNDA:3,$else
FNDA:4,$elseIf
FNDA:1,$while
FNDA:0,option
FNDA:0,choice
FNDA:7,random
FNDA:3,$random
FNDA:10,not
FNDA:54,float
FNDA:77,boolean
FNDA:6,string
FNDA:2,_enclose
FNDA:1,paren
FNDA:1,squareBrackets
FNDA:5,$script
FNDA:808,get codeDepth
FNDA:808,set codeDepth
FNDA:0,get code
FNDA:0,get lpMod
FNDA:0,set lpMod
DA:1,1
DA:2,1
DA:3,1
DA:4,1
DA:5,1
DA:6,1
DA:7,1
DA:8,1
DA:9,1
DA:10,1
DA:11,1
DA:12,1
DA:13,1
DA:14,1
DA:15,1
DA:16,1
DA:17,1
DA:18,1
DA:19,1
DA:20,1
DA:21,394
DA:22,394
DA:23,394
DA:24,394
DA:25,394
DA:26,394
DA:27,1
DA:28,1
DA:29,1
DA:30,1
DA:31,1
DA:32,1
DA:33,1
DA:34,1
DA:35,1
DA:36,2443
DA:37,2443
DA:38,2443
DA:39,2436
DA:40,2443
DA:41,2443
DA:42,1
DA:43,1
DA:44,6
DA:45,6
DA:46,6
DA:47,0
DA:48,0
DA:49,0
DA:50,6
DA:51,6
DA:52,6
DA:53,6
DA:54,6
DA:55,6
DA:56,6
DA:57,3
DA:58,3
DA:59,3
DA:60,3
DA:61,3
DA:62,3
DA:63,6
DA:64,4
DA:65,4
DA:66,4
DA:67,4
DA:68,4
DA:69,4
DA:70,4
DA:71,6
DA:72,6
DA:73,6
DA:74,394
DA:75,394
DA:76,1
DA:77,1
DA:78,1
DA:79,1
DA:80,1
DA:81,1
DA:82,394
DA:83,0
DA:84,0
DA:85,0
DA:86,0
DA:87,0
DA:88,0
DA:89,394
DA:90,0
DA:91,0
DA:92,0
DA:93,394
DA:94,394
DA:95,394
DA:96,394
DA:97,394
DA:98,394
DA:99,394
DA:100,394
DA:101,7
DA:102,7
DA:103,7
DA:104,7
DA:105,394
DA:106,3
DA:107,3
DA:108,3
DA:109,3
DA:110,3
DA:111,3
DA:112,394
DA:113,394
DA:114,394
DA:115,394
DA:116,394
DA:117,394
DA:118,394
DA:119,394
DA:120,394
DA:121,394
DA:122,394
DA:123,54
DA:124,54
DA:125,54
DA:126,54
DA:127,54
DA:128,0
DA:129,0
DA:130,0
DA:131,0
DA:132,0
DA:133,0
DA:134,394
DA:135,394
DA:136,77
DA:137,10
DA:138,10
DA:139,77
DA:140,0
DA:141,0
DA:142,0
DA:143,67
DA:144,67
DA:145,67
DA:146,394
DA:147,394
DA:148,6
DA:149,6
DA:150,6
DA:151,6
DA:152,0
DA:153,0
DA:154,0
DA:155,0
DA:156,0
DA:157,0
DA:158,0
DA:159,394
DA:160,394
DA:161,2
DA:162,2
DA:163,394
DA:164,1
DA:165,1
DA:166,394
DA:167,394
DA:168,1
DA:169,1
DA:170,1
DA:171,1
DA:172,5
DA:173,5
DA:174,5
DA:175,1
DA:176,1
DA:177,1
DA:178,1
DA:179,1
DA:180,1
DA:181,1
DA:182,1
DA:183,1
DA:184,1
DA:185,1
DA:186,1
DA:187,1
DA:188,1
DA:189,1
DA:190,1
DA:191,1
DA:192,1
DA:193,1
DA:194,1
DA:195,1
DA:196,1
DA:197,1
DA:198,1
DA:199,1
DA:200,1
DA:201,1
DA:202,1
DA:203,1
DA:204,1
DA:205,1
DA:206,1
DA:207,1
DA:208,1
DA:209,1
DA:210,1
DA:211,1
DA:212,1
DA:213,1
DA:214,1
DA:215,1
DA:216,1
DA:217,1
DA:218,1
DA:219,1
DA:220,1
DA:221,1
DA:222,1
DA:223,1
DA:224,1
DA:225,1
DA:226,1
DA:227,1
DA:228,1
DA:229,1
DA:230,1
DA:231,1
DA:232,1
DA:233,1
DA:234,1
DA:235,1
DA:236,1
DA:237,1
DA:238,1
DA:239,1
DA:240,1
DA:241,1
DA:242,1
DA:243,1
DA:244,1
DA:245,1
DA:246,1
DA:247,1
DA:248,1
DA:249,1
DA:250,1
DA:251,808
DA:252,808
DA:253,1
DA:254,1
DA:255,808
DA:256,808
DA:257,1
DA:258,1
DA:259,0
DA:260,0
DA:261,1
DA:262,1
DA:263,1
DA:264,1
DA:265,1
DA:266,1
DA:267,1
DA:268,1
DA:269,1
DA:270,1
DA:271,0
DA:272,0
DA:273,1
DA:274,1
DA:275,0
DA:276,0
DA:277,1
LF:277
LH:243
BRDA:20,0,0,394
BRDA:35,1,0,2443
BRDA:38,2,0,7
BRDA:38,3,0,2436
BRDA:39,4,0,774
BRDA:39,5,0,1662
BRDA:43,6,0,394
BRDA:43,7,0,6
BRDA:44,8,0,4
BRDA:44,9,0,2
BRDA:46,10,0,0
BRDA:54,11,0,6
BRDA:56,12,0,3
BRDA:63,13,0,4
BRDA:64,14,0,0
BRDA:75,15,0,1
BRDA:76,16,0,0
BRDA:100,17,0,7
BRDA:102,18,0,0
BRDA:105,19,0,3
BRDA:115,20,0,10
BRDA:122,21,0,54
BRDA:125,22,0,46
BRDA:128,23,0,0
BRDA:135,24,0,77
BRDA:136,25,0,10
BRDA:139,26,0,67
BRDA:139,27,0,0
BRDA:147,28,0,6
BRDA:152,29,0,0
BRDA:160,30,0,2
BRDA:163,31,0,1
BRDA:167,32,0,1
BRDA:171,33,0,5
BRDA:172,34,0,0
BRDA:250,35,0,808
BRDA:254,36,0,808
BRF:37
BRH:29
end_of_record
TN:
SF:src\core\LPFunction.js
FN:1,(empty-report)
FNF:1
FNH:0
FNDA:0,(empty-report)
DA:1,0
DA:2,0
DA:3,0
DA:4,0
DA:5,0
DA:6,0
DA:7,0
DA:8,0
DA:9,0
DA:10,0
DA:11,0
DA:12,0
DA:13,0
DA:14,0
DA:15,0
DA:16,0
DA:17,0
DA:18,0
DA:19,0
DA:20,0
DA:21,0
DA:22,0
DA:23,0
DA:24,0
DA:25,0
DA:26,0
DA:27,0
DA:28,0
DA:29,0
DA:30,0
DA:31,0
DA:32,0
DA:33,0
DA:34,0
DA:35,0
DA:36,0
DA:37,0
DA:38,0
DA:39,0
DA:40,0
DA:41,0
DA:42,0
DA:43,0
DA:44,0
DA:45,0
DA:46,0
DA:47,0
DA:48,0
DA:49,0
DA:50,0
DA:51,0
DA:52,0
DA:53,0
DA:54,0
DA:55,0
DA:56,0
DA:57,0
DA:58,0
DA:59,0
DA:60,0
DA:61,0
DA:62,0
DA:63,0
DA:64,0
DA:65,0
DA:66,0
DA:67,0
DA:68,0
DA:69,0
DA:70,0
DA:71,0
DA:72,0
DA:73,0
DA:74,0
DA:75,0
DA:76,0
DA:77,0
DA:78,0
LF:78
LH:0
BRDA:1,0,0,0
BRF:1
BRH:0
end_of_record
TN:
SF:src\core\Scene.js
FN:27,Scene
FN:59,<instance_members_initializer>
FN:59,WHAT
FN:69,WHERE
FN:74,WHEN
FN:90,WHO
FN:111,OTHER
FN:115,$IF
FN:141,addNpcRelationship
FN:149,assignHome
FN:157,assignResidents
FN:169,blockPregnancy
FN:181,cameraFocus
FN:188,cameraLock
FN:205,cameraMove
FN:215,cameraUnlock
FN:222,clearBackground3d
FN:229,clearGetList
FN:245,dressFormal
FN:254,faceEachOther
FN:262,filterDesc
FN:270,filterTalk
FN:288,filter
FN:300,findNearbyBuilding
FN:315,followUp
FN:337,forcedTrigger
FN:351,generateCreature
FN:369,generateCreatureTemporary
FN:385,generatePerson
FN:401,generatePersonTemporary
FN:413,getActorAlias
FN:426,getAssignee
FN:435,getCreature
FN:464,getPerson
FN:475,getPersonHere
FN:489,getRelatedPeople
FN:503,getSpecific
FN:514,isModEnabled
FN:525,isQuestCompleted
FN:536,isTimingOut
FN:542,narrative
FN:551,openMenu
FN:564,passTime
FN:572,preciseModify
FN:581,questEnd
FN:592,removeNpcRelationship
FN:601,resetTutorials
FN:610,saveOldPlayer
FN:626,start
FN:643,sceneEndLoadLastSave
FN:652,secondScreen
FN:660,secondScreenIfHidden
FN:668,setBackground
FN:680,setBackground3D
FN:689,setBackgroundCustom
FN:701,sex
FN:712,sexAtPoint
FN:724,sexNoAffair
FN:733,showMapView
FN:745,sneakGame
FN:752,talkNonConsensual
FN:760,TfGame
FN:771,wasCondomUsedDuringLastSex
FN:779,timeoutPrecise
FN:783,timeout
FN:787,timeoutActorPrecise
FN:791,timeoutActor
FN:795,get building
FN:799,get CurrentCompanion
FN:803,get lpMod
FN:807,get name
FN:811,get Player
FN:815,get modsDir
FN:819,set modsDir
FN:823,get filePath
FN:827,set filePath
FN:831,toString
FN:837,_$build
FN:873,write
FNF:79
FNH:72
FNDA:393,Scene
FNDA:393,<instance_members_initializer>
FNDA:3,WHAT
FNDA:3,WHERE
FNDA:3,WHEN
FNDA:4,WHO
FNDA:3,OTHER
FNDA:0,$IF
FNDA:1,addNpcRelationship
FNDA:1,assignHome
FNDA:1,assignResidents
FNDA:1,blockPregnancy
FNDA:1,cameraFocus
FNDA:1,cameraLock
FNDA:4,cameraMove
FNDA:1,cameraUnlock
FNDA:1,clearBackground3d
FNDA:1,clearGetList
FNDA:1,dressFormal
FNDA:1,faceEachOther
FNDA:1,filterDesc
FNDA:1,filterTalk
FNDA:1,filter
FNDA:1,findNearbyBuilding
FNDA:1,followUp
FNDA:1,forcedTrigger
FNDA:1,generateCreature
FNDA:1,generateCreatureTemporary
FNDA:3,generatePerson
FNDA:3,generatePersonTemporary
FNDA:1,getActorAlias
FNDA:1,getAssignee
FNDA:1,getCreature
FNDA:92,getPerson
FNDA:3,getPersonHere
FNDA:1,getRelatedPeople
FNDA:125,getSpecific
FNDA:1,isModEnabled
FNDA:1,isQuestCompleted
FNDA:1,isTimingOut
FNDA:21,narrative
FNDA:1,openMenu
FNDA:1,passTime
FNDA:1,preciseModify
FNDA:1,questEnd
FNDA:1,removeNpcRelationship
FNDA:1,resetTutorials
FNDA:1,saveOldPlayer
FNDA:392,start
FNDA:1,sceneEndLoadLastSave
FNDA:1,secondScreen
FNDA:1,secondScreenIfHidden
FNDA:2,setBackground
FNDA:1,setBackground3D
FNDA:1,setBackgroundCustom
FNDA:2,sex
FNDA:2,sexAtPoint
FNDA:1,sexNoAffair
FNDA:0,showMapView
FNDA:1,sneakGame
FNDA:1,talkNonConsensual
FNDA:0,TfGame
FNDA:1,wasCondomUsedDuringLastSex
FNDA:1,timeoutPrecise
FNDA:0,timeout
FNDA:1,timeoutActorPrecise
FNDA:1,timeoutActor
FNDA:12,get building
FNDA:1,get CurrentCompanion
FNDA:772,get lpMod
FNDA:776,get name
FNDA:161,get Player
FNDA:776,get modsDir
FNDA:0,set modsDir
FNDA:388,get filePath
FNDA:0,set filePath
FNDA:388,toString
FNDA:388,_$build
FNDA:0,write
DA:1,1
DA:2,1
DA:3,1
DA:4,1
DA:5,1
DA:6,1
DA:7,1
DA:8,1
DA:9,1
DA:10,1
DA:11,1
DA:12,1
DA:13,1
DA:14,1
DA:15,1
DA:16,1
DA:17,1
DA:18,1
DA:19,1
DA:20,1
DA:21,1
DA:22,1
DA:23,1
DA:24,1
DA:25,1
DA:26,1
DA:27,1
DA:28,393
DA:29,393
DA:30,393
DA:31,393
DA:32,393
DA:33,393
DA:34,393
DA:35,393
DA:36,393
DA:37,393
DA:38,393
DA:39,393
DA:40,393
DA:41,393
DA:42,393
DA:43,393
DA:44,393
DA:45,393
DA:46,393
DA:47,393
DA:48,393
DA:49,393
DA:50,393
DA:51,393
DA:52,1
DA:53,1
DA:54,1
DA:55,1
DA:56,1
DA:57,1
DA:58,1
DA:59,1
DA:60,3
DA:61,3
DA:62,3
DA:63,393
DA:64,393
DA:65,393
DA:66,393
DA:67,393
DA:68,393
DA:69,393
DA:70,3
DA:71,3
DA:72,3
DA:73,393
DA:74,393
DA:75,3
DA:76,3
DA:77,3
DA:78,3
DA:79,393
DA:80,393
DA:81,393
DA:82,393
DA:83,393
DA:84,393
DA:85,393
DA:86,393
DA:87,393
DA:88,393
DA:89,393
DA:90,393
DA:91,4
DA:92,4
DA:93,4
DA:94,4
DA:95,4
DA:96,4
DA:97,4
DA:98,4
DA:99,4
DA:100,393
DA:101,393
DA:102,393
DA:103,393
DA:104,393
DA:105,393
DA:106,393
DA:107,393
DA:108,393
DA:109,393
DA:110,393
DA:111,393
DA:112,3
DA:113,3
DA:114,3
DA:115,3
DA:116,3
DA:117,3
DA:118,3
DA:119,3
DA:120,3
DA:121,393
DA:122,393
DA:123,393
DA:124,393
DA:125,393
DA:126,393
DA:127,393
DA:128,393
DA:129,393
DA:130,393
DA:131,393
DA:132,393
DA:133,393
DA:134,393
DA:135,393
DA:136,393
DA:137,393
DA:138,393
DA:139,393
DA:140,393
DA:141,393
DA:142,1
DA:143,1
DA:144,393
DA:145,393
DA:146,393
DA:147,393
DA:148,393
DA:149,393
DA:150,1
DA:151,1
DA:152,393
DA:153,393
DA:154,393
DA:155,393
DA:156,393
DA:157,393
DA:158,1
DA:159,1
DA:160,393
DA:161,393
DA:162,393
DA:163,393
DA:164,393
DA:165,393
DA:166,393
DA:167,393
DA:168,393
DA:169,393
DA:170,1
DA:171,1
DA:172,393
DA:173,393
DA:174,393
DA:175,393
DA:176,393
DA:177,393
DA:178,393
DA:179,393
DA:180,393
DA:181,393
DA:182,1
DA:183,1
DA:184,393
DA:185,393
DA:186,393
DA:187,393
DA:188,393
DA:189,1
DA:190,1
DA:191,393
DA:192,393
DA:193,393
DA:194,393
DA:195,393
DA:196,393
DA:197,393
DA:198,393
DA:199,393
DA:200,393
DA:201,393
DA:202,393
DA:203,393
DA:204,393
DA:205,393
DA:206,4
DA:207,4
DA:208,4
DA:209,1
DA:210,1
DA:211,393
DA:212,393
DA:213,393
DA:214,393
DA:215,393
DA:216,1
DA:217,1
DA:218,393
DA:219,393
DA:220,393
DA:221,393
DA:222,393
DA:223,1
DA:224,1
DA:225,393
DA:226,393
DA:227,393
DA:228,393
DA:229,393
DA:230,1
DA:231,1
DA:232,393
DA:233,393
DA:234,393
DA:235,393
DA:236,393
DA:237,393
DA:238,393
DA:239,393
DA:240,393
DA:241,393
DA:242,393
DA:243,393
DA:244,393
DA:245,393
DA:246,1
DA:247,1
DA:248,393
DA:249,393
DA:250,393
DA:251,393
DA:252,393
DA:253,393
DA:254,393
DA:255,1
DA:256,1
DA:257,393
DA:258,393
DA:259,393
DA:260,393
DA:261,393
DA:262,393
DA:263,1
DA:264,1
DA:265,393
DA:266,393
DA:267,393
DA:268,393
DA:269,393
DA:270,393
DA:271,1
DA:272,1
DA:273,393
DA:274,393
DA:275,393
DA:276,393
DA:277,393
DA:278,393
DA:279,393
DA:280,393
DA:281,393
DA:282,393
DA:283,393
DA:284,393
DA:285,393
DA:286,393
DA:287,393
DA:288,393
DA:289,1
DA:290,1
DA:291,393
DA:292,393
DA:293,393
DA:294,393
DA:295,393
DA:296,393
DA:297,393
DA:298,393
DA:299,393
DA:300,393
DA:301,1
DA:302,1
DA:303,1
DA:304,1
DA:305,393
DA:306,393
DA:307,393
DA:308,393
DA:309,393
DA:310,393
DA:311,393
DA:312,393
DA:313,393
DA:314,393
DA:315,393
DA:316,1
DA:317,1
DA:318,393
DA:319,393
DA:320,393
DA:321,393
DA:322,393
DA:323,393
DA:324,393
DA:325,393
DA:326,393
DA:327,393
DA:328,393
DA:329,393
DA:330,393
DA:331,393
DA:332,393
DA:333,393
DA:334,393
DA:335,393
DA:336,393
DA:337,393
DA:338,1
DA:339,1
DA:340,1
DA:341,1
DA:342,393
DA:343,393
DA:344,393
DA:345,393
DA:346,393
DA:347,393
DA:348,393
DA:349,393
DA:350,393
DA:351,393
DA:352,1
DA:353,1
DA:354,1
DA:355,1
DA:356,393
DA:357,393
DA:358,393
DA:359,393
DA:360,393
DA:361,393
DA:362,393
DA:363,393
DA:364,393
DA:365,393
DA:366,393
DA:367,393
DA:368,393
DA:369,393
DA:370,1
DA:371,1
DA:372,1
DA:373,1
DA:374,393
DA:375,393
DA:376,393
DA:377,393
DA:378,393
DA:379,393
DA:380,393
DA:381,393
DA:382,393
DA:383,393
DA:384,393
DA:385,393
DA:386,3
DA:387,3
DA:388,3
DA:389,3
DA:390,393
DA:391,393
DA:392,393
DA:393,393
DA:394,393
DA:395,393
DA:396,393
DA:397,393
DA:398,393
DA:399,393
DA:400,393
DA:401,393
DA:402,3
DA:403,3
DA:404,3
DA:405,3
DA:406,3
DA:407,393
DA:408,393
DA:409,393
DA:410,393
DA:411,393
DA:412,393
DA:413,393
DA:414,1
DA:415,1
DA:416,1
DA:417,1
DA:418,1
DA:419,393
DA:420,393
DA:421,393
DA:422,393
DA:423,393
DA:424,393
DA:425,393
DA:426,393
DA:427,1
DA:428,1
DA:429,1
DA:430,1
DA:431,393
DA:432,393
DA:433,393
DA:434,393
DA:435,393
DA:436,1
DA:437,1
DA:438,1
DA:439,1
DA:440,393
DA:441,393
DA:442,393
DA:443,393
DA:444,393
DA:445,393
DA:446,393
DA:447,393
DA:448,393
DA:449,393
DA:450,393
DA:451,393
DA:452,393
DA:453,393
DA:454,393
DA:455,393
DA:456,393
DA:457,393
DA:458,393
DA:459,393
DA:460,393
DA:461,393
DA:462,393
DA:463,393
DA:464,393
DA:465,92
DA:466,92
DA:467,92
DA:468,92
DA:469,393
DA:470,393
DA:471,393
DA:472,393
DA:473,393
DA:474,393
DA:475,393
DA:476,3
DA:477,3
DA:478,3
DA:479,3
DA:480,3
DA:481,3
DA:482,393
DA:483,393
DA:484,393
DA:485,393
DA:486,393
DA:487,393
DA:488,393
DA:489,393
DA:490,1
DA:491,1
DA:492,1
DA:493,1
DA:494,1
DA:495,393
DA:496,393
DA:497,393
DA:498,393
DA:499,393
DA:500,393
DA:501,393
DA:502,393
DA:503,393
DA:504,125
DA:505,125
DA:506,125
DA:507,125
DA:508,393
DA:509,393
DA:510,393
DA:511,393
DA:512,393
DA:513,393
DA:514,393
DA:515,1
DA:516,1
DA:517,1
DA:518,1
DA:519,393
DA:520,393
DA:521,393
DA:522,393
DA:523,393
DA:524,393
DA:525,393
DA:526,1
DA:527,1
DA:528,1
DA:529,1
DA:530,393
DA:531,393
DA:532,393
DA:533,393
DA:534,393
DA:535,393
DA:536,393
DA:537,1
DA:538,1
DA:539,1
DA:540,1
DA:541,393
DA:542,393
DA:543,21
DA:544,21
DA:545,1
DA:546,1
DA:547,1
DA:548,1
DA:549,1
DA:550,1
DA:551,1
DA:552,1
DA:553,1
DA:554,1
DA:555,1
DA:556,1
DA:557,1
DA:558,1
DA:559,1
DA:560,1
DA:561,1
DA:562,1
DA:563,1
DA:564,1
DA:565,1
DA:566,1
DA:567,1
DA:568,1
DA:569,1
DA:570,1
DA:571,1
DA:572,1
DA:573,1
DA:574,1
DA:575,1
DA:576,1
DA:577,1
DA:578,1
DA:579,1
DA:580,1
DA:581,1
DA:582,1
DA:583,1
DA:584,1
DA:585,1
DA:586,1
DA:587,1
DA:588,1
DA:589,1
DA:590,1
DA:591,1
DA:592,1
DA:593,1
DA:594,1
DA:595,1
DA:596,1
DA:597,1
DA:598,1
DA:599,1
DA:600,1
DA:601,1
DA:602,1
DA:603,1
DA:604,1
DA:605,1
DA:606,1
DA:607,1
DA:608,1
DA:609,1
DA:610,1
DA:611,1
DA:612,1
DA:613,1
DA:614,1
DA:615,1
DA:616,1
DA:617,1
DA:618,1
DA:619,1
DA:620,1
DA:621,1
DA:622,1
DA:623,1
DA:624,1
DA:625,1
DA:626,1
DA:627,392
DA:628,392
DA:629,392
DA:630,392
DA:631,392
DA:632,392
DA:633,392
DA:634,392
DA:635,392
DA:636,392
DA:637,392
DA:638,1
DA:639,1
DA:640,1
DA:641,1
DA:642,1
DA:643,1
DA:644,1
DA:645,1
DA:646,1
DA:647,1
DA:648,1
DA:649,1
DA:650,1
DA:651,1
DA:652,1
DA:653,1
DA:654,1
DA:655,1
DA:656,1
DA:657,1
DA:658,1
DA:659,1
DA:660,1
DA:661,1
DA:662,1
DA:663,1
DA:664,1
DA:665,1
DA:666,1
DA:667,1
DA:668,1
DA:669,2
DA:670,1
DA:671,1
DA:672,1
DA:673,1
DA:674,1
DA:675,1
DA:676,1
DA:677,1
DA:678,1
DA:679,1
DA:680,1
DA:681,1
DA:682,1
DA:683,1
DA:684,1
DA:685,1
DA:686,1
DA:687,1
DA:688,1
DA:689,1
DA:690,1
DA:691,1
DA:692,1
DA:693,1
DA:694,1
DA:695,1
DA:696,1
DA:697,1
DA:698,1
DA:699,1
DA:700,1
DA:701,1
DA:702,2
DA:703,2
DA:704,1
DA:705,1
DA:706,1
DA:707,1
DA:708,1
DA:709,1
DA:710,1
DA:711,1
DA:712,1
DA:713,2
DA:714,2
DA:715,2
DA:716,1
DA:717,1
DA:718,1
DA:719,1
DA:720,1
DA:721,1
DA:722,1
DA:723,1
DA:724,1
DA:725,1
DA:726,1
DA:727,1
DA:728,1
DA:729,1
DA:730,1
DA:731,1
DA:732,1
DA:733,1
DA:734,0
DA:735,0
DA:736,1
DA:737,1
DA:738,1
DA:739,1
DA:740,1
DA:741,1
DA:742,1
DA:743,1
DA:744,1
DA:745,1
DA:746,1
DA:747,1
DA:748,1
DA:749,1
DA:750,1
DA:751,1
DA:752,1
DA:753,1
DA:754,1
DA:755,1
DA:756,1
DA:757,1
DA:758,1
DA:759,1
DA:760,1
DA:761,0
DA:762,0
DA:763,0
DA:764,0
DA:765,0
DA:766,1
DA:767,1
DA:768,1
DA:769,1
DA:770,1
DA:771,1
DA:772,1
DA:773,1
DA:774,1
DA:775,1
DA:776,1
DA:777,1
DA:778,1
DA:779,1
DA:780,1
DA:781,1
DA:782,1
DA:783,1
DA:784,0
DA:785,0
DA:786,1
DA:787,1
DA:788,1
DA:789,1
DA:790,1
DA:791,1
DA:792,1
DA:793,1
DA:794,1
DA:795,1
DA:796,12
DA:797,12
DA:798,1
DA:799,1
DA:800,1
DA:801,1
DA:802,1
DA:803,1
DA:804,772
DA:805,772
DA:806,1
DA:807,1
DA:808,776
DA:809,776
DA:810,1
DA:811,1
DA:812,161
DA:813,161
DA:814,1
DA:815,1
DA:816,776
DA:817,776
DA:818,1
DA:819,1
DA:820,0
DA:821,0
DA:822,1
DA:823,1
DA:824,388
DA:825,388
DA:826,1
DA:827,1
DA:828,0
DA:829,0
DA:830,1
DA:831,1
DA:832,388
DA:833,388
DA:834,379
DA:835,379
DA:836,1
DA:837,1
DA:838,388
DA:839,388
DA:840,388
DA:841,388
DA:842,388
DA:843,388
DA:844,388
DA:845,388
DA:846,388
DA:847,388
DA:848,388
DA:849,388
DA:850,388
DA:851,388
DA:852,388
DA:853,388
DA:854,388
DA:855,388
DA:856,388
DA:857,388
DA:858,388
DA:859,388
DA:860,388
DA:861,388
DA:862,388
DA:863,388
DA:864,388
DA:865,388
DA:866,388
DA:867,388
DA:868,9
DA:869,9
DA:870,388
DA:871,388
DA:872,1
DA:873,1
DA:874,0
DA:875,0
DA:876,0
DA:877,0
DA:878,0
DA:879,0
DA:880,0
DA:881,0
DA:882,0
DA:883,0
DA:884,1
LF:884
LH:861
BRDA:27,0,0,393
BRDA:59,1,0,393
BRDA:59,2,0,3
BRDA:69,3,0,3
BRDA:74,4,0,3
BRDA:90,5,0,4
BRDA:95,6,0,3
BRDA:95,7,0,1
BRDA:96,8,0,0
BRDA:111,9,0,3
BRDA:117,10,0,2
BRDA:141,11,0,1
BRDA:142,12,0,2
BRDA:149,13,0,1
BRDA:157,14,0,1
BRDA:169,15,0,1
BRDA:181,16,0,1
BRDA:188,17,0,1
BRDA:205,18,0,4
BRDA:206,19,0,3
BRDA:206,20,0,2
BRDA:206,21,0,1
BRDA:206,22,0,3
BRDA:207,23,0,2
BRDA:207,24,0,1
BRDA:207,25,0,2
BRDA:208,26,0,1
BRDA:215,27,0,1
BRDA:222,28,0,1
BRDA:229,29,0,1
BRDA:245,30,0,1
BRDA:254,31,0,1
BRDA:262,32,0,1
BRDA:270,33,0,1
BRDA:288,34,0,1
BRDA:300,35,0,1
BRDA:315,36,0,1
BRDA:337,37,0,1
BRDA:351,38,0,1
BRDA:369,39,0,1
BRDA:385,40,0,3
BRDA:401,41,0,3
BRDA:404,42,0,2
BRDA:413,43,0,1
BRDA:426,44,0,1
BRDA:435,45,0,1
BRDA:464,46,0,92
BRDA:475,47,0,3
BRDA:477,48,0,2
BRDA:477,49,0,1
BRDA:477,50,0,2
BRDA:478,51,0,1
BRDA:478,52,0,1
BRDA:489,53,0,1
BRDA:503,54,0,125
BRDA:514,55,0,1
BRDA:525,56,0,1
BRDA:536,57,0,1
BRDA:542,58,0,21
BRDA:551,59,0,1
BRDA:564,60,0,1
BRDA:572,61,0,1
BRDA:581,62,0,1
BRDA:592,63,0,1
BRDA:593,64,0,2
BRDA:601,65,0,1
BRDA:610,66,0,1
BRDA:626,67,0,392
BRDA:643,68,0,1
BRDA:652,69,0,1
BRDA:660,70,0,1
BRDA:668,71,0,2
BRDA:669,72,0,1
BRDA:680,73,0,1
BRDA:689,74,0,1
BRDA:701,75,0,2
BRDA:702,76,0,4
BRDA:712,77,0,2
BRDA:713,78,0,1
BRDA:724,79,0,1
BRDA:725,80,0,2
BRDA:745,81,0,1
BRDA:752,82,0,1
BRDA:771,83,0,1
BRDA:779,84,0,1
BRDA:787,85,0,1
BRDA:788,86,0,1
BRDA:791,87,0,1
BRDA:792,88,0,1
BRDA:795,89,0,12
BRDA:799,90,0,1
BRDA:803,91,0,772
BRDA:807,92,0,776
BRDA:811,93,0,161
BRDA:815,94,0,776
BRDA:823,95,0,388
BRDA:831,96,0,388
BRDA:833,97,0,9
BRDA:833,98,0,379
BRDA:837,99,0,388
BRDA:867,100,0,9
BRF:101
BRH:100
end_of_record
TN:
SF:src\core\constants.js
FNF:0
FNH:0
DA:1,1
DA:2,1
DA:3,1
DA:4,1
DA:5,1
DA:6,1
DA:7,1
DA:8,1
DA:9,1
DA:10,1
DA:11,1
DA:12,1
DA:13,1
DA:14,1
DA:15,1
DA:16,1
DA:17,1
DA:18,1
DA:19,1
DA:20,1
DA:21,1
DA:22,1
DA:23,1
DA:24,1
DA:25,1
DA:26,1
DA:27,1
DA:28,1
DA:29,1
DA:30,1
DA:31,1
DA:32,1
DA:33,1
DA:34,1
DA:35,1
LF:35
LH:35
BRDA:20,0,0,135
BRF:1
BRH:1
end_of_record
TN:
SF:src\core\parser.js
FN:15,$pad
FN:17,Object.<anonymous>.handlers.getHandler
FN:23,Object.<anonymous>.handlers.Identifier
FN:24,Object.<anonymous>.handlers.Literal
FN:34,Object.<anonymous>.handlers.UnaryExpression
FN:41,Object.<anonymous>.handlers.MemberExpression
FN:50,Object.<anonymous>.handlers.CallExpression
FN:63,Object.<anonymous>.handlers.ExpressionStatement
FN:68,Object.<anonymous>.handlers.FunctionDeclaration
FN:78,Object.<anonymous>.handlers.ReturnStatement
FN:83,Object.<anonymous>.handlers.TemplateLiteral
FN:91,Object.<anonymous>.handlers.TemplateElement
FN:93,Object.<anonymous>.handlers.ArrayExpression
FN:98,Object.<anonymous>.handlers.LogicalExpression
FN:108,Object.<anonymous>.handlers.BinaryExpression
FN:156,Object.<anonymous>.handlers.VariableDeclaration
FN:166,Object.<anonymous>.handlers.VariableDeclarator
FN:173,Object.<anonymous>.handlers.NewExpression
FN:180,Object.<anonymous>.handlers.ArrowFunctionExpression
FN:188,Object.<anonymous>.handlers.Property
FN:196,Object.<anonymous>.handlers.ObjectPattern
FN:202,Object.<anonymous>.handlers.BlockStatement
FN:208,Object.<anonymous>.handlers.ObjectExpression
FN:214,Object.<anonymous>.handlers.WhileStatement
FN:227,Object.<anonymous>.handlers.IfStatement
FN:258,Object.<anonymous>.handlers.AssignmentExpression
FN:276,Object.<anonymous>.handlers.FunctionExpression
FN:288,Object.<anonymous>.handlers.Program
FN:295,parser
FNF:29
FNH:26
FNDA:2463,$pad
FNDA:12920,Object.<anonymous>.handlers.getHandler
FNDA:4753,Object.<anonymous>.handlers.Identifier
FNDA:594,Object.<anonymous>.handlers.Literal
FNDA:7,Object.<anonymous>.handlers.UnaryExpression
FNDA:1691,Object.<anonymous>.handlers.MemberExpression
FNDA:1042,Object.<anonymous>.handlers.CallExpression
FNDA:1152,Object.<anonymous>.handlers.ExpressionStatement
FNDA:0,Object.<anonymous>.handlers.FunctionDeclaration
FNDA:0,Object.<anonymous>.handlers.ReturnStatement
FNDA:1,Object.<anonymous>.handlers.TemplateLiteral
FNDA:2,Object.<anonymous>.handlers.TemplateElement
FNDA:34,Object.<anonymous>.handlers.ArrayExpression
FNDA:31,Object.<anonymous>.handlers.LogicalExpression
FNDA:130,Object.<anonymous>.handlers.BinaryExpression
FNDA:589,Object.<anonymous>.handlers.VariableDeclaration
FNDA:589,Object.<anonymous>.handlers.VariableDeclarator
FNDA:3,Object.<anonymous>.handlers.NewExpression
FNDA:783,Object.<anonymous>.handlers.ArrowFunctionExpression
FNDA:101,Object.<anonymous>.handlers.Property
FNDA:83,Object.<anonymous>.handlers.ObjectPattern
FNDA:797,Object.<anonymous>.handlers.BlockStatement
FNDA:3,Object.<anonymous>.handlers.ObjectExpression
FNDA:1,Object.<anonymous>.handlers.WhileStatement
FNDA:10,Object.<anonymous>.handlers.IfStatement
FNDA:530,Object.<anonymous>.handlers.AssignmentExpression
FNDA:0,Object.<anonymous>.handlers.FunctionExpression
FNDA:388,Object.<anonymous>.handlers.Program
FNDA:388,parser
DA:1,1
DA:2,1
DA:3,1
DA:4,1
DA:5,1
DA:6,1
DA:7,1
DA:8,1
DA:9,1
DA:10,1
DA:11,1
DA:12,1
DA:13,1
DA:14,1
DA:15,1
DA:16,1
DA:17,1
DA:18,12920
DA:19,12920
DA:20,12920
DA:21,12920
DA:22,1
DA:23,1
DA:24,1
DA:25,594
DA:26,20
DA:27,594
DA:28,231
DA:29,574
DA:30,342
DA:31,342
DA:32,532
DA:33,532
DA:34,1
DA:35,7
DA:36,7
DA:37,7
DA:38,7
DA:39,1
DA:40,1
DA:41,1
DA:42,1691
DA:43,1691
DA:44,1691
DA:45,1691
DA:46,1691
DA:47,1689
DA:48,1689
DA:49,1
DA:50,1
DA:51,1042
DA:52,1042
DA:53,1042
DA:54,1042
DA:55,289
DA:56,289
DA:57,289
DA:58,1042
DA:59,1042
DA:60,1042
DA:61,1042
DA:62,1
DA:63,1
DA:64,1152
DA:65,1152
DA:66,1152
DA:67,1
DA:68,1
DA:69,0
DA:70,0
DA:71,0
DA:72,0
DA:73,0
DA:74,0
DA:75,0
DA:76,0
DA:77,1
DA:78,1
DA:79,0
DA:80,0
DA:81,0
DA:82,1
DA:83,1
DA:84,1
DA:85,1
DA:86,1
DA:87,2
DA:88,1
DA:89,1
DA:90,1
DA:91,1
DA:92,1
DA:93,1
DA:94,34
DA:95,34
DA:96,34
DA:97,34
DA:98,1
DA:99,31
DA:100,31
DA:101,31
DA:102,31
DA:103,31
DA:104,26
DA:105,0
DA:106,0
DA:107,1
DA:108,1
DA:109,130
DA:110,130
DA:111,130
DA:112,130
DA:113,130
DA:114,4
DA:115,4
DA:116,4
DA:117,129
DA:118,2
DA:119,2
DA:120,2
DA:121,129
DA:122,18
DA:123,16
DA:124,16
DA:125,129
DA:126,2
DA:127,2
DA:128,2
DA:129,129
DA:130,73
DA:131,73
DA:132,73
DA:133,76
DA:134,76
DA:135,6
DA:136,5
DA:137,5
DA:138,76
DA:139,76
DA:140,6
DA:141,5
DA:142,5
DA:143,76
DA:144,73
DA:145,14
DA:146,10
DA:147,10
DA:148,69
DA:149,69
DA:150,69
DA:151,69
DA:152,69
DA:153,69
DA:154,0
DA:155,0
DA:156,1
DA:157,589
DA:158,589
DA:159,589
DA:160,589
DA:161,589
DA:162,589
DA:163,589
DA:164,589
DA:165,589
DA:166,1
DA:167,589
DA:168,589
DA:169,589
DA:170,589
DA:171,589
DA:172,1
DA:173,1
DA:174,3
DA:175,3
DA:176,3
DA:177,3
DA:178,3
DA:179,1
DA:180,1
DA:181,783
DA:182,783
DA:183,783
DA:184,783
DA:185,783
DA:186,783
DA:187,1
DA:188,1
DA:189,101
DA:190,101
DA:191,101
DA:192,101
DA:193,98
DA:194,98
DA:195,1
DA:196,1
DA:197,83
DA:198,83
DA:199,83
DA:200,83
DA:201,1
DA:202,1
DA:203,797
DA:204,797
DA:205,797
DA:206,797
DA:207,1
DA:208,1
DA:209,3
DA:210,3
DA:211,3
DA:212,3
DA:213,1
DA:214,1
DA:215,1
DA:216,1
DA:217,1
DA:218,1
DA:219,1
DA:220,1
DA:221,1
DA:222,1
DA:223,1
DA:224,1
DA:225,1
DA:226,1
DA:227,1
DA:228,10
DA:229,10
DA:230,10
DA:231,10
DA:232,10
DA:233,10
DA:234,10
DA:235,3
DA:236,3
DA:237,3
DA:238,3
DA:239,3
DA:240,3
DA:241,10
DA:242,7
DA:243,7
DA:244,7
DA:245,7
DA:246,7
DA:247,7
DA:248,7
DA:249,7
DA:250,7
DA:251,0
DA:252,0
DA:253,0
DA:254,7
DA:255,7
DA:256,10
DA:257,1
DA:258,1
DA:259,530
DA:260,530
DA:261,530
DA:262,530
DA:263,530
DA:264,530
DA:265,530
DA:266,530
DA:267,464
DA:268,464
DA:269,23
DA:270,23
DA:271,441
DA:272,441
DA:273,0
DA:274,0
DA:275,1
DA:276,1
DA:277,0
DA:278,0
DA:279,0
DA:280,0
DA:281,0
DA:282,0
DA:283,0
DA:284,0
DA:285,0
DA:286,0
DA:287,1
DA:288,1
DA:289,388
DA:290,388
DA:291,388
DA:292,388
DA:293,1
DA:294,1
DA:295,1
DA:296,388
DA:297,388
DA:298,388
DA:299,388
DA:300,388
DA:301,1
DA:302,1
LF:302
LH:272
BRDA:15,0,0,2463
BRDA:17,1,0,12920
BRDA:19,2,0,0
BRDA:23,3,0,4753
BRDA:24,4,0,594
BRDA:25,5,0,20
BRDA:26,6,0,10
BRDA:27,7,0,574
BRDA:27,8,0,231
BRDA:28,9,0,46
BRDA:29,10,0,343
BRDA:29,11,0,342
BRDA:30,12,0,6
BRDA:32,13,0,532
BRDA:34,14,0,7
BRDA:37,15,0,1
BRDA:37,16,0,6
BRDA:38,17,0,6
BRDA:38,18,0,1
BRDA:41,19,0,1691
BRDA:46,20,0,2
BRDA:46,21,0,1689
BRDA:50,22,0,1042
BRDA:54,23,0,289
BRDA:55,24,0,95
BRDA:56,25,0,95
BRDA:59,26,0,368
BRDA:53,27,0,823
BRDA:55,28,0,1467
BRDA:55,29,0,1453
BRDA:63,30,0,1152
BRDA:83,31,0,1
BRDA:86,32,0,2
BRDA:87,33,0,1
BRDA:87,34,0,1
BRDA:91,35,0,2
BRDA:93,36,0,34
BRDA:96,37,0,71
BRDA:98,38,0,31
BRDA:100,39,0,4
BRDA:100,40,0,27
BRDA:103,41,0,19
BRDA:103,42,0,26
BRDA:103,43,0,12
BRDA:104,44,0,0
BRDA:108,45,0,130
BRDA:112,46,0,68
BRDA:112,47,0,62
BRDA:113,48,0,4
BRDA:114,49,0,0
BRDA:117,50,0,129
BRDA:117,51,0,126
BRDA:117,52,0,2
BRDA:118,53,0,0
BRDA:121,54,0,124
BRDA:121,55,0,18
BRDA:122,56,0,2
BRDA:122,57,0,16
BRDA:125,58,0,106
BRDA:125,59,0,2
BRDA:126,60,0,0
BRDA:129,61,0,104
BRDA:129,62,0,73
BRDA:130,63,0,0
BRDA:133,64,0,76
BRDA:133,65,0,31
BRDA:133,66,0,0
BRDA:133,67,0,31
BRDA:134,68,0,6
BRDA:135,69,0,1
BRDA:135,70,0,5
BRDA:138,71,0,25
BRDA:138,72,0,0
BRDA:138,73,0,25
BRDA:139,74,0,6
BRDA:140,75,0,1
BRDA:140,76,0,5
BRDA:143,77,0,19
BRDA:143,78,0,0
BRDA:143,79,0,73
BRDA:143,80,0,19
BRDA:144,81,0,14
BRDA:145,82,0,4
BRDA:145,83,0,10
BRDA:148,84,0,69
BRDA:148,85,0,5
BRDA:148,86,0,0
BRDA:148,87,0,5
BRDA:149,88,0,1
BRDA:149,89,0,4
BRDA:150,90,0,1
BRDA:150,91,0,3
BRDA:151,92,0,1
BRDA:151,93,0,2
BRDA:152,94,0,1
BRDA:153,95,0,0
BRDA:156,96,0,589
BRDA:160,97,0,0
BRDA:162,98,0,0
BRDA:166,99,0,589
BRDA:173,100,0,3
BRDA:176,101,0,3
BRDA:180,102,0,783
BRDA:183,103,0,428
BRDA:188,104,0,101
BRDA:192,105,0,3
BRDA:192,106,0,98
BRDA:196,107,0,83
BRDA:198,108,0,98
BRDA:202,109,0,797
BRDA:205,110,0,1360
BRDA:208,111,0,3
BRDA:210,112,0,3
BRDA:214,113,0,1
BRDA:227,114,0,10
BRDA:232,115,0,7
BRDA:234,116,0,3
BRDA:241,117,0,7
BRDA:243,118,0,4
BRDA:243,119,0,3
BRDA:244,120,0,4
BRDA:250,121,0,0
BRDA:258,122,0,530
BRDA:263,123,0,3
BRDA:263,124,0,527
BRDA:264,125,0,529
BRDA:264,126,0,57
BRDA:264,127,0,470
BRDA:265,128,0,4
BRDA:265,129,0,466
BRDA:266,130,0,2
BRDA:266,131,0,464
BRDA:268,132,0,461
BRDA:268,133,0,23
BRDA:271,134,0,441
BRDA:273,135,0,0
BRDA:288,136,0,388
BRDA:291,137,0,388
BRDA:295,138,0,388
BRF:139
BRH:124
end_of_record
TN:
SF:src\core\tools.js
FN:4,isValidLocation
FN:5,isMoodValid
FNF:2
FNH:2
FNDA:2,isValidLocation
FNDA:2,isMoodValid
DA:1,1
DA:2,1
DA:3,1
DA:4,1
DA:5,1
DA:6,1
LF:6
LH:6
BRDA:4,0,0,2
BRDA:5,1,0,2
BRDA:5,2,0,66
BRF:3
BRH:3
end_of_record
TN:
SF:src\core\objects\LPActor.js
FN:14,LPActor
FN:74,assign
FN:78,_isHelper
FN:90,get name
FN:104,<instance_members_initializer>
FN:104,animate
FN:116,animateFnt
FN:126,animatePair
FN:144,blendAppearanceFrom
FN:164,blendPreset
FN:172,changeSex
FN:185,cloneFrom
FN:199,closeEyes
FN:210,clothesContain
FN:216,countPregnancyDays
FN:226,dialogue
FN:241,dress
FN:249,dressBondage
FN:259,dressExcept
FN:269,dressGuard
FN:274,dressPrisoner
FN:285,dressUniform
FN:294,dressWedding
FN:305,endPregnancy
FN:310,enterFirstName
FN:321,generatePersonMatchRace
FN:335,generatePersonTemporaryMatchRace
FN:348,generateRelativeMatchRace
FN:371,getActorVar
FN:382,getBabyDaddy
FN:393,getBuilding
FN:418,getID
FN:428,getMorphValue
FN:446,getPregnancyTag
FN:458,getRace
FN:468,getRelatedPerson
FN:478,getRelatedPersonQuick
FN:488,hadSex
FN:496,hasSameInterestAs
FN:506,hide
FN:515,impregnate
FN:522,isAsexual
FN:532,isAt
FN:539,isBisexual
FN:551,isBisexualNonTrans
FN:564,isDating
FN:577,isDominantSex
FN:590,isEquipped
FN:603,isFemale
FN:615,isGay
FN:627,isGayNonTrans
FN:640,isInterestedIn
FN:652,isInterestedInMen
FN:664,isInterestedInTrans
FN:670,isInterestedInWomen
FN:678,isJob
FN:685,isMale
FN:692,isNaked
FN:699,isNude
FN:706,isOnPeriod
FN:713,isPlayer
FN:720,isPregnant
FN:727,isProstitute
FN:735,isRace
FN:743,isSameAs
FN:751,isSameGender
FN:759,isSameRace
FN:767,isSlotOccupied
FN:774,isStraight
FN:781,isStraightNonTrans
FN:788,isTrans
FN:795,isValid
FN:802,isVirgin
FN:810,isVisible
FN:823,loadPreset
FN:832,makeInterested
FN:838,matchLastName
FN:847,modifyActorVar
FN:854,modifySalary
FN:861,moveToPerson
FN:869,moveToPersonStand
FN:889,setActorVar
FN:896,setCurrentLocation
FN:901,setDatingId
FN:908,setExRelative
FN:915,setJob
FN:923,setMorphValue
FN:929,setNoRedress
FN:936,setWantsBabies
FN:945,sex
FN:952,show
FN:958,strip
FN:964,stripOne
FN:971,wantsBabies
FN:985,get age
FN:989,set age
FN:997,get arousal
FN:1001,set arousal
FN:1009,get attractiontoplayer
FN:1013,set attractiontoplayer
FN:1021,get attractiveness
FN:1025,set attractiveness
FN:1033,get car_value
FN:1037,set car_value
FN:1045,get children
FN:1049,set children
FN:1057,get cooking
FN:1061,set cooking
FN:1069,get dance
FN:1073,set dance
FN:1081,get energy
FN:1085,set energy
FN:1093,get fertility
FN:1097,set fertility
FN:1105,get fitness
FN:1109,set fitness
FN:1117,get incest
FN:1121,set incest
FN:1129,get intelligence
FN:1133,set intelligence
FN:1141,get interpersonal
FN:1145,set interpersonal
FN:1153,get intoxication
FN:1157,set intoxication
FN:1165,get jobexperience
FN:1169,set jobexperience
FN:1177,get jobperformance
FN:1181,set jobperformance
FN:1189,get martial
FN:1193,set martial
FN:1201,get masochist
FN:1205,set masochist
FN:1213,get money
FN:1217,set money
FN:1225,get mood
FN:1229,set mood
FN:1237,get muscle
FN:1241,set muscle
FN:1249,get music
FN:1253,set music
FN:1261,get perversion
FN:1265,set perversion
FN:1273,get pet_health
FN:1277,set pet_health
FN:1285,get pornfame
FN:1289,set pornfame
FN:1297,get rapportwithplayer
FN:1301,set rapportwithplayer
FN:1309,get sneak
FN:1313,set sneak
FN:1321,get stock_alcohol
FN:1325,set stock_alcohol
FN:1333,get stock_book
FN:1337,set stock_book
FN:1345,get stock_coffee
FN:1349,set stock_coffee
FN:1357,get stock_condom
FN:1361,set stock_condom
FN:1369,get stock_flower
FN:1373,set stock_flower
FN:1381,get stock_gift
FN:1385,set stock_gift
FN:1393,get stock_haircare
FN:1397,set stock_haircare
FN:1405,get stock_ingredient
FN:1409,set stock_ingredient
FN:1417,get stock_juice
FN:1421,set stock_juice
FN:1429,get stock_makeup
FN:1433,set stock_makeup
FN:1441,get stock_meal
FN:1445,set stock_meal
FN:1453,get stock_movie
FN:1457,set stock_movie
FN:1465,get stock_musicalinstrument
FN:1469,set stock_musicalinstrument
FN:1477,get stock_petfood
FN:1481,set stock_petfood
FN:1489,get stock_photo
FN:1493,set stock_photo
FN:1501,get stock_pill
FN:1505,set stock_pill
FN:1513,get stock_skincare
FN:1517,set stock_skincare
FN:1525,get stock_snack
FN:1529,set stock_snack
FN:1537,get stock_soda
FN:1541,set stock_soda
FN:1549,get stock_supplement
FN:1553,set stock_supplement
FN:1561,get stock_tea
FN:1565,set stock_tea
FN:1573,get stock_tobacco
FN:1577,set stock_tobacco
FN:1585,get stock_video
FN:1589,set stock_video
FNF:196
FNH:196
FNDA:1037,LPActor
FNDA:1,assign
FNDA:67,_isHelper
FNDA:53114,get name
FNDA:1037,<instance_members_initializer>
FNDA:4,animate
FNDA:1,animateFnt
FNDA:1,animatePair
FNDA:1,blendAppearanceFrom
FNDA:2,blendPreset
FNDA:1,changeSex
FNDA:1,cloneFrom
FNDA:1,closeEyes
FNDA:1,clothesContain
FNDA:1,countPregnancyDays
FNDA:3,dialogue
FNDA:1,dress
FNDA:1,dressBondage
FNDA:2,dressExcept
FNDA:1,dressGuard
FNDA:1,dressPrisoner
FNDA:1,dressUniform
FNDA:1,dressWedding
FNDA:1,endPregnancy
FNDA:1,enterFirstName
FNDA:1,generatePersonMatchRace
FNDA:1,generatePersonTemporaryMatchRace
FNDA:1,generateRelativeMatchRace
FNDA:1,getActorVar
FNDA:1,getBabyDaddy
FNDA:6,getBuilding
FNDA:1,getID
FNDA:1,getMorphValue
FNDA:1,getPregnancyTag
FNDA:1,getRace
FNDA:2,getRelatedPerson
FNDA:1,getRelatedPersonQuick
FNDA:2,hadSex
FNDA:1,hasSameInterestAs
FNDA:1,hide
FNDA:2,impregnate
FNDA:1,isAsexual
FNDA:1,isAt
FNDA:1,isBisexual
FNDA:1,isBisexualNonTrans
FNDA:7,isDating
FNDA:1,isDominantSex
FNDA:1,isEquipped
FNDA:1,isFemale
FNDA:1,isGay
FNDA:1,isGayNonTrans
FNDA:7,isInterestedIn
FNDA:1,isInterestedInMen
FNDA:1,isInterestedInTrans
FNDA:1,isInterestedInWomen
FNDA:1,isJob
FNDA:1,isMale
FNDA:1,isNaked
FNDA:1,isNude
FNDA:1,isOnPeriod
FNDA:1,isPlayer
FNDA:1,isPregnant
FNDA:1,isProstitute
FNDA:1,isRace
FNDA:1,isSameAs
FNDA:1,isSameGender
FNDA:1,isSameRace
FNDA:1,isSlotOccupied
FNDA:1,isStraight
FNDA:1,isStraightNonTrans
FNDA:1,isTrans
FNDA:1,isValid
FNDA:1,isVirgin
FNDA:1,isVisible
FNDA:2,loadPreset
FNDA:1,makeInterested
FNDA:1,matchLastName
FNDA:1,modifyActorVar
FNDA:1,modifySalary
FNDA:1,moveToPerson
FNDA:1,moveToPersonStand
FNDA:1,setActorVar
FNDA:1,setCurrentLocation
FNDA:1,setDatingId
FNDA:1,setExRelative
FNDA:1,setJob
FNDA:1,setMorphValue
FNDA:1,setNoRedress
FNDA:2,setWantsBabies
FNDA:1,sex
FNDA:1,show
FNDA:1,strip
FNDA:1,stripOne
FNDA:1,wantsBabies
FNDA:3,get age
FNDA:1,set age
FNDA:3,get arousal
FNDA:1,set arousal
FNDA:3,get attractiontoplayer
FNDA:1,set attractiontoplayer
FNDA:3,get attractiveness
FNDA:1,set attractiveness
FNDA:3,get car_value
FNDA:1,set car_value
FNDA:3,get children
FNDA:1,set children
FNDA:3,get cooking
FNDA:1,set cooking
FNDA:3,get dance
FNDA:1,set dance
FNDA:3,get energy
FNDA:1,set energy
FNDA:3,get fertility
FNDA:1,set fertility
FNDA:3,get fitness
FNDA:1,set fitness
FNDA:3,get incest
FNDA:1,set incest
FNDA:4,get intelligence
FNDA:1,set intelligence
FNDA:3,get interpersonal
FNDA:1,set interpersonal
FNDA:3,get intoxication
FNDA:1,set intoxication
FNDA:3,get jobexperience
FNDA:1,set jobexperience
FNDA:3,get jobperformance
FNDA:1,set jobperformance
FNDA:3,get martial
FNDA:1,set martial
FNDA:3,get masochist
FNDA:1,set masochist
FNDA:3,get money
FNDA:1,set money
FNDA:3,get mood
FNDA:1,set mood
FNDA:3,get muscle
FNDA:1,set muscle
FNDA:3,get music
FNDA:1,set music
FNDA:14,get perversion
FNDA:2,set perversion
FNDA:3,get pet_health
FNDA:1,set pet_health
FNDA:3,get pornfame
FNDA:1,set pornfame
FNDA:3,get rapportwithplayer
FNDA:1,set rapportwithplayer
FNDA:3,get sneak
FNDA:1,set sneak
FNDA:3,get stock_alcohol
FNDA:1,set stock_alcohol
FNDA:3,get stock_book
FNDA:1,set stock_book
FNDA:3,get stock_coffee
FNDA:1,set stock_coffee
FNDA:3,get stock_condom
FNDA:1,set stock_condom
FNDA:3,get stock_flower
FNDA:1,set stock_flower
FNDA:3,get stock_gift
FNDA:1,set stock_gift
FNDA:3,get stock_haircare
FNDA:1,set stock_haircare
FNDA:3,get stock_ingredient
FNDA:1,set stock_ingredient
FNDA:3,get stock_juice
FNDA:1,set stock_juice
FNDA:3,get stock_makeup
FNDA:1,set stock_makeup
FNDA:3,get stock_meal
FNDA:1,set stock_meal
FNDA:3,get stock_movie
FNDA:1,set stock_movie
FNDA:3,get stock_musicalinstrument
FNDA:1,set stock_musicalinstrument
FNDA:3,get stock_petfood
FNDA:1,set stock_petfood
FNDA:3,get stock_photo
FNDA:1,set stock_photo
FNDA:3,get stock_pill
FNDA:1,set stock_pill
FNDA:3,get stock_skincare
FNDA:1,set stock_skincare
FNDA:3,get stock_snack
FNDA:1,set stock_snack
FNDA:3,get stock_soda
FNDA:1,set stock_soda
FNDA:3,get stock_supplement
FNDA:1,set stock_supplement
FNDA:3,get stock_tea
FNDA:1,set stock_tea
FNDA:3,get stock_tobacco
FNDA:1,set stock_tobacco
FNDA:3,get stock_video
FNDA:1,set stock_video
DA:1,1
DA:2,1
DA:3,1
DA:4,1
DA:5,1
DA:6,1
DA:7,1
DA:8,1
DA:9,1
DA:10,1
DA:11,1
DA:12,1
DA:13,1
DA:14,1
DA:15,1037
DA:16,1037
DA:17,1037
DA:18,1037
DA:19,1037
DA:20,1037
DA:21,1037
DA:22,1037
DA:23,1037
DA:24,1037
DA:25,1037
DA:26,1037
DA:27,1037
DA:28,1037
DA:29,1037
DA:30,1037
DA:31,1037
DA:32,1037
DA:33,1037
DA:34,1037
DA:35,1037
DA:36,1037
DA:37,1037
DA:38,1037
DA:39,1037
DA:40,1037
DA:41,1037
DA:42,1037
DA:43,1037
DA:44,1037
DA:45,1037
DA:46,1037
DA:47,1037
DA:48,1037
DA:49,1037
DA:50,1037
DA:51,1037
DA:52,1037
DA:53,1037
DA:54,1037
DA:55,1037
DA:56,1037
DA:57,1037
DA:58,1037
DA:59,1037
DA:60,1037
DA:61,1037
DA:62,1037
DA:63,1037
DA:64,1037
DA:65,1037
DA:66,1037
DA:67,1037
DA:68,1037
DA:69,1037
DA:70,1037
DA:71,1037
DA:72,1037
DA:73,1
DA:74,1
DA:75,1
DA:76,1
DA:77,1
DA:78,1
DA:79,67
DA:80,67
DA:81,67
DA:82,67
DA:83,67
DA:84,67
DA:85,1
DA:86,1
DA:87,1
DA:88,1
DA:89,1
DA:90,1
DA:91,53114
DA:92,53114
DA:93,1
DA:94,1
DA:95,1
DA:96,1
DA:97,1
DA:98,1
DA:99,1
DA:100,1
DA:101,1
DA:102,1
DA:103,1
DA:104,1
DA:105,4
DA:106,4
DA:107,4
DA:108,1037
DA:109,1037
DA:110,1037
DA:111,1037
DA:112,1037
DA:113,1037
DA:114,1037
DA:115,1037
DA:116,1037
DA:117,1
DA:118,1
DA:119,1037
DA:120,1037
DA:121,1037
DA:122,1037
DA:123,1037
DA:124,1037
DA:125,1037
DA:126,1037
DA:127,1
DA:128,1
DA:129,1037
DA:130,1037
DA:131,1037
DA:132,1037
DA:133,1037
DA:134,1037
DA:135,1037
DA:136,1037
DA:137,1037
DA:138,1037
DA:139,1037
DA:140,1037
DA:141,1037
DA:142,1037
DA:143,1037
DA:144,1037
DA:145,1
DA:146,1
DA:147,1
DA:148,1037
DA:149,1037
DA:150,1037
DA:151,1037
DA:152,1037
DA:153,1037
DA:154,1037
DA:155,1037
DA:156,1037
DA:157,1037
DA:158,1037
DA:159,1037
DA:160,1037
DA:161,1037
DA:162,1037
DA:163,1037
DA:164,1037
DA:165,2
DA:166,2
DA:167,2
DA:168,1037
DA:169,1037
DA:170,1037
DA:171,1037
DA:172,1037
DA:173,1037
DA:174,1037
DA:175,1037
DA:176,1037
DA:177,1037
DA:178,1037
DA:179,1037
DA:180,1037
DA:181,1037
DA:182,1037
DA:183,1037
DA:184,1037
DA:185,1037
DA:186,1
DA:187,1
DA:188,1037
DA:189,1037
DA:190,1037
DA:191,1037
DA:192,1037
DA:193,1037
DA:194,1037
DA:195,1037
DA:196,1037
DA:197,1037
DA:198,1037
DA:199,1037
DA:200,1037
DA:201,1037
DA:202,1037
DA:203,1037
DA:204,1037
DA:205,1037
DA:206,1037
DA:207,1037
DA:208,1037
DA:209,1037
DA:210,1037
DA:211,1037
DA:212,1037
DA:213,1037
DA:214,1037
DA:215,1037
DA:216,1037
DA:217,1
DA:218,1
DA:219,1
DA:220,1037
DA:221,1037
DA:222,1037
DA:223,1037
DA:224,1037
DA:225,1037
DA:226,1037
DA:227,3
DA:228,3
DA:229,3
DA:230,3
DA:231,1037
DA:232,1037
DA:233,1037
DA:234,1037
DA:235,1037
DA:236,1037
DA:237,1037
DA:238,1037
DA:239,1037
DA:240,1037
DA:241,1037
DA:242,1037
DA:243,1037
DA:244,1037
DA:245,1037
DA:246,1037
DA:247,1037
DA:248,1037
DA:249,1037
DA:250,1037
DA:251,1037
DA:252,1037
DA:253,1037
DA:254,1037
DA:255,1037
DA:256,1037
DA:257,1037
DA:258,1037
DA:259,1037
DA:260,2
DA:261,7
DA:262,7
DA:263,2
DA:264,2
DA:265,1037
DA:266,1037
DA:267,1037
DA:268,1037
DA:269,1037
DA:270,1037
DA:271,1037
DA:272,1037
DA:273,1037
DA:274,1037
DA:275,1037
DA:276,1037
DA:277,1037
DA:278,1037
DA:279,1037
DA:280,1037
DA:281,1037
DA:282,1037
DA:283,1037
DA:284,1037
DA:285,1037
DA:286,1037
DA:287,1037
DA:288,1037
DA:289,1037
DA:290,1037
DA:291,1037
DA:292,1037
DA:293,1037
DA:294,1037
DA:295,1037
DA:296,1037
DA:297,1037
DA:298,1037
DA:299,1037
DA:300,1037
DA:301,1037
DA:302,1037
DA:303,1037
DA:304,1037
DA:305,1037
DA:306,1037
DA:307,1037
DA:308,1037
DA:309,1037
DA:310,1037
DA:311,1037
DA:312,1037
DA:313,1037
DA:314,1037
DA:315,1037
DA:316,1037
DA:317,1037
DA:318,1037
DA:319,1037
DA:320,1037
DA:321,1037
DA:322,1
DA:323,1
DA:324,1
DA:325,1037
DA:326,1037
DA:327,1037
DA:328,1037
DA:329,1037
DA:330,1037
DA:331,1037
DA:332,1037
DA:333,1037
DA:334,1037
DA:335,1037
DA:336,1
DA:337,1
DA:338,1
DA:339,1037
DA:340,1037
DA:341,1037
DA:342,1037
DA:343,1037
DA:344,1037
DA:345,1037
DA:346,1037
DA:347,1037
DA:348,1037
DA:349,1
DA:350,1
DA:351,1
DA:352,1037
DA:353,1037
DA:354,1037
DA:355,1037
DA:356,1037
DA:357,1037
DA:358,1037
DA:359,1037
DA:360,1037
DA:361,1037
DA:362,1037
DA:363,1037
DA:364,1037
DA:365,1037
DA:366,1037
DA:367,1037
DA:368,1037
DA:369,1037
DA:370,1037
DA:371,1037
DA:372,1
DA:373,1
DA:374,1
DA:375,1037
DA:376,1037
DA:377,1037
DA:378,1037
DA:379,1037
DA:380,1037
DA:381,1037
DA:382,1037
DA:383,1
DA:384,1
DA:385,1
DA:386,1037
DA:387,1037
DA:388,1037
DA:389,1037
DA:390,1037
DA:391,1037
DA:392,1037
DA:393,1037
DA:394,6
DA:395,6
DA:396,6
DA:397,6
DA:398,6
DA:399,1037
DA:400,1037
DA:401,1037
DA:402,1037
DA:403,1037
DA:404,1037
DA:405,1037
DA:406,1037
DA:407,1037
DA:408,1037
DA:409,1037
DA:410,1037
DA:411,1037
DA:412,1037
DA:413,1037
DA:414,1037
DA:415,1037
DA:416,1037
DA:417,1037
DA:418,1037
DA:419,1
DA:420,1
DA:421,1
DA:422,1037
DA:423,1037
DA:424,1037
DA:425,1037
DA:426,1037
DA:427,1037
DA:428,1037
DA:429,1
DA:430,1
DA:431,1
DA:432,1037
DA:433,1037
DA:434,1037
DA:435,1037
DA:436,1037
DA:437,1037
DA:438,1037
DA:439,1037
DA:440,1037
DA:441,1037
DA:442,1037
DA:443,1037
DA:444,1037
DA:445,1037
DA:446,1037
DA:447,1
DA:448,1
DA:449,1
DA:450,1037
DA:451,1037
DA:452,1037
DA:453,1037
DA:454,1037
DA:455,1037
DA:456,1037
DA:457,1037
DA:458,1037
DA:459,1
DA:460,1
DA:461,1
DA:462,1037
DA:463,1037
DA:464,1037
DA:465,1037
DA:466,1037
DA:467,1037
DA:468,1037
DA:469,2
DA:470,2
DA:471,2
DA:472,1037
DA:473,1037
DA:474,1037
DA:475,1037
DA:476,1037
DA:477,1037
DA:478,1037
DA:479,1
DA:480,1
DA:481,1
DA:482,1037
DA:483,1037
DA:484,1037
DA:485,1037
DA:486,1037
DA:487,1037
DA:488,1037
DA:489,1037
DA:490,1037
DA:491,1037
DA:492,1037
DA:493,1037
DA:494,1037
DA:495,1037
DA:496,1037
DA:497,1
DA:498,1
DA:499,1
DA:500,1
DA:501,1037
DA:502,1037
DA:503,1037
DA:504,1037
DA:505,1037
DA:506,1037
DA:507,1037
DA:508,1037
DA:509,1037
DA:510,1037
DA:511,1037
DA:512,1037
DA:513,1037
DA:514,1037
DA:515,1037
DA:516,1037
DA:517,1037
DA:518,1037
DA:519,1037
DA:520,1037
DA:521,1037
DA:522,1037
DA:523,1037
DA:524,1037
DA:525,1037
DA:526,1037
DA:527,1037
DA:528,1037
DA:529,1037
DA:530,1037
DA:531,1037
DA:532,1037
DA:533,1037
DA:534,1037
DA:535,1037
DA:536,1037
DA:537,1037
DA:538,1037
DA:539,1037
DA:540,1037
DA:541,1037
DA:542,1037
DA:543,1037
DA:544,1037
DA:545,1037
DA:546,1037
DA:547,1037
DA:548,1037
DA:549,1037
DA:550,1037
DA:551,1037
DA:552,1037
DA:553,1037
DA:554,1037
DA:555,1037
DA:556,1037
DA:557,1037
DA:558,1037
DA:559,1037
DA:560,1037
DA:561,1037
DA:562,1037
DA:563,1037
DA:564,1037
DA:565,1037
DA:566,1037
DA:567,1037
DA:568,1037
DA:569,1037
DA:570,1037
DA:571,1037
DA:572,1037
DA:573,1037
DA:574,1037
DA:575,1037
DA:576,1037
DA:577,1037
DA:578,1037
DA:579,1037
DA:580,1037
DA:581,1037
DA:582,1037
DA:583,1037
DA:584,1037
DA:585,1037
DA:586,1037
DA:587,1037
DA:588,1037
DA:589,1037
DA:590,1037
DA:591,1037
DA:592,1037
DA:593,1037
DA:594,1037
DA:595,1037
DA:596,1037
DA:597,1037
DA:598,1037
DA:599,1037
DA:600,1037
DA:601,1037
DA:602,1037
DA:603,1037
DA:604,1037
DA:605,1037
DA:606,1037
DA:607,1037
DA:608,1037
DA:609,1037
DA:610,1037
DA:611,1037
DA:612,1037
DA:613,1037
DA:614,1037
DA:615,1037
DA:616,1037
DA:617,1037
DA:618,1037
DA:619,1037
DA:620,1037
DA:621,1037
DA:622,1037
DA:623,1037
DA:624,1037
DA:625,1037
DA:626,1037
DA:627,1037
DA:628,1037
DA:629,1037
DA:630,1037
DA:631,1037
DA:632,1037
DA:633,1037
DA:634,1037
DA:635,1037
DA:636,1037
DA:637,1037
DA:638,1037
DA:639,1037
DA:640,1037
DA:641,1037
DA:642,1037
DA:643,1037
DA:644,1037
DA:645,1037
DA:646,1037
DA:647,1037
DA:648,1037
DA:649,1037
DA:650,1037
DA:651,1037
DA:652,1037
DA:653,1037
DA:654,1037
DA:655,1037
DA:656,1037
DA:657,1037
DA:658,1037
DA:659,1037
DA:660,1037
DA:661,1037
DA:662,1037
DA:663,1037
DA:664,1037
DA:665,1037
DA:666,1037
DA:667,1037
DA:668,1037
DA:669,1037
DA:670,1037
DA:671,1037
DA:672,1037
DA:673,1037
DA:674,1037
DA:675,1037
DA:676,1037
DA:677,1037
DA:678,1037
DA:679,1037
DA:680,1037
DA:681,1037
DA:682,1037
DA:683,1037
DA:684,1037
DA:685,1037
DA:686,1037
DA:687,1037
DA:688,1037
DA:689,1037
DA:690,1037
DA:691,1037
DA:692,1037
DA:693,1037
DA:694,1037
DA:695,1037
DA:696,1037
DA:697,1037
DA:698,1037
DA:699,1037
DA:700,1037
DA:701,1037
DA:702,1037
DA:703,1037
DA:704,1037
DA:705,1037
DA:706,1037
DA:707,1037
DA:708,1037
DA:709,1037
DA:710,1037
DA:711,1037
DA:712,1037
DA:713,1037
DA:714,1037
DA:715,1037
DA:716,1037
DA:717,1037
DA:718,1037
DA:719,1037
DA:720,1037
DA:721,1037
DA:722,1037
DA:723,1037
DA:724,1037
DA:725,1037
DA:726,1037
DA:727,1037
DA:728,1037
DA:729,1037
DA:730,1037
DA:731,1037
DA:732,1037
DA:733,1037
DA:734,1037
DA:735,1037
DA:736,1037
DA:737,1037
DA:738,1037
DA:739,1037
DA:740,1037
DA:741,1037
DA:742,1037
DA:743,1037
DA:744,1037
DA:745,1037
DA:746,1037
DA:747,1037
DA:748,1037
DA:749,1037
DA:750,1037
DA:751,1037
DA:752,1037
DA:753,1037
DA:754,1037
DA:755,1037
DA:756,1037
DA:757,1037
DA:758,1037
DA:759,1037
DA:760,1037
DA:761,1037
DA:762,1037
DA:763,1037
DA:764,1037
DA:765,1037
DA:766,1037
DA:767,1037
DA:768,1037
DA:769,1037
DA:770,1037
DA:771,1037
DA:772,1037
DA:773,1037
DA:774,1037
DA:775,1037
DA:776,1037
DA:777,1037
DA:778,1037
DA:779,1037
DA:780,1037
DA:781,1037
DA:782,1037
DA:783,1037
DA:784,1037
DA:785,1037
DA:786,1037
DA:787,1037
DA:788,1037
DA:789,1037
DA:790,1037
DA:791,1037
DA:792,1037
DA:793,1037
DA:794,1037
DA:795,1037
DA:796,1037
DA:797,1037
DA:798,1037
DA:799,1037
DA:800,1037
DA:801,1037
DA:802,1037
DA:803,1037
DA:804,1037
DA:805,1037
DA:806,1037
DA:807,1037
DA:808,1037
DA:809,1037
DA:810,1037
DA:811,1037
DA:812,1037
DA:813,1037
DA:814,1037
DA:815,1037
DA:816,1037
DA:817,1037
DA:818,1037
DA:819,1037
DA:820,1037
DA:821,1037
DA:822,1037
DA:823,1037
DA:824,2
DA:825,2
DA:826,2
DA:827,1037
DA:828,1037
DA:829,1037
DA:830,1037
DA:831,1037
DA:832,1037
DA:833,1037
DA:834,1037
DA:835,1037
DA:836,1037
DA:837,1037
DA:838,1037
DA:839,1037
DA:840,1037
DA:841,1037
DA:842,1037
DA:843,1037
DA:844,1037
DA:845,1037
DA:846,1037
DA:847,1037
DA:848,1037
DA:849,1037
DA:850,1037
DA:851,1037
DA:852,1037
DA:853,1037
DA:854,1037
DA:855,1037
DA:856,1037
DA:857,1037
DA:858,1037
DA:859,1037
DA:860,1037
DA:861,1037
DA:862,1037
DA:863,1037
DA:864,1037
DA:865,1037
DA:866,1037
DA:867,1037
DA:868,1037
DA:869,1037
DA:870,1037
DA:871,1037
DA:872,1037
DA:873,1037
DA:874,1037
DA:875,1037
DA:876,1037
DA:877,1037
DA:878,1037
DA:879,1037
DA:880,1037
DA:881,1037
DA:882,1037
DA:883,1037
DA:884,1037
DA:885,1037
DA:886,1037
DA:887,1037
DA:888,1037
DA:889,1037
DA:890,1037
DA:891,1037
DA:892,1037
DA:893,1037
DA:894,1037
DA:895,1037
DA:896,1037
DA:897,1037
DA:898,1037
DA:899,1037
DA:900,1037
DA:901,1037
DA:902,1037
DA:903,1037
DA:904,1037
DA:905,1037
DA:906,1037
DA:907,1037
DA:908,1037
DA:909,1037
DA:910,1037
DA:911,1037
DA:912,1037
DA:913,1037
DA:914,1037
DA:915,1037
DA:916,1037
DA:917,1037
DA:918,1037
DA:919,1037
DA:920,1037
DA:921,1037
DA:922,1037
DA:923,1037
DA:924,1037
DA:925,1037
DA:926,1037
DA:927,1037
DA:928,1037
DA:929,1037
DA:930,1037
DA:931,1037
DA:932,1037
DA:933,1037
DA:934,1037
DA:935,1037
DA:936,1037
DA:937,1037
DA:938,1037
DA:939,1037
DA:940,1037
DA:941,1037
DA:942,1037
DA:943,1037
DA:944,1037
DA:945,1037
DA:946,1037
DA:947,1037
DA:948,1037
DA:949,1037
DA:950,1037
DA:951,1037
DA:952,1037
DA:953,1037
DA:954,1037
DA:955,1037
DA:956,1037
DA:957,1037
DA:958,1037
DA:959,1037
DA:960,1037
DA:961,1037
DA:962,1037
DA:963,1037
DA:964,1037
DA:965,1037
DA:966,1037
DA:967,1037
DA:968,1037
DA:969,1037
DA:970,1037
DA:971,1
DA:972,1
DA:973,1
DA:974,1
DA:975,1
DA:976,1
DA:977,1
DA:978,1
DA:979,1
DA:980,1
DA:981,1
DA:982,1
DA:983,1
DA:984,1
DA:985,1
DA:986,3
DA:987,3
DA:988,1
DA:989,1
DA:990,1
DA:991,1
DA:992,1
DA:993,1
DA:994,1
DA:995,1
DA:996,1
DA:997,1
DA:998,3
DA:999,3
DA:1000,1
DA:1001,1
DA:1002,1
DA:1003,1
DA:1004,1
DA:1005,1
DA:1006,1
DA:1007,1
DA:1008,1
DA:1009,1
DA:1010,3
DA:1011,3
DA:1012,1
DA:1013,1
DA:1014,1
DA:1015,1
DA:1016,1
DA:1017,1
DA:1018,1
DA:1019,1
DA:1020,1
DA:1021,1
DA:1022,3
DA:1023,3
DA:1024,1
DA:1025,1
DA:1026,1
DA:1027,1
DA:1028,1
DA:1029,1
DA:1030,1
DA:1031,1
DA:1032,1
DA:1033,1
DA:1034,3
DA:1035,3
DA:1036,1
DA:1037,1
DA:1038,1
DA:1039,1
DA:1040,1
DA:1041,1
DA:1042,1
DA:1043,1
DA:1044,1
DA:1045,1
DA:1046,3
DA:1047,3
DA:1048,1
DA:1049,1
DA:1050,1
DA:1051,1
DA:1052,1
DA:1053,1
DA:1054,1
DA:1055,1
DA:1056,1
DA:1057,1
DA:1058,3
DA:1059,3
DA:1060,1
DA:1061,1
DA:1062,1
DA:1063,1
DA:1064,1
DA:1065,1
DA:1066,1
DA:1067,1
DA:1068,1
DA:1069,1
DA:1070,3
DA:1071,3
DA:1072,1
DA:1073,1
DA:1074,1
DA:1075,1
DA:1076,1
DA:1077,1
DA:1078,1
DA:1079,1
DA:1080,1
DA:1081,1
DA:1082,3
DA:1083,3
DA:1084,1
DA:1085,1
DA:1086,1
DA:1087,1
DA:1088,1
DA:1089,1
DA:1090,1
DA:1091,1
DA:1092,1
DA:1093,1
DA:1094,3
DA:1095,3
DA:1096,1
DA:1097,1
DA:1098,1
DA:1099,1
DA:1100,1
DA:1101,1
DA:1102,1
DA:1103,1
DA:1104,1
DA:1105,1
DA:1106,3
DA:1107,3
DA:1108,1
DA:1109,1
DA:1110,1
DA:1111,1
DA:1112,1
DA:1113,1
DA:1114,1
DA:1115,1
DA:1116,1
DA:1117,1
DA:1118,3
DA:1119,3
DA:1120,1
DA:1121,1
DA:1122,1
DA:1123,1
DA:1124,1
DA:1125,1
DA:1126,1
DA:1127,1
DA:1128,1
DA:1129,1
DA:1130,4
DA:1131,4
DA:1132,1
DA:1133,1
DA:1134,1
DA:1135,1
DA:1136,1
DA:1137,1
DA:1138,1
DA:1139,1
DA:1140,1
DA:1141,1
DA:1142,3
DA:1143,3
DA:1144,1
DA:1145,1
DA:1146,1
DA:1147,1
DA:1148,1
DA:1149,1
DA:1150,1
DA:1151,1
DA:1152,1
DA:1153,1
DA:1154,3
DA:1155,3
DA:1156,1
DA:1157,1
DA:1158,1
DA:1159,1
DA:1160,1
DA:1161,1
DA:1162,1
DA:1163,1
DA:1164,1
DA:1165,1
DA:1166,3
DA:1167,3
DA:1168,1
DA:1169,1
DA:1170,1
DA:1171,1
DA:1172,1
DA:1173,1
DA:1174,1
DA:1175,1
DA:1176,1
DA:1177,1
DA:1178,3
DA:1179,3
DA:1180,1
DA:1181,1
DA:1182,1
DA:1183,1
DA:1184,1
DA:1185,1
DA:1186,1
DA:1187,1
DA:1188,1
DA:1189,1
DA:1190,3
DA:1191,3
DA:1192,1
DA:1193,1
DA:1194,1
DA:1195,1
DA:1196,1
DA:1197,1
DA:1198,1
DA:1199,1
DA:1200,1
DA:1201,1
DA:1202,3
DA:1203,3
DA:1204,1
DA:1205,1
DA:1206,1
DA:1207,1
DA:1208,1
DA:1209,1
DA:1210,1
DA:1211,1
DA:1212,1
DA:1213,1
DA:1214,3
DA:1215,3
DA:1216,1
DA:1217,1
DA:1218,1
DA:1219,1
DA:1220,1
DA:1221,1
DA:1222,1
DA:1223,1
DA:1224,1
DA:1225,1
DA:1226,3
DA:1227,3
DA:1228,1
DA:1229,1
DA:1230,1
DA:1231,1
DA:1232,1
DA:1233,1
DA:1234,1
DA:1235,1
DA:1236,1
DA:1237,1
DA:1238,3
DA:1239,3
DA:1240,1
DA:1241,1
DA:1242,1
DA:1243,1
DA:1244,1
DA:1245,1
DA:1246,1
DA:1247,1
DA:1248,1
DA:1249,1
DA:1250,3
DA:1251,3
DA:1252,1
DA:1253,1
DA:1254,1
DA:1255,1
DA:1256,1
DA:1257,1
DA:1258,1
DA:1259,1
DA:1260,1
DA:1261,1
DA:1262,14
DA:1263,14
DA:1264,1
DA:1265,1
DA:1266,2
DA:1267,2
DA:1268,1
DA:1269,1
DA:1270,1
DA:1271,1
DA:1272,1
DA:1273,1
DA:1274,3
DA:1275,3
DA:1276,1
DA:1277,1
DA:1278,1
DA:1279,1
DA:1280,1
DA:1281,1
DA:1282,1
DA:1283,1
DA:1284,1
DA:1285,1
DA:1286,3
DA:1287,3
DA:1288,1
DA:1289,1
DA:1290,1
DA:1291,1
DA:1292,1
DA:1293,1
DA:1294,1
DA:1295,1
DA:1296,1
DA:1297,1
DA:1298,3
DA:1299,3
DA:1300,1
DA:1301,1
DA:1302,1
DA:1303,1
DA:1304,1
DA:1305,1
DA:1306,1
DA:1307,1
DA:1308,1
DA:1309,1
DA:1310,3
DA:1311,3
DA:1312,1
DA:1313,1
DA:1314,1
DA:1315,1
DA:1316,1
DA:1317,1
DA:1318,1
DA:1319,1
DA:1320,1
DA:1321,1
DA:1322,3
DA:1323,3
DA:1324,1
DA:1325,1
DA:1326,1
DA:1327,1
DA:1328,1
DA:1329,1
DA:1330,1
DA:1331,1
DA:1332,1
DA:1333,1
DA:1334,3
DA:1335,3
DA:1336,1
DA:1337,1
DA:1338,1
DA:1339,1
DA:1340,1
DA:1341,1
DA:1342,1
DA:1343,1
DA:1344,1
DA:1345,1
DA:1346,3
DA:1347,3
DA:1348,1
DA:1349,1
DA:1350,1
DA:1351,1
DA:1352,1
DA:1353,1
DA:1354,1
DA:1355,1
DA:1356,1
DA:1357,1
DA:1358,3
DA:1359,3
DA:1360,1
DA:1361,1
DA:1362,1
DA:1363,1
DA:1364,1
DA:1365,1
DA:1366,1
DA:1367,1
DA:1368,1
DA:1369,1
DA:1370,3
DA:1371,3
DA:1372,1
DA:1373,1
DA:1374,1
DA:1375,1
DA:1376,1
DA:1377,1
DA:1378,1
DA:1379,1
DA:1380,1
DA:1381,1
DA:1382,3
DA:1383,3
DA:1384,1
DA:1385,1
DA:1386,1
DA:1387,1
DA:1388,1
DA:1389,1
DA:1390,1
DA:1391,1
DA:1392,1
DA:1393,1
DA:1394,3
DA:1395,3
DA:1396,1
DA:1397,1
DA:1398,1
DA:1399,1
DA:1400,1
DA:1401,1
DA:1402,1
DA:1403,1
DA:1404,1
DA:1405,1
DA:1406,3
DA:1407,3
DA:1408,1
DA:1409,1
DA:1410,1
DA:1411,1
DA:1412,1
DA:1413,1
DA:1414,1
DA:1415,1
DA:1416,1
DA:1417,1
DA:1418,3
DA:1419,3
DA:1420,1
DA:1421,1
DA:1422,1
DA:1423,1
DA:1424,1
DA:1425,1
DA:1426,1
DA:1427,1
DA:1428,1
DA:1429,1
DA:1430,3
DA:1431,3
DA:1432,1
DA:1433,1
DA:1434,1
DA:1435,1
DA:1436,1
DA:1437,1
DA:1438,1
DA:1439,1
DA:1440,1
DA:1441,1
DA:1442,3
DA:1443,3
DA:1444,1
DA:1445,1
DA:1446,1
DA:1447,1
DA:1448,1
DA:1449,1
DA:1450,1
DA:1451,1
DA:1452,1
DA:1453,1
DA:1454,3
DA:1455,3
DA:1456,1
DA:1457,1
DA:1458,1
DA:1459,1
DA:1460,1
DA:1461,1
DA:1462,1
DA:1463,1
DA:1464,1
DA:1465,1
DA:1466,3
DA:1467,3
DA:1468,1
DA:1469,1
DA:1470,1
DA:1471,1
DA:1472,1
DA:1473,1
DA:1474,1
DA:1475,1
DA:1476,1
DA:1477,1
DA:1478,3
DA:1479,3
DA:1480,1
DA:1481,1
DA:1482,1
DA:1483,1
DA:1484,1
DA:1485,1
DA:1486,1
DA:1487,1
DA:1488,1
DA:1489,1
DA:1490,3
DA:1491,3
DA:1492,1
DA:1493,1
DA:1494,1
DA:1495,1
DA:1496,1
DA:1497,1
DA:1498,1
DA:1499,1
DA:1500,1
DA:1501,1
DA:1502,3
DA:1503,3
DA:1504,1
DA:1505,1
DA:1506,1
DA:1507,1
DA:1508,1
DA:1509,1
DA:1510,1
DA:1511,1
DA:1512,1
DA:1513,1
DA:1514,3
DA:1515,3
DA:1516,1
DA:1517,1
DA:1518,1
DA:1519,1
DA:1520,1
DA:1521,1
DA:1522,1
DA:1523,1
DA:1524,1
DA:1525,1
DA:1526,3
DA:1527,3
DA:1528,1
DA:1529,1
DA:1530,1
DA:1531,1
DA:1532,1
DA:1533,1
DA:1534,1
DA:1535,1
DA:1536,1
DA:1537,1
DA:1538,3
DA:1539,3
DA:1540,1
DA:1541,1
DA:1542,1
DA:1543,1
DA:1544,1
DA:1545,1
DA:1546,1
DA:1547,1
DA:1548,1
DA:1549,1
DA:1550,3
DA:1551,3
DA:1552,1
DA:1553,1
DA:1554,1
DA:1555,1
DA:1556,1
DA:1557,1
DA:1558,1
DA:1559,1
DA:1560,1
DA:1561,1
DA:1562,3
DA:1563,3
DA:1564,1
DA:1565,1
DA:1566,1
DA:1567,1
DA:1568,1
DA:1569,1
DA:1570,1
DA:1571,1
DA:1572,1
DA:1573,1
DA:1574,3
DA:1575,3
DA:1576,1
DA:1577,1
DA:1578,1
DA:1579,1
DA:1580,1
DA:1581,1
DA:1582,1
DA:1583,1
DA:1584,1
DA:1585,1
DA:1586,3
DA:1587,3
DA:1588,1
DA:1589,1
DA:1590,1
DA:1591,1
DA:1592,1
DA:1593,1
DA:1594,1
LF:1594
LH:1594
BRDA:14,0,0,1037
BRDA:74,1,0,1
BRDA:78,2,0,67
BRDA:79,3,0,54
BRDA:82,4,0,54
BRDA:80,5,0,22
BRDA:80,6,0,11
BRDA:90,7,0,53114
BRDA:104,8,0,1037
BRDA:104,9,0,4
BRDA:105,10,0,3
BRDA:105,11,0,1
BRDA:105,12,0,3
BRDA:106,13,0,1
BRDA:116,14,0,1
BRDA:126,15,0,1
BRDA:144,16,0,1
BRDA:164,17,0,2
BRDA:172,18,0,1
BRDA:185,19,0,1
BRDA:199,20,0,1
BRDA:210,21,0,1
BRDA:216,22,0,1
BRDA:226,23,0,3
BRDA:227,24,0,2
BRDA:227,25,0,1
BRDA:227,26,0,2
BRDA:228,27,0,1
BRDA:241,28,0,1
BRDA:249,29,0,1
BRDA:259,30,0,2
BRDA:260,31,0,7
BRDA:261,32,0,1
BRDA:269,33,0,1
BRDA:274,34,0,1
BRDA:285,35,0,1
BRDA:294,36,0,1
BRDA:305,37,0,1
BRDA:310,38,0,1
BRDA:321,39,0,1
BRDA:335,40,0,1
BRDA:348,41,0,1
BRDA:371,42,0,1
BRDA:382,43,0,1
BRDA:393,44,0,6
BRDA:418,45,0,1
BRDA:428,46,0,1
BRDA:446,47,0,1
BRDA:458,48,0,1
BRDA:468,49,0,2
BRDA:478,50,0,1
BRDA:488,51,0,2
BRDA:496,52,0,1
BRDA:506,53,0,1
BRDA:515,54,0,2
BRDA:515,55,0,1
BRDA:515,56,0,1
BRDA:522,57,0,1
BRDA:532,58,0,1
BRDA:539,59,0,1
BRDA:551,60,0,1
BRDA:564,61,0,7
BRDA:577,62,0,1
BRDA:590,63,0,1
BRDA:603,64,0,1
BRDA:615,65,0,1
BRDA:627,66,0,1
BRDA:640,67,0,7
BRDA:652,68,0,1
BRDA:664,69,0,1
BRDA:670,70,0,1
BRDA:678,71,0,1
BRDA:685,72,0,1
BRDA:692,73,0,1
BRDA:699,74,0,1
BRDA:706,75,0,1
BRDA:713,76,0,1
BRDA:720,77,0,1
BRDA:727,78,0,1
BRDA:735,79,0,1
BRDA:743,80,0,1
BRDA:751,81,0,1
BRDA:759,82,0,1
BRDA:767,83,0,1
BRDA:774,84,0,1
BRDA:781,85,0,1
BRDA:788,86,0,1
BRDA:795,87,0,1
BRDA:802,88,0,1
BRDA:810,89,0,1
BRDA:823,90,0,2
BRDA:832,91,0,1
BRDA:838,92,0,1
BRDA:847,93,0,1
BRDA:854,94,0,1
BRDA:861,95,0,1
BRDA:869,96,0,1
BRDA:889,97,0,1
BRDA:896,98,0,1
BRDA:901,99,0,1
BRDA:908,100,0,1
BRDA:915,101,0,1
BRDA:923,102,0,1
BRDA:929,103,0,1
BRDA:936,104,0,2
BRDA:945,105,0,1
BRDA:945,106,0,1
BRDA:952,107,0,1
BRDA:958,108,0,1
BRDA:964,109,0,1
BRDA:971,110,0,1
BRDA:985,111,0,3
BRDA:989,112,0,1
BRDA:997,113,0,3
BRDA:1001,114,0,1
BRDA:1009,115,0,3
BRDA:1013,116,0,1
BRDA:1021,117,0,3
BRDA:1025,118,0,1
BRDA:1033,119,0,3
BRDA:1037,120,0,1
BRDA:1045,121,0,3
BRDA:1049,122,0,1
BRDA:1057,123,0,3
BRDA:1061,124,0,1
BRDA:1069,125,0,3
BRDA:1073,126,0,1
BRDA:1081,127,0,3
BRDA:1085,128,0,1
BRDA:1093,129,0,3
BRDA:1097,130,0,1
BRDA:1105,131,0,3
BRDA:1109,132,0,1
BRDA:1117,133,0,3
BRDA:1121,134,0,1
BRDA:1129,135,0,4
BRDA:1133,136,0,1
BRDA:1141,137,0,3
BRDA:1145,138,0,1
BRDA:1153,139,0,3
BRDA:1157,140,0,1
BRDA:1165,141,0,3
BRDA:1169,142,0,1
BRDA:1177,143,0,3
BRDA:1181,144,0,1
BRDA:1189,145,0,3
BRDA:1193,146,0,1
BRDA:1201,147,0,3
BRDA:1205,148,0,1
BRDA:1213,149,0,3
BRDA:1217,150,0,1
BRDA:1225,151,0,3
BRDA:1229,152,0,1
BRDA:1237,153,0,3
BRDA:1241,154,0,1
BRDA:1249,155,0,3
BRDA:1253,156,0,1
BRDA:1261,157,0,14
BRDA:1265,158,0,2
BRDA:1273,159,0,3
BRDA:1277,160,0,1
BRDA:1285,161,0,3
BRDA:1289,162,0,1
BRDA:1297,163,0,3
BRDA:1301,164,0,1
BRDA:1309,165,0,3
BRDA:1313,166,0,1
BRDA:1321,167,0,3
BRDA:1325,168,0,1
BRDA:1333,169,0,3
BRDA:1337,170,0,1
BRDA:1345,171,0,3
BRDA:1349,172,0,1
BRDA:1357,173,0,3
BRDA:1361,174,0,1
BRDA:1369,175,0,3
BRDA:1373,176,0,1
BRDA:1381,177,0,3
BRDA:1385,178,0,1
BRDA:1393,179,0,3
BRDA:1397,180,0,1
BRDA:1405,181,0,3
BRDA:1409,182,0,1
BRDA:1417,183,0,3
BRDA:1421,184,0,1
BRDA:1429,185,0,3
BRDA:1433,186,0,1
BRDA:1441,187,0,3
BRDA:1445,188,0,1
BRDA:1453,189,0,3
BRDA:1457,190,0,1
BRDA:1465,191,0,3
BRDA:1469,192,0,1
BRDA:1477,193,0,3
BRDA:1481,194,0,1
BRDA:1489,195,0,3
BRDA:1493,196,0,1
BRDA:1501,197,0,3
BRDA:1505,198,0,1
BRDA:1513,199,0,3
BRDA:1517,200,0,1
BRDA:1525,201,0,3
BRDA:1529,202,0,1
BRDA:1537,203,0,3
BRDA:1541,204,0,1
BRDA:1549,205,0,3
BRDA:1553,206,0,1
BRDA:1561,207,0,3
BRDA:1565,208,0,1
BRDA:1573,209,0,3
BRDA:1577,210,0,1
BRDA:1585,211,0,3
BRDA:1589,212,0,1
BRF:213
BRH:213
end_of_record
TN:
SF:src\core\objects\LPBoolean.js
FN:8,assign
FN:18,and
FN:33,or
FN:47,not
FNF:4
FNH:4
FNDA:13,assign
FNDA:24,and
FNDA:12,or
FNDA:10,not
DA:1,1
DA:2,1
DA:3,1
DA:4,1
DA:5,1
DA:6,1
DA:7,1
DA:8,1
DA:9,13
DA:10,13
DA:11,13
DA:12,1
DA:13,1
DA:14,1
DA:15,1
DA:16,1
DA:17,1
DA:18,1
DA:19,24
DA:20,24
DA:21,24
DA:22,2
DA:23,2
DA:24,2
DA:25,22
DA:26,22
DA:27,1
DA:28,1
DA:29,1
DA:30,1
DA:31,1
DA:32,1
DA:33,1
DA:34,12
DA:35,12
DA:36,12
DA:37,2
DA:38,2
DA:39,2
DA:40,10
DA:41,10
DA:42,1
DA:43,1
DA:44,1
DA:45,1
DA:46,1
DA:47,1
DA:48,10
DA:49,10
DA:50,10
DA:51,1
LF:51
LH:51
BRDA:8,0,0,13
BRDA:18,1,0,24
BRDA:20,2,0,3
BRDA:21,3,0,2
BRDA:25,4,0,22
BRDA:33,5,0,12
BRDA:35,6,0,2
BRDA:36,7,0,2
BRDA:40,8,0,10
BRDA:47,9,0,10
BRF:10
BRH:10
end_of_record
TN:
SF:src\core\objects\LPBuilding.js
FN:15,<instance_members_initializer>
FN:15,calculateExpenses
FN:25,calculateRent
FN:39,calculateRevenue
FN:49,calculateWages
FN:60,generateBuildingAlias
FN:69,getBuildingType
FN:75,isBuildingValid
FN:86,isOpen
FN:97,isSameBuilding
FN:108,modifyReputation
FN:121,removeObjective
FN:129,setHomeDating
FNF:13
FNH:13
FNDA:401,<instance_members_initializer>
FNDA:1,calculateExpenses
FNDA:1,calculateRent
FNDA:1,calculateRevenue
FNDA:1,calculateWages
FNDA:2,generateBuildingAlias
FNDA:1,getBuildingType
FNDA:1,isBuildingValid
FNDA:1,isOpen
FNDA:1,isSameBuilding
FNDA:3,modifyReputation
FNDA:1,removeObjective
FNDA:1,setHomeDating
DA:1,1
DA:2,1
DA:3,1
DA:4,1
DA:5,1
DA:6,1
DA:7,1
DA:8,1
DA:9,1
DA:10,1
DA:11,1
DA:12,1
DA:13,1
DA:14,1
DA:15,1
DA:16,1
DA:17,1
DA:18,1
DA:19,1
DA:20,401
DA:21,401
DA:22,401
DA:23,401
DA:24,401
DA:25,401
DA:26,1
DA:27,1
DA:28,1
DA:29,1
DA:30,401
DA:31,401
DA:32,401
DA:33,401
DA:34,401
DA:35,401
DA:36,401
DA:37,401
DA:38,401
DA:39,401
DA:40,1
DA:41,1
DA:42,1
DA:43,1
DA:44,401
DA:45,401
DA:46,401
DA:47,401
DA:48,401
DA:49,401
DA:50,1
DA:51,1
DA:52,1
DA:53,1
DA:54,401
DA:55,401
DA:56,401
DA:57,401
DA:58,401
DA:59,401
DA:60,401
DA:61,2
DA:62,2
DA:63,2
DA:64,401
DA:65,401
DA:66,401
DA:67,401
DA:68,401
DA:69,401
DA:70,1
DA:71,1
DA:72,1
DA:73,1
DA:74,401
DA:75,401
DA:76,1
DA:77,1
DA:78,1
DA:79,1
DA:80,401
DA:81,401
DA:82,401
DA:83,401
DA:84,401
DA:85,401
DA:86,401
DA:87,1
DA:88,1
DA:89,1
DA:90,1
DA:91,401
DA:92,401
DA:93,401
DA:94,401
DA:95,401
DA:96,401
DA:97,401
DA:98,1
DA:99,1
DA:100,1
DA:101,1
DA:102,401
DA:103,401
DA:104,401
DA:105,401
DA:106,401
DA:107,401
DA:108,401
DA:109,3
DA:110,3
DA:111,3
DA:112,3
DA:113,3
DA:114,3
DA:115,401
DA:116,401
DA:117,401
DA:118,401
DA:119,401
DA:120,401
DA:121,401
DA:122,1
DA:123,1
DA:124,1
DA:125,401
DA:126,401
DA:127,401
DA:128,401
DA:129,401
DA:130,1
DA:131,1
DA:132,1
DA:133,1
DA:134,1
LF:134
LH:134
BRDA:15,0,0,401
BRDA:15,1,0,1
BRDA:25,2,0,1
BRDA:39,3,0,1
BRDA:49,4,0,1
BRDA:60,5,0,2
BRDA:69,6,0,1
BRDA:75,7,0,1
BRDA:86,8,0,1
BRDA:97,9,0,1
BRDA:108,10,0,3
BRDA:109,11,0,2
BRDA:110,12,0,1
BRDA:110,13,0,2
BRDA:111,14,0,1
BRDA:121,15,0,1
BRDA:129,16,0,1
BRF:17
BRH:17
end_of_record
TN:
SF:src\core\objects\LPBuildingAlias.js
FN:7,addObjective
FNF:1
FNH:1
FNDA:1,addObjective
DA:1,1
DA:2,1
DA:3,1
DA:4,1
DA:5,1
DA:6,1
DA:7,1
DA:8,1
DA:9,1
DA:10,1
DA:11,1
DA:12,1
LF:12
LH:12
BRDA:7,0,0,1
BRF:1
BRH:1
end_of_record
TN:
SF:src\core\objects\LPDescription.js
FN:1,(empty-report)
FNF:1
FNH:0
FNDA:0,(empty-report)
DA:1,0
DA:2,0
DA:3,0
DA:4,0
DA:5,0
DA:6,0
DA:7,0
DA:8,0
DA:9,0
DA:10,0
DA:11,0
DA:12,0
DA:13,0
DA:14,0
DA:15,0
DA:16,0
LF:16
LH:0
BRDA:1,0,0,0
BRF:1
BRH:0
end_of_record
TN:
SF:src\core\objects\LPFloat.js
FN:5,LPFloat
FN:20,<instance_members_initializer>
FN:20,_opHelper
FN:43,_funcHelper
FN:55,add
FN:65,sub
FN:76,div
FN:86,mul
FN:96,addEq
FN:104,subEq
FN:112,mulEq
FN:120,divEq
FN:129,assign
FN:144,gt
FN:154,gte
FN:164,lt
FN:175,lte
FN:185,ne
FN:195,eq
FN:205,floor
FN:216,power
FN:228,round
FN:238,convertToLocalCurrency
FN:252,setFraternityFees
FN:269,setRent
FN:283,setSalary
FN:295,setTuition
FN:300,get isStat
FN:304,set isStat
FNF:29
FNH:29
FNDA:53930,LPFloat
FNDA:53930,<instance_members_initializer>
FNDA:200,_opHelper
FNDA:5,_funcHelper
FNDA:76,add
FNDA:6,sub
FNDA:6,div
FNDA:14,mul
FNDA:57,addEq
FNDA:3,subEq
FNDA:4,mulEq
FNDA:2,divEq
FNDA:60,assign
FNDA:20,gt
FNDA:2,gte
FNDA:4,lt
FNDA:2,lte
FNDA:2,ne
FNDA:2,eq
FNDA:1,floor
FNDA:2,power
FNDA:1,round
FNDA:1,convertToLocalCurrency
FNDA:1,setFraternityFees
FNDA:1,setRent
FNDA:1,setSalary
FNDA:1,setTuition
FNDA:61,get isStat
FNDA:1,set isStat
DA:1,1
DA:2,1
DA:3,1
DA:4,1
DA:5,1
DA:6,53930
DA:7,53930
DA:8,53930
DA:9,53930
DA:10,1
DA:11,1
DA:12,1
DA:13,1
DA:14,1
DA:15,1
DA:16,1
DA:17,1
DA:18,1
DA:19,1
DA:20,1
DA:21,200
DA:22,200
DA:23,200
DA:24,68
DA:25,68
DA:26,68
DA:27,147
DA:28,66
DA:29,66
DA:30,132
DA:31,132
DA:32,53930
DA:33,53930
DA:34,53930
DA:35,53930
DA:36,53930
DA:37,53930
DA:38,53930
DA:39,53930
DA:40,53930
DA:41,53930
DA:42,53930
DA:43,53930
DA:44,5
DA:45,5
DA:46,5
DA:47,5
DA:48,5
DA:49,1
DA:50,1
DA:51,1
DA:52,1
DA:53,1
DA:54,1
DA:55,1
DA:56,76
DA:57,76
DA:58,76
DA:59,1
DA:60,1
DA:61,1
DA:62,1
DA:63,1
DA:64,1
DA:65,1
DA:66,6
DA:67,6
DA:68,6
DA:69,1
DA:70,1
DA:71,1
DA:72,1
DA:73,1
DA:74,1
DA:75,1
DA:76,1
DA:77,6
DA:78,6
DA:79,6
DA:80,1
DA:81,1
DA:82,1
DA:83,1
DA:84,1
DA:85,1
DA:86,1
DA:87,14
DA:88,14
DA:89,14
DA:90,1
DA:91,1
DA:92,1
DA:93,1
DA:94,1
DA:95,1
DA:96,1
DA:97,57
DA:98,57
DA:99,1
DA:100,1
DA:101,1
DA:102,1
DA:103,1
DA:104,1
DA:105,3
DA:106,3
DA:107,1
DA:108,1
DA:109,1
DA:110,1
DA:111,1
DA:112,1
DA:113,4
DA:114,4
DA:115,1
DA:116,1
DA:117,1
DA:118,1
DA:119,1
DA:120,1
DA:121,2
DA:122,2
DA:123,1
DA:124,1
DA:125,1
DA:126,1
DA:127,1
DA:128,1
DA:129,1
DA:130,60
DA:131,60
DA:132,60
DA:133,53
DA:134,53
DA:135,53
DA:136,7
DA:137,7
DA:138,1
DA:139,1
DA:140,1
DA:141,1
DA:142,1
DA:143,1
DA:144,1
DA:145,20
DA:146,20
DA:147,20
DA:148,1
DA:149,1
DA:150,1
DA:151,1
DA:152,1
DA:153,1
DA:154,1
DA:155,2
DA:156,2
DA:157,2
DA:158,1
DA:159,1
DA:160,1
DA:161,1
DA:162,1
DA:163,1
DA:164,1
DA:165,4
DA:166,4
DA:167,4
DA:168,1
DA:169,1
DA:170,1
DA:171,1
DA:172,1
DA:173,1
DA:174,1
DA:175,1
DA:176,2
DA:177,2
DA:178,2
DA:179,1
DA:180,1
DA:181,1
DA:182,1
DA:183,1
DA:184,1
DA:185,1
DA:186,2
DA:187,2
DA:188,2
DA:189,1
DA:190,1
DA:191,1
DA:192,1
DA:193,1
DA:194,1
DA:195,1
DA:196,2
DA:197,2
DA:198,2
DA:199,1
DA:200,1
DA:201,1
DA:202,1
DA:203,1
DA:204,1
DA:205,1
DA:206,1
DA:207,1
DA:208,1
DA:209,1
DA:210,1
DA:211,1
DA:212,1
DA:213,1
DA:214,1
DA:215,1
DA:216,1
DA:217,2
DA:218,2
DA:219,2
DA:220,1
DA:221,1
DA:222,1
DA:223,1
DA:224,1
DA:225,1
DA:226,1
DA:227,1
DA:228,1
DA:229,1
DA:230,1
DA:231,1
DA:232,1
DA:233,1
DA:234,1
DA:235,1
DA:236,1
DA:237,1
DA:238,1
DA:239,1
DA:240,1
DA:241,1
DA:242,1
DA:243,1
DA:244,1
DA:245,1
DA:246,1
DA:247,1
DA:248,1
DA:249,1
DA:250,1
DA:251,1
DA:252,1
DA:253,1
DA:254,1
DA:255,1
DA:256,1
DA:257,1
DA:258,1
DA:259,1
DA:260,1
DA:261,1
DA:262,1
DA:263,1
DA:264,1
DA:265,1
DA:266,1
DA:267,1
DA:268,1
DA:269,1
DA:270,1
DA:271,1
DA:272,1
DA:273,1
DA:274,1
DA:275,1
DA:276,1
DA:277,1
DA:278,1
DA:279,1
DA:280,1
DA:281,1
DA:282,1
DA:283,1
DA:284,1
DA:285,1
DA:286,1
DA:287,1
DA:288,1
DA:289,1
DA:290,1
DA:291,1
DA:292,1
DA:293,1
DA:294,1
DA:295,1
DA:296,1
DA:297,1
DA:298,1
DA:299,1
DA:300,1
DA:301,61
DA:302,61
DA:303,1
DA:304,1
DA:305,1
DA:306,1
DA:307,1
DA:308,1
DA:309,1
LF:309
LH:309
BRDA:5,0,0,53930
BRDA:6,1,0,53679
BRDA:20,2,0,53930
BRDA:20,3,0,200
BRDA:21,4,0,85
BRDA:23,5,0,148
BRDA:23,6,0,68
BRDA:27,7,0,147
BRDA:27,8,0,132
BRDA:27,9,0,66
BRDA:30,10,0,132
BRDA:43,11,0,5
BRDA:46,12,0,4
BRDA:55,13,0,76
BRDA:65,14,0,6
BRDA:76,15,0,6
BRDA:86,16,0,14
BRDA:96,17,0,57
BRDA:104,18,0,3
BRDA:112,19,0,4
BRDA:120,20,0,2
BRDA:129,21,0,60
BRDA:132,22,0,53
BRDA:136,23,0,7
BRDA:144,24,0,20
BRDA:154,25,0,2
BRDA:164,26,0,4
BRDA:175,27,0,2
BRDA:185,28,0,2
BRDA:195,29,0,2
BRDA:205,30,0,1
BRDA:216,31,0,2
BRDA:228,32,0,1
BRDA:238,33,0,1
BRDA:252,34,0,1
BRDA:269,35,0,1
BRDA:283,36,0,1
BRDA:295,37,0,1
BRDA:300,38,0,61
BRDA:304,39,0,1
BRF:40
BRH:40
end_of_record
TN:
SF:src\core\objects\LPGlobals.js
FN:6,LPGlobals
FN:15,hookSandbox
FN:16,global.comment
FN:17,global.clearGlobal
FN:18,global.enterString
FN:19,global.getGlobal
FN:20,global.getGlobalString
FN:21,global.setGlobal
FN:22,global.setGlobalString
FN:23,global.setHomeCity
FN:29,clearGlobal
FN:38,comment
FN:46,enterString
FN:58,getGlobal
FN:80,getGlobalString
FN:102,setGlobal
FN:112,setGlobalString
FN:120,setHomeCity
FNF:18
FNH:18
FNDA:389,LPGlobals
FNDA:388,hookSandbox
FNDA:1,global.comment
FNDA:1,global.clearGlobal
FNDA:1,global.enterString
FNDA:4,global.getGlobal
FNDA:4,global.getGlobalString
FNDA:3,global.setGlobal
FNDA:3,global.setGlobalString
FNDA:1,global.setHomeCity
FNDA:1,clearGlobal
FNDA:5,comment
FNDA:1,enterString
FNDA:4,getGlobal
FNDA:4,getGlobalString
FNDA:3,setGlobal
FNDA:3,setGlobalString
FNDA:1,setHomeCity
DA:1,1
DA:2,1
DA:3,1
DA:4,1
DA:5,1
DA:6,1
DA:7,389
DA:8,389
DA:9,1
DA:10,1
DA:11,1
DA:12,1
DA:13,1
DA:14,1
DA:15,1
DA:16,388
DA:17,388
DA:18,388
DA:19,388
DA:20,388
DA:21,388
DA:22,388
DA:23,388
DA:24,388
DA:25,1
DA:26,1
DA:27,1
DA:28,1
DA:29,1
DA:30,1
DA:31,1
DA:32,1
DA:33,1
DA:34,1
DA:35,1
DA:36,1
DA:37,1
DA:38,1
DA:39,5
DA:40,5
DA:41,1
DA:42,1
DA:43,1
DA:44,1
DA:45,1
DA:46,1
DA:47,1
DA:48,1
DA:49,1
DA:50,1
DA:51,1
DA:52,1
DA:53,1
DA:54,1
DA:55,1
DA:56,1
DA:57,1
DA:58,1
DA:59,4
DA:60,4
DA:61,4
DA:62,4
DA:63,1
DA:64,1
DA:65,1
DA:66,4
DA:67,1
DA:68,1
DA:69,1
DA:70,1
DA:71,4
DA:72,4
DA:73,4
DA:74,1
DA:75,1
DA:76,1
DA:77,1
DA:78,1
DA:79,1
DA:80,1
DA:81,4
DA:82,4
DA:83,4
DA:84,4
DA:85,1
DA:86,1
DA:87,1
DA:88,4
DA:89,1
DA:90,1
DA:91,1
DA:92,1
DA:93,4
DA:94,4
DA:95,4
DA:96,1
DA:97,1
DA:98,1
DA:99,1
DA:100,1
DA:101,1
DA:102,1
DA:103,3
DA:104,3
DA:105,3
DA:106,1
DA:107,1
DA:108,1
DA:109,1
DA:110,1
DA:111,1
DA:112,1
DA:113,3
DA:114,3
DA:115,3
DA:116,1
DA:117,1
DA:118,1
DA:119,1
DA:120,1
DA:121,1
DA:122,1
DA:123,1
LF:123
LH:123
BRDA:6,0,0,389
BRDA:15,1,0,388
BRDA:16,2,0,1
BRDA:17,3,0,1
BRDA:18,4,0,1
BRDA:19,5,0,4
BRDA:20,6,0,4
BRDA:21,7,0,3
BRDA:22,8,0,3
BRDA:23,9,0,1
BRDA:29,10,0,1
BRDA:38,11,0,5
BRDA:46,12,0,1
BRDA:48,13,0,0
BRDA:58,14,0,4
BRDA:62,15,0,1
BRDA:66,16,0,3
BRDA:66,17,0,1
BRDA:80,18,0,4
BRDA:84,19,0,1
BRDA:88,20,0,3
BRDA:88,21,0,1
BRDA:102,22,0,3
BRDA:104,23,0,2
BRDA:112,24,0,3
BRDA:114,25,0,2
BRDA:120,26,0,1
BRF:27
BRH:26
end_of_record
TN:
SF:src\core\objects\LPNPC.js
FN:10,LPNPC
FN:18,<instance_members_initializer>
FN:18,addColleague
FN:23,addCriminal
FN:28,addDatingFriend
FN:33,addEmployee
FN:38,addNeighbour
FN:43,addProstitute
FN:48,addToPeopleHere
FN:62,assignWhat
FN:75,assignWhere
FN:81,blockNPCRelationships
FN:87,delete
FN:93,deletePerson
FN:117,favoriteHome
FN:132,getUntil
FN:142,hasRelationship
FN:159,isAffair
FN:173,isBoss
FN:183,isColleague
FN:196,isContactExchanged
FN:205,isCreature
FN:212,isCreatureType
FN:218,isDatingFriend
FN:224,isDeflowered
FN:230,isDeflowerer
FN:236,isEmployee
FN:242,isExRelative
FN:248,isLandlord
FN:254,isMarried
FN:260,isNeighbour
FN:268,isRelationshipWith
FN:278,isRelative
FN:285,isRelativeType
FN:291,isTemporary
FN:297,livesWithPlayer
FN:303,makePermanent
FN:309,passOn
FN:318,randomizeFace
FN:324,randomizeHairs
FN:330,randomizeRace
FN:336,randomizeSexy
FN:342,removeColleague
FN:348,removeDatingFriend
FN:354,removeEmployee
FN:360,removeNeighbour
FN:366,removeProstitute
FN:372,saveAndDelete
FN:379,setActorAlias
FN:390,setBoss
FN:396,setCrimeBoss
FN:402,setDating
FN:408,setDatingID
FN:414,setDifferentMajor
FN:420,setLandlord
FN:427,setLivingWithPlayer
FN:433,setPT
FN:444,setRelativeType
FN:450,setSameMajor
FN:456,setSubject
FN:463,setUntil
FNF:61
FNH:61
FNDA:633,LPNPC
FNDA:633,<instance_members_initializer>
FNDA:1,addColleague
FNDA:1,addCriminal
FNDA:1,addDatingFriend
FNDA:1,addEmployee
FNDA:1,addNeighbour
FNDA:1,addProstitute
FNDA:1,addToPeopleHere
FNDA:1,assignWhat
FNDA:1,assignWhere
FNDA:1,blockNPCRelationships
FNDA:1,delete
FNDA:1,deletePerson
FNDA:2,favoriteHome
FNDA:1,getUntil
FNDA:2,hasRelationship
FNDA:1,isAffair
FNDA:1,isBoss
FNDA:1,isColleague
FNDA:1,isContactExchanged
FNDA:1,isCreature
FNDA:1,isCreatureType
FNDA:1,isDatingFriend
FNDA:1,isDeflowered
FNDA:1,isDeflowerer
FNDA:1,isEmployee
FNDA:1,isExRelative
FNDA:1,isLandlord
FNDA:1,isMarried
FNDA:1,isNeighbour
FNDA:1,isRelationshipWith
FNDA:1,isRelative
FNDA:1,isRelativeType
FNDA:1,isTemporary
FNDA:1,livesWithPlayer
FNDA:1,makePermanent
FNDA:1,passOn
FNDA:1,randomizeFace
FNDA:1,randomizeHairs
FNDA:1,randomizeRace
FNDA:1,randomizeSexy
FNDA:1,removeColleague
FNDA:1,removeDatingFriend
FNDA:1,removeEmployee
FNDA:1,removeNeighbour
FNDA:1,removeProstitute
FNDA:1,saveAndDelete
FNDA:1,setActorAlias
FNDA:1,setBoss
FNDA:1,setCrimeBoss
FNDA:1,setDating
FNDA:1,setDatingID
FNDA:1,setDifferentMajor
FNDA:1,setLandlord
FNDA:1,setLivingWithPlayer
FNDA:1,setPT
FNDA:1,setRelativeType
FNDA:1,setSameMajor
FNDA:1,setSubject
FNDA:1,setUntil
DA:1,1
DA:2,1
DA:3,1
DA:4,1
DA:5,1
DA:6,1
DA:7,1
DA:8,1
DA:9,1
DA:10,1
DA:11,633
DA:12,633
DA:13,1
DA:14,1
DA:15,1
DA:16,1
DA:17,1
DA:18,1
DA:19,633
DA:20,633
DA:21,633
DA:22,633
DA:23,633
DA:24,633
DA:25,633
DA:26,633
DA:27,633
DA:28,633
DA:29,633
DA:30,633
DA:31,633
DA:32,633
DA:33,633
DA:34,633
DA:35,633
DA:36,633
DA:37,633
DA:38,633
DA:39,633
DA:40,633
DA:41,633
DA:42,633
DA:43,633
DA:44,633
DA:45,633
DA:46,633
DA:47,633
DA:48,633
DA:49,633
DA:50,633
DA:51,633
DA:52,633
DA:53,633
DA:54,633
DA:55,633
DA:56,633
DA:57,633
DA:58,633
DA:59,633
DA:60,633
DA:61,633
DA:62,633
DA:63,633
DA:64,633
DA:65,633
DA:66,633
DA:67,633
DA:68,633
DA:69,633
DA:70,633
DA:71,633
DA:72,633
DA:73,633
DA:74,633
DA:75,633
DA:76,633
DA:77,633
DA:78,633
DA:79,633
DA:80,633
DA:81,633
DA:82,633
DA:83,633
DA:84,633
DA:85,633
DA:86,633
DA:87,633
DA:88,633
DA:89,633
DA:90,633
DA:91,633
DA:92,633
DA:93,633
DA:94,633
DA:95,633
DA:96,633
DA:97,633
DA:98,633
DA:99,633
DA:100,633
DA:101,633
DA:102,633
DA:103,633
DA:104,633
DA:105,633
DA:106,633
DA:107,633
DA:108,633
DA:109,633
DA:110,633
DA:111,633
DA:112,633
DA:113,633
DA:114,633
DA:115,633
DA:116,633
DA:117,633
DA:118,2
DA:119,2
DA:120,2
DA:121,2
DA:122,2
DA:123,2
DA:124,2
DA:125,2
DA:126,633
DA:127,633
DA:128,633
DA:129,633
DA:130,633
DA:131,633
DA:132,633
DA:133,1
DA:134,1
DA:135,1
DA:136,633
DA:137,633
DA:138,633
DA:139,633
DA:140,633
DA:141,633
DA:142,633
DA:143,2
DA:144,3
DA:145,3
DA:146,2
DA:147,2
DA:148,1
DA:149,1
DA:150,633
DA:151,633
DA:152,633
DA:153,633
DA:154,633
DA:155,633
DA:156,633
DA:157,633
DA:158,633
DA:159,633
DA:160,1
DA:161,1
DA:162,1
DA:163,1
DA:164,633
DA:165,633
DA:166,633
DA:167,633
DA:168,633
DA:169,633
DA:170,633
DA:171,633
DA:172,633
DA:173,633
DA:174,633
DA:175,633
DA:176,633
DA:177,633
DA:178,633
DA:179,633
DA:180,633
DA:181,633
DA:182,633
DA:183,633
DA:184,633
DA:185,633
DA:186,633
DA:187,633
DA:188,633
DA:189,633
DA:190,633
DA:191,633
DA:192,633
DA:193,633
DA:194,633
DA:195,633
DA:196,633
DA:197,633
DA:198,633
DA:199,633
DA:200,633
DA:201,633
DA:202,633
DA:203,633
DA:204,633
DA:205,633
DA:206,633
DA:207,633
DA:208,633
DA:209,633
DA:210,633
DA:211,633
DA:212,633
DA:213,633
DA:214,633
DA:215,633
DA:216,633
DA:217,633
DA:218,633
DA:219,633
DA:220,633
DA:221,633
DA:222,633
DA:223,633
DA:224,633
DA:225,633
DA:226,633
DA:227,633
DA:228,633
DA:229,633
DA:230,633
DA:231,633
DA:232,633
DA:233,633
DA:234,633
DA:235,633
DA:236,633
DA:237,633
DA:238,633
DA:239,633
DA:240,633
DA:241,633
DA:242,633
DA:243,633
DA:244,633
DA:245,633
DA:246,633
DA:247,633
DA:248,633
DA:249,633
DA:250,633
DA:251,633
DA:252,633
DA:253,633
DA:254,633
DA:255,633
DA:256,633
DA:257,633
DA:258,633
DA:259,633
DA:260,633
DA:261,633
DA:262,633
DA:263,633
DA:264,633
DA:265,633
DA:266,633
DA:267,633
DA:268,633
DA:269,1
DA:270,1
DA:271,1
DA:272,1
DA:273,633
DA:274,633
DA:275,633
DA:276,633
DA:277,633
DA:278,633
DA:279,633
DA:280,633
DA:281,633
DA:282,633
DA:283,633
DA:284,633
DA:285,633
DA:286,633
DA:287,633
DA:288,633
DA:289,633
DA:290,633
DA:291,633
DA:292,633
DA:293,633
DA:294,633
DA:295,633
DA:296,633
DA:297,633
DA:298,633
DA:299,633
DA:300,633
DA:301,633
DA:302,633
DA:303,633
DA:304,633
DA:305,633
DA:306,633
DA:307,633
DA:308,633
DA:309,633
DA:310,1
DA:311,1
DA:312,1
DA:313,633
DA:314,633
DA:315,633
DA:316,633
DA:317,633
DA:318,633
DA:319,633
DA:320,633
DA:321,633
DA:322,633
DA:323,633
DA:324,633
DA:325,633
DA:326,633
DA:327,633
DA:328,633
DA:329,633
DA:330,633
DA:331,633
DA:332,633
DA:333,633
DA:334,633
DA:335,633
DA:336,633
DA:337,633
DA:338,633
DA:339,633
DA:340,633
DA:341,633
DA:342,633
DA:343,633
DA:344,633
DA:345,633
DA:346,633
DA:347,633
DA:348,633
DA:349,633
DA:350,633
DA:351,633
DA:352,633
DA:353,633
DA:354,633
DA:355,633
DA:356,633
DA:357,633
DA:358,633
DA:359,633
DA:360,633
DA:361,633
DA:362,633
DA:363,633
DA:364,633
DA:365,633
DA:366,633
DA:367,633
DA:368,633
DA:369,633
DA:370,633
DA:371,633
DA:372,633
DA:373,633
DA:374,633
DA:375,633
DA:376,633
DA:377,633
DA:378,633
DA:379,633
DA:380,1
DA:381,1
DA:382,1
DA:383,1
DA:384,1
DA:385,633
DA:386,633
DA:387,633
DA:388,633
DA:389,633
DA:390,633
DA:391,633
DA:392,633
DA:393,633
DA:394,633
DA:395,633
DA:396,633
DA:397,633
DA:398,633
DA:399,633
DA:400,633
DA:401,633
DA:402,633
DA:403,633
DA:404,633
DA:405,633
DA:406,633
DA:407,633
DA:408,633
DA:409,633
DA:410,633
DA:411,633
DA:412,633
DA:413,633
DA:414,633
DA:415,633
DA:416,633
DA:417,633
DA:418,633
DA:419,633
DA:420,633
DA:421,633
DA:422,633
DA:423,633
DA:424,633
DA:425,633
DA:426,633
DA:427,633
DA:428,633
DA:429,633
DA:430,633
DA:431,633
DA:432,633
DA:433,633
DA:434,633
DA:435,633
DA:436,633
DA:437,633
DA:438,633
DA:439,633
DA:440,633
DA:441,633
DA:442,633
DA:443,633
DA:444,633
DA:445,633
DA:446,633
DA:447,633
DA:448,633
DA:449,633
DA:450,633
DA:451,633
DA:452,633
DA:453,633
DA:454,633
DA:455,633
DA:456,633
DA:457,633
DA:458,633
DA:459,633
DA:460,633
DA:461,633
DA:462,633
DA:463,1
DA:464,1
LF:464
LH:464
BRDA:10,0,0,633
BRDA:18,1,0,633
BRDA:18,2,0,1
BRDA:23,3,0,1
BRDA:28,4,0,1
BRDA:33,5,0,1
BRDA:38,6,0,1
BRDA:43,7,0,1
BRDA:48,8,0,1
BRDA:62,9,0,1
BRDA:75,10,0,1
BRDA:81,11,0,1
BRDA:87,12,0,1
BRDA:93,13,0,1
BRDA:117,14,0,2
BRDA:132,15,0,1
BRDA:142,16,0,2
BRDA:147,17,0,1
BRDA:143,18,0,3
BRDA:144,19,0,1
BRDA:159,20,0,1
BRDA:173,21,0,1
BRDA:183,22,0,1
BRDA:196,23,0,1
BRDA:205,24,0,1
BRDA:212,25,0,1
BRDA:218,26,0,1
BRDA:224,27,0,1
BRDA:230,28,0,1
BRDA:236,29,0,1
BRDA:242,30,0,1
BRDA:248,31,0,1
BRDA:254,32,0,1
BRDA:260,33,0,1
BRDA:268,34,0,1
BRDA:278,35,0,1
BRDA:285,36,0,1
BRDA:291,37,0,1
BRDA:297,38,0,1
BRDA:303,39,0,1
BRDA:309,40,0,1
BRDA:318,41,0,1
BRDA:324,42,0,1
BRDA:330,43,0,1
BRDA:336,44,0,1
BRDA:342,45,0,1
BRDA:348,46,0,1
BRDA:354,47,0,1
BRDA:360,48,0,1
BRDA:366,49,0,1
BRDA:372,50,0,1
BRDA:379,51,0,1
BRDA:390,52,0,1
BRDA:396,53,0,1
BRDA:402,54,0,1
BRDA:408,55,0,1
BRDA:414,56,0,1
BRDA:420,57,0,1
BRDA:427,58,0,1
BRDA:433,59,0,1
BRDA:444,60,0,1
BRDA:450,61,0,1
BRDA:456,62,0,1
BRDA:463,63,0,1
BRF:64
BRH:64
end_of_record
TN:
SF:src\core\objects\LPObject.js
FN:5,LPObject
FN:22,get expression
FN:26,get context
FN:30,get name
FN:34,get lpMod
FN:38,get params
FNF:6
FNH:6
FNDA:55981,LPObject
FNDA:424,get expression
FNDA:898,get context
FNDA:53474,get name
FNDA:354,get lpMod
FNDA:1,get params
DA:1,1
DA:2,1
DA:3,1
DA:4,1
DA:5,1
DA:6,55981
DA:7,55980
DA:8,55980
DA:9,55980
DA:10,55981
DA:11,55981
DA:12,55981
DA:13,55981
DA:14,55981
DA:15,55981
DA:16,1
DA:17,1
DA:18,1
DA:19,1
DA:20,1
DA:21,1
DA:22,1
DA:23,424
DA:24,424
DA:25,1
DA:26,1
DA:27,898
DA:28,898
DA:29,1
DA:30,1
DA:31,53474
DA:32,53474
DA:33,1
DA:34,1
DA:35,354
DA:36,354
DA:37,1
DA:38,1
DA:39,1
DA:40,1
DA:41,1
LF:41
LH:41
BRDA:5,0,0,55981
BRDA:6,1,0,55980
BRDA:6,2,0,1
BRDA:9,3,0,1615
BRDA:22,4,0,424
BRDA:26,5,0,898
BRDA:30,6,0,53474
BRDA:34,7,0,354
BRDA:38,8,0,1
BRF:9
BRH:9
end_of_record
TN:
SF:src\core\objects\LPPlayer.js
FN:11,LPPlayer
FN:23,_playerFunction
FN:35,<instance_members_initializer>
FN:35,blockContact
FN:46,chooseContact
FN:57,chooseMajor
FN:66,contractSTD
FN:79,datingHasHome
FN:91,divorce
FN:100,endDate
FN:109,endOpenRelationship
FN:119,endPrison
FN:125,enterBusinessName
FN:134,exchangeContact
FN:145,forgiveAffairs
FN:155,getAnyRelative
FN:172,getCompanion
FN:183,getCompanionAny
FN:194,getCompanionCreature
FN:208,getMarried
FN:214,getNumRelatives
FN:227,getRelative
FN:239,getRelativeExcept
FN:257,getRent
FN:275,getSalary
FN:290,getSelectedNPC
FN:303,getTarget
FN:310,givePlayerDefaultClothes
FN:319,imprison
FN:325,isAtDatingHome
FN:333,isAtHome
FN:341,isPlayerMarried
FN:349,isStudent
FN:357,isWithCompanion
FN:365,isWithCompanionCreature
FN:373,loseDating
FN:381,loseHome
FN:387,loseHomeDating
FN:393,loseJob
FN:399,losePT
FN:405,moveFraternity
FN:411,moveHome
FN:417,moveJobs
FN:423,moveSchools
FN:433,moveTo
FN:442,openRelationship
FN:448,playerHasHome
FN:456,quitCrime
FN:462,quitFraternity
FN:468,quitLecturing
FN:474,quitMedical
FN:480,quitSchool
FN:486,removeAddedClothes
FN:498,selectNPC
FN:510,setFraternityFees
FN:528,setMajor
FN:540,setRent
FN:557,setSalary
FN:572,setTuition
FN:585,startBusiness
FN:591,startDate
FN:598,startOpenRelationship
FN:604,stopBusiness
FNF:63
FNH:63
FNDA:394,LPPlayer
FNDA:11,_playerFunction
FNDA:394,<instance_members_initializer>
FNDA:1,blockContact
FNDA:1,chooseContact
FNDA:1,chooseMajor
FNDA:1,contractSTD
FNDA:1,datingHasHome
FNDA:1,divorce
FNDA:1,endDate
FNDA:1,endOpenRelationship
FNDA:1,endPrison
FNDA:1,enterBusinessName
FNDA:1,exchangeContact
FNDA:1,forgiveAffairs
FNDA:1,getAnyRelative
FNDA:1,getCompanion
FNDA:1,getCompanionAny
FNDA:1,getCompanionCreature
FNDA:1,getMarried
FNDA:1,getNumRelatives
FNDA:1,getRelative
FNDA:1,getRelativeExcept
FNDA:1,getRent
FNDA:1,getSalary
FNDA:1,getSelectedNPC
FNDA:1,getTarget
FNDA:1,givePlayerDefaultClothes
FNDA:1,imprison
FNDA:1,isAtDatingHome
FNDA:2,isAtHome
FNDA:1,isPlayerMarried
FNDA:1,isStudent
FNDA:1,isWithCompanion
FNDA:1,isWithCompanionCreature
FNDA:1,loseDating
FNDA:2,loseHome
FNDA:1,loseHomeDating
FNDA:1,loseJob
FNDA:1,losePT
FNDA:1,moveFraternity
FNDA:1,moveHome
FNDA:1,moveJobs
FNDA:1,moveSchools
FNDA:2,moveTo
FNDA:1,openRelationship
FNDA:1,playerHasHome
FNDA:1,quitCrime
FNDA:1,quitFraternity
FNDA:1,quitLecturing
FNDA:1,quitMedical
FNDA:1,quitSchool
FNDA:1,removeAddedClothes
FNDA:1,selectNPC
FNDA:2,setFraternityFees
FNDA:1,setMajor
FNDA:2,setRent
FNDA:2,setSalary
FNDA:2,setTuition
FNDA:1,startBusiness
FNDA:1,startDate
FNDA:1,startOpenRelationship
FNDA:1,stopBusiness
DA:1,1
DA:2,1
DA:3,1
DA:4,1
DA:5,1
DA:6,1
DA:7,1
DA:8,1
DA:9,1
DA:10,1
DA:11,1
DA:12,394
DA:13,394
DA:14,1
DA:15,1
DA:16,1
DA:17,1
DA:18,1
DA:19,1
DA:20,1
DA:21,1
DA:22,1
DA:23,1
DA:24,11
DA:25,11
DA:26,11
DA:27,11
DA:28,11
DA:29,1
DA:30,1
DA:31,1
DA:32,1
DA:33,1
DA:34,1
DA:35,1
DA:36,394
DA:37,394
DA:38,394
DA:39,394
DA:40,394
DA:41,394
DA:42,394
DA:43,394
DA:44,394
DA:45,394
DA:46,394
DA:47,394
DA:48,394
DA:49,394
DA:50,394
DA:51,394
DA:52,394
DA:53,394
DA:54,394
DA:55,394
DA:56,394
DA:57,394
DA:58,394
DA:59,394
DA:60,394
DA:61,394
DA:62,394
DA:63,394
DA:64,394
DA:65,394
DA:66,394
DA:67,394
DA:68,394
DA:69,394
DA:70,394
DA:71,394
DA:72,394
DA:73,394
DA:74,394
DA:75,394
DA:76,394
DA:77,394
DA:78,394
DA:79,394
DA:80,394
DA:81,394
DA:82,394
DA:83,394
DA:84,394
DA:85,394
DA:86,394
DA:87,394
DA:88,394
DA:89,394
DA:90,394
DA:91,394
DA:92,394
DA:93,394
DA:94,394
DA:95,394
DA:96,394
DA:97,394
DA:98,394
DA:99,394
DA:100,394
DA:101,394
DA:102,394
DA:103,394
DA:104,394
DA:105,394
DA:106,394
DA:107,394
DA:108,394
DA:109,394
DA:110,394
DA:111,394
DA:112,394
DA:113,394
DA:114,394
DA:115,394
DA:116,394
DA:117,394
DA:118,394
DA:119,394
DA:120,394
DA:121,394
DA:122,394
DA:123,394
DA:124,394
DA:125,394
DA:126,394
DA:127,394
DA:128,394
DA:129,394
DA:130,394
DA:131,394
DA:132,394
DA:133,394
DA:134,394
DA:135,1
DA:136,1
DA:137,394
DA:138,394
DA:139,394
DA:140,394
DA:141,394
DA:142,394
DA:143,394
DA:144,394
DA:145,394
DA:146,394
DA:147,394
DA:148,394
DA:149,394
DA:150,394
DA:151,394
DA:152,394
DA:153,394
DA:154,394
DA:155,394
DA:156,1
DA:157,1
DA:158,1
DA:159,1
DA:160,1
DA:161,394
DA:162,394
DA:163,394
DA:164,394
DA:165,394
DA:166,394
DA:167,394
DA:168,394
DA:169,394
DA:170,394
DA:171,394
DA:172,394
DA:173,1
DA:174,1
DA:175,1
DA:176,1
DA:177,1
DA:178,394
DA:179,394
DA:180,394
DA:181,394
DA:182,394
DA:183,394
DA:184,1
DA:185,1
DA:186,1
DA:187,1
DA:188,1
DA:189,394
DA:190,394
DA:191,394
DA:192,394
DA:193,394
DA:194,394
DA:195,1
DA:196,1
DA:197,1
DA:198,1
DA:199,1
DA:200,394
DA:201,394
DA:202,394
DA:203,394
DA:204,394
DA:205,394
DA:206,394
DA:207,394
DA:208,394
DA:209,394
DA:210,394
DA:211,394
DA:212,394
DA:213,394
DA:214,394
DA:215,1
DA:216,1
DA:217,1
DA:218,1
DA:219,1
DA:220,394
DA:221,394
DA:222,394
DA:223,394
DA:224,394
DA:225,394
DA:226,394
DA:227,394
DA:228,1
DA:229,1
DA:230,1
DA:231,1
DA:232,1
DA:233,394
DA:234,394
DA:235,394
DA:236,394
DA:237,394
DA:238,394
DA:239,394
DA:240,1
DA:241,1
DA:242,1
DA:243,1
DA:244,1
DA:245,394
DA:246,394
DA:247,394
DA:248,394
DA:249,394
DA:250,394
DA:251,394
DA:252,394
DA:253,394
DA:254,394
DA:255,394
DA:256,394
DA:257,394
DA:258,1
DA:259,1
DA:260,1
DA:261,1
DA:262,1
DA:263,394
DA:264,394
DA:265,394
DA:266,394
DA:267,394
DA:268,394
DA:269,394
DA:270,394
DA:271,394
DA:272,394
DA:273,394
DA:274,394
DA:275,394
DA:276,1
DA:277,1
DA:278,1
DA:279,1
DA:280,1
DA:281,394
DA:282,394
DA:283,394
DA:284,394
DA:285,394
DA:286,394
DA:287,394
DA:288,394
DA:289,394
DA:290,394
DA:291,1
DA:292,1
DA:293,1
DA:294,1
DA:295,1
DA:296,394
DA:297,394
DA:298,394
DA:299,394
DA:300,394
DA:301,394
DA:302,394
DA:303,394
DA:304,1
DA:305,1
DA:306,394
DA:307,394
DA:308,394
DA:309,394
DA:310,394
DA:311,394
DA:312,394
DA:313,394
DA:314,394
DA:315,394
DA:316,394
DA:317,394
DA:318,394
DA:319,394
DA:320,394
DA:321,394
DA:322,394
DA:323,394
DA:324,394
DA:325,394
DA:326,1
DA:327,1
DA:328,394
DA:329,394
DA:330,394
DA:331,394
DA:332,394
DA:333,394
DA:334,2
DA:335,2
DA:336,394
DA:337,394
DA:338,394
DA:339,394
DA:340,394
DA:341,394
DA:342,1
DA:343,1
DA:344,394
DA:345,394
DA:346,394
DA:347,394
DA:348,394
DA:349,394
DA:350,1
DA:351,1
DA:352,394
DA:353,394
DA:354,394
DA:355,394
DA:356,394
DA:357,394
DA:358,1
DA:359,1
DA:360,394
DA:361,394
DA:362,394
DA:363,394
DA:364,394
DA:365,394
DA:366,1
DA:367,1
DA:368,394
DA:369,394
DA:370,394
DA:371,394
DA:372,394
DA:373,394
DA:374,1
DA:375,1
DA:376,394
DA:377,394
DA:378,394
DA:379,394
DA:380,394
DA:381,394
DA:382,394
DA:383,394
DA:384,394
DA:385,394
DA:386,394
DA:387,394
DA:388,394
DA:389,394
DA:390,394
DA:391,394
DA:392,394
DA:393,394
DA:394,394
DA:395,394
DA:396,394
DA:397,394
DA:398,394
DA:399,394
DA:400,394
DA:401,394
DA:402,394
DA:403,394
DA:404,394
DA:405,394
DA:406,394
DA:407,394
DA:408,394
DA:409,394
DA:410,394
DA:411,394
DA:412,394
DA:413,394
DA:414,394
DA:415,394
DA:416,394
DA:417,394
DA:418,394
DA:419,394
DA:420,394
DA:421,394
DA:422,394
DA:423,394
DA:424,394
DA:425,394
DA:426,394
DA:427,394
DA:428,394
DA:429,394
DA:430,394
DA:431,394
DA:432,394
DA:433,394
DA:434,2
DA:435,2
DA:436,2
DA:437,394
DA:438,394
DA:439,394
DA:440,394
DA:441,394
DA:442,394
DA:443,394
DA:444,394
DA:445,394
DA:446,394
DA:447,394
DA:448,394
DA:449,1
DA:450,1
DA:451,394
DA:452,394
DA:453,394
DA:454,394
DA:455,394
DA:456,394
DA:457,394
DA:458,394
DA:459,394
DA:460,394
DA:461,394
DA:462,394
DA:463,394
DA:464,394
DA:465,394
DA:466,394
DA:467,394
DA:468,394
DA:469,394
DA:470,394
DA:471,394
DA:472,394
DA:473,394
DA:474,394
DA:475,394
DA:476,394
DA:477,394
DA:478,394
DA:479,394
DA:480,394
DA:481,394
DA:482,394
DA:483,394
DA:484,394
DA:485,394
DA:486,394
DA:487,394
DA:488,394
DA:489,394
DA:490,394
DA:491,394
DA:492,394
DA:493,394
DA:494,394
DA:495,394
DA:496,394
DA:497,394
DA:498,394
DA:499,1
DA:500,1
DA:501,394
DA:502,394
DA:503,394
DA:504,394
DA:505,394
DA:506,394
DA:507,394
DA:508,394
DA:509,394
DA:510,394
DA:511,2
DA:512,1
DA:513,1
DA:514,1
DA:515,1
DA:516,1
DA:517,1
DA:518,394
DA:519,394
DA:520,394
DA:521,394
DA:522,394
DA:523,394
DA:524,394
DA:525,394
DA:526,394
DA:527,394
DA:528,394
DA:529,394
DA:530,394
DA:531,394
DA:532,394
DA:533,394
DA:534,394
DA:535,394
DA:536,394
DA:537,394
DA:538,394
DA:539,394
DA:540,394
DA:541,2
DA:542,1
DA:543,1
DA:544,1
DA:545,1
DA:546,1
DA:547,394
DA:548,394
DA:549,394
DA:550,394
DA:551,394
DA:552,394
DA:553,394
DA:554,394
DA:555,394
DA:556,394
DA:557,394
DA:558,2
DA:559,1
DA:560,1
DA:561,1
DA:562,1
DA:563,1
DA:564,394
DA:565,394
DA:566,394
DA:567,394
DA:568,394
DA:569,394
DA:570,394
DA:571,394
DA:572,394
DA:573,2
DA:574,1
DA:575,1
DA:576,1
DA:577,1
DA:578,1
DA:579,1
DA:580,394
DA:581,394
DA:582,394
DA:583,394
DA:584,394
DA:585,394
DA:586,394
DA:587,394
DA:588,394
DA:589,394
DA:590,394
DA:591,394
DA:592,394
DA:593,394
DA:594,394
DA:595,394
DA:596,394
DA:597,394
DA:598,394
DA:599,394
DA:600,394
DA:601,394
DA:602,394
DA:603,394
DA:604,1
DA:605,1
LF:605
LH:605
BRDA:11,0,0,394
BRDA:23,1,0,11
BRDA:25,2,0,1
BRDA:25,3,0,10
BRDA:26,4,0,9
BRDA:27,5,0,10
BRDA:35,6,0,394
BRDA:35,7,0,1
BRDA:46,8,0,1
BRDA:57,9,0,1
BRDA:66,10,0,1
BRDA:79,11,0,1
BRDA:91,12,0,1
BRDA:100,13,0,1
BRDA:109,14,0,1
BRDA:119,15,0,1
BRDA:125,16,0,1
BRDA:134,17,0,1
BRDA:145,18,0,1
BRDA:155,19,0,1
BRDA:172,20,0,1
BRDA:183,21,0,1
BRDA:194,22,0,1
BRDA:208,23,0,1
BRDA:214,24,0,1
BRDA:227,25,0,1
BRDA:239,26,0,1
BRDA:257,27,0,1
BRDA:275,28,0,1
BRDA:290,29,0,1
BRDA:303,30,0,1
BRDA:310,31,0,1
BRDA:319,32,0,1
BRDA:325,33,0,1
BRDA:333,34,0,2
BRDA:341,35,0,1
BRDA:349,36,0,1
BRDA:357,37,0,1
BRDA:365,38,0,1
BRDA:373,39,0,1
BRDA:381,40,0,2
BRDA:387,41,0,1
BRDA:393,42,0,1
BRDA:399,43,0,1
BRDA:405,44,0,1
BRDA:411,45,0,1
BRDA:417,46,0,1
BRDA:423,47,0,1
BRDA:433,48,0,2
BRDA:434,49,0,1
BRDA:442,50,0,1
BRDA:448,51,0,1
BRDA:456,52,0,1
BRDA:462,53,0,1
BRDA:468,54,0,1
BRDA:474,55,0,1
BRDA:480,56,0,1
BRDA:486,57,0,1
BRDA:498,58,0,1
BRDA:510,59,0,2
BRDA:511,60,0,1
BRDA:528,61,0,1
BRDA:540,62,0,2
BRDA:541,63,0,1
BRDA:557,64,0,2
BRDA:558,65,0,1
BRDA:572,66,0,2
BRDA:573,67,0,1
BRDA:585,68,0,1
BRDA:591,69,0,1
BRDA:598,70,0,1
BRDA:604,71,0,1
BRF:72
BRH:72
end_of_record
TN:
SF:src\core\objects\LPString.js
FN:11,assign
FN:27,<instance_members_initializer>
FN:27,isSameString
FN:44,isString
FNF:4
FNH:4
FNDA:2,assign
FNDA:19,<instance_members_initializer>
FNDA:2,isSameString
FNDA:2,isString
DA:1,1
DA:2,1
DA:3,1
DA:4,1
DA:5,1
DA:6,1
DA:7,1
DA:8,1
DA:9,1
DA:10,1
DA:11,1
DA:12,2
DA:13,2
DA:14,1
DA:15,1
DA:16,1
DA:17,1
DA:18,1
DA:19,1
DA:20,1
DA:21,1
DA:22,1
DA:23,1
DA:24,1
DA:25,1
DA:26,1
DA:27,1
DA:28,2
DA:29,2
DA:30,2
DA:31,2
DA:32,1
DA:33,1
DA:34,1
DA:35,1
DA:36,1
DA:37,19
DA:38,19
DA:39,19
DA:40,19
DA:41,19
DA:42,19
DA:43,19
DA:44,19
DA:45,2
DA:46,2
DA:47,2
DA:48,2
DA:49,1
DA:50,1
DA:51,1
DA:52,1
DA:53,1
DA:54,1
DA:55,1
DA:56,1
LF:56
LH:56
BRDA:11,0,0,2
BRDA:13,1,0,1
BRDA:27,2,0,19
BRDA:27,3,0,2
BRDA:29,4,0,1
BRDA:31,5,0,1
BRDA:44,6,0,2
BRDA:48,7,0,1
BRF:8
BRH:8
end_of_record
TN:
SF:src\core\objects\LPTalk.js
FN:6,tag
FN:10,isIncest
FNF:2
FNH:0
FNDA:0,tag
FNDA:0,isIncest
DA:1,1
DA:2,1
DA:3,1
DA:4,1
DA:5,1
DA:6,1
DA:7,0
DA:8,0
DA:9,1
DA:10,1
DA:11,0
DA:12,0
DA:13,1
LF:13
LH:9
BRF:0
BRH:0
end_of_record
TN:
SF:src\core\objects\LPVariable.js
FN:8,assign
FN:32,<instance_members_initializer>
FN:32,_enclose
FN:41,write
FNF:4
FNH:4
FNDA:26,assign
FNDA:55184,<instance_members_initializer>
FNDA:10,_enclose
FNDA:4,write
DA:1,1
DA:2,1
DA:3,1
DA:4,1
DA:5,1
DA:6,1
DA:7,1
DA:8,1
DA:9,26
DA:10,26
DA:11,26
DA:12,26
DA:13,26
DA:14,26
DA:15,26
DA:16,26
DA:17,2
DA:18,2
DA:19,24
DA:20,1
DA:21,1
DA:22,23
DA:23,1
DA:24,1
DA:25,1
DA:26,22
DA:27,26
DA:28,26
DA:29,26
DA:30,26
DA:31,1
DA:32,1
DA:33,10
DA:34,10
DA:35,1
DA:36,1
DA:37,1
DA:38,9
DA:39,9
DA:40,1
DA:41,1
DA:42,4
DA:43,4
DA:44,4
DA:45,1
DA:46,1
DA:47,1
DA:48,1
DA:49,1
DA:50,1
DA:51,1
DA:52,1
DA:53,1
LF:53
LH:53
BRDA:8,0,0,26
BRDA:13,1,0,24
BRDA:14,2,0,25
BRDA:16,3,0,24
BRDA:16,4,0,23
BRDA:16,5,0,21
BRDA:16,6,0,24
BRDA:16,7,0,2
BRDA:19,8,0,1
BRDA:19,9,0,1
BRDA:19,10,0,23
BRDA:19,11,0,1
BRDA:22,12,0,2
BRDA:22,13,0,2
BRDA:22,14,0,1
BRDA:26,15,0,22
BRDA:27,16,0,16
BRDA:28,17,0,2
BRDA:32,18,0,55184
BRDA:32,19,0,10
BRDA:34,20,0,1
BRDA:38,21,0,9
BRDA:41,22,0,4
BRF:23
BRH:23
end_of_record
TN:
SF:src\libs\ensureDirectory.js
FN:2,ensureDirectory
FNF:1
FNH:1
FNDA:400,ensureDirectory
DA:1,1
DA:2,1
DA:3,1
LF:3
LH:3
BRDA:2,0,0,400
BRF:1
BRH:1
end_of_record
